2021-07-19 05:23:09.833 +0000 [info] [] Start
2021-07-19 05:23:17.771 +0000 [error] [benchmark_io 043] format error
2021-07-19 05:23:28.998 +0000 [error] [benchmark_io 218] SSL_connect: Connection timed out
2021-07-19 05:23:29.076 +0000 [error] [benchmark_io 214] SSL_connect: Connection timed out
2021-07-19 05:23:29.397 +0000 [error] [benchmark_io 224] SSL_connect: Connection timed out
2021-07-19 05:23:29.475 +0000 [error] [benchmark_io 227] SSL_connect: Connection timed out
2021-07-19 05:23:29.554 +0000 [error] [benchmark_io 223] SSL_connect: Connection timed out
2021-07-19 05:23:29.630 +0000 [error] [benchmark_io 226] SSL_connect: Connection timed out
2021-07-19 05:23:29.706 +0000 [error] [benchmark_io 230] SSL_connect: Connection timed out
2021-07-19 05:23:29.785 +0000 [error] [benchmark_io 229] SSL_connect: Connection timed out
2021-07-19 05:23:29.866 +0000 [error] [benchmark_io 232] SSL_connect: Connection timed out
2021-07-19 05:23:29.941 +0000 [error] [benchmark_io 233] SSL_connect: Connection timed out
2021-07-19 05:23:30.093 +0000 [error] [benchmark_io 235] SSL_connect: Connection timed out
2021-07-19 05:23:30.170 +0000 [error] [benchmark_io 238] SSL_connect: Connection timed out
2021-07-19 05:23:30.244 +0000 [error] [benchmark_io 239] SSL_connect: Connection timed out
2021-07-19 05:23:30.326 +0000 [error] [benchmark_io 242] SSL_connect: Connection timed out
2021-07-19 05:23:30.403 +0000 [error] [benchmark_io 241] SSL_connect: Connection timed out
2021-07-19 05:23:30.477 +0000 [error] [benchmark_io 244] SSL_connect: Connection timed out
2021-07-19 05:23:30.554 +0000 [error] [benchmark_io 245] SSL_connect: Connection timed out
2021-07-19 05:23:30.628 +0000 [error] [benchmark_io 248] SSL_connect: Connection timed out
2021-07-19 05:23:30.705 +0000 [error] [benchmark_io 247] SSL_connect: Connection timed out
2021-07-19 05:23:30.853 +0000 [error] [benchmark_io 251] SSL_connect: Connection timed out
2021-07-19 05:23:30.928 +0000 [error] [benchmark_io 253] SSL_connect: Connection timed out
2021-07-19 05:23:31.002 +0000 [error] [benchmark_io 254] SSL_connect: Connection timed out
2021-07-19 05:23:31.080 +0000 [error] [benchmark_io 256] SSL_connect: Connection timed out
2021-07-19 05:23:38.973 +0000 [error] [benchmark_io 236] connect: Connection timed out
2021-07-19 05:23:52.323 +0000 [error] [benchmark_io 824] SSL_connect: Connection timed out
2021-07-19 05:23:52.414 +0000 [error] [benchmark_io 827] SSL_connect: Connection timed out
2021-07-19 05:23:52.498 +0000 [error] [benchmark_io 830] SSL_connect: Connection timed out
2021-07-19 05:23:52.591 +0000 [error] [benchmark_io 833] SSL_connect: Connection timed out
2021-07-19 05:23:52.678 +0000 [error] [benchmark_io 836] SSL_connect: Connection timed out
2021-07-19 05:23:52.769 +0000 [error] [benchmark_io 839] SSL_connect: Connection timed out
2021-07-19 05:23:52.859 +0000 [error] [benchmark_io 842] SSL_connect: Connection timed out
2021-07-19 05:23:52.901 +0000 [error] [benchmark_io 844] SSL_connect: Connection timed out
2021-07-19 05:23:52.946 +0000 [error] [benchmark_io 845] SSL_connect: Connection timed out
2021-07-19 05:23:53.033 +0000 [error] [benchmark_io 848] SSL_connect: Connection timed out
2021-07-19 05:23:53.076 +0000 [error] [benchmark_io 850] SSL_connect: Connection timed out
2021-07-19 05:23:53.123 +0000 [error] [benchmark_io 851] SSL_connect: Connection timed out
2021-07-19 05:23:53.170 +0000 [error] [benchmark_io 853] SSL_connect: Connection timed out
2021-07-19 05:23:53.213 +0000 [error] [benchmark_io 854] SSL_connect: Connection timed out
2021-07-19 05:23:53.257 +0000 [error] [benchmark_io 857] SSL_connect: Connection timed out
2021-07-19 05:23:53.301 +0000 [error] [benchmark_io 860] SSL_connect: Connection timed out
2021-07-19 05:23:53.343 +0000 [error] [benchmark_io 856] SSL_connect: Connection timed out
2021-07-19 05:23:53.433 +0000 [error] [benchmark_io 862] SSL_connect: Connection timed out
2021-07-19 05:23:53.476 +0000 [error] [benchmark_io 863] SSL_connect: Connection timed out
2021-07-19 05:23:53.563 +0000 [error] [benchmark_io 865] SSL_connect: Connection timed out
2021-07-19 05:23:53.611 +0000 [error] [benchmark_io 869] SSL_connect: Connection timed out
2021-07-19 05:23:53.652 +0000 [error] [benchmark_io 868] SSL_connect: Connection timed out
2021-07-19 05:24:10.156 +0000 [error] [monitor_io] bq_sleep: Operation canceled
2021-07-19 05:24:10.157 +0000 [error] [monitor_io] bq_sleep: Operation canceled
2021-07-19 05:24:10.157 +0000 [error] [phantom_logger] bq_sleep: Operation canceled
2021-07-19 05:24:10.157 +0000 [error] [benchmark_io stream_method brief_logger] bq_sleep: Operation canceled
2021-07-19 05:24:10.157 +0000 [info] [] Exit
