"2021-07-19 05:23:10.835 +0000" : {
  "main_scheduler" : {
    "bqs" : {
      "00032" : {
        "mmconts" : [0, 332, 335],
        "acts" : [426, 425],
        "tstate" : { "idle" : 996683, "run" : 4943, "locked" : 1, "mmap" : 15 }
      },
      "00033" : {
        "mmconts" : [0, 332, 335],
        "acts" : [90, 89],
        "tstate" : { "idle" : 982970, "run" : 16363, "locked" : 4, "mmap" : 2271 }
      },
      "00034" : {
        "mmconts" : [0, 332, 335],
        "acts" : [336, 335],
        "tstate" : { "idle" : 989802, "run" : 11774, "locked" : 0, "mmap" : 13 }
      }
    }
  },
  "benchmark_io" : {
    "simple_times" : {
      "mcount" : {
        "mcount" : { "251 -- 398" : 4 }
      }
    },
    "stream_method" : {
      "conns" : [5, 4],
      "in" : [383624, 382955],
      "out" : [290, 289],
      "mmtasks" : [0, 1, 2],
      "load" : 0.263,
      "mcount" : {
        "mcount" : { "Success" : 4 }
      },
      "http_proto0" : {
        "mcount" : {
          "mcount" : { "OK" : 4 }
        }
      },
      "source_log" : {
        "delta" : [0, 0, 121]
      },
      "loggers" : {
        "brief_logger" : {
          "records" : [4, 3],
          "out" : [272, 271]
        }
      }
    }
  }
},
"2021-07-19 05:23:11.834 +0000" : {
  "main_scheduler" : {
    "bqs" : {
      "00032" : {
        "mmconts" : [335, 335, 335],
        "acts" : [77, 77],
        "tstate" : { "idle" : 992042, "run" : 7194, "locked" : 0, "mmap" : 0 }
      },
      "00033" : {
        "mmconts" : [335, 335, 335],
        "acts" : [153, 153],
        "tstate" : { "idle" : 990432, "run" : 8804, "locked" : 0, "mmap" : 0 }
      },
      "00034" : {
        "mmconts" : [335, 335, 335],
        "acts" : [0, 0],
        "tstate" : { "idle" : 998723, "run" : 512, "locked" : 0, "mmap" : 0 }
      }
    }
  },
  "benchmark_io" : {
    "simple_times" : {
      "mcount" : {
        "mcount" : { "398 -- 630" : 1, "251 -- 398" : 4 }
      }
    },
    "stream_method" : {
      "conns" : [5, 5],
      "in" : [512300, 512692],
      "out" : [290, 290],
      "mmtasks" : [1, 2, 3],
      "load" : 0.258,
      "mcount" : {
        "mcount" : { "Success" : 5 }
      },
      "http_proto0" : {
        "mcount" : {
          "mcount" : { "OK" : 5 }
        }
      },
      "source_log" : {
        "delta" : [0, 0, 0]
      },
      "loggers" : {
        "brief_logger" : {
          "records" : [5, 5],
          "out" : [342, 342]
        }
      }
    }
  }
},
"2021-07-19 05:23:12.835 +0000" : {
  "main_scheduler" : {
    "bqs" : {
      "00032" : {
        "mmconts" : [335, 335, 335],
        "acts" : [103, 102],
        "tstate" : { "idle" : 992738, "run" : 8321, "locked" : 0, "mmap" : 0 }
      },
      "00033" : {
        "mmconts" : [335, 335, 335],
        "acts" : [66, 65],
        "tstate" : { "idle" : 992486, "run" : 8573, "locked" : 0, "mmap" : 0 }
      },
      "00034" : {
        "mmconts" : [335, 335, 335],
        "acts" : [1, 0],
        "tstate" : { "idle" : 1000515, "run" : 544, "locked" : 0, "mmap" : 0 }
      }
    }
  },
  "benchmark_io" : {
    "simple_times" : {
      "mcount" : {
        "mcount" : { "251 -- 398" : 6 }
      }
    },
    "stream_method" : {
      "conns" : [7, 6],
      "in" : [575424, 574815],
      "out" : [406, 405],
      "mmtasks" : [2, 2, 3],
      "load" : 0.265,
      "mcount" : {
        "mcount" : { "Success" : 6 }
      },
      "http_proto0" : {
        "mcount" : {
          "mcount" : { "OK" : 6 }
        }
      },
      "source_log" : {
        "delta" : [0, 0, 0]
      },
      "loggers" : {
        "brief_logger" : {
          "records" : [6, 5],
          "out" : [409, 408]
        }
      }
    }
  }
},
"2021-07-19 05:23:13.835 +0000" : {
  "main_scheduler" : {
    "bqs" : {
      "00032" : {
        "mmconts" : [335, 335, 335],
        "acts" : [135, 135],
        "tstate" : { "idle" : 989398, "run" : 10282, "locked" : 0, "mmap" : 0 }
      },
      "00033" : {
        "mmconts" : [335, 335, 335],
        "acts" : [85, 85],
        "tstate" : { "idle" : 991607, "run" : 8070, "locked" : 0, "mmap" : 0 }
      },
      "00034" : {
        "mmconts" : [335, 335, 335],
        "acts" : [1, 1],
        "tstate" : { "idle" : 999184, "run" : 493, "locked" : 0, "mmap" : 0 }
      }
    }
  },
  "benchmark_io" : {
    "simple_times" : {
      "mcount" : {
        "mcount" : { "251 -- 398" : 7 }
      }
    },
    "stream_method" : {
      "conns" : [6, 6],
      "in" : [638564, 638773],
      "out" : [348, 348],
      "mmtasks" : [2, 2, 3],
      "load" : 0.272,
      "mcount" : {
        "mcount" : { "Success" : 7 }
      },
      "http_proto0" : {
        "mcount" : {
          "mcount" : { "OK" : 7 }
        }
      },
      "source_log" : {
        "delta" : [0, 0, 0]
      },
      "loggers" : {
        "brief_logger" : {
          "records" : [7, 7],
          "out" : [476, 476]
        }
      }
    }
  }
},
"2021-07-19 05:23:14.835 +0000" : {
  "main_scheduler" : {
    "bqs" : {
      "00032" : {
        "mmconts" : [335, 335, 335],
        "acts" : [3, 2],
        "tstate" : { "idle" : 999402, "run" : 718, "locked" : 0, "mmap" : 0 }
      },
      "00033" : {
        "mmconts" : [335, 335, 335],
        "acts" : [193, 192],
        "tstate" : { "idle" : 983702, "run" : 16422, "locked" : 0, "mmap" : 0 }
      },
      "00034" : {
        "mmconts" : [335, 335, 335],
        "acts" : [14, 13],
        "tstate" : { "idle" : 995994, "run" : 4130, "locked" : 0, "mmap" : 0 }
      }
    }
  },
  "benchmark_io" : {
    "simple_times" : {
      "mcount" : {
        "mcount" : { "251 -- 398" : 6 }
      }
    },
    "stream_method" : {
      "conns" : [7, 6],
      "in" : [608184, 608104],
      "out" : [406, 405],
      "mmtasks" : [2, 2, 3],
      "load" : 0.273,
      "mcount" : {
        "mcount" : { "Success" : 6 }
      },
      "http_proto0" : {
        "mcount" : {
          "mcount" : { "OK" : 6 }
        }
      },
      "source_log" : {
        "delta" : [0, 0, 0]
      },
      "loggers" : {
        "brief_logger" : {
          "records" : [6, 5],
          "out" : [408, 407]
        }
      }
    }
  }
},
"2021-07-19 05:23:15.834 +0000" : {
  "main_scheduler" : {
    "bqs" : {
      "00032" : {
        "mmconts" : [335, 335, 335],
        "acts" : [3, 3],
        "tstate" : { "idle" : 998498, "run" : 708, "locked" : 0, "mmap" : 0 }
      },
      "00033" : {
        "mmconts" : [335, 335, 335],
        "acts" : [0, 0],
        "tstate" : { "idle" : 998613, "run" : 592, "locked" : 0, "mmap" : 0 }
      },
      "00034" : {
        "mmconts" : [335, 335, 335],
        "acts" : [217, 217],
        "tstate" : { "idle" : 979871, "run" : 19335, "locked" : 0, "mmap" : 0 }
      }
    }
  },
  "benchmark_io" : {
    "simple_times" : {
      "mcount" : {
        "mcount" : { "251 -- 398" : 7 }
      }
    },
    "stream_method" : {
      "conns" : [7, 7],
      "in" : [671292, 671825],
      "out" : [406, 406],
      "mmtasks" : [2, 2, 3],
      "load" : 0.275,
      "mcount" : {
        "mcount" : { "Success" : 7 }
      },
      "http_proto0" : {
        "mcount" : {
          "mcount" : { "OK" : 7 }
        }
      },
      "source_log" : {
        "delta" : [0, 0, 0]
      },
      "loggers" : {
        "brief_logger" : {
          "records" : [7, 7],
          "out" : [478, 478]
        }
      }
    }
  }
},
"2021-07-19 05:23:16.835 +0000" : {
  "main_scheduler" : {
    "bqs" : {
      "00032" : {
        "mmconts" : [335, 335, 335],
        "acts" : [8, 7],
        "tstate" : { "idle" : 998471, "run" : 1850, "locked" : 0, "mmap" : 0 }
      },
      "00033" : {
        "mmconts" : [335, 335, 335],
        "acts" : [0, 0],
        "tstate" : { "idle" : 999770, "run" : 551, "locked" : 0, "mmap" : 0 }
      },
      "00034" : {
        "mmconts" : [335, 335, 335],
        "acts" : [182, 181],
        "tstate" : { "idle" : 982247, "run" : 18073, "locked" : 0, "mmap" : 0 }
      }
    }
  },
  "benchmark_io" : {
    "simple_times" : {
      "mcount" : {
        "mcount" : { "251 -- 398" : 7 }
      }
    },
    "stream_method" : {
      "conns" : [7, 6],
      "in" : [638508, 638304],
      "out" : [406, 405],
      "mmtasks" : [2, 2, 4],
      "load" : 0.275,
      "mcount" : {
        "mcount" : { "Success" : 7 }
      },
      "http_proto0" : {
        "mcount" : {
          "mcount" : { "OK" : 7 }
        }
      },
      "source_log" : {
        "delta" : [0, 0, 0]
      },
      "loggers" : {
        "brief_logger" : {
          "records" : [7, 6],
          "out" : [475, 474]
        }
      }
    }
  }
},
"2021-07-19 05:23:17.835 +0000" : {
  "main_scheduler" : {
    "bqs" : {
      "00032" : {
        "mmconts" : [335, 335, 335],
        "acts" : [183, 182],
        "tstate" : { "idle" : 986232, "run" : 14139, "locked" : 0, "mmap" : 0 }
      },
      "00033" : {
        "mmconts" : [335, 335, 335],
        "acts" : [85, 84],
        "tstate" : { "idle" : 993479, "run" : 6892, "locked" : 0, "mmap" : 0 }
      },
      "00034" : {
        "mmconts" : [334, 334, 335],
        "acts" : [71, 70],
        "tstate" : { "idle" : 996002, "run" : 4358, "locked" : 0, "mmap" : 11 }
      }
    }
  },
  "benchmark_io" : {
    "simple_times" : {
      "mcount" : {
        "mcount" : { "1000 -- 1584" : 1, "251 -- 398" : 8 }
      }
    },
    "stream_method" : {
      "conns" : [9, 8],
      "in" : [895820, 895487],
      "out" : [522, 521],
      "mmtasks" : [2, 3, 4],
      "load" : 0.205,
      "mcount" : {
        "mcount" : { "Success" : 9 }
      },
      "http_proto0" : {
        "mcount" : {
          "mcount" : { "OK" : 9 }
        }
      },
      "source_log" : {
        "delta" : [0, 0, 0]
      },
      "loggers" : {
        "brief_logger" : {
          "records" : [9, 8],
          "out" : [615, 614]
        }
      }
    }
  }
},
"2021-07-19 05:23:18.834 +0000" : {
  "main_scheduler" : {
    "bqs" : {
      "00032" : {
        "mmconts" : [330, 332, 335],
        "acts" : [147, 147],
        "tstate" : { "idle" : 986635, "run" : 12725, "locked" : 0, "mmap" : 0 }
      },
      "00033" : {
        "mmconts" : [332, 333, 335],
        "acts" : [133, 133],
        "tstate" : { "idle" : 988352, "run" : 11009, "locked" : 0, "mmap" : 0 }
      },
      "00034" : {
        "mmconts" : [334, 334, 334],
        "acts" : [1, 1],
        "tstate" : { "idle" : 998762, "run" : 599, "locked" : 0, "mmap" : 0 }
      }
    }
  },
  "benchmark_io" : {
    "simple_times" : {
      "mcount" : {
        "mcount" : { "251 -- 398" : 8 }
      }
    },
    "stream_method" : {
      "conns" : [8, 8],
      "in" : [799928, 800438],
      "out" : [464, 464],
      "mmtasks" : [2, 2, 4],
      "load" : 0.268,
      "mcount" : {
        "mcount" : { "Success" : 8 }
      },
      "http_proto0" : {
        "mcount" : {
          "mcount" : { "OK" : 8 }
        }
      },
      "source_log" : {
        "delta" : [0, 0, 0]
      },
      "loggers" : {
        "brief_logger" : {
          "records" : [8, 8],
          "out" : [547, 547]
        }
      }
    }
  }
},
"2021-07-19 05:23:19.835 +0000" : {
  "main_scheduler" : {
    "bqs" : {
      "00032" : {
        "mmconts" : [326, 328, 330],
        "acts" : [153, 152],
        "tstate" : { "idle" : 988214, "run" : 12531, "locked" : 0, "mmap" : 0 }
      },
      "00033" : {
        "mmconts" : [327, 329, 332],
        "acts" : [165, 164],
        "tstate" : { "idle" : 988198, "run" : 12546, "locked" : 0, "mmap" : 0 }
      },
      "00034" : {
        "mmconts" : [334, 334, 334],
        "acts" : [1, 0],
        "tstate" : { "idle" : 1000142, "run" : 602, "locked" : 0, "mmap" : 0 }
      }
    }
  },
  "benchmark_io" : {
    "simple_times" : {
      "mcount" : {
        "mcount" : { "251 -- 398" : 9 }
      }
    },
    "stream_method" : {
      "conns" : [9, 8],
      "in" : [830324, 829707],
      "out" : [522, 521],
      "mmtasks" : [2, 3, 4],
      "load" : 0.272,
      "mcount" : {
        "mcount" : { "Success" : 9 }
      },
      "http_proto0" : {
        "mcount" : {
          "mcount" : { "OK" : 9 }
        }
      },
      "source_log" : {
        "delta" : [0, 0, 0]
      },
      "loggers" : {
        "brief_logger" : {
          "records" : [9, 8],
          "out" : [611, 610]
        }
      }
    }
  }
},
"2021-07-19 05:23:20.835 +0000" : {
  "main_scheduler" : {
    "bqs" : {
      "00032" : {
        "mmconts" : [321, 323, 326],
        "acts" : [179, 179],
        "tstate" : { "idle" : 986822, "run" : 12760, "locked" : 0, "mmap" : 0 }
      },
      "00033" : {
        "mmconts" : [323, 324, 327],
        "acts" : [132, 132],
        "tstate" : { "idle" : 987919, "run" : 11660, "locked" : 0, "mmap" : 0 }
      },
      "00034" : {
        "mmconts" : [334, 334, 334],
        "acts" : [1, 1],
        "tstate" : { "idle" : 999034, "run" : 544, "locked" : 0, "mmap" : 0 }
      }
    }
  },
  "benchmark_io" : {
    "simple_times" : {
      "mcount" : {
        "mcount" : { "398 -- 630" : 1, "251 -- 398" : 8 }
      }
    },
    "stream_method" : {
      "conns" : [9, 9],
      "in" : [830316, 830670],
      "out" : [522, 522],
      "mmtasks" : [2, 3, 4],
      "load" : 0.272,
      "mcount" : {
        "mcount" : { "Success" : 9 }
      },
      "http_proto0" : {
        "mcount" : {
          "mcount" : { "OK" : 9 }
        }
      },
      "source_log" : {
        "delta" : [0, 0, 0]
      },
      "loggers" : {
        "brief_logger" : {
          "records" : [9, 9],
          "out" : [613, 613]
        }
      }
    }
  }
},
"2021-07-19 05:23:21.835 +0000" : {
  "main_scheduler" : {
    "bqs" : {
      "00032" : {
        "mmconts" : [316, 318, 321],
        "acts" : [159, 158],
        "tstate" : { "idle" : 989569, "run" : 11020, "locked" : 0, "mmap" : 0 }
      },
      "00033" : {
        "mmconts" : [318, 320, 323],
        "acts" : [217, 216],
        "tstate" : { "idle" : 988288, "run" : 12304, "locked" : 0, "mmap" : 0 }
      },
      "00034" : {
        "mmconts" : [334, 334, 334],
        "acts" : [1, 0],
        "tstate" : { "idle" : 999931, "run" : 662, "locked" : 0, "mmap" : 0 }
      }
    }
  },
  "benchmark_io" : {
    "simple_times" : {
      "mcount" : {
        "mcount" : { "398 -- 630" : 2, "251 -- 398" : 8 }
      }
    },
    "stream_method" : {
      "conns" : [10, 9],
      "in" : [991760, 991167],
      "out" : [580, 579],
      "mmtasks" : [3, 3, 4],
      "load" : 0.261,
      "mcount" : {
        "mcount" : { "Success" : 10 }
      },
      "http_proto0" : {
        "mcount" : {
          "mcount" : { "OK" : 10 }
        }
      },
      "source_log" : {
        "delta" : [0, 0, 0]
      },
      "loggers" : {
        "brief_logger" : {
          "records" : [10, 9],
          "out" : [682, 681]
        }
      }
    }
  }
},
"2021-07-19 05:23:22.835 +0000" : {
  "main_scheduler" : {
    "bqs" : {
      "00032" : {
        "mmconts" : [311, 313, 316],
        "acts" : [158, 158],
        "tstate" : { "idle" : 985870, "run" : 13658, "locked" : 0, "mmap" : 0 }
      },
      "00033" : {
        "mmconts" : [313, 315, 318],
        "acts" : [173, 173],
        "tstate" : { "idle" : 985224, "run" : 14304, "locked" : 0, "mmap" : 0 }
      },
      "00034" : {
        "mmconts" : [334, 334, 334],
        "acts" : [1, 1],
        "tstate" : { "idle" : 998961, "run" : 568, "locked" : 0, "mmap" : 0 }
      }
    }
  },
  "benchmark_io" : {
    "simple_times" : {
      "mcount" : {
        "mcount" : { "398 -- 630" : 2, "251 -- 398" : 8 }
      }
    },
    "stream_method" : {
      "conns" : [10, 10],
      "in" : [959000, 959451],
      "out" : [580, 580],
      "mmtasks" : [3, 3, 5],
      "load" : 0.261,
      "mcount" : {
        "mcount" : { "Success" : 10 }
      },
      "http_proto0" : {
        "mcount" : {
          "mcount" : { "OK" : 10 }
        }
      },
      "source_log" : {
        "delta" : [0, 0, 0]
      },
      "loggers" : {
        "brief_logger" : {
          "records" : [10, 10],
          "out" : [681, 681]
        }
      }
    }
  }
},
"2021-07-19 05:23:23.835 +0000" : {
  "main_scheduler" : {
    "bqs" : {
      "00032" : {
        "mmconts" : [306, 308, 311],
        "acts" : [154, 154],
        "tstate" : { "idle" : 985565, "run" : 14238, "locked" : 0, "mmap" : 0 }
      },
      "00033" : {
        "mmconts" : [308, 310, 313],
        "acts" : [187, 187],
        "tstate" : { "idle" : 985872, "run" : 13931, "locked" : 0, "mmap" : 0 }
      },
      "00034" : {
        "mmconts" : [334, 334, 334],
        "acts" : [1, 1],
        "tstate" : { "idle" : 999246, "run" : 557, "locked" : 0, "mmap" : 0 }
      }
    }
  },
  "benchmark_io" : {
    "simple_times" : {
      "mcount" : {
        "mcount" : { "398 -- 630" : 2, "251 -- 398" : 8 }
      }
    },
    "stream_method" : {
      "conns" : [11, 11],
      "in" : [991776, 991971],
      "out" : [638, 638],
      "mmtasks" : [3, 3, 5],
      "load" : 0.264,
      "mcount" : {
        "mcount" : { "Success" : 10 }
      },
      "http_proto0" : {
        "mcount" : {
          "mcount" : { "OK" : 10 }
        }
      },
      "source_log" : {
        "delta" : [0, 0, 0]
      },
      "loggers" : {
        "brief_logger" : {
          "records" : [10, 10],
          "out" : [680, 680]
        }
      }
    }
  }
},
"2021-07-19 05:23:24.834 +0000" : {
  "main_scheduler" : {
    "bqs" : {
      "00032" : {
        "mmconts" : [301, 303, 306],
        "acts" : [180, 180],
        "tstate" : { "idle" : 985419, "run" : 14386, "locked" : 0, "mmap" : 0 }
      },
      "00033" : {
        "mmconts" : [302, 304, 308],
        "acts" : [179, 179],
        "tstate" : { "idle" : 985690, "run" : 14115, "locked" : 0, "mmap" : 0 }
      },
      "00034" : {
        "mmconts" : [334, 334, 334],
        "acts" : [1, 1],
        "tstate" : { "idle" : 999249, "run" : 556, "locked" : 0, "mmap" : 0 }
      }
    }
  },
  "benchmark_io" : {
    "simple_times" : {
      "mcount" : {
        "mcount" : { "251 -- 398" : 11 }
      }
    },
    "stream_method" : {
      "conns" : [11, 11],
      "in" : [1038476, 1038678],
      "out" : [638, 638],
      "mmtasks" : [3, 3, 5],
      "load" : 0.266,
      "mcount" : {
        "mcount" : { "Success" : 11 }
      },
      "http_proto0" : {
        "mcount" : {
          "mcount" : { "OK" : 11 }
        }
      },
      "source_log" : {
        "delta" : [0, 0, 0]
      },
      "loggers" : {
        "brief_logger" : {
          "records" : [11, 11],
          "out" : [750, 750]
        }
      }
    }
  }
},
"2021-07-19 05:23:25.835 +0000" : {
  "main_scheduler" : {
    "bqs" : {
      "00032" : {
        "mmconts" : [296, 297, 301],
        "acts" : [155, 154],
        "tstate" : { "idle" : 987901, "run" : 12880, "locked" : 0, "mmap" : 0 }
      },
      "00033" : {
        "mmconts" : [296, 299, 302],
        "acts" : [221, 220],
        "tstate" : { "idle" : 983175, "run" : 17606, "locked" : 0, "mmap" : 0 }
      },
      "00034" : {
        "mmconts" : [334, 334, 334],
        "acts" : [1, 0],
        "tstate" : { "idle" : 1000213, "run" : 568, "locked" : 0, "mmap" : 0 }
      }
    }
  },
  "benchmark_io" : {
    "simple_times" : {
      "mcount" : {
        "mcount" : { "398 -- 630" : 1, "251 -- 398" : 10 }
      }
    },
    "stream_method" : {
      "conns" : [10, 9],
      "in" : [1038468, 1037657],
      "out" : [580, 579],
      "mmtasks" : [3, 4, 5],
      "load" : 0.266,
      "mcount" : {
        "mcount" : { "Success" : 11 }
      },
      "http_proto0" : {
        "mcount" : {
          "mcount" : { "OK" : 11 }
        }
      },
      "source_log" : {
        "delta" : [0, 0, 0]
      },
      "loggers" : {
        "brief_logger" : {
          "records" : [11, 10],
          "out" : [749, 748]
        }
      }
    }
  }
},
"2021-07-19 05:23:26.834 +0000" : {
  "main_scheduler" : {
    "bqs" : {
      "00032" : {
        "mmconts" : [290, 293, 296],
        "acts" : [209, 209],
        "tstate" : { "idle" : 981087, "run" : 18008, "locked" : 0, "mmap" : 0 }
      },
      "00033" : {
        "mmconts" : [290, 293, 296],
        "acts" : [201, 201],
        "tstate" : { "idle" : 983750, "run" : 15345, "locked" : 0, "mmap" : 0 }
      },
      "00034" : {
        "mmconts" : [334, 334, 334],
        "acts" : [1, 1],
        "tstate" : { "idle" : 998542, "run" : 553, "locked" : 0, "mmap" : 0 }
      }
    }
  },
  "benchmark_io" : {
    "simple_times" : {
      "mcount" : {
        "mcount" : { "251 -- 398" : 12 }
      }
    },
    "stream_method" : {
      "conns" : [13, 13],
      "in" : [1134440, 1135467],
      "out" : [754, 754],
      "mmtasks" : [4, 5, 6],
      "load" : 0.272,
      "mcount" : {
        "mcount" : { "Success" : 12 }
      },
      "http_proto0" : {
        "mcount" : {
          "mcount" : { "OK" : 12 }
        }
      },
      "source_log" : {
        "delta" : [0, 0, 0]
      },
      "loggers" : {
        "brief_logger" : {
          "records" : [12, 12],
          "out" : [814, 814]
        }
      }
    }
  }
},
"2021-07-19 05:23:27.834 +0000" : {
  "main_scheduler" : {
    "bqs" : {
      "00032" : {
        "mmconts" : [283, 286, 290],
        "acts" : [238, 238],
        "tstate" : { "idle" : 980859, "run" : 19122, "locked" : 0, "mmap" : 0 }
      },
      "00033" : {
        "mmconts" : [284, 287, 290],
        "acts" : [216, 216],
        "tstate" : { "idle" : 982303, "run" : 17675, "locked" : 0, "mmap" : 0 }
      },
      "00034" : {
        "mmconts" : [334, 334, 334],
        "acts" : [1, 1],
        "tstate" : { "idle" : 999404, "run" : 572, "locked" : 0, "mmap" : 0 }
      }
    }
  },
  "benchmark_io" : {
    "simple_times" : {
      "mcount" : {
        "mcount" : { "1584 -- 2511" : 1, "398 -- 630" : 2, "251 -- 398" : 10 }
      }
    },
    "stream_method" : {
      "conns" : [12, 12],
      "in" : [1230340, 1230374],
      "out" : [696, 696],
      "mmtasks" : [3, 4, 6],
      "load" : 0.221,
      "mcount" : {
        "mcount" : { "Success" : 13 }
      },
      "http_proto0" : {
        "mcount" : {
          "mcount" : { "OK" : 13 }
        }
      },
      "source_log" : {
        "delta" : [0, 0, 0]
      },
      "loggers" : {
        "brief_logger" : {
          "records" : [13, 13],
          "out" : [886, 886]
        }
      }
    }
  }
},
"2021-07-19 05:23:28.835 +0000" : {
  "main_scheduler" : {
    "bqs" : {
      "00032" : {
        "mmconts" : [281, 281, 283],
        "acts" : [102, 101],
        "tstate" : { "idle" : 990808, "run" : 9443, "locked" : 0, "mmap" : 0 }
      },
      "00033" : {
        "mmconts" : [283, 283, 284],
        "acts" : [85, 84],
        "tstate" : { "idle" : 991747, "run" : 8470, "locked" : 0, "mmap" : 38 }
      },
      "00034" : {
        "mmconts" : [334, 334, 334],
        "acts" : [1, 0],
        "tstate" : { "idle" : 999692, "run" : 564, "locked" : 0, "mmap" : 0 }
      }
    }
  },
  "benchmark_io" : {
    "simple_times" : {
      "mcount" : {
        "mcount" : { "251 -- 398" : 3 }
      }
    },
    "stream_method" : {
      "conns" : [6, 5],
      "in" : [500684, 500553],
      "out" : [348, 347],
      "mmtasks" : [4, 8, 14],
      "load" : 0.255,
      "mcount" : {
        "mcount" : { "Success" : 3 }
      },
      "http_proto0" : {
        "mcount" : {
          "mcount" : { "OK" : 3 }
        }
      },
      "source_log" : {
        "delta" : [0, 0, 0]
      },
      "loggers" : {
        "brief_logger" : {
          "records" : [3, 2],
          "out" : [206, 205]
        }
      }
    }
  }
},
"2021-07-19 05:23:29.835 +0000" : {
  "main_scheduler" : {
    "bqs" : {
      "00032" : {
        "mmconts" : [277, 279, 281],
        "acts" : [21, 20],
        "tstate" : { "idle" : 996151, "run" : 3877, "locked" : 0, "mmap" : 0 }
      },
      "00033" : {
        "mmconts" : [279, 281, 283],
        "acts" : [16, 15],
        "tstate" : { "idle" : 997326, "run" : 2701, "locked" : 0, "mmap" : 0 }
      },
      "00034" : {
        "mmconts" : [334, 334, 334],
        "acts" : [1, 0],
        "tstate" : { "idle" : 999534, "run" : 493, "locked" : 0, "mmap" : 0 }
      }
    }
  },
  "benchmark_io" : {
    "simple_times" : {
      "mcount" : {
        "mcount" : { "1000 -- 1584" : 8 }
      }
    },
    "stream_method" : {
      "conns" : [0, 0],
      "in" : [0, 0],
      "out" : [0, 0],
      "mmtasks" : [14, 17, 19],
      "load" : 0.957,
      "mcount" : {
        "mcount" : { "Connection timed out" : 8 }
      },
      "http_proto0" : {
        "mcount" : {
          "mcount" : { }
        }
      },
      "source_log" : {
        "delta" : [0, 0, 0]
      },
      "loggers" : {
        "brief_logger" : {
          "records" : [8, 7],
          "out" : [432, 431]
        }
      }
    }
  }
},
"2021-07-19 05:23:30.835 +0000" : {
  "main_scheduler" : {
    "bqs" : {
      "00032" : {
        "mmconts" : [269, 272, 277],
        "acts" : [41, 40],
        "tstate" : { "idle" : 993480, "run" : 6867, "locked" : 0, "mmap" : 0 }
      },
      "00033" : {
        "mmconts" : [271, 275, 279],
        "acts" : [79, 78],
        "tstate" : { "idle" : 994219, "run" : 6128, "locked" : 0, "mmap" : 0 }
      },
      "00034" : {
        "mmconts" : [334, 334, 334],
        "acts" : [1, 0],
        "tstate" : { "idle" : 999716, "run" : 631, "locked" : 0, "mmap" : 0 }
      }
    }
  },
  "benchmark_io" : {
    "simple_times" : {
      "mcount" : {
        "mcount" : { "2511 -- 3981" : 3, "1584 -- 2511" : 2, "1000 -- 1584" : 11 }
      }
    },
    "stream_method" : {
      "conns" : [1, 0],
      "in" : [266500, 266407],
      "out" : [58, 57],
      "mmtasks" : [15, 18, 20],
      "load" : 0.473,
      "mcount" : {
        "mcount" : { "Success" : 5, "Connection timed out" : 11 }
      },
      "http_proto0" : {
        "mcount" : {
          "mcount" : { "OK" : 5 }
        }
      },
      "source_log" : {
        "delta" : [0, 0, 0]
      },
      "loggers" : {
        "brief_logger" : {
          "records" : [16, 15],
          "out" : [954, 953]
        }
      }
    }
  }
},
"2021-07-19 05:23:31.835 +0000" : {
  "main_scheduler" : {
    "bqs" : {
      "00032" : {
        "mmconts" : [257, 263, 269],
        "acts" : [486, 486],
        "tstate" : { "idle" : 978065, "run" : 21927, "locked" : 0, "mmap" : 0 }
      },
      "00033" : {
        "mmconts" : [259, 265, 271],
        "acts" : [424, 424],
        "tstate" : { "idle" : 977140, "run" : 22852, "locked" : 0, "mmap" : 0 }
      },
      "00034" : {
        "mmconts" : [334, 334, 334],
        "acts" : [1, 1],
        "tstate" : { "idle" : 999559, "run" : 434, "locked" : 0, "mmap" : 0 }
      }
    }
  },
  "benchmark_io" : {
    "simple_times" : {
      "mcount" : {
        "mcount" : { "1000 -- 1584" : 8, "630 -- 1000" : 8, "398 -- 630" : 3, "251 -- 398" : 5 }
      }
    },
    "stream_method" : {
      "conns" : [22, 22],
      "in" : [1950720, 1950733],
      "out" : [1276, 1276],
      "mmtasks" : [6, 12, 17],
      "load" : 0.714,
      "mcount" : {
        "mcount" : { "Success" : 20, "Connection timed out" : 4 }
      },
      "http_proto0" : {
        "mcount" : {
          "mcount" : { "OK" : 20 }
        }
      },
      "source_log" : {
        "delta" : [0, 0, 0]
      },
      "loggers" : {
        "brief_logger" : {
          "records" : [24, 24],
          "out" : [1581, 1581]
        }
      }
    }
  }
},
"2021-07-19 05:23:32.835 +0000" : {
  "main_scheduler" : {
    "bqs" : {
      "00032" : {
        "mmconts" : [249, 253, 257],
        "acts" : [296, 295],
        "tstate" : { "idle" : 979950, "run" : 20068, "locked" : 0, "mmap" : 0 }
      },
      "00033" : {
        "mmconts" : [252, 255, 259],
        "acts" : [248, 247],
        "tstate" : { "idle" : 981332, "run" : 18686, "locked" : 0, "mmap" : 0 }
      },
      "00034" : {
        "mmconts" : [334, 334, 334],
        "acts" : [1, 0],
        "tstate" : { "idle" : 999394, "run" : 623, "locked" : 0, "mmap" : 0 }
      }
    }
  },
  "benchmark_io" : {
    "simple_times" : {
      "mcount" : {
        "mcount" : { "398 -- 630" : 1, "251 -- 398" : 14 }
      }
    },
    "stream_method" : {
      "conns" : [15, 14],
      "in" : [1405692, 1405669],
      "out" : [870, 869],
      "mmtasks" : [5, 6, 7],
      "load" : 0.279,
      "mcount" : {
        "mcount" : { "Success" : 15 }
      },
      "http_proto0" : {
        "mcount" : {
          "mcount" : { "OK" : 15 }
        }
      },
      "source_log" : {
        "delta" : [0, 0, 0]
      },
      "loggers" : {
        "brief_logger" : {
          "records" : [15, 14],
          "out" : [1020, 1019]
        }
      }
    }
  }
},
"2021-07-19 05:23:33.835 +0000" : {
  "main_scheduler" : {
    "bqs" : {
      "00032" : {
        "mmconts" : [242, 245, 249],
        "acts" : [260, 259],
        "tstate" : { "idle" : 979162, "run" : 20909, "locked" : 0, "mmap" : 0 }
      },
      "00033" : {
        "mmconts" : [244, 248, 252],
        "acts" : [287, 286],
        "tstate" : { "idle" : 979513, "run" : 20558, "locked" : 0, "mmap" : 0 }
      },
      "00034" : {
        "mmconts" : [334, 334, 334],
        "acts" : [1, 0],
        "tstate" : { "idle" : 999490, "run" : 581, "locked" : 0, "mmap" : 0 }
      }
    }
  },
  "benchmark_io" : {
    "simple_times" : {
      "mcount" : {
        "mcount" : { "251 -- 398" : 15 }
      }
    },
    "stream_method" : {
      "conns" : [14, 13],
      "in" : [1438460, 1438357],
      "out" : [812, 811],
      "mmtasks" : [5, 6, 7],
      "load" : 0.278,
      "mcount" : {
        "mcount" : { "Success" : 15 }
      },
      "http_proto0" : {
        "mcount" : {
          "mcount" : { "OK" : 15 }
        }
      },
      "source_log" : {
        "delta" : [0, 0, 0]
      },
      "loggers" : {
        "brief_logger" : {
          "records" : [15, 14],
          "out" : [1018, 1017]
        }
      }
    }
  }
},
"2021-07-19 05:23:34.835 +0000" : {
  "main_scheduler" : {
    "bqs" : {
      "00032" : {
        "mmconts" : [235, 238, 242],
        "acts" : [260, 260],
        "tstate" : { "idle" : 979357, "run" : 20330, "locked" : 0, "mmap" : 0 }
      },
      "00033" : {
        "mmconts" : [237, 240, 244],
        "acts" : [188, 188],
        "tstate" : { "idle" : 979320, "run" : 20367, "locked" : 0, "mmap" : 0 }
      },
      "00034" : {
        "mmconts" : [334, 334, 334],
        "acts" : [1, 1],
        "tstate" : { "idle" : 999085, "run" : 602, "locked" : 0, "mmap" : 0 }
      }
    }
  },
  "benchmark_io" : {
    "simple_times" : {
      "mcount" : {
        "mcount" : { "251 -- 398" : 14 }
      }
    },
    "stream_method" : {
      "conns" : [16, 16],
      "in" : [1375336, 1375766],
      "out" : [928, 928],
      "mmtasks" : [5, 6, 7],
      "load" : 0.273,
      "mcount" : {
        "mcount" : { "Success" : 14 }
      },
      "http_proto0" : {
        "mcount" : {
          "mcount" : { "OK" : 14 }
        }
      },
      "source_log" : {
        "delta" : [0, 0, 0]
      },
      "loggers" : {
        "brief_logger" : {
          "records" : [14, 14],
          "out" : [952, 952]
        }
      }
    }
  }
},
"2021-07-19 05:23:35.834 +0000" : {
  "main_scheduler" : {
    "bqs" : {
      "00032" : {
        "mmconts" : [227, 230, 235],
        "acts" : [271, 271],
        "tstate" : { "idle" : 977213, "run" : 22380, "locked" : 0, "mmap" : 0 }
      },
      "00033" : {
        "mmconts" : [229, 233, 237],
        "acts" : [248, 248],
        "tstate" : { "idle" : 977424, "run" : 22168, "locked" : 0, "mmap" : 0 }
      },
      "00034" : {
        "mmconts" : [334, 334, 334],
        "acts" : [1, 1],
        "tstate" : { "idle" : 998925, "run" : 668, "locked" : 0, "mmap" : 0 }
      }
    }
  },
  "benchmark_io" : {
    "simple_times" : {
      "mcount" : {
        "mcount" : { "251 -- 398" : 16 }
      }
    },
    "stream_method" : {
      "conns" : [15, 15],
      "in" : [1534384, 1535010],
      "out" : [870, 870],
      "mmtasks" : [5, 6, 7],
      "load" : 0.269,
      "mcount" : {
        "mcount" : { "Success" : 16 }
      },
      "http_proto0" : {
        "mcount" : {
          "mcount" : { "OK" : 16 }
        }
      },
      "source_log" : {
        "delta" : [0, 0, 0]
      },
      "loggers" : {
        "brief_logger" : {
          "records" : [16, 16],
          "out" : [1088, 1088]
        }
      }
    }
  }
},
"2021-07-19 05:23:36.835 +0000" : {
  "main_scheduler" : {
    "bqs" : {
      "00032" : {
        "mmconts" : [219, 222, 227],
        "acts" : [283, 282],
        "tstate" : { "idle" : 978829, "run" : 21475, "locked" : 0, "mmap" : 0 }
      },
      "00033" : {
        "mmconts" : [221, 225, 229],
        "acts" : [307, 306],
        "tstate" : { "idle" : 978325, "run" : 21981, "locked" : 0, "mmap" : 0 }
      },
      "00034" : {
        "mmconts" : [334, 334, 334],
        "acts" : [1, 0],
        "tstate" : { "idle" : 999751, "run" : 554, "locked" : 0, "mmap" : 0 }
      }
    }
  },
  "benchmark_io" : {
    "simple_times" : {
      "mcount" : {
        "mcount" : { "251 -- 398" : 16 }
      }
    },
    "stream_method" : {
      "conns" : [16, 15],
      "in" : [1501624, 1501163],
      "out" : [928, 927],
      "mmtasks" : [5, 6, 8],
      "load" : 0.285,
      "mcount" : {
        "mcount" : { "Success" : 16 }
      },
      "http_proto0" : {
        "mcount" : {
          "mcount" : { "OK" : 16 }
        }
      },
      "source_log" : {
        "delta" : [0, 0, 0]
      },
      "loggers" : {
        "brief_logger" : {
          "records" : [16, 15],
          "out" : [1086, 1085]
        }
      }
    }
  }
},
"2021-07-19 05:23:37.835 +0000" : {
  "main_scheduler" : {
    "bqs" : {
      "00032" : {
        "mmconts" : [211, 214, 219],
        "acts" : [262, 261],
        "tstate" : { "idle" : 976864, "run" : 23200, "locked" : 0, "mmap" : 0 }
      },
      "00033" : {
        "mmconts" : [213, 217, 221],
        "acts" : [285, 284],
        "tstate" : { "idle" : 978314, "run" : 21748, "locked" : 0, "mmap" : 0 }
      },
      "00034" : {
        "mmconts" : [334, 334, 334],
        "acts" : [1, 0],
        "tstate" : { "idle" : 999498, "run" : 564, "locked" : 0, "mmap" : 0 }
      }
    }
  },
  "benchmark_io" : {
    "simple_times" : {
      "mcount" : {
        "mcount" : { "398 -- 630" : 1, "251 -- 398" : 15 }
      }
    },
    "stream_method" : {
      "conns" : [16, 15],
      "in" : [1567136, 1567041],
      "out" : [928, 927],
      "mmtasks" : [6, 6, 8],
      "load" : 0.272,
      "mcount" : {
        "mcount" : { "Success" : 16 }
      },
      "http_proto0" : {
        "mcount" : {
          "mcount" : { "OK" : 16 }
        }
      },
      "source_log" : {
        "delta" : [0, 0, 0]
      },
      "loggers" : {
        "brief_logger" : {
          "records" : [16, 15],
          "out" : [1088, 1087]
        }
      }
    }
  }
},
"2021-07-19 05:23:38.835 +0000" : {
  "main_scheduler" : {
    "bqs" : {
      "00032" : {
        "mmconts" : [202, 206, 211],
        "acts" : [356, 355],
        "tstate" : { "idle" : 976996, "run" : 23240, "locked" : 0, "mmap" : 0 }
      },
      "00033" : {
        "mmconts" : [205, 209, 213],
        "acts" : [334, 333],
        "tstate" : { "idle" : 977480, "run" : 22766, "locked" : 0, "mmap" : 0 }
      },
      "00034" : {
        "mmconts" : [334, 334, 334],
        "acts" : [1, 0],
        "tstate" : { "idle" : 999699, "run" : 546, "locked" : 0, "mmap" : 0 }
      }
    }
  },
  "benchmark_io" : {
    "simple_times" : {
      "mcount" : {
        "mcount" : { "251 -- 398" : 17 }
      }
    },
    "stream_method" : {
      "conns" : [18, 17],
      "in" : [1630268, 1629871],
      "out" : [1044, 1043],
      "mmtasks" : [6, 6, 8],
      "load" : 0.276,
      "mcount" : {
        "mcount" : { "Success" : 17 }
      },
      "http_proto0" : {
        "mcount" : {
          "mcount" : { "OK" : 17 }
        }
      },
      "source_log" : {
        "delta" : [0, 0, 0]
      },
      "loggers" : {
        "brief_logger" : {
          "records" : [17, 16],
          "out" : [1152, 1151]
        }
      }
    }
  }
},
"2021-07-19 05:23:39.835 +0000" : {
  "main_scheduler" : {
    "bqs" : {
      "00032" : {
        "mmconts" : [194, 198, 202],
        "acts" : [301, 300],
        "tstate" : { "idle" : 976503, "run" : 23606, "locked" : 0, "mmap" : 0 }
      },
      "00033" : {
        "mmconts" : [195, 199, 205],
        "acts" : [339, 338],
        "tstate" : { "idle" : 975421, "run" : 24679, "locked" : 0, "mmap" : 0 }
      },
      "00034" : {
        "mmconts" : [334, 334, 334],
        "acts" : [1, 0],
        "tstate" : { "idle" : 999454, "run" : 647, "locked" : 0, "mmap" : 0 }
      }
    }
  },
  "benchmark_io" : {
    "simple_times" : {
      "mcount" : {
        "mcount" : { "10000 --" : 1, "251 -- 398" : 17 }
      }
    },
    "stream_method" : {
      "conns" : [17, 16],
      "in" : [1630244, 1630074],
      "out" : [986, 985],
      "mmtasks" : [5, 6, 7],
      "load" : 0.103,
      "mcount" : {
        "mcount" : { "Success" : 17, "Connection timed out" : 1 }
      },
      "http_proto0" : {
        "mcount" : {
          "mcount" : { "OK" : 17 }
        }
      },
      "source_log" : {
        "delta" : [0, 0, 0]
      },
      "loggers" : {
        "brief_logger" : {
          "records" : [18, 17],
          "out" : [1214, 1213]
        }
      }
    }
  }
},
"2021-07-19 05:23:40.835 +0000" : {
  "main_scheduler" : {
    "bqs" : {
      "00032" : {
        "mmconts" : [186, 189, 194],
        "acts" : [355, 354],
        "tstate" : { "idle" : 976721, "run" : 23289, "locked" : 0, "mmap" : 0 }
      },
      "00033" : {
        "mmconts" : [187, 190, 195],
        "acts" : [292, 291],
        "tstate" : { "idle" : 975952, "run" : 24058, "locked" : 0, "mmap" : 0 }
      },
      "00034" : {
        "mmconts" : [334, 334, 334],
        "acts" : [1, 0],
        "tstate" : { "idle" : 999469, "run" : 541, "locked" : 0, "mmap" : 0 }
      }
    }
  },
  "benchmark_io" : {
    "simple_times" : {
      "mcount" : {
        "mcount" : { "251 -- 398" : 16 }
      }
    },
    "stream_method" : {
      "conns" : [17, 16],
      "in" : [1632600, 1632583],
      "out" : [986, 985],
      "mmtasks" : [5, 6, 8],
      "load" : 0.267,
      "mcount" : {
        "mcount" : { "Success" : 16 }
      },
      "http_proto0" : {
        "mcount" : {
          "mcount" : { "OK" : 16 }
        }
      },
      "source_log" : {
        "delta" : [0, 0, 0]
      },
      "loggers" : {
        "brief_logger" : {
          "records" : [16, 16],
          "out" : [1090, 1090]
        }
      }
    }
  }
},
"2021-07-19 05:23:41.835 +0000" : {
  "main_scheduler" : {
    "bqs" : {
      "00032" : {
        "mmconts" : [176, 180, 186],
        "acts" : [378, 378],
        "tstate" : { "idle" : 975110, "run" : 24670, "locked" : 0, "mmap" : 0 }
      },
      "00033" : {
        "mmconts" : [177, 181, 187],
        "acts" : [343, 343],
        "tstate" : { "idle" : 974431, "run" : 25346, "locked" : 0, "mmap" : 0 }
      },
      "00034" : {
        "mmconts" : [334, 334, 334],
        "acts" : [1, 1],
        "tstate" : { "idle" : 999215, "run" : 561, "locked" : 0, "mmap" : 0 }
      }
    }
  },
  "benchmark_io" : {
    "simple_times" : {
      "mcount" : {
        "mcount" : { "398 -- 630" : 1, "251 -- 398" : 19 }
      }
    },
    "stream_method" : {
      "conns" : [18, 18],
      "in" : [1786880, 1787289],
      "out" : [1044, 1044],
      "mmtasks" : [5, 6, 8],
      "load" : 0.270,
      "mcount" : {
        "mcount" : { "Success" : 20 }
      },
      "http_proto0" : {
        "mcount" : {
          "mcount" : { "OK" : 20 }
        }
      },
      "source_log" : {
        "delta" : [0, 0, 0]
      },
      "loggers" : {
        "brief_logger" : {
          "records" : [20, 20],
          "out" : [1361, 1361]
        }
      }
    }
  }
},
"2021-07-19 05:23:42.835 +0000" : {
  "main_scheduler" : {
    "bqs" : {
      "00032" : {
        "mmconts" : [167, 171, 176],
        "acts" : [391, 391],
        "tstate" : { "idle" : 977951, "run" : 22044, "locked" : 0, "mmap" : 0 }
      },
      "00033" : {
        "mmconts" : [168, 172, 177],
        "acts" : [375, 375],
        "tstate" : { "idle" : 979787, "run" : 20210, "locked" : 0, "mmap" : 0 }
      },
      "00034" : {
        "mmconts" : [334, 334, 334],
        "acts" : [1, 1],
        "tstate" : { "idle" : 999565, "run" : 433, "locked" : 0, "mmap" : 0 }
      }
    }
  },
  "benchmark_io" : {
    "simple_times" : {
      "mcount" : {
        "mcount" : { "251 -- 398" : 18 }
      }
    },
    "stream_method" : {
      "conns" : [19, 18],
      "in" : [1758944, 1758940],
      "out" : [1102, 1101],
      "mmtasks" : [5, 6, 8],
      "load" : 0.273,
      "mcount" : {
        "mcount" : { "Success" : 18 }
      },
      "http_proto0" : {
        "mcount" : {
          "mcount" : { "OK" : 18 }
        }
      },
      "source_log" : {
        "delta" : [0, 0, 0]
      },
      "loggers" : {
        "brief_logger" : {
          "records" : [18, 17],
          "out" : [1223, 1222]
        }
      }
    }
  }
},
"2021-07-19 05:23:43.835 +0000" : {
  "main_scheduler" : {
    "bqs" : {
      "00032" : {
        "mmconts" : [158, 162, 167],
        "acts" : [304, 304],
        "tstate" : { "idle" : 974512, "run" : 25312, "locked" : 0, "mmap" : 0 }
      },
      "00033" : {
        "mmconts" : [159, 163, 168],
        "acts" : [340, 340],
        "tstate" : { "idle" : 971104, "run" : 28721, "locked" : 0, "mmap" : 0 }
      },
      "00034" : {
        "mmconts" : [334, 334, 334],
        "acts" : [1, 1],
        "tstate" : { "idle" : 999296, "run" : 530, "locked" : 0, "mmap" : 0 }
      }
    }
  },
  "benchmark_io" : {
    "simple_times" : {
      "mcount" : {
        "mcount" : { "251 -- 398" : 18 }
      }
    },
    "stream_method" : {
      "conns" : [19, 19],
      "in" : [1758896, 1759202],
      "out" : [1102, 1102],
      "mmtasks" : [6, 6, 8],
      "load" : 0.283,
      "mcount" : {
        "mcount" : { "Success" : 18 }
      },
      "http_proto0" : {
        "mcount" : {
          "mcount" : { "OK" : 18 }
        }
      },
      "source_log" : {
        "delta" : [0, 0, 0]
      },
      "loggers" : {
        "brief_logger" : {
          "records" : [18, 18],
          "out" : [1218, 1218]
        }
      }
    }
  }
},
"2021-07-19 05:23:44.835 +0000" : {
  "main_scheduler" : {
    "bqs" : {
      "00032" : {
        "mmconts" : [147, 152, 158],
        "acts" : [349, 349],
        "tstate" : { "idle" : 971161, "run" : 28793, "locked" : 0, "mmap" : 0 }
      },
      "00033" : {
        "mmconts" : [149, 154, 159],
        "acts" : [380, 380],
        "tstate" : { "idle" : 972634, "run" : 27319, "locked" : 0, "mmap" : 0 }
      },
      "00034" : {
        "mmconts" : [334, 334, 334],
        "acts" : [1, 1],
        "tstate" : { "idle" : 999309, "run" : 643, "locked" : 0, "mmap" : 0 }
      }
    }
  },
  "benchmark_io" : {
    "simple_times" : {
      "mcount" : {
        "mcount" : { "398 -- 630" : 1, "251 -- 398" : 20 }
      }
    },
    "stream_method" : {
      "conns" : [19, 19],
      "in" : [1948332, 1948425],
      "out" : [1102, 1102],
      "mmtasks" : [6, 6, 8],
      "load" : 0.270,
      "mcount" : {
        "mcount" : { "Success" : 21 }
      },
      "http_proto0" : {
        "mcount" : {
          "mcount" : { "OK" : 21 }
        }
      },
      "source_log" : {
        "delta" : [0, 0, 0]
      },
      "loggers" : {
        "brief_logger" : {
          "records" : [21, 21],
          "out" : [1427, 1427]
        }
      }
    }
  }
},
"2021-07-19 05:23:45.835 +0000" : {
  "main_scheduler" : {
    "bqs" : {
      "00032" : {
        "mmconts" : [138, 142, 147],
        "acts" : [356, 355],
        "tstate" : { "idle" : 973772, "run" : 26919, "locked" : 0, "mmap" : 0 }
      },
      "00033" : {
        "mmconts" : [139, 144, 149],
        "acts" : [410, 409],
        "tstate" : { "idle" : 973212, "run" : 27480, "locked" : 0, "mmap" : 0 }
      },
      "00034" : {
        "mmconts" : [334, 334, 334],
        "acts" : [1, 0],
        "tstate" : { "idle" : 1000114, "run" : 578, "locked" : 0, "mmap" : 0 }
      }
    }
  },
  "benchmark_io" : {
    "simple_times" : {
      "mcount" : {
        "mcount" : { "398 -- 630" : 1, "251 -- 398" : 18 }
      }
    },
    "stream_method" : {
      "conns" : [20, 19],
      "in" : [1854772, 1853459],
      "out" : [1160, 1159],
      "mmtasks" : [6, 6, 8],
      "load" : 0.276,
      "mcount" : {
        "mcount" : { "Success" : 19 }
      },
      "http_proto0" : {
        "mcount" : {
          "mcount" : { "OK" : 19 }
        }
      },
      "source_log" : {
        "delta" : [0, 0, 0]
      },
      "loggers" : {
        "brief_logger" : {
          "records" : [19, 18],
          "out" : [1290, 1289]
        }
      }
    }
  }
},
"2021-07-19 05:23:46.834 +0000" : {
  "main_scheduler" : {
    "bqs" : {
      "00032" : {
        "mmconts" : [128, 132, 138],
        "acts" : [306, 306],
        "tstate" : { "idle" : 971755, "run" : 27449, "locked" : 0, "mmap" : 0 }
      },
      "00033" : {
        "mmconts" : [129, 134, 139],
        "acts" : [395, 395],
        "tstate" : { "idle" : 971562, "run" : 27639, "locked" : 0, "mmap" : 0 }
      },
      "00034" : {
        "mmconts" : [334, 334, 334],
        "acts" : [1, 1],
        "tstate" : { "idle" : 998620, "run" : 580, "locked" : 0, "mmap" : 0 }
      }
    }
  },
  "benchmark_io" : {
    "simple_times" : {
      "mcount" : {
        "mcount" : { "251 -- 398" : 20 }
      }
    },
    "stream_method" : {
      "conns" : [20, 20],
      "in" : [1917904, 1919476],
      "out" : [1160, 1160],
      "mmtasks" : [6, 6, 8],
      "load" : 0.278,
      "mcount" : {
        "mcount" : { "Success" : 20 }
      },
      "http_proto0" : {
        "mcount" : {
          "mcount" : { "OK" : 20 }
        }
      },
      "source_log" : {
        "delta" : [0, 0, 0]
      },
      "loggers" : {
        "brief_logger" : {
          "records" : [20, 20],
          "out" : [1356, 1357]
        }
      }
    }
  }
},
"2021-07-19 05:23:47.835 +0000" : {
  "main_scheduler" : {
    "bqs" : {
      "00032" : {
        "mmconts" : [117, 122, 128],
        "acts" : [402, 401],
        "tstate" : { "idle" : 971691, "run" : 28541, "locked" : 0, "mmap" : 0 }
      },
      "00033" : {
        "mmconts" : [119, 124, 129],
        "acts" : [385, 384],
        "tstate" : { "idle" : 972253, "run" : 27981, "locked" : 0, "mmap" : 0 }
      },
      "00034" : {
        "mmconts" : [334, 334, 334],
        "acts" : [1, 0],
        "tstate" : { "idle" : 999703, "run" : 532, "locked" : 0, "mmap" : 0 }
      }
    }
  },
  "benchmark_io" : {
    "simple_times" : {
      "mcount" : {
        "mcount" : { "398 -- 630" : 1, "251 -- 398" : 20 }
      }
    },
    "stream_method" : {
      "conns" : [21, 20],
      "in" : [2013948, 2013470],
      "out" : [1218, 1217],
      "mmtasks" : [6, 7, 9],
      "load" : 0.274,
      "mcount" : {
        "mcount" : { "Success" : 21 }
      },
      "http_proto0" : {
        "mcount" : {
          "mcount" : { "OK" : 21 }
        }
      },
      "source_log" : {
        "delta" : [0, 0, 0]
      },
      "loggers" : {
        "brief_logger" : {
          "records" : [21, 20],
          "out" : [1426, 1425]
        }
      }
    }
  }
},
"2021-07-19 05:23:48.835 +0000" : {
  "main_scheduler" : {
    "bqs" : {
      "00032" : {
        "mmconts" : [107, 112, 117],
        "acts" : [305, 304],
        "tstate" : { "idle" : 971410, "run" : 28608, "locked" : 0, "mmap" : 0 }
      },
      "00033" : {
        "mmconts" : [109, 113, 119],
        "acts" : [364, 363],
        "tstate" : { "idle" : 971321, "run" : 28697, "locked" : 0, "mmap" : 0 }
      },
      "00034" : {
        "mmconts" : [334, 334, 334],
        "acts" : [1, 0],
        "tstate" : { "idle" : 999232, "run" : 786, "locked" : 0, "mmap" : 0 }
      }
    }
  },
  "benchmark_io" : {
    "simple_times" : {
      "mcount" : {
        "mcount" : { "251 -- 398" : 20 }
      }
    },
    "stream_method" : {
      "conns" : [20, 19],
      "in" : [1917960, 1917921],
      "out" : [1160, 1159],
      "mmtasks" : [6, 7, 8],
      "load" : 0.276,
      "mcount" : {
        "mcount" : { "Success" : 20 }
      },
      "http_proto0" : {
        "mcount" : {
          "mcount" : { "OK" : 20 }
        }
      },
      "source_log" : {
        "delta" : [0, 0, 0]
      },
      "loggers" : {
        "brief_logger" : {
          "records" : [20, 19],
          "out" : [1361, 1360]
        }
      }
    }
  }
},
"2021-07-19 05:23:49.835 +0000" : {
  "main_scheduler" : {
    "bqs" : {
      "00032" : {
        "mmconts" : [97, 101, 107],
        "acts" : [447, 447],
        "tstate" : { "idle" : 969784, "run" : 30194, "locked" : 0, "mmap" : 0 }
      },
      "00033" : {
        "mmconts" : [98, 103, 109],
        "acts" : [481, 481],
        "tstate" : { "idle" : 970042, "run" : 29936, "locked" : 0, "mmap" : 0 }
      },
      "00034" : {
        "mmconts" : [334, 334, 334],
        "acts" : [1, 1],
        "tstate" : { "idle" : 999408, "run" : 570, "locked" : 0, "mmap" : 0 }
      }
    }
  },
  "benchmark_io" : {
    "simple_times" : {
      "mcount" : {
        "mcount" : { "251 -- 398" : 21 }
      }
    },
    "stream_method" : {
      "conns" : [22, 22],
      "in" : [2046540, 2046587],
      "out" : [1276, 1276],
      "mmtasks" : [6, 7, 8],
      "load" : 0.274,
      "mcount" : {
        "mcount" : { "Success" : 21 }
      },
      "http_proto0" : {
        "mcount" : {
          "mcount" : { "OK" : 21 }
        }
      },
      "source_log" : {
        "delta" : [0, 0, 0]
      },
      "loggers" : {
        "brief_logger" : {
          "records" : [21, 21],
          "out" : [1428, 1428]
        }
      }
    }
  }
},
"2021-07-19 05:23:50.834 +0000" : {
  "main_scheduler" : {
    "bqs" : {
      "00032" : {
        "mmconts" : [86, 91, 97],
        "acts" : [480, 480],
        "tstate" : { "idle" : 966972, "run" : 32649, "locked" : 0, "mmap" : 0 }
      },
      "00033" : {
        "mmconts" : [87, 92, 98],
        "acts" : [433, 433],
        "tstate" : { "idle" : 969639, "run" : 29982, "locked" : 0, "mmap" : 0 }
      },
      "00034" : {
        "mmconts" : [334, 334, 334],
        "acts" : [1, 1],
        "tstate" : { "idle" : 999044, "run" : 577, "locked" : 0, "mmap" : 0 }
      }
    }
  },
  "benchmark_io" : {
    "simple_times" : {
      "mcount" : {
        "mcount" : { "398 -- 630" : 1, "251 -- 398" : 21 }
      }
    },
    "stream_method" : {
      "conns" : [22, 22],
      "in" : [2109776, 2110578],
      "out" : [1276, 1276],
      "mmtasks" : [6, 7, 9],
      "load" : 0.273,
      "mcount" : {
        "mcount" : { "Success" : 22 }
      },
      "http_proto0" : {
        "mcount" : {
          "mcount" : { "OK" : 22 }
        }
      },
      "source_log" : {
        "delta" : [0, 0, 0]
      },
      "loggers" : {
        "brief_logger" : {
          "records" : [22, 22],
          "out" : [1494, 1494]
        }
      }
    }
  }
},
"2021-07-19 05:23:51.835 +0000" : {
  "main_scheduler" : {
    "bqs" : {
      "00032" : {
        "mmconts" : [77, 80, 86],
        "acts" : [456, 455],
        "tstate" : { "idle" : 970233, "run" : 30603, "locked" : 0, "mmap" : 117 }
      },
      "00033" : {
        "mmconts" : [80, 82, 87],
        "acts" : [275, 274],
        "tstate" : { "idle" : 979646, "run" : 21222, "locked" : 0, "mmap" : 86 }
      },
      "00034" : {
        "mmconts" : [334, 334, 334],
        "acts" : [1, 0],
        "tstate" : { "idle" : 1000328, "run" : 627, "locked" : 0, "mmap" : 0 }
      }
    }
  },
  "benchmark_io" : {
    "simple_times" : {
      "mcount" : {
        "mcount" : { "251 -- 398" : 16 }
      }
    },
    "stream_method" : {
      "conns" : [17, 16],
      "in" : [1632600, 1631017],
      "out" : [986, 985],
      "mmtasks" : [7, 8, 14],
      "load" : 0.275,
      "mcount" : {
        "mcount" : { "Success" : 16 }
      },
      "http_proto0" : {
        "mcount" : {
          "mcount" : { "OK" : 16 }
        }
      },
      "source_log" : {
        "delta" : [0, 0, 0]
      },
      "loggers" : {
        "brief_logger" : {
          "records" : [16, 15],
          "out" : [1085, 1083]
        }
      }
    }
  }
},
"2021-07-19 05:23:52.835 +0000" : {
  "main_scheduler" : {
    "bqs" : {
      "00032" : {
        "mmconts" : [74, 74, 77],
        "acts" : [92, 91],
        "tstate" : { "idle" : 988148, "run" : 11785, "locked" : 0, "mmap" : 86 }
      },
      "00033" : {
        "mmconts" : [74, 78, 80],
        "acts" : [30, 29],
        "tstate" : { "idle" : 996396, "run" : 3553, "locked" : 0, "mmap" : 67 }
      },
      "00034" : {
        "mmconts" : [334, 334, 334],
        "acts" : [1, 0],
        "tstate" : { "idle" : 999562, "run" : 452, "locked" : 0, "mmap" : 0 }
      }
    }
  },
  "benchmark_io" : {
    "simple_times" : {
      "mcount" : {
        "mcount" : { "1000 -- 1584" : 6, "251 -- 398" : 3 }
      }
    },
    "stream_method" : {
      "conns" : [2, 2],
      "in" : [254916, 254916],
      "out" : [116, 116],
      "mmtasks" : [14, 21, 28],
      "load" : 0.862,
      "mcount" : {
        "mcount" : { "Success" : 3, "Connection timed out" : 6 }
      },
      "http_proto0" : {
        "mcount" : {
          "mcount" : { "OK" : 3 }
        }
      },
      "source_log" : {
        "delta" : [0, 0, 0]
      },
      "loggers" : {
        "brief_logger" : {
          "records" : [9, 9],
          "out" : [527, 527]
        }
      }
    }
  }
},
"2021-07-19 05:23:53.835 +0000" : {
  "main_scheduler" : {
    "bqs" : {
      "00032" : {
        "mmconts" : [57, 66, 74],
        "acts" : [425, 425],
        "tstate" : { "idle" : 964919, "run" : 33997, "locked" : 0, "mmap" : 318 }
      },
      "00033" : {
        "mmconts" : [55, 66, 74],
        "acts" : [519, 519],
        "tstate" : { "idle" : 964191, "run" : 34651, "locked" : 0, "mmap" : 394 }
      },
      "00034" : {
        "mmconts" : [334, 334, 334],
        "acts" : [1, 1],
        "tstate" : { "idle" : 998671, "run" : 565, "locked" : 0, "mmap" : 0 }
      }
    }
  },
  "benchmark_io" : {
    "simple_times" : {
      "mcount" : {
        "mcount" : { "1584 -- 2511" : 3, "1000 -- 1584" : 21, "630 -- 1000" : 7, "398 -- 630" : 4, "251 -- 398" : 1 }
      }
    },
    "stream_method" : {
      "conns" : [24, 24],
      "in" : [1885106, 1886543],
      "out" : [1392, 1393],
      "mmtasks" : [14, 24, 28],
      "load" : 0.647,
      "mcount" : {
        "mcount" : { "Success" : 20, "Connection timed out" : 16 }
      },
      "http_proto0" : {
        "mcount" : {
          "mcount" : { "OK" : 20 }
        }
      },
      "source_log" : {
        "delta" : [0, 0, 0]
      },
      "loggers" : {
        "brief_logger" : {
          "records" : [36, 36],
          "out" : [2243, 2244]
        }
      }
    }
  }
},
"2021-07-19 05:23:54.834 +0000" : {
  "main_scheduler" : {
    "bqs" : {
      "00032" : {
        "mmconts" : [40, 46, 57],
        "acts" : [727, 727],
        "tstate" : { "idle" : 958911, "run" : 40604, "locked" : 0, "mmap" : 339 }
      },
      "00033" : {
        "mmconts" : [43, 48, 55],
        "acts" : [501, 501],
        "tstate" : { "idle" : 962187, "run" : 37428, "locked" : 0, "mmap" : 239 }
      },
      "00034" : {
        "mmconts" : [334, 334, 334],
        "acts" : [1, 1],
        "tstate" : { "idle" : 999362, "run" : 493, "locked" : 0, "mmap" : 0 }
      }
    }
  },
  "benchmark_io" : {
    "simple_times" : {
      "mcount" : {
        "mcount" : { "1000 -- 1584" : 2, "630 -- 1000" : 3, "398 -- 630" : 3, "251 -- 398" : 21 }
      }
    },
    "stream_method" : {
      "conns" : [26, 26],
      "in" : [2748284, 2748655],
      "out" : [1508, 1508],
      "mmtasks" : [7, 9, 15],
      "load" : 0.452,
      "mcount" : {
        "mcount" : { "Success" : 29 }
      },
      "http_proto0" : {
        "mcount" : {
          "mcount" : { "OK" : 29 }
        }
      },
      "source_log" : {
        "delta" : [0, 0, 0]
      },
      "loggers" : {
        "brief_logger" : {
          "records" : [29, 29],
          "out" : [1972, 1972]
        }
      }
    }
  }
},
"2021-07-19 05:23:55.835 +0000" : {
  "main_scheduler" : {
    "bqs" : {
      "00032" : {
        "mmconts" : [28, 34, 40],
        "acts" : [542, 541],
        "tstate" : { "idle" : 964750, "run" : 35236, "locked" : 0, "mmap" : 220 }
      },
      "00033" : {
        "mmconts" : [30, 35, 43],
        "acts" : [583, 582],
        "tstate" : { "idle" : 961417, "run" : 38542, "locked" : 0, "mmap" : 256 }
      },
      "00034" : {
        "mmconts" : [334, 334, 334],
        "acts" : [1, 0],
        "tstate" : { "idle" : 999648, "run" : 566, "locked" : 0, "mmap" : 0 }
      }
    }
  },
  "benchmark_io" : {
    "simple_times" : {
      "mcount" : {
        "mcount" : { "398 -- 630" : 2, "251 -- 398" : 23 }
      }
    },
    "stream_method" : {
      "conns" : [24, 23],
      "in" : [2364692, 2364209],
      "out" : [1392, 1391],
      "mmtasks" : [7, 8, 10],
      "load" : 0.271,
      "mcount" : {
        "mcount" : { "Success" : 25 }
      },
      "http_proto0" : {
        "mcount" : {
          "mcount" : { "OK" : 25 }
        }
      },
      "source_log" : {
        "delta" : [0, 0, 0]
      },
      "loggers" : {
        "brief_logger" : {
          "records" : [25, 24],
          "out" : [1695, 1694]
        }
      }
    }
  }
},
"2021-07-19 05:23:56.835 +0000" : {
  "main_scheduler" : {
    "bqs" : {
      "00032" : {
        "mmconts" : [19, 22, 28],
        "acts" : [351, 351],
        "tstate" : { "idle" : 977329, "run" : 22423, "locked" : 0, "mmap" : 175 }
      },
      "00033" : {
        "mmconts" : [20, 23, 30],
        "acts" : [430, 430],
        "tstate" : { "idle" : 974207, "run" : 25520, "locked" : 0, "mmap" : 190 }
      },
      "00034" : {
        "mmconts" : [329, 333, 334],
        "acts" : [272, 272],
        "tstate" : { "idle" : 974806, "run" : 24966, "locked" : 0, "mmap" : 145 }
      }
    }
  },
  "benchmark_io" : {
    "simple_times" : {
      "mcount" : {
        "mcount" : { "251 -- 398" : 24 }
      }
    },
    "stream_method" : {
      "conns" : [24, 24],
      "in" : [2322072, 2322267],
      "out" : [1392, 1392],
      "mmtasks" : [7, 8, 9],
      "load" : 0.279,
      "mcount" : {
        "mcount" : { "Success" : 24 }
      },
      "http_proto0" : {
        "mcount" : {
          "mcount" : { "OK" : 24 }
        }
      },
      "source_log" : {
        "delta" : [0, 0, 0]
      },
      "loggers" : {
        "brief_logger" : {
          "records" : [24, 24],
          "out" : [1627, 1627]
        }
      }
    }
  }
},
"2021-07-19 05:23:57.834 +0000" : {
  "main_scheduler" : {
    "bqs" : {
      "00032" : {
        "mmconts" : [19, 19, 19],
        "acts" : [3, 3],
        "tstate" : { "idle" : 999164, "run" : 611, "locked" : 0, "mmap" : 0 }
      },
      "00033" : {
        "mmconts" : [20, 20, 20],
        "acts" : [0, 0],
        "tstate" : { "idle" : 999279, "run" : 496, "locked" : 0, "mmap" : 0 }
      },
      "00034" : {
        "mmconts" : [304, 316, 329],
        "acts" : [1127, 1127],
        "tstate" : { "idle" : 925754, "run" : 73552, "locked" : 0, "mmap" : 469 }
      }
    }
  },
  "benchmark_io" : {
    "simple_times" : {
      "mcount" : {
        "mcount" : { "398 -- 630" : 1, "251 -- 398" : 24 }
      }
    },
    "stream_method" : {
      "conns" : [25, 25],
      "in" : [2409774, 2410316],
      "out" : [1450, 1450],
      "mmtasks" : [7, 8, 10],
      "load" : 0.277,
      "mcount" : {
        "mcount" : { "Success" : 25 }
      },
      "http_proto0" : {
        "mcount" : {
          "mcount" : { "OK" : 25 }
        }
      },
      "source_log" : {
        "delta" : [0, 0, 0]
      },
      "loggers" : {
        "brief_logger" : {
          "records" : [25, 25],
          "out" : [1695, 1695]
        }
      }
    }
  }
},
"2021-07-19 05:23:58.835 +0000" : {
  "main_scheduler" : {
    "bqs" : {
      "00032" : {
        "mmconts" : [19, 19, 19],
        "acts" : [3, 2],
        "tstate" : { "idle" : 1000344, "run" : 582, "locked" : 0, "mmap" : 0 }
      },
      "00033" : {
        "mmconts" : [20, 20, 20],
        "acts" : [0, 0],
        "tstate" : { "idle" : 1000435, "run" : 491, "locked" : 0, "mmap" : 0 }
      },
      "00034" : {
        "mmconts" : [279, 291, 304],
        "acts" : [1068, 1067],
        "tstate" : { "idle" : 927238, "run" : 73205, "locked" : 0, "mmap" : 484 }
      }
    }
  },
  "benchmark_io" : {
    "simple_times" : {
      "mcount" : {
        "mcount" : { "251 -- 398" : 25 }
      }
    },
    "stream_method" : {
      "conns" : [25, 24],
      "in" : [2397484, 2395242],
      "out" : [1450, 1448],
      "mmtasks" : [7, 8, 10],
      "load" : 0.282,
      "mcount" : {
        "mcount" : { "Success" : 25 }
      },
      "http_proto0" : {
        "mcount" : {
          "mcount" : { "OK" : 25 }
        }
      },
      "source_log" : {
        "delta" : [0, 0, 0]
      },
      "loggers" : {
        "brief_logger" : {
          "records" : [25, 24],
          "out" : [1694, 1692]
        }
      }
    }
  }
},
"2021-07-19 05:23:59.835 +0000" : {
  "main_scheduler" : {
    "bqs" : {
      "00032" : {
        "mmconts" : [19, 19, 19],
        "acts" : [3, 2],
        "tstate" : { "idle" : 999370, "run" : 682, "locked" : 0, "mmap" : 0 }
      },
      "00033" : {
        "mmconts" : [20, 20, 20],
        "acts" : [0, 0],
        "tstate" : { "idle" : 999470, "run" : 583, "locked" : 0, "mmap" : 0 }
      },
      "00034" : {
        "mmconts" : [254, 266, 279],
        "acts" : [1155, 1154],
        "tstate" : { "idle" : 920612, "run" : 78938, "locked" : 0, "mmap" : 503 }
      }
    }
  },
  "benchmark_io" : {
    "simple_times" : {
      "mcount" : {
        "mcount" : { "251 -- 398" : 25 }
      }
    },
    "stream_method" : {
      "conns" : [26, 25],
      "in" : [2446516, 2446347],
      "out" : [1508, 1507],
      "mmtasks" : [8, 8, 11],
      "load" : 0.275,
      "mcount" : {
        "mcount" : { "Success" : 25 }
      },
      "http_proto0" : {
        "mcount" : {
          "mcount" : { "OK" : 25 }
        }
      },
      "source_log" : {
        "delta" : [0, 0, 0]
      },
      "loggers" : {
        "brief_logger" : {
          "records" : [25, 24],
          "out" : [1695, 1694]
        }
      }
    }
  }
},
"2021-07-19 05:24:00.835 +0000" : {
  "main_scheduler" : {
    "bqs" : {
      "00032" : {
        "mmconts" : [19, 19, 19],
        "acts" : [3, 3],
        "tstate" : { "idle" : 998860, "run" : 683, "locked" : 0, "mmap" : 0 }
      },
      "00033" : {
        "mmconts" : [20, 20, 20],
        "acts" : [0, 0],
        "tstate" : { "idle" : 999009, "run" : 535, "locked" : 0, "mmap" : 0 }
      },
      "00034" : {
        "mmconts" : [228, 240, 254],
        "acts" : [1148, 1148],
        "tstate" : { "idle" : 921524, "run" : 77518, "locked" : 0, "mmap" : 502 }
      }
    }
  },
  "benchmark_io" : {
    "simple_times" : {
      "mcount" : {
        "mcount" : { "398 -- 630" : 1, "251 -- 398" : 25 }
      }
    },
    "stream_method" : {
      "conns" : [26, 26],
      "in" : [2493296, 2494483],
      "out" : [1508, 1508],
      "mmtasks" : [8, 9, 10],
      "load" : 0.277,
      "mcount" : {
        "mcount" : { "Success" : 26 }
      },
      "http_proto0" : {
        "mcount" : {
          "mcount" : { "OK" : 26 }
        }
      },
      "source_log" : {
        "delta" : [0, 0, 0]
      },
      "loggers" : {
        "brief_logger" : {
          "records" : [26, 26],
          "out" : [1768, 1768]
        }
      }
    }
  }
},
"2021-07-19 05:24:01.835 +0000" : {
  "main_scheduler" : {
    "bqs" : {
      "00032" : {
        "mmconts" : [19, 19, 19],
        "acts" : [3, 3],
        "tstate" : { "idle" : 999308, "run" : 600, "locked" : 0, "mmap" : 0 }
      },
      "00033" : {
        "mmconts" : [20, 20, 20],
        "acts" : [0, 0],
        "tstate" : { "idle" : 999382, "run" : 523, "locked" : 0, "mmap" : 0 }
      },
      "00034" : {
        "mmconts" : [202, 214, 228],
        "acts" : [1077, 1077],
        "tstate" : { "idle" : 922693, "run" : 76726, "locked" : 0, "mmap" : 485 }
      }
    }
  },
  "benchmark_io" : {
    "simple_times" : {
      "mcount" : {
        "mcount" : { "398 -- 630" : 1, "251 -- 398" : 25 }
      }
    },
    "stream_method" : {
      "conns" : [26, 26],
      "in" : [2444104, 2444353],
      "out" : [1508, 1508],
      "mmtasks" : [8, 9, 11],
      "load" : 0.281,
      "mcount" : {
        "mcount" : { "Success" : 26 }
      },
      "http_proto0" : {
        "mcount" : {
          "mcount" : { "OK" : 26 }
        }
      },
      "source_log" : {
        "delta" : [0, 0, 0]
      },
      "loggers" : {
        "brief_logger" : {
          "records" : [26, 26],
          "out" : [1763, 1763]
        }
      }
    }
  }
},
"2021-07-19 05:24:02.835 +0000" : {
  "main_scheduler" : {
    "bqs" : {
      "00032" : {
        "mmconts" : [19, 19, 19],
        "acts" : [3, 2],
        "tstate" : { "idle" : 999427, "run" : 721, "locked" : 0, "mmap" : 0 }
      },
      "00033" : {
        "mmconts" : [20, 20, 20],
        "acts" : [0, 0],
        "tstate" : { "idle" : 999577, "run" : 571, "locked" : 0, "mmap" : 0 }
      },
      "00034" : {
        "mmconts" : [175, 188, 202],
        "acts" : [1265, 1264],
        "tstate" : { "idle" : 919242, "run" : 80379, "locked" : 0, "mmap" : 527 }
      }
    }
  },
  "benchmark_io" : {
    "simple_times" : {
      "mcount" : {
        "mcount" : { "251 -- 398" : 27 }
      }
    },
    "stream_method" : {
      "conns" : [27, 26],
      "in" : [2654623, 2654230],
      "out" : [1566, 1565],
      "mmtasks" : [8, 9, 11],
      "load" : 0.281,
      "mcount" : {
        "mcount" : { "Success" : 27 }
      },
      "http_proto0" : {
        "mcount" : {
          "mcount" : { "OK" : 27 }
        }
      },
      "source_log" : {
        "delta" : [0, 0, 0]
      },
      "loggers" : {
        "brief_logger" : {
          "records" : [27, 26],
          "out" : [1833, 1832]
        }
      }
    }
  }
},
"2021-07-19 05:24:03.835 +0000" : {
  "main_scheduler" : {
    "bqs" : {
      "00032" : {
        "mmconts" : [19, 19, 19],
        "acts" : [3, 2],
        "tstate" : { "idle" : 999737, "run" : 504, "locked" : 0, "mmap" : 0 }
      },
      "00033" : {
        "mmconts" : [20, 20, 20],
        "acts" : [0, 0],
        "tstate" : { "idle" : 999835, "run" : 406, "locked" : 0, "mmap" : 0 }
      },
      "00034" : {
        "mmconts" : [148, 163, 175],
        "acts" : [1363, 1362],
        "tstate" : { "idle" : 927979, "run" : 71808, "locked" : 0, "mmap" : 454 }
      }
    }
  },
  "benchmark_io" : {
    "simple_times" : {
      "mcount" : {
        "mcount" : { "630 -- 1000" : 2, "398 -- 630" : 13, "251 -- 398" : 12 }
      }
    },
    "stream_method" : {
      "conns" : [27, 26],
      "in" : [2540021, 2539409],
      "out" : [1566, 1565],
      "mmtasks" : [8, 12, 18],
      "load" : 0.362,
      "mcount" : {
        "mcount" : { "Success" : 27 }
      },
      "http_proto0" : {
        "mcount" : {
          "mcount" : { "OK" : 27 }
        }
      },
      "source_log" : {
        "delta" : [0, 0, 0]
      },
      "loggers" : {
        "brief_logger" : {
          "records" : [27, 26],
          "out" : [1842, 1841]
        }
      }
    }
  }
},
"2021-07-19 05:24:04.835 +0000" : {
  "main_scheduler" : {
    "bqs" : {
      "00032" : {
        "mmconts" : [19, 19, 19],
        "acts" : [3, 3],
        "tstate" : { "idle" : 998992, "run" : 623, "locked" : 0, "mmap" : 0 }
      },
      "00033" : {
        "mmconts" : [20, 20, 20],
        "acts" : [0, 0],
        "tstate" : { "idle" : 999120, "run" : 498, "locked" : 0, "mmap" : 0 }
      },
      "00034" : {
        "mmconts" : [120, 133, 148],
        "acts" : [1142, 1142],
        "tstate" : { "idle" : 915727, "run" : 83400, "locked" : 0, "mmap" : 492 }
      }
    }
  },
  "benchmark_io" : {
    "simple_times" : {
      "mcount" : {
        "mcount" : { "398 -- 630" : 1, "251 -- 398" : 27 }
      }
    },
    "stream_method" : {
      "conns" : [28, 28],
      "in" : [2668696, 2669694],
      "out" : [1624, 1624],
      "mmtasks" : [8, 9, 11],
      "load" : 0.274,
      "mcount" : {
        "mcount" : { "Success" : 28 }
      },
      "http_proto0" : {
        "mcount" : {
          "mcount" : { "OK" : 28 }
        }
      },
      "source_log" : {
        "delta" : [0, 0, 0]
      },
      "loggers" : {
        "brief_logger" : {
          "records" : [28, 28],
          "out" : [1907, 1907]
        }
      }
    }
  }
},
"2021-07-19 05:24:05.835 +0000" : {
  "main_scheduler" : {
    "bqs" : {
      "00032" : {
        "mmconts" : [19, 19, 19],
        "acts" : [3, 2],
        "tstate" : { "idle" : 999406, "run" : 646, "locked" : 0, "mmap" : 0 }
      },
      "00033" : {
        "mmconts" : [20, 20, 20],
        "acts" : [0, 0],
        "tstate" : { "idle" : 999448, "run" : 601, "locked" : 0, "mmap" : 0 }
      },
      "00034" : {
        "mmconts" : [93, 106, 120],
        "acts" : [1262, 1261],
        "tstate" : { "idle" : 914504, "run" : 85082, "locked" : 0, "mmap" : 462 }
      }
    }
  },
  "benchmark_io" : {
    "simple_times" : {
      "mcount" : {
        "mcount" : { "398 -- 630" : 1, "251 -- 398" : 26 }
      }
    },
    "stream_method" : {
      "conns" : [28, 27],
      "in" : [2605534, 2605429],
      "out" : [1624, 1623],
      "mmtasks" : [8, 9, 11],
      "load" : 0.279,
      "mcount" : {
        "mcount" : { "Success" : 27 }
      },
      "http_proto0" : {
        "mcount" : {
          "mcount" : { "OK" : 27 }
        }
      },
      "source_log" : {
        "delta" : [0, 0, 0]
      },
      "loggers" : {
        "brief_logger" : {
          "records" : [27, 26],
          "out" : [1833, 1832]
        }
      }
    }
  }
},
"2021-07-19 05:24:06.835 +0000" : {
  "main_scheduler" : {
    "bqs" : {
      "00032" : {
        "mmconts" : [19, 19, 19],
        "acts" : [3, 3],
        "tstate" : { "idle" : 999261, "run" : 524, "locked" : 0, "mmap" : 0 }
      },
      "00033" : {
        "mmconts" : [20, 20, 20],
        "acts" : [0, 0],
        "tstate" : { "idle" : 999286, "run" : 499, "locked" : 0, "mmap" : 0 }
      },
      "00034" : {
        "mmconts" : [64, 77, 93],
        "acts" : [1208, 1208],
        "tstate" : { "idle" : 913181, "run" : 86049, "locked" : 0, "mmap" : 554 }
      }
    }
  },
  "benchmark_io" : {
    "simple_times" : {
      "mcount" : {
        "mcount" : { "251 -- 398" : 29 }
      }
    },
    "stream_method" : {
      "conns" : [28, 28],
      "in" : [2830052, 2830657],
      "out" : [1624, 1624],
      "mmtasks" : [8, 9, 12],
      "load" : 0.284,
      "mcount" : {
        "mcount" : { "Success" : 29 }
      },
      "http_proto0" : {
        "mcount" : {
          "mcount" : { "OK" : 29 }
        }
      },
      "source_log" : {
        "delta" : [0, 0, 0]
      },
      "loggers" : {
        "brief_logger" : {
          "records" : [29, 29],
          "out" : [1969, 1969]
        }
      }
    }
  }
},
"2021-07-19 05:24:07.835 +0000" : {
  "main_scheduler" : {
    "bqs" : {
      "00032" : {
        "mmconts" : [19, 19, 19],
        "acts" : [3, 2],
        "tstate" : { "idle" : 999671, "run" : 694, "locked" : 0, "mmap" : 0 }
      },
      "00033" : {
        "mmconts" : [20, 20, 20],
        "acts" : [0, 0],
        "tstate" : { "idle" : 999790, "run" : 575, "locked" : 0, "mmap" : 0 }
      },
      "00034" : {
        "mmconts" : [34, 49, 64],
        "acts" : [1238, 1237],
        "tstate" : { "idle" : 910916, "run" : 88888, "locked" : 0, "mmap" : 562 }
      }
    }
  },
  "benchmark_io" : {
    "simple_times" : {
      "mcount" : {
        "mcount" : { "398 -- 630" : 1, "251 -- 398" : 29 }
      }
    },
    "stream_method" : {
      "conns" : [29, 28],
      "in" : [2778576, 2777564],
      "out" : [1682, 1681],
      "mmtasks" : [8, 10, 12],
      "load" : 0.275,
      "mcount" : {
        "mcount" : { "Success" : 30 }
      },
      "http_proto0" : {
        "mcount" : {
          "mcount" : { "OK" : 30 }
        }
      },
      "source_log" : {
        "delta" : [0, 0, 0]
      },
      "loggers" : {
        "brief_logger" : {
          "records" : [30, 29],
          "out" : [2034, 2033]
        }
      }
    }
  }
},
"2021-07-19 05:24:08.834 +0000" : {
  "main_scheduler" : {
    "bqs" : {
      "00032" : {
        "mmconts" : [15, 18, 19],
        "acts" : [203, 203],
        "tstate" : { "idle" : 981885, "run" : 17544, "locked" : 0, "mmap" : 87 }
      },
      "00033" : {
        "mmconts" : [14, 18, 20],
        "acts" : [314, 314],
        "tstate" : { "idle" : 976299, "run" : 23109, "locked" : 0, "mmap" : 108 }
      },
      "00034" : {
        "mmconts" : [16, 22, 34],
        "acts" : [694, 694],
        "tstate" : { "idle" : 952644, "run" : 46511, "locked" : 0, "mmap" : 361 }
      }
    }
  },
  "benchmark_io" : {
    "simple_times" : {
      "mcount" : {
        "mcount" : { "251 -- 398" : 28 }
      }
    },
    "stream_method" : {
      "conns" : [30, 30],
      "in" : [2717858, 2719174],
      "out" : [1740, 1740],
      "mmtasks" : [8, 10, 12],
      "load" : 0.278,
      "mcount" : {
        "mcount" : { "Success" : 28 }
      },
      "http_proto0" : {
        "mcount" : {
          "mcount" : { "OK" : 28 }
        }
      },
      "source_log" : {
        "delta" : [0, 0, 0]
      },
      "loggers" : {
        "brief_logger" : {
          "records" : [28, 28],
          "out" : [1895, 1895]
        }
      }
    }
  }
},
"2021-07-19 05:24:09.835 +0000" : {
  "main_scheduler" : {
    "bqs" : {
      "00032" : {
        "mmconts" : [8, 9, 15],
        "acts" : [310, 309],
        "tstate" : { "idle" : 981428, "run" : 19236, "locked" : 0, "mmap" : 150 }
      },
      "00033" : {
        "mmconts" : [3, 6, 14],
        "acts" : [428, 427],
        "tstate" : { "idle" : 974099, "run" : 26530, "locked" : 0, "mmap" : 185 }
      },
      "00034" : {
        "mmconts" : [4, 13, 16],
        "acts" : [570, 569],
        "tstate" : { "idle" : 961770, "run" : 38834, "locked" : 0, "mmap" : 209 }
      }
    }
  },
  "benchmark_io" : {
    "simple_times" : {
      "mcount" : {
        "mcount" : { "251 -- 398" : 30 }
      }
    },
    "stream_method" : {
      "conns" : [30, 29],
      "in" : [2844048, 2841734],
      "out" : [1740, 1738],
      "mmtasks" : [9, 10, 12],
      "load" : 0.273,
      "mcount" : {
        "mcount" : { "Success" : 30 }
      },
      "http_proto0" : {
        "mcount" : {
          "mcount" : { "OK" : 30 }
        }
      },
      "source_log" : {
        "delta" : [0, 0, 0]
      },
      "loggers" : {
        "brief_logger" : {
          "records" : [30, 29],
          "out" : [2039, 2037]
        }
      }
    }
  }
},
"2021-07-19 05:24:10.156 +0000" : {
  "main_scheduler" : {
    "bqs" : {
      "00032" : {
        "mmconts" : [3, 5, 8],
        "acts" : [197, 614],
        "tstate" : { "idle" : 312228, "run" : 8120, "locked" : 0, "mmap" : 104 }
      },
      "00033" : {
        "mmconts" : [0, 2, 3],
        "acts" : [92, 287],
        "tstate" : { "idle" : 314837, "run" : 5558, "locked" : 0, "mmap" : 60 }
      },
      "00034" : {
        "mmconts" : [1, 1, 4],
        "acts" : [128, 399],
        "tstate" : { "idle" : 317200, "run" : 3207, "locked" : 0, "mmap" : 50 }
      }
    }
  },
  "benchmark_io" : {
    "simple_times" : {
      "mcount" : {
        "mcount" : { "398 -- 630" : 1, "251 -- 398" : 9 }
      }
    },
    "stream_method" : {
      "conns" : [3, 9],
      "in" : [926208, 2890236],
      "out" : [174, 542],
      "mmtasks" : [0, 5, 10],
      "load" : 0.269,
      "mcount" : {
        "mcount" : { "Success" : 10 }
      },
      "http_proto0" : {
        "mcount" : {
          "mcount" : { "OK" : 10 }
        }
      },
      "source_log" : {
        "delta" : [0, 0, 0]
      },
      "loggers" : {
        "brief_logger" : {
          "records" : [10, 31],
          "out" : [681, 2124]
        }
      }
    }
  }
}