1626672189.834		339974	137220	67	111759	90928	245269	58	95900	0	200
1626672190.032		381044	141754	44	147004	92242	284038	58	95908	0	200
1626672190.228		379411	144155	27	140082	95147	281645	58	95900	0	200
1626672190.419		366383	142288	26	127444	96625	269257	58	95916	0	200
1626672190.608		413409	141751	58	138169	133431	316584	58	95916	0	200
1626672190.795		355077	143240	54	116915	94868	257359	58	95900	0	200
1626672190.979		335361	135840	54	111685	87782	241767	58	95908	0	200
1626672191.163		328708	128197	56	116460	83995	241283	58	95900	0	200
1626672191.339		376900	134384	46	114634	127836	284564	58	95908	0	200
1626672191.516		349873	141298	44	115349	93182	253394	58	95900	0	200
1626672191.690		365921	144202	45	126446	95228	267430	58	95900	0	200
1626672191.862		356372	143172	40	120364	92796	260307	58	95908	0	200
1626672192.032		349767	141808	53	114738	93168	252679	58	95900	0	200
1626672192.200		392222	139258	56	116940	135968	297451	58	95900	0	200
1626672192.366		370687	143972	27	131087	95601	272897	58	95916	0	200
1626672192.530		349656	136936	52	121497	91171	256083	58	95908	0	200
1626672192.693		335143	132778	54	115106	87205	244355	58	95908	0	200
1626672192.853		355660	143599	58	116829	95174	257338	58	95900	0	200
1626672193.012		357813	143218	53	120125	94417	260413	58	95900	0	200
1626672193.170		331407	132069	57	111887	87394	241387	58	95908	0	200
1626672193.325		341844	137886	59	113026	90873	247412	58	95900	0	200
1626672193.480		339597	135772	55	113635	90135	247042	58	95908	0	200
1626672193.632		358099	139977	47	124648	93427	262778	58	95900	0	200
1626672193.783		347211	140578	59	115111	91463	249684	58	95908	0	200
1626672193.933		358010	140977	46	124003	92984	261547	58	95900	0	200
1626672194.082		352167	143090	54	116237	92786	252968	58	95892	0	200
1626672194.229		354265	140558	54	120486	93167	258270	58	95900	0	200
1626672194.374		357265	144137	52	117464	95612	259306	58	95916	0	200
1626672194.519		342685	140722	43	108492	93428	246518	58	95908	0	200
1626672194.662		382479	136357	49	113304	132769	289804	58	95900	0	200
1626672194.804		363939	146314	23	117143	100459	262415	58	95892	0	200
1626672194.945		352669	142447	43	120864	89315	252038	58	95892	0	200
1626672195.085		363418	145941	53	124992	92432	261850	58	95892	0	200
1626672195.223		332459	135909	54	106978	89518	239681	58	95900	0	200
1626672195.361		344622	144637	53	103984	95948	246265	58	95908	0	200
1626672195.497		347467	138999	56	115480	92932	252666	58	95900	0	200
1626672195.632		312758	131953	21	93348	87436	222674	58	95892	0	200
1626672195.767		353024	140625	42	118629	93728	257179	58	95908	0	200
1626672195.901		349625	139570	58	115967	94030	254772	58	95892	0	200
1626672196.032		326537	129736	57	112716	84028	238748	58	95900	0	200
1626672196.164		341991	138940	55	113052	89944	246102	58	95892	0	200
1626672196.294		350887	141706	48	114383	94750	254668	58	95892	0	200
1626672196.553		373328	136054	52	110853	126369	279638	58	95900	0	200
1626672196.680		343987	137491	48	116703	89745	249738	58	95900	0	200
1626672196.808		347563	140412	55	114267	92829	252002	58	95892	0	200
1626672196.933		355787	144288	45	115716	95738	257466	58	95892	0	200
1626672197.058		353321	141900	54	117734	93633	256409	58	95892	0	200
1626672197.183		331010	131731	53	111345	87881	241343	58	95900	0	200
1626672197.307		316179	133284	41	95372	87482	224947	58	95892	0	200
1626672197.429		335340	132350	53	114740	88197	245064	58	95892	0	200
1626672196.424		1347570	1147041	52	107384	93093	1252667	58	95892	0	200
1626672197.552		324607	134093	53	101139	89322	233271	58	95900	0	200
1626672197.673		352051	143425	56	113672	94898	254768	58	95892	0	200
1626672197.793		347863	143913	53	107504	96393	249940	58	95892	0	200
1626672197.913		385878	137763	273	117385	130457	291035	58	95892	0	200
1626672198.033		377381	134320	52	112778	130231	285554	58	95892	0	200
1626672198.151		338159	133842	40	115024	89253	247109	58	95900	0	200
1626672198.269		334606	133949	52	111550	89055	243349	58	95900	0	200
1626672198.386		327100	136231	54	102128	88687	234191	58	95892	0	200
1626672198.502		360850	137443	34	94902	128471	265919	58	95908	0	200
1626672198.619		338823	134324	24	113452	91023	247286	58	95908	0	200
1626672198.733		353830	139547	53	122032	92198	258609	58	95900	0	200
1626672198.849		346080	136942	53	117877	91208	253006	58	95892	0	200
1626672198.962		340644	135095	53	115280	90216	247887	58	95900	0	200
1626672199.075		360484	143042	52	117449	99941	262580	58	95892	0	200
1626672199.188		341082	145533	43	98959	96547	241474	58	95892	0	200
1626672199.300		354016	143091	52	115963	94910	257318	58	95892	0	200
1626672199.411		352061	141146	52	117283	93580	256499	58	95908	0	200
1626672199.523		321279	127469	58	109530	84222	234057	58	95892	0	200
1626672199.633		334908	131646	38	116143	87081	245048	58	95900	0	200
1626672199.742		334678	131944	43	112339	90352	244587	58	95900	0	200
1626672199.852		346888	140127	52	114123	92586	251541	58	95916	0	200
1626672199.960		358226	146290	52	117885	93999	257375	58	95900	0	200
1626672200.070		411401	152047	52	124189	135113	304057	58	95900	0	200
1626672200.176		344310	138432	61	113104	92713	250011	58	95892	0	200
1626672200.284		345258	144163	52	106332	94711	246785	58	95892	0	200
1626672200.391		364637	145913	52	121933	96739	265854	58	95892	0	200
1626672200.496		410389	142348	52	170243	97746	314001	58	95916	0	200
1626672200.602		337125	135578	68	111765	89714	245342	58	95892	0	200
1626672200.707		350775	136144	23	123707	90901	258601	58	95892	0	200
1626672200.812		388016	145702	23	113089	129202	285239	58	95916	0	200
1626672200.916		401692	143479	17	124201	133995	303450	58	95892	0	200
1626672201.020		375841	142162	45	138928	94706	279183	58	95892	0	200
1626672201.123		354040	141969	33	116716	95322	256875	58	95900	0	200
1626672201.226		345573	136506	43	118510	90514	252586	58	95892	0	200
1626672201.329		331735	129119	51	109301	93264	243068	58	95892	0	200
1626672201.431		344954	138549	57	115060	91288	250145	58	95908	0	200
1626672201.532		349632	140283	56	115107	94186	253941	58	95892	0	200
1626672201.633		406056	144194	28	164713	97121	307423	58	95916	0	200
1626672201.733		348470	139859	43	115912	92656	252791	58	95900	0	200
1626672201.834		385993	140467	56	113634	131836	290867	58	95892	0	200
1626672201.933		350864	141824	60	116137	92843	254544	58	95908	0	200
1626672202.033		342171	138103	40	113888	90140	247191	58	95892	0	200
1626672202.132		362241	140991	43	125862	95345	265945	58	95900	0	200
1626672202.230		355600	142599	43	118380	94578	258082	58	95892	0	200
1626672202.328		369351	142479	53	133968	92851	272382	58	95892	0	200
1626672202.426		399099	136581	53	171406	91059	306021	58	95916	0	200
1626672202.525		324165	127177	51	111097	85840	237322	58	95908	0	200
1626672202.621		385941	134720	24	120193	131004	294254	58	95892	0	200
1626672202.717		405690	138236	42	176558	90854	310804	58	95916	0	200
1626672202.813		348783	141097	53	114933	92700	252287	58	95908	0	200
1626672202.909		354152	142614	53	116455	95030	257335	58	95900	0	200
1626672203.005		355381	141724	41	119247	94369	258011	58	95892	0	200
1626672203.100		344578	140231	55	115072	89220	246498	58	95892	0	200
1626672203.195		307846	126907	44	96550	84345	221244	58	95892	0	200
1626672203.290		365491	142515	52	133638	89286	265584	58	95892	0	200
1626672203.383		425693	153251	52	178537	93853	317457	58	95916	0	200
1626672203.477		360061	139997	55	123931	96078	264887	58	95900	0	200
1626672203.572		372083	131162	55	113151	127715	282170	58	95900	0	200
1626672203.664		336301	131100	54	115426	89721	247213	58	95892	0	200
1626672203.756		362927	127264	56	111017	124590	276335	58	95892	0	200
1626672203.849		331521	132154	59	112499	86809	241421	58	95892	0	200
1626672203.941		363376	143633	53	125095	94595	265244	58	95900	0	200
1626672204.033		357923	149794	39	114682	93408	253941	58	95892	0	200
1626672204.124		340248	135906	51	114461	89830	247178	58	95892	0	200
1626672204.215		357147	144442	53	116652	96000	258892	58	95900	0	200
1626672204.306		351468	139874	53	119309	92232	256136	58	95900	0	200
1626672204.397		348506	135786	53	115332	97335	255469	58	95900	0	200
1626672204.487		348796	133131	41	126308	89316	258055	58	95892	0	200
1626672204.577		336826	134121	53	113457	89195	245322	58	95892	0	200
1626672204.666		336683	133714	51	113480	89438	245183	58	95900	0	200
1626672204.756		339561	134466	53	113382	91660	247617	58	95900	0	200
1626672204.845		377599	152731	66	135585	89217	267525	58	95892	0	200
1626672204.933		340726	136990	53	114579	89104	246726	58	95900	0	200
1626672205.022		422038	134738	54	113304	173942	330196	58	95900	0	200
1626672205.110		380702	137535	41	114001	129125	285675	58	95892	0	200
1626672205.199		340917	136671	59	115049	89138	248556	58	95892	0	200
1626672205.286		336469	143596	53	97365	95455	238607	58	95900	0	200
1626672205.460		337711	134064	53	113182	90412	246257	58	95892	0	200
1626672205.546		325033	128696	54	111641	84642	236565	58	95900	0	200
1626672205.633		343013	137213	51	115229	90520	249664	58	95892	0	200
1626672205.719		338622	144906	43	99279	94394	239365	58	95892	0	200
1626672205.805		376404	142089	62	96671	137582	279601	58	95900	0	200
1626672205.892		363221	143097	44	127277	92803	265196	58	95908	0	200
1626672205.976		336293	143781	52	98112	94348	237907	58	95916	0	200
1626672206.061		351541	142847	52	115859	92783	253882	58	95892	0	200
1626672206.146		335114	134365	33	112199	88517	242644	58	95900	0	200
1626672206.231		318564	134998	52	94746	88768	227026	58	95900	0	200
1626672206.315		397964	141540	44	123105	133275	301253	58	95908	0	200
1626672206.399		341886	134092	52	118780	88962	250431	58	95916	0	200
1626672206.483		341772	136813	52	114369	90538	248274	58	95900	0	200
1626672206.567		350188	140525	54	114827	94782	253701	58	95900	0	200
1626672206.650		389649	135665	38	122945	131001	296280	58	95892	0	200
1626672205.373		1706659	1222362	41	124244	360012	1550512	58	95892	0	200
1626672206.733		347747	140190	43	113759	93755	252218	58	95892	0	200
1626672206.899		331482	147798	54	85941	97689	228662	58	95908	0	200
1626672206.816		415143	142998	55	175391	96699	316725	58	95916	0	200
1626672206.981		361663	161444	56	112749	87414	242190	58	95900	0	200
1626672207.064		325748	129171	52	112525	84000	237079	58	95892	0	200
1626672207.146		402883	138931	51	171590	92311	308315	58	95916	0	200
1626672207.227		335101	142814	53	97375	94859	238056	58	95900	0	200
1626672207.309		349282	138906	42	114725	95609	254885	58	95900	0	200
1626672207.390		344325	139240	54	113446	91585	248693	58	95908	0	200
1626672207.471		338509	143692	52	98974	95791	241093	58	95908	0	200
1626672207.552		392296	141345	52	118842	132057	295334	58	95900	0	200
1626672207.634		381839	136354	25	113379	132081	288728	58	95892	0	200
1626672208.112		343782	139433	60	113447	90842	247858	58	95900	0	200
1626672207.953		1045599	1045599	0	0	0	44049	0	0	110	0
1626672208.033		1043133	1043133	0	0	0	41732	0	0	110	0
1626672208.349		1047850	1047850	0	0	0	46698	0	0	110	0
1626672208.429		1046902	1046902	0	0	0	45863	0	0	110	0
1626672208.507		1047445	1047445	0	0	0	46572	0	0	110	0
1626672208.584		1046770	1046770	0	0	0	45483	0	0	110	0
1626672208.662		1044669	1044669	0	0	0	43396	0	0	110	0
1626672208.740		1045111	1045111	0	0	0	44406	0	0	110	0
1626672208.817		1048942	1048942	0	0	0	46467	0	0	110	0
1626672208.895		1046151	1046151	0	0	0	45519	0	0	110	0
1626672209.049		1044122	1044122	0	0	0	43140	0	0	110	0
1626672209.126		1044043	1044043	0	0	0	43115	0	0	110	0
1626672209.203		1042012	1042012	0	0	0	41383	0	0	110	0
1626672209.279		1047269	1047269	0	0	0	46126	0	0	110	0
1626672209.355		1047360	1047360	0	0	0	46627	0	0	110	0
1626672207.793		2679824	135675	57	113100	2430992	2587069	58	95900	0	200
1626672209.431		1045432	1045432	0	0	0	44146	0	0	110	0
1626672208.191		2287550	137367	56	114656	2035471	2193368	58	95916	0	200
1626672207.713		2766008	139877	53	114309	2511769	2670813	58	95908	0	200
1626672208.270		2277503	135669	48	107008	2034778	2184734	58	95884	0	200
1626672209.507		1047136	1047136	0	0	0	46686	0	0	110	0
1626672209.583		1044677	1044677	0	0	0	44004	0	0	110	0
1626672207.873		2761520	143339	34	2512207	105940	2663723	58	95884	0	200
1626672209.659		1046321	1046321	0	0	0	45374	0	0	110	0
1626672209.808		1045641	1045641	0	0	0	44454	0	0	110	0
1626672209.733		1185583	975317	44	119269	90953	252924	58	95892	0	200
1626672209.883		1044536	1044536	0	0	0	43757	0	0	110	0
1626672209.958		1044510	1044510	0	0	0	44081	0	0	110	0
1626672210.033		1046775	1046775	0	0	0	45389	0	0	110	0
1626672210.182		933633	704918	59	140060	88596	271253	58	95892	0	200
1626672210.403		780292	562453	52	123189	94598	262705	58	95908	0	200
1626672210.256		991150	763017	56	137800	90277	270774	58	95892	0	200
1626672210.107		1217463	999213	42	128496	89712	261455	58	95892	0	200
1626672210.988		343575	144490	38	105020	94027	245086	58	95892	0	200
1626672210.331		1005530	786446	39	125983	93062	264237	58	95892	0	200
1626672210.843		551141	356273	42	99050	95776	240595	58	95884	0	200
1626672210.624		813300	601074	52	120582	91592	256116	58	95892	0	200
1626672210.915		571976	352284	24	129740	89928	264062	58	95900	0	200
1626672210.770		718965	452578	51	130858	135478	312342	58	95900	0	200
1626672210.550		969096	751281	120	111321	106374	262566	58	95900	0	200
1626672211.132		387327	193771	16	106311	87229	235781	58	95892	0	200
1626672210.477		1094631	873362	23	131090	90156	264435	58	95892	0	200
1626672211.276		336350	134225	17	113518	88590	245509	58	95892	0	200
1626672210.697		970275	708654	24	177525	84072	302131	58	95916	0	200
1626672211.060		633836	440895	16	99170	93755	237700	58	95916	0	200
1626672211.348		347474	142649	15	108612	96198	250362	58	95916	0	200
1626672211.204		509510	291649	21	130445	87395	259883	58	95900	0	200
1626672211.419		365680	147886	23	122144	95627	263826	58	95892	0	200
1626672211.491		346913	140175	22	113063	93653	250994	58	95908	0	200
1626672211.562		338865	142844	41	101668	94312	241241	58	95892	0	200
1626672211.633		377720	137222	24	108567	131907	283762	58	95908	0	200
1626672211.704		364928	156926	53	116976	90973	251466	58	95892	0	200
1626672211.775		347947	139672	38	116215	92022	252802	58	95908	0	200
1626672211.846		304538	127346	56	92730	84406	217673	58	95900	0	200
1626672211.916		331762	141576	53	94872	95261	232939	58	95892	0	200
1626672211.986		402632	150676	52	117610	134294	296596	58	95892	0	200
1626672212.056		373534	149051	55	129555	94873	270081	58	95892	0	200
1626672212.126		379898	143175	24	140986	95713	281140	58	95892	0	200
1626672212.196		337167	137242	55	112240	87630	241834	58	95892	0	200
1626672212.266		338847	136051	43	110479	92274	245788	58	95908	0	200
1626672212.336		363456	151832	55	116482	95087	258467	58	95892	0	200
1626672212.405		361268	153613	56	115203	92396	252582	58	95900	0	200
1626672212.475		340626	132517	45	119126	88938	250309	58	95892	0	200
1626672212.544		340330	136644	51	113175	90460	246712	58	95900	0	200
1626672212.613		329254	139039	43	97220	92952	234441	58	95900	0	200
1626672212.683		316891	128165	37	104416	84273	230203	58	95900	0	200
1626672212.751		345771	154509	53	101810	89399	233772	58	95900	0	200
1626672212.819		373298	141800	51	98483	132964	276042	58	95900	0	200
1626672212.889		362176	146940	55	120611	94570	260929	58	95892	0	200
1626672212.956		357955	147673	53	115662	94567	256351	58	95892	0	200
1626672213.024		347498	143089	41	112577	91791	247428	58	95900	0	200
1626672213.094		346372	138902	39	115915	91516	250870	58	95900	0	200
1626672213.161		375911	143013	38	98289	134571	277505	58	95884	0	200
1626672213.229		345067	138006	53	115980	91028	250544	58	95892	0	200
1626672213.296		371452	141020	97	93915	136420	274983	58	95916	0	200
1626672213.364		357556	144542	42	116805	96167	258821	58	95892	0	200
1626672213.431		322898	139281	52	91076	92489	226854	58	95892	0	200
1626672213.499		323023	127002	52	110941	85028	236372	58	95900	0	200
1626672213.566		341327	138727	44	110558	91998	246612	58	95892	0	200
1626672213.633		346073	139528	22	114411	92112	250917	58	95892	0	200
1626672213.700		346762	142322	54	108415	95971	249805	58	95892	0	200
1626672213.767		341750	141259	40	105254	95197	245091	58	95900	0	200
1626672213.834		317331	128283	26	103076	85946	229153	58	95892	0	200
1626672213.900		344834	133417	42	123903	87472	253549	58	95908	0	200
1626672214.033		322684	135042	52	98314	89276	229895	58	95892	0	200
1626672213.968		396053	141707	42	123355	130949	298115	58	95908	0	200
1626672214.099		362041	149813	55	118099	94074	257872	58	95892	0	200
1626672214.165		372196	143931	54	132991	95220	274104	58	95900	0	200
1626672214.231		338076	136648	56	111667	89705	244412	58	95892	0	200
1626672214.297		348886	135917	53	123078	89838	255971	58	95892	0	200
1626672214.363		337894	134069	53	113926	89846	245915	58	95908	0	200
1626672214.430		346104	139747	40	113751	92566	250861	58	95908	0	200
1626672214.494		349072	135842	52	123524	89654	256519	58	95908	0	200
1626672214.560		383639	136888	41	114474	132236	290254	58	95892	0	200
1626672214.625		351407	141209	23	116620	93555	255568	58	95908	0	200
1626672214.690		356694	143108	45	118018	95523	259258	58	95892	0	200
1626672214.755		327450	138860	44	96493	92053	232957	58	95900	0	200
1626672214.820		335337	134056	52	112093	89136	243489	58	95908	0	200
1626672214.885		349132	140327	56	115888	92861	253480	58	95892	0	200
1626672214.950		362486	148945	52	118318	95171	259708	58	95892	0	200
1626672215.014		355887	144116	56	117011	94704	257653	58	95900	0	200
1626672215.079		351584	139206	40	119895	92443	256841	58	95892	0	200
1626672215.143		364651	128440	20	112887	123304	276479	58	95900	0	200
1626672215.207		332416	134426	41	107932	90017	240588	58	95900	0	200
1626672215.271		311128	127906	52	96732	86438	223376	58	95900	0	200
1626672215.335		372035	137806	54	104666	129509	277620	58	95892	0	200
1626672215.399		333537	142458	39	97730	93310	235582	58	95916	0	200
1626672215.463		354141	134431	52	130737	88921	262542	58	95892	0	200
1626672215.527		323213	132332	42	102981	87858	232768	58	95892	0	200
1626672215.591		335126	145580	52	96172	93322	234091	58	95916	0	200
1626672215.654		346211	153812	50	96882	95467	239445	58	95908	0	200
1626672215.718		355482	142647	42	117058	95735	258061	58	95908	0	200
1626672215.781		335247	142593	51	98338	94265	237992	58	95900	0	200
1626672215.844		358703	140398	45	118236	100024	262882	58	95892	0	200
1626672215.907		336441	138110	47	107574	90710	241978	58	95892	0	200
1626672215.970		335193	135829	55	109610	89699	242540	58	95884	0	200
1626672216.033		350003	140776	53	119472	89702	252336	58	95892	0	200
1626672216.096		354888	146835	51	114871	93131	251808	58	95900	0	200
1626672216.158		389334	186347	54	109475	93458	247666	58	95892	0	200
1626672216.221		336176	133999	47	112982	89148	244868	58	95908	0	200
1626672216.283		385579	139098	53	115211	131217	290534	58	95900	0	200
1626672216.346		353442	142038	52	116593	94759	256683	58	95908	0	200
1626672216.408		342302	135880	51	115812	90559	249763	58	95900	0	200
1626672216.470		303550	131766	56	83634	88094	214069	58	95900	0	200
1626672216.532		403933	139669	52	130480	133732	308294	58	95900	0	200
1626672216.594		359319	142385	53	122605	94276	262459	58	95892	0	200
1626672216.657		350351	148386	47	112275	89643	245023	58	95892	0	200
1626672216.718		343581	134358	44	120936	88243	251213	58	95900	0	200
1626672216.780		351006	135870	52	120918	94166	258257	58	95892	0	200
1626672216.841		333358	138234	52	102753	92319	239777	58	95900	0	200
1626672216.904		330397	142392	50	95223	92732	232723	58	95900	0	200
1626672216.964		362142	137192	53	95387	129510	267716	58	95908	0	200
1626672217.025		369759	157344	49	116755	95611	257872	58	95900	0	200
1626672217.148		324943	139768	35	95075	90065	228828	58	95900	0	200
1626672217.087		394565	142296	52	117521	134696	297425	58	95900	0	200
1626672217.209		356417	137157	58	134654	84548	259771	58	95892	0	200
1626672217.270		356479	138572	53	125621	92233	262021	58	95900	0	200
1626672217.330		334052	133310	42	112396	88304	242718	58	95900	0	200
1626672217.391		348525	135693	45	122359	90428	256065	58	95892	0	200
1626672217.452		353844	141398	53	118954	93439	258341	58	95900	0	200
1626672217.512		335299	139095	51	105376	90777	239162	58	95900	0	200
1626672217.573		324057	128736	43	110924	84354	235411	58	95900	0	200
1626672217.633		354134	138584	23	123082	92445	259744	58	95908	0	200
1626672217.693		362843	142527	46	127335	92935	264348	58	95892	0	200
1626672217.754		347010	140303	53	112231	94423	251321	58	95892	0	200
1626672217.813		342225	151782	43	95549	94851	237291	58	95892	0	200
1626672217.873		316488	133768	42	95379	87299	224656	58	95916	0	200
1626672217.933		371569	136325	53	112269	122922	275901	58	95908	0	200
1626672217.993		313914	133913	51	92488	87462	222215	58	95892	0	200
1626672218.053		359983	141406	55	125357	93165	263984	58	95892	0	200
1626672218.113		365243	144949	58	124347	95889	266341	58	95892	0	200
1626672218.172		334771	142068	47	97107	95549	238299	58	95900	0	200
1626672218.232		340344	135486	53	114369	90436	247932	58	95900	0	200
1626672218.291		345027	135963	52	118314	90698	252150	58	95892	0	200
1626672218.350		356149	139694	42	124115	92298	260698	58	95892	0	200
1626672218.409		316833	134431	53	94008	88341	225235	58	95900	0	200
1626672218.468		356710	140043	45	122364	94258	261541	58	95900	0	200
1626672218.527		343545	135536	53	116743	91213	251435	58	95892	0	200
1626672218.586		349498	140132	57	115673	93636	253717	58	95892	0	200
1626672208.972		10001149	10001149	0	0	0	10000000	0	0	110	0
1626672218.645		349581	140295	24	116576	92686	253495	58	95900	0	200
1626672218.704		303414	126935	47	92162	84270	216876	58	95892	0	200
1626672218.763		361473	147126	56	121544	92747	258700	58	95892	0	200
1626672218.821		380484	145798	88	99869	134729	282288	58	95908	0	200
1626672218.880		359721	148847	55	116416	94403	256071	58	95892	0	200
1626672218.938		366147	142120	36	123905	100086	269291	58	95892	0	200
1626672218.997		364665	144048	53	126072	94492	265847	58	95908	0	200
1626672219.055		333204	137447	56	106997	88704	238135	58	95892	0	200
1626672219.113		350964	143045	56	117251	90612	251013	58	95900	0	200
1626672219.171		335018	142679	62	98424	93853	236805	58	95892	0	200
1626672219.230		365287	144842	57	125194	95194	266180	58	95892	0	200
1626672219.287		355206	141243	43	120712	93208	258788	58	95900	0	200
1626672219.345		348993	142358	58	114488	92089	250527	58	95900	0	200
1626672219.403		359911	135897	53	95367	128594	267279	58	95908	0	200
1626672219.460		360377	144441	52	118234	97650	261565	58	95892	0	200
1626672219.518		348097	139073	51	114559	94414	253044	58	95892	0	200
1626672219.576		341260	134616	51	114854	91739	249442	58	95900	0	200
1626672219.633		327350	134665	22	102339	90324	235403	58	95884	0	200
1626672219.690		353769	136624	48	125866	91231	259866	58	95892	0	200
1626672219.748		332619	131733	53	112556	88277	243173	58	95892	0	200
1626672219.805		375326	132027	43	115200	128056	285216	58	95900	0	200
1626672219.862		353884	142846	30	116040	94968	256233	58	95900	0	200
1626672219.919		358665	142246	53	115338	101028	261260	58	95892	0	200
1626672219.976		386964	135217	51	122438	129258	294566	58	95892	0	200
1626672220.033		344635	127574	56	93928	123077	257403	58	95884	0	200
1626672220.090		333453	129108	39	118590	85716	244612	58	95892	0	200
1626672220.147		338962	135410	17	114508	89027	246432	58	95892	0	200
1626672220.203		357346	147152	49	115399	94746	255475	58	95892	0	200
1626672220.260		351235	139139	55	119060	92981	256247	58	95892	0	200
1626672220.316		316010	129944	52	99806	86208	226374	58	95900	0	200
1626672220.373		336546	132673	59	116028	87786	246437	58	95900	0	200
1626672220.486		366484	140330	24	132761	93369	270409	58	95916	0	200
1626672220.429		424050	142508	52	141435	140055	327112	58	95892	0	200
1626672220.542		332787	142788	58	95316	94625	235864	58	95900	0	200
1626672220.598		359293	149174	55	116750	93314	255093	58	95892	0	200
1626672220.654		331954	137420	35	103942	90557	237854	58	95892	0	200
1626672220.710		314753	131158	65	95714	87816	224724	58	95900	0	200
1626672220.766		349881	143475	56	117028	89322	249707	58	95892	0	200
1626672220.822		327537	135655	38	103199	88645	234819	58	95892	0	200
1626672220.878		348948	142003	49	114656	92240	251199	58	95908	0	200
1626672220.933		346700	135189	37	122443	89031	254019	58	95892	0	200
1626672220.989		395915	143281	40	117306	135288	297932	58	95908	0	200
1626672221.045		344468	137854	56	115451	91107	250247	58	95892	0	200
1626672221.157		325698	134838	25	101737	89098	233464	58	95892	0	200
1626672221.100		383748	143089	51	113066	127542	283716	58	95892	0	200
1626672221.211		355120	142294	55	119017	93754	257962	58	95892	0	200
1626672221.266		351192	135082	55	126139	89916	259157	58	95892	0	200
1626672221.321		317848	133667	51	95959	88171	226504	58	95908	0	200
1626672221.377		334153	134696	42	112415	87000	241172	58	95900	0	200
1626672221.432		386754	135881	40	121901	128932	294342	58	95892	0	200
1626672221.487		341988	137566	52	113956	90414	248448	58	95908	0	200
1626672221.542		351515	142068	52	115876	93519	254687	58	95892	0	200
1626672221.596		354945	143665	56	116311	94913	257720	58	95916	0	200
1626672221.651		319438	134869	24	95348	89197	227566	58	95916	0	200
1626672221.706		339658	140659	17	104007	94975	244703	58	95892	0	200
1626672221.761		332963	133042	15	94527	105379	243000	58	95900	0	200
1626672221.815		349177	134705	23	123800	90649	257847	58	95892	0	200
1626672221.870		334770	134853	27	112438	87452	245413	58	95900	0	200
1626672221.924		349376	140850	21	115061	93444	253571	58	95892	0	200
1626672221.979		369435	148701	20	123919	96795	266679	58	95892	0	200
1626672222.033		347139	138737	40	115434	92928	252023	58	95900	0	200
1626672222.087		378365	135023	41	114232	129069	285123	58	95900	0	200
1626672222.142		334893	133943	22	113314	87614	242927	58	95892	0	200
1626672222.196		354208	144177	25	113807	96199	256473	58	95892	0	200
1626672222.250		359910	142524	55	123617	93714	263192	58	95892	0	200
1626672222.304		337580	134408	55	113938	89179	246308	58	95900	0	200
1626672222.358		336456	142745	56	99543	94112	238425	58	95916	0	200
1626672222.413		339619	137057	53	112988	89521	245095	58	95900	0	200
1626672222.465		340606	135634	45	114974	89953	248138	58	95892	0	200
1626672222.519		356295	140835	52	121906	93502	259646	58	95892	0	200
1626672222.573		325077	136266	40	98011	90760	232275	58	95916	0	200
1626672222.626		352441	140171	51	118198	94021	256437	58	95892	0	200
1626672222.681		343503	147622	41	98731	97109	241495	58	95892	0	200
1626672222.733		337636	140447	39	104618	92532	241195	58	95900	0	200
1626672222.787		337989	144070	58	97561	96300	239528	58	95900	0	200
1626672222.840		377589	163171	53	118502	95863	259079	58	95884	0	200
1626672222.893		344929	133415	41	123546	87927	253364	58	95892	0	200
1626672222.947		366429	129506	40	113712	123171	277540	58	95892	0	200
1626672223.000		358831	142647	59	120586	95539	260743	58	95884	0	200
1626672223.053		355185	144281	54	113379	97471	255379	58	95892	0	200
1626672223.106		338985	151934	42	93994	93015	230528	58	95900	0	200
1626672223.159		337197	138122	40	110373	88662	241696	58	95892	0	200
1626672223.212		353875	141332	45	123484	89014	255218	58	95892	0	200
1626672223.265		322877	134350	53	99538	88936	231086	58	95884	0	200
1626672223.318		322226	134724	39	98783	88680	230301	58	95908	0	200
1626672223.371		343217	142813	44	104592	95768	245837	58	95908	0	200
1626672223.423		327577	140249	57	93797	93474	231801	58	95908	0	200
1626672223.528		314659	131855	52	94659	88093	224680	58	95908	0	200
1626672223.476		382023	127308	51	169554	85110	294629	58	95916	0	200
1626672223.633		331914	127200	53	120731	83930	244915	58	95892	0	200
1626672223.581		400275	133725	52	176409	90089	308271	58	95916	0	200
1626672223.685		357784	140424	37	121690	95633	262144	58	95892	0	200
1626672223.738		357654	142304	53	118310	96987	260147	58	95892	0	200
1626672223.790		338146	132428	179	117369	88170	247248	58	95892	0	200
1626672223.842		342238	127882	52	90361	123943	255587	58	95884	0	200
1626672223.894		337392	141847	57	102176	93312	240457	58	95884	0	200
1626672223.947		346782	144787	53	106842	95100	247978	58	95884	0	200
1626672223.998		358359	144522	55	117436	96346	259027	58	95892	0	200
1626672224.050		351430	141049	34	115583	94764	254230	58	95892	0	200
1626672224.103		334607	136635	41	110793	87138	239141	58	95900	0	200
1626672224.154		331594	136904	25	103752	90913	237947	58	95900	0	200
1626672224.206		340204	133491	29	118195	88489	249163	58	95892	0	200
1626672224.258		385769	138139	55	115997	131578	290746	58	95900	0	200
1626672224.309		341388	135260	57	116465	89606	247951	58	95900	0	200
1626672224.361		322523	142749	55	87834	91885	224237	58	95916	0	200
1626672224.412		358331	144818	56	116158	97299	259620	58	95900	0	200
1626672224.464		331204	138762	41	100696	91705	236780	58	95908	0	200
1626672224.516		314755	131591	55	94489	88620	225231	58	95908	0	200
1626672224.618		336399	143840	53	97060	95446	238219	58	95908	0	200
1626672224.567		389945	138817	53	116434	134641	295213	58	95892	0	200
1626672224.721		307994	133603	50	81521	92820	215921	58	95908	0	200
1626672224.669		398897	140055	31	126031	132780	303499	58	95892	0	200
1626672224.772		341187	140268	53	113114	87752	242755	58	95892	0	200
1626672224.823		353407	137914	56	125153	90284	259966	58	95900	0	200
1626672224.874		332176	137160	75	105347	89594	239193	58	95892	0	200
1626672224.925		368390	156236	52	116698	95404	258308	58	95892	0	200
1626672224.976		334420	141008	52	99720	93640	238405	58	95892	0	200
1626672225.027		337869	142123	51	103777	91918	240724	58	95884	0	200
1626672225.078		346773	143938	48	107137	95650	248205	58	95900	0	200
1626672225.179		331019	141234	34	100003	89748	232288	58	95900	0	200
1626672225.128		383210	136873	57	113842	132438	289224	58	95900	0	200
1626672225.230		329680	140317	53	96397	92913	233735	58	95908	0	200
1626672225.280		332129	131825	39	112946	87319	242009	58	95892	0	200
1626672225.331		348069	140021	54	114694	93300	252031	58	95892	0	200
1626672225.381		338660	145447	52	97934	95227	238940	58	95884	0	200
1626672225.432		333753	131689	53	113064	88947	243850	58	95892	0	200
1626672225.482		331272	131224	39	111495	88514	241754	58	95884	0	200
1626672225.534		371301	140875	52	97764	132610	275756	58	95916	0	200
1626672225.583		354519	145756	53	111742	96968	254175	58	95892	0	200
1626672225.633		348891	139884	24	115654	93329	254234	58	95884	0	200
1626672225.683		342356	141798	38	105892	94628	245766	58	95908	0	200
1626672225.734		331683	144212	54	96595	90822	230214	58	95892	0	200
1626672225.783		323612	133893	54	100797	88868	232343	58	95884	0	200
1626672225.834		346470	137862	54	115662	92892	251936	58	95908	0	200
1626672225.883		377969	146314	39	97424	134192	276417	58	95884	0	200
1626672225.933		365068	144866	52	123459	96691	266550	58	95884	0	200
1626672225.983		331763	141539	41	95751	94432	235141	58	95900	0	200
1626672226.033		325688	137592	51	96524	91521	231648	58	95908	0	200
1626672226.083		347008	142579	30	110941	93458	249270	58	95884	0	200
1626672226.133		335869	134554	53	112099	89163	243568	58	95892	0	200
1626672226.182		358188	147329	44	122926	87889	252627	58	95908	0	200
1626672226.232		324253	136176	52	97464	90561	231199	58	95900	0	200
1626672226.281		377307	137392	55	111663	128197	282224	58	95892	0	200
1626672226.331		360691	142384	52	123141	95114	263165	58	95892	0	200
1626672226.380		350355	144209	57	109810	96279	250861	58	95892	0	200
1626672226.430		308356	135145	53	82941	90217	216050	58	95892	0	200
1626672226.479		338518	134575	52	113653	90238	246292	58	95892	0	200
1626672226.578		325472	139110	52	94382	91928	230343	58	95916	0	200
1626672226.528		376412	139090	41	102177	135104	280999	58	95916	0	200
1626672226.627		349806	137856	41	115250	96659	255010	58	95900	0	200
1626672226.676		329462	127629	28	117167	84638	242146	58	95892	0	200
1626672226.726		371314	143212	53	94787	133262	272219	58	95900	0	200
1626672226.774		352607	140517	42	119305	92743	256120	58	95900	0	200
1626672226.823		336104	151126	52	90464	94462	230310	58	95908	0	200
1626672226.872		353072	142128	21	116662	94261	255607	58	95908	0	200
1626672226.922		322283	128057	52	110327	83847	234484	58	95892	0	200
1626672226.970		333418	132323	52	113484	87559	243289	58	95892	0	200
1626672227.019		398864	145570	53	117002	136239	299253	58	95900	0	200
1626672227.069		374978	141365	51	96623	136939	278741	58	95884	0	200
1626672227.116		334348	132062	23	114742	87521	243828	58	95900	0	200
1626672227.165		376930	140916	24	109210	126780	277132	58	95900	0	200
1626672227.214		330298	138384	54	100302	91558	236304	58	95900	0	200
1626672227.262		309876	127152	56	97726	84942	223287	58	95900	0	200
1626672227.311		319634	134095	56	95990	89493	227939	58	95916	0	200
1626672227.359		340853	139562	53	107911	93327	245393	58	95900	0	200
1626672227.409		343538	139422	53	113467	90596	246917	58	95916	0	200
1626672227.456		339523	136053	51	112313	91106	246783	58	95900	0	200
1626672227.504		326901	138422	52	96320	92107	232444	58	95908	0	200
1626672227.553		326654	139564	51	95544	91495	231313	58	95916	0	200
1626672227.601		348026	138427	55	116541	93003	253334	58	95892	0	200
1626672227.649		350201	137864	20	122709	89608	254731	58	95892	0	200
1626672227.697		327348	134688	43	102351	90266	236012	58	95908	0	200
1626672227.745		356826	144023	57	116907	95839	258352	58	95892	0	200
1626672227.793		332567	141362	52	97596	93557	236775	58	95908	0	200
1626672227.841		338379	137982	56	111616	88725	242063	58	95908	0	200
1626672227.889		343971	139321	57	112598	91995	248442	58	95900	0	200
1626672227.937		337822	135989	41	111132	90660	245242	58	95892	0	200
1626672227.985		355513	139823	41	123276	92373	259450	58	95892	0	200
1626672228.033		355613	145809	39	115487	94278	254983	58	95892	0	200
1626672228.082		341257	138809	52	111769	90627	245782	58	95892	0	200
1626672228.129		360633	133667	26	100016	126924	268766	58	95892	0	200
1626672228.176		379716	136391	49	111884	131392	286557	58	95892	0	200
1626672228.224		348481	151458	43	101980	95000	241550	58	95892	0	200
1626672228.272		366066	151811	52	115832	98371	259676	58	95892	0	200
1626672228.319		353050	143054	52	115139	94805	255281	58	95892	0	200
1626672228.367		353461	143981	41	113720	95719	254981	58	95900	0	200
1626672228.414		373792	139532	56	101088	133116	277941	58	95916	0	200
1626672228.462		333329	137223	55	108724	87327	237827	58	95900	0	200
1626672228.509		343506	141930	52	108778	92746	246197	58	95892	0	200
1626672228.556		356812	143830	42	117293	95647	258689	58	95884	0	200
1626672228.604		345819	140690	53	113257	91819	249782	58	95892	0	200
1626672228.651		331990	131121	55	111842	88972	241994	58	95908	0	200
1626672228.698		350578	141705	49	114640	94184	252761	58	95892	0	200
1626672228.746		343193	136888	42	114602	91661	249724	58	95892	0	200
1626672228.792		337803	134952	54	112520	90277	245541	58	95892	0	200
1626672228.839		356300	145565	52	114761	95922	256540	58	95900	0	200
1626672228.886		360113	143785	55	119098	97175	261616	58	95892	0	200
1626672228.933		357157	139688	55	123106	94308	261653	58	95900	0	200
1626672228.980		373668	138246	64	105665	129693	277916	58	95892	0	200
1626672229.027		354968	143640	52	115202	96074	256987	58	95892	0	200
1626672229.074		333792	142705	52	95658	95377	236430	58	95900	0	200
1626672229.121		335819	132082	51	115768	87918	245333	58	95892	0	200
1626672229.168		355055	141809	24	118259	94963	257630	58	95892	0	200
1626672229.214		351168	140782	30	116375	93981	254873	58	95900	0	200
1626672229.261		322600	126031	46	110885	85638	236089	58	95892	0	200
1626672229.308		330660	131465	53	110982	88160	240643	58	95892	0	200
1626672229.355		358062	138759	38	125264	94001	263061	58	95900	0	200
1626672229.401		360951	147566	43	114733	98609	258897	58	95892	0	200
1626672229.447		353043	142539	38	114666	95800	256011	58	95884	0	200
1626672229.494		345842	134594	52	119688	91508	253534	58	95892	0	200
1626672229.540		322559	135888	52	95565	91054	230106	58	95900	0	200
1626672229.588		329658	138655	52	98325	92626	234921	58	95908	0	200
1626672229.633		347520	139990	54	114564	92912	251085	58	95892	0	200
1626672229.679		323511	135127	19	97486	90879	231005	58	95916	0	200
1626672229.726		361307	126048	51	125353	109855	275222	58	95900	0	200
1626672229.772		359030	139129	53	100240	119608	263118	58	95900	0	200
1626672229.818		364425	139451	54	132408	92512	268726	58	95892	0	200
1626672229.864		377738	142707	43	98286	136702	279118	58	95908	0	200
1626672229.956		336657	134272	41	114275	88069	244923	58	95892	0	200
1626672229.910		433294	177839	38	118050	137367	300755	58	95884	0	200
1626672230.002		347890	129560	43	93436	124851	259163	58	95900	0	200
1626672230.048		343191	143418	55	97421	102297	245031	58	95900	0	200
1626672230.140		323930	132740	55	102985	88150	233144	58	95892	0	200
1626672230.094		372998	146468	42	128346	98142	272546	58	95884	0	200
1626672230.186		315493	131966	36	95162	88329	225264	58	95900	0	200
1626672230.232		349515	135541	36	123360	90578	256703	58	95892	0	200
1626672230.278		332676	132695	52	111714	88215	241895	58	95900	0	200
1626672230.323		352578	141098	38	118508	92934	255277	58	95900	0	200
1626672230.369		338672	134482	40	113745	90405	246614	58	95908	0	200
1626672230.415		363190	136697	52	95054	131387	269589	58	95908	0	200
1626672230.460		322851	136519	51	92952	93329	230108	58	95908	0	200
1626672230.506		330166	139390	53	97082	93641	233985	58	95892	0	200
1626672230.597		322565	137802	56	95183	89524	227437	58	95908	0	200
1626672230.552		391087	133652	52	127852	129531	299612	58	95892	0	200
1626672230.643		334275	132496	54	112714	89011	242484	58	95884	0	200
1626672230.688		339519	136258	34	112908	90319	245693	58	95892	0	200
1626672230.779		330236	136093	66	104672	89405	236736	58	95892	0	200
1626672230.733		377567	143848	44	97642	136033	279331	58	95892	0	200
1626672230.825		337729	132200	43	117465	88021	246546	58	95892	0	200
1626672230.869		365967	137466	73	96761	131667	271611	58	95908	0	200
1626672230.915		354335	147291	53	113882	93109	250298	58	95892	0	200
1626672230.960		364912	142749	53	124731	97379	267307	58	95892	0	200
1626672231.005		347926	139194	52	115881	92799	253069	58	95884	0	200
1626672231.140		317661	134195	53	94042	89371	225140	58	95900	0	200
1626672231.185		332307	142059	34	97562	92652	234186	58	95900	0	200
1626672231.230		354608	143652	40	116029	94887	256316	58	95892	0	200
1626672231.320		352288	143472	42	116046	92728	253197	58	95884	0	200
1626672231.499		364860	157468	52	114789	92551	250729	58	95892	0	200
1626672231.678		319333	134172	37	94585	90539	225796	58	95900	0	200
1626672231.767		356211	143435	43	117358	95375	257602	58	95892	0	200
1626672231.275		1047570	1047570	0	0	0	46798	0	0	110	0
1626672231.365		1048841	1048841	0	0	0	48168	0	0	110	0
1626672231.454		1044236	1044236	0	0	0	43264	0	0	110	0
1626672231.544		1047377	1047377	0	0	0	46797	0	0	110	0
1626672231.633		1045145	1045145	0	0	0	42914	0	0	110	0
1626672231.722		1046628	1046628	0	0	0	46011	0	0	110	0
1626672231.811		1048202	1048202	0	0	0	46991	0	0	110	0
1626672231.856		1045652	1045652	0	0	0	43318	0	0	110	0
1626672231.900		1045516	1045516	0	0	0	44713	0	0	110	0
1626672231.410		1574461	148497	53	114159	1311752	1470844	58	95900	0	200
1626672231.989		1045019	1045019	0	0	0	43618	0	0	110	0
1626672232.033		1043096	1043096	0	0	0	42712	0	0	110	0
1626672232.077		1046331	1046331	0	0	0	45842	0	0	110	0
1626672232.122		1047987	1047987	0	0	0	47513	0	0	110	0
1626672232.166		1046795	1046795	0	0	0	45398	0	0	110	0
1626672231.944		1282377	135304	58	857010	290005	1189854	58	95877	0	200
1626672231.050		2192708	135530	39	91124	1966015	2101145	58	95892	0	200
1626672232.210		1046826	1046826	0	0	0	46054	0	0	110	0
1626672232.254		1047568	1047568	0	0	0	46737	0	0	110	0
1626672232.298		1045321	1045321	0	0	0	44047	0	0	110	0
1626672231.095		2256277	156643	56	1998076	101502	2143252	58	95877	0	200
1626672231.588		1796712	142996	52	1554788	98876	1699485	58	95884	0	200
1626672232.387		1046637	1046637	0	0	0	45951	0	0	110	0
1626672232.430		1046459	1046459	0	0	0	45617	0	0	110	0
1626672232.518		1045314	1045314	0	0	0	44984	0	0	110	0
1626672232.342		1235883	1010050	40	124526	101267	270104	58	95884	0	200
1626672232.693		916651	719383	28	110793	86447	237282	58	95892	0	200
1626672232.562		1048839	1048839	0	0	0	46751	0	0	110	0
1626672232.474		1155791	952364	33	112757	90637	245850	58	95892	0	200
1626672232.606		1046044	1046044	0	0	0	45538	0	0	110	0
1626672232.912		744418	531076	51	122459	90832	254985	58	95892	0	200
1626672232.868		812607	616912	53	97658	97984	241219	58	95884	0	200
1626672232.650		1043279	762391	25	190816	90047	323019	58	95916	0	200
1626672232.956		748046	565815	55	92759	89417	223150	58	95900	0	200
1626672232.781		924680	647932	34	188590	88124	317281	58	95916	0	200
1626672232.824		885137	616183	40	130187	138727	314415	58	95884	0	200
1626672233.086		629906	437759	54	98302	93791	236518	58	95908	0	200
1626672233.217		522851	331228	42	100404	91177	233422	58	95900	0	200
1626672233.259		509022	310591	52	105472	92907	242093	58	95900	0	200
1626672233.475		325280	137251	33	96870	91126	231126	58	95884	0	200
1626672233.302		500593	283514	41	121703	95335	261459	58	95900	0	200
1626672233.129		680864	473976	98	113782	93008	251115	58	95892	0	200
1626672233.346		506958	245817	38	170409	90694	304750	58	95916	0	200
1626672233.518		340794	136572	39	114876	89307	246269	58	95908	0	200
1626672233.172		690142	487022	43	117397	85680	243534	58	95892	0	200
1626672233.561		351403	147741	41	108733	94888	248503	58	95908	0	200
1626672232.737		1192762	999668	52	102214	90828	236336	58	95900	0	200
1626672233.647		332813	139027	41	95610	98135	236360	58	95908	0	200
1626672233.042		947348	724762	52	127314	95220	267865	58	95892	0	200
1626672233.604		386518	154095	51	95327	137045	277054	58	95916	0	200
1626672233.432		604537	397318	29	109632	97558	252122	58	95884	0	200
1626672233.000		1049222	837503	49	117147	94523	256156	58	95892	0	200
1626672233.389		707685	500781	53	113295	93556	249837	58	95884	0	200
1626672233.776		326922	139394	52	96839	90637	230134	58	95884	0	200
1626672233.733		393212	151031	57	105924	136200	285124	58	95900	0	200
1626672233.819		324167	136573	54	94648	92892	229659	58	95900	0	200
1626672233.690		485127	229444	52	171113	84518	296005	58	95916	0	200
1626672233.862		387132	158765	48	96021	132298	273163	58	95892	0	200
1626672233.905		352516	138504	41	123913	90058	256514	58	95892	0	200
1626672233.948		348174	137974	55	119319	90826	254492	58	95892	0	200
1626672233.990		356912	145937	42	115974	94959	258600	58	95900	0	200
1626672234.033		349405	140451	41	115606	93307	254116	58	95908	0	200
1626672234.076		328480	140550	272	92914	94744	231877	58	95900	0	200
1626672234.118		333540	137806	54	102903	92777	239297	58	95884	0	200
1626672234.161		382183	149803	24	102148	130208	275221	58	95892	0	200
1626672234.204		365866	143616	44	127068	95138	267121	58	95916	0	200
1626672234.246		364058	141431	57	128370	94200	266907	58	95900	0	200
1626672234.289		349246	139505	53	117316	92372	253304	58	95884	0	200
1626672234.331		341149	146727	53	97842	96527	241273	58	95900	0	200
1626672234.374		353521	142712	40	115461	95308	255663	58	95892	0	200
1626672234.459		355922	137539	54	86536	131793	261286	58	95900	0	200
1626672234.501		336842	143779	53	96047	96963	238523	58	95900	0	200
1626672234.543		342493	140460	33	106822	95178	246234	58	95916	0	200
1626672234.586		351219	140257	56	114541	96365	255541	58	95900	0	200
1626672234.628		353556	141147	55	116414	95940	256629	58	95884	0	200
1626672234.416		588552	132876	54	367469	88153	497355	58	95892	0	200
1626672234.670		338334	132644	24	117145	88521	248075	58	95900	0	200
1626672234.712		329760	138766	48	96964	93982	234576	58	95916	0	200
1626672234.754		334639	142153	53	96039	96394	237212	58	95908	0	200
1626672234.797		348299	141326	42	112694	94237	251551	58	95892	0	200
1626672234.839		358508	150009	56	112690	95753	253312	58	95900	0	200
1626672234.881		322632	135863	47	95573	91149	229725	58	95908	0	200
1626672234.923		354317	148579	53	114360	91325	248929	58	95892	0	200
1626672234.965		348322	137006	51	121870	89395	255010	58	95892	0	200
1626672235.050		336569	139465	52	103516	93536	241113	58	95892	0	200
1626672235.007		418709	152256	58	125910	140485	312821	58	95892	0	200
1626672235.091		355871	142526	55	122914	90376	255477	58	95892	0	200
1626672235.134		317810	140809	51	84567	92383	221110	58	95908	0	200
1626672235.175		346519	139026	23	113928	93542	251581	58	95884	0	200
1626672235.216		351465	136310	29	122402	92724	257760	58	95900	0	200
1626672235.258		328799	135151	53	102786	90809	236244	58	95900	0	200
1626672235.300		331851	141570	51	95364	94866	234977	58	95916	0	200
1626672235.383		304855	128123	41	91704	84987	217159	58	95892	0	200
1626672235.342		380669	138067	50	112159	130393	285358	58	95884	0	200
1626672235.425		325400	132639	53	103784	88924	234111	58	95900	0	200
1626672235.467		322851	127884	57	109543	85367	235796	58	95900	0	200
1626672235.508		336485	136853	55	107947	91630	243169	58	95900	0	200
1626672235.550		360396	142716	52	122442	95186	262858	58	95908	0	200
1626672235.633		307278	127547	52	94923	84756	220283	58	95900	0	200
1626672235.592		352359	143122	55	113324	95858	254395	58	95900	0	200
1626672235.675		306562	132097	22	86404	88039	215864	58	95916	0	200
1626672235.716		354130	141885	36	116316	95893	257449	58	95900	0	200
1626672235.758		341375	140642	55	105956	94722	245223	58	95892	0	200
1626672235.799		351423	142752	40	114876	93755	253761	58	95892	0	200
1626672235.840		346425	139324	55	114581	92465	250633	58	95900	0	200
1626672235.883		315398	132783	66	94206	88343	224421	58	95900	0	200
1626672235.923		331700	135799	52	109366	86483	236085	58	95908	0	200
1626672235.964		351487	151514	53	107209	92711	244137	58	95900	0	200
1626672236.006		323056	140541	55	90164	92296	226584	58	95892	0	200
1626672236.047		342214	136936	55	113440	91783	248162	58	95900	0	200
1626672236.088		360504	150374	53	119608	90469	253024	58	95892	0	200
1626672236.129		350285	149328	56	105479	95422	246382	58	95884	0	200
1626672236.170		362090	136328	22	135540	90200	268823	58	95900	0	200
1626672236.212		347215	136543	35	118541	92096	253907	58	95900	0	200
1626672236.253		340087	135143	58	114656	90230	247692	58	95916	0	200
1626672236.294		355208	142702	42	117373	95091	257377	58	95908	0	200
1626672236.335		339696	147498	58	97722	94418	236660	58	95908	0	200
1626672236.376		366505	137129	56	136733	92587	272522	58	95900	0	200
1626672236.417		350466	127674	52	99394	123346	262995	58	95892	0	200
1626672236.458		348899	135808	39	123772	89280	255757	58	95884	0	200
1626672236.499		346238	139160	52	117055	89971	250292	58	95908	0	200
1626672236.540		378492	135706	40	114766	127980	285039	58	95884	0	200
1626672236.580		347900	140455	53	114945	92447	251116	58	95900	0	200
1626672236.621		330272	140366	55	96012	93839	234294	58	95908	0	200
1626672236.662		359490	144851	15	118375	96249	260088	58	95900	0	200
1626672236.703		347602	139734	37	114343	93488	252233	58	95908	0	200
1626672236.745		346002	138013	53	115477	92459	251814	58	95892	0	200
1626672236.784		322883	136694	52	95566	90571	229206	58	95892	0	200
1626672236.825		322715	137984	53	93417	91261	227933	58	95892	0	200
1626672236.866		345502	140364	34	106691	98413	249411	58	95892	0	200
1626672236.906		355292	143629	39	116517	95107	256978	58	95900	0	200
1626672236.947		322287	135395	37	96116	90739	229801	58	95908	0	200
1626672236.988		345476	139372	56	114623	91425	249661	58	95900	0	200
1626672237.028		349611	139545	46	115872	94148	254019	58	95892	0	200
1626672237.069		343019	142886	41	103958	96134	245299	58	95885	0	200
1626672237.109		355564	140496	50	118596	96422	259445	58	95892	0	200
1626672237.150		347454	144037	25	105272	98120	249142	58	95908	0	200
1626672237.230		353871	141391	40	115365	97075	256728	58	95916	0	200
1626672237.190		399697	143927	25	116825	138920	300682	58	95908	0	200
1626672237.271		337585	134584	56	113322	89623	244662	58	95908	0	200
1626672237.311		339220	142426	38	99626	97130	241803	58	95885	0	200
1626672237.352		350350	141040	31	116218	93061	254038	58	95884	0	200
1626672237.392		324001	136772	48	95192	91989	230618	58	95900	0	200
1626672237.432		303522	132404	41	82245	88832	211961	58	95916	0	200
1626672237.472		358469	143079	53	117916	97421	260618	58	95908	0	200
1626672237.513		338995	146868	57	97169	94901	237062	58	95900	0	200
1626672237.553		324497	127850	52	111020	85575	237045	58	95884	0	200
1626672237.593		340644	143674	40	111809	85121	237825	58	95884	0	200
1626672237.633		335974	140809	53	100557	94555	239843	58	95916	0	200
1626672237.673		358381	143540	24	117321	97496	260425	58	95884	0	200
1626672237.713		347596	140233	35	112650	94678	251641	58	95892	0	200
1626672237.753		354865	136036	53	113985	104791	262274	58	95892	0	200
1626672237.793		318116	131547	56	93673	92840	228286	58	95916	0	200
1626672237.834		371812	143247	52	128939	99574	273372	58	95900	0	200
1626672237.873		345862	134713	121	121108	89920	253166	58	95892	0	200
1626672237.913		354284	143207	52	114363	96662	256180	58	95884	0	200
1626672237.953		375995	153810	40	131074	91071	265743	58	95900	0	200
1626672237.993		370343	163830	43	116141	90329	249612	58	95884	0	200
1626672238.073		356690	142040	53	118066	96531	259227	58	95916	0	200
1626672238.033		397455	187550	38	114001	95866	280562	58	95900	0	200
1626672238.113		337462	144873	53	97078	95458	239789	58	95916	0	200
1626672238.153		310597	136336	54	86050	88157	216260	58	95900	0	200
1626672238.192		326747	127852	23	112782	86090	239091	58	95892	0	200
1626672238.232		374242	140969	40	95752	137481	278121	58	95916	0	200
1626672238.272		337930	144151	52	96985	96742	238896	58	95900	0	200
1626672238.313		343097	133717	53	115707	93620	251033	58	95892	0	200
1626672238.351		305101	128182	38	90868	86013	216986	58	95916	0	200
1626672238.391		344934	139976	23	111400	93535	249436	58	95900	0	200
1626672238.431		318858	133962	52	94290	90554	226928	58	95900	0	200
1626672238.470		334470	142467	54	98047	93902	237621	58	95908	0	200
1626672238.510		335521	141440	54	99855	94172	239127	58	95900	0	200
1626672238.549		333117	134764	52	104369	93932	241285	58	95900	0	200
1626672238.589		340743	135225	53	113859	91606	248523	58	95900	0	200
1626672238.628		342818	134479	53	119217	89069	250490	58	95900	0	200
1626672238.668		331801	134365	19	104354	93063	237127	58	95892	0	200
1626672238.707		344057	135339	33	118812	89873	251133	58	95892	0	200
1626672238.747		325673	137168	41	97109	91355	231593	58	95900	0	200
1626672238.786		344130	136729	51	116291	91059	249968	58	95908	0	200
1626672238.826		361051	145783	53	119185	96030	260451	58	95892	0	200
1626672238.865		343473	137328	44	116395	89706	249727	58	95892	0	200
1626672238.904		330792	140173	55	96128	94436	233905	58	95892	0	200
1626672238.943		365265	141301	55	127499	96410	269157	58	95884	0	200
1626672238.982		344331	135970	51	119423	88887	250920	58	95884	0	200
1626672239.022		333851	141938	42	95042	96829	236640	58	95892	0	200
1626672239.061		354926	151151	44	106091	97640	249524	58	95892	0	200
1626672239.101		358830	140773	39	122938	95080	262210	58	95892	0	200
1626672239.139		362210	144147	56	124227	93780	264657	58	95892	0	200
1626672239.178		324148	132451	15	99467	92215	233515	58	95892	0	200
1626672239.218		341710	137218	47	114093	90352	247351	58	95884	0	200
1626672239.257		353612	146405	54	110205	96948	253518	58	95892	0	200
1626672239.296		389011	144157	39	111365	133450	289251	58	95908	0	200
1626672239.335		370488	143385	57	130456	96590	272382	58	95900	0	200
1626672239.375		357735	143130	54	117093	97458	259797	58	95892	0	200
1626672239.413		324644	138834	63	93795	91952	229912	58	95892	0	200
1626672239.452		347562	127169	54	96835	123504	260003	58	95900	0	200
1626672239.491		344892	144041	57	104536	96258	246280	58	95900	0	200
1626672239.530		352288	139939	53	116240	96056	257210	58	95900	0	200
1626672239.607		327383	136017	38	100002	91326	234461	58	95892	0	200
1626672239.568		380131	136847	54	112684	130546	286160	58	95892	0	200
1626672239.646		346271	133481	40	124701	88049	255125	58	95892	0	200
1626672239.685		340565	138000	23	110552	91990	245368	58	95884	0	200
1626672239.762		329610	138511	42	96901	94156	234959	58	95900	0	200
1626672239.724		407029	143673	38	122761	140557	308660	58	95908	0	200
1626672239.801		351437	140507	58	117329	93543	255102	58	95892	0	200
1626672239.840		342817	144322	52	101348	97095	243667	58	95900	0	200
1626672239.879		331779	140417	53	97893	93416	235592	58	95900	0	200
1626672239.918		333953	137524	38	105130	91261	239498	58	95884	0	200
1626672239.956		338157	145568	50	100147	92392	235516	58	95916	0	200
1626672239.995		349185	141431	53	116000	91701	251366	58	95892	0	200
1626672240.033		352460	142703	42	115697	94018	254045	58	95900	0	200
1626672240.073		367261	145431	51	116232	105547	266546	58	95892	0	200
1626672240.110		350085	142003	54	115994	92034	251750	58	95892	0	200
1626672240.149		325316	128668	52	111780	84816	236581	58	95900	0	200
1626672240.187		342554	136831	19	116441	89263	247891	58	95892	0	200
1626672240.264		318645	134279	37	94426	89903	226974	58	95916	0	200
1626672240.226		387340	141593	38	112240	133469	290400	58	95884	0	200
1626672240.303		339822	151420	56	95628	92718	232476	58	95892	0	200
1626672240.341		330761	135357	40	104958	90406	238568	58	95892	0	200
1626672240.379		347491	135816	70	120724	90881	254379	58	95884	0	200
1626672240.418		342057	134189	41	118889	88938	249470	58	95884	0	200
1626672240.456		337059	142123	36	100584	94316	239337	58	95916	0	200
1626672240.533		334617	134332	52	108858	91375	242752	58	95900	0	200
1626672240.494		381118	134615	52	115255	131196	289283	58	95908	0	200
1626672240.571		341663	134397	56	114760	92450	249824	58	95892	0	200
1626672240.609		333546	143202	55	95372	94917	235081	58	95908	0	200
1626672240.648		338694	148604	39	98581	91470	242471	58	95892	0	200
1626672240.686		316402	132727	18	95523	88134	225427	58	95892	0	200
1626672240.724		341581	144483	34	100384	96680	242446	58	95916	0	200
1626672240.763		349160	140814	52	111089	97205	252892	58	95892	0	200
1626672240.800		312842	128113	38	94000	90691	224694	58	95892	0	200
1626672240.876		333436	133321	32	111298	88785	241918	58	95892	0	200
1626672240.838		383374	134253	53	120078	128990	290865	58	95900	0	200
1626672240.915		338811	146628	52	93835	98296	236129	58	95884	0	200
1626672240.952		340956	144602	38	99956	96360	242273	58	95892	0	200
1626672240.990		354334	147343	56	111649	95286	252231	58	95884	0	200
1626672241.028		326976	136673	42	99559	90702	233630	58	95884	0	200
1626672241.066		326606	147688	42	89438	89438	224775	58	95916	0	200
1626672241.143		310537	137956	53	82662	89866	215026	58	95892	0	200
1626672241.104		385543	142071	41	112884	130547	285505	58	95884	0	200
1626672241.218		320610	134827	41	96051	89691	227934	58	95884	0	200
1626672241.180		372538	137083	23	113853	121579	278523	58	95892	0	200
1626672241.256		359527	143214	57	102439	113817	261170	58	95884	0	200
1626672241.294		365285	137709	52	96600	130924	270462	58	95900	0	200
1626672241.332		345685	137033	52	116479	92121	251731	58	95884	0	200
1626672241.369		341567	137200	52	113411	90904	247152	58	95884	0	200
1626672241.445		341743	145271	23	100394	96055	241251	58	95908	0	200
1626672241.407		400036	189231	17	115683	95105	257071	58	95900	0	200
1626672241.483		356203	144237	42	115070	96854	257835	58	95900	0	200
1626672241.520		344179	142390	52	106749	94988	246262	58	95892	0	200
1626672241.558		350061	141050	52	116459	92500	252249	58	95892	0	200
1626672241.596		339343	141716	43	100770	96814	241609	58	95900	0	200
1626672241.633		358721	142638	51	122942	93090	260364	58	95892	0	200
1626672241.708		316672	137514	25	84114	95019	222831	58	95900	0	200
1626672241.671		382838	135956	16	157924	88942	288660	58	95877	0	200
1626672241.746		339245	138042	50	108827	92326	243943	58	95900	0	200
1626672241.783		352881	143170	52	113445	96214	254278	58	95884	0	200
1626672241.821		350844	145501	47	109749	95547	251001	58	95892	0	200
1626672241.858		339883	144696	34	109956	85197	237029	58	95884	0	200
1626672241.896		390276	138673	53	158755	92795	294047	58	95916	0	200
1626672241.933		355486	142838	56	116379	96213	257598	58	95892	0	200
1626672241.971		336122	145317	56	95701	95048	237921	58	95884	0	200
1626672242.008		387458	142367	56	114801	130234	288466	58	95885	0	200
1626672242.083		330322	139340	56	100559	90367	233787	58	95884	0	200
1626672242.046		375943	138457	53	143024	94409	280588	58	95892	0	200
1626672242.120		346005	134086	54	122072	89793	253387	58	95892	0	200
1626672242.158		378941	168034	23	118151	92733	254712	58	95884	0	200
1626672242.195		366730	143368	31	133132	90199	267016	58	95900	0	200
1626672242.232		357931	157799	52	102734	97346	245531	58	95885	0	200
1626672242.270		354656	144544	40	116243	93829	254548	58	95884	0	200
1626672242.307		323290	142534	55	87758	92943	224386	58	95892	0	200
1626672242.344		340040	141336	52	105097	93555	243219	58	95884	0	200
1626672242.381		342044	141341	52	108037	92614	244326	58	95892	0	200
1626672242.418		322105	128013	57	109171	84864	233905	58	95892	0	200
1626672242.455		315726	136172	36	89524	89994	222124	58	95916	0	200
1626672242.493		378202	145188	38	95689	137287	278249	58	95900	0	200
1626672242.530		341532	144751	52	103798	92931	242422	58	95884	0	200
1626672242.567		313583	134229	52	91210	88092	221633	58	95892	0	200
1626672242.604		379834	137502	38	111259	131035	285904	58	95900	0	200
1626672242.715		349552	140642	26	115223	93661	254014	58	95884	0	200
1626672242.752		372729	137133	18	102302	133276	279389	58	95900	0	200
1626672242.641		545099	140878	52	103248	300921	448836	58	95892	0	200
1626672242.678		513231	143524	36	119712	249959	415881	58	95892	0	200
1626672242.826		410124	135963	24	100279	173858	314213	58	95892	0	200
1626672242.789		494114	136155	18	263388	94553	400876	58	95877	0	200
1626672242.900		603417	389309	50	117993	96065	258944	58	95892	0	200
1626672242.863		665598	325415	22	206853	133308	383776	58	95908	0	200
1626672243.047		488034	279726	21	114945	93342	250934	58	95900	0	200
1626672243.085		494602	243560	23	118871	132148	292381	58	95892	0	200
1626672242.937		650476	380822	22	125316	144316	315668	58	95892	0	200
1626672242.973		616782	366895	28	113681	136178	296045	58	95892	0	200
1626672243.231		363278	154981	45	118416	89836	249871	58	95900	0	200
1626672243.010		592084	381876	42	115030	95136	255099	58	95908	0	200
1626672243.267		340394	159190	52	95607	85545	220927	58	95916	0	200
1626672243.157		466777	258103	52	113308	95314	253493	58	95908	0	200
1626672243.304		333781	143084	52	96985	93660	235126	58	95892	0	200
1626672243.194		477972	259115	53	123592	95212	261504	58	95884	0	200
1626672243.121		552364	287370	56	130887	134051	308751	58	95884	0	200
1626672243.377		328561	144619	55	88382	95505	229040	58	95900	0	200
1626672243.414		329788	143545	37	91312	94894	231222	58	95908	0	200
1626672243.341		431237	146113	53	145191	139880	329883	58	95892	0	200
1626672243.451		359755	141275	38	125046	93396	263346	58	95892	0	200
1626672243.524		324345	137072	43	94820	92410	230036	58	95900	0	200
1626672243.487		392069	138837	42	120717	132473	297805	58	95892	0	200
1626672243.560		345063	138288	42	115177	91556	250078	58	95900	0	200
1626672243.598		334462	140318	42	100989	93113	238349	58	95908	0	200
1626672243.670		346176	141425	17	109217	95517	249895	58	95900	0	200
1626672243.633		393626	145683	54	113298	134591	294230	58	95900	0	200
1626672243.707		329394	129691	16	107369	92318	239782	58	95884	0	200
1626672243.743		341963	135624	52	115985	90302	249220	58	95892	0	200
1626672243.779		367371	141362	56	131056	94897	270693	58	95900	0	200
1626672243.815		351789	140586	52	116822	94329	255259	58	95892	0	200
1626672243.852		345637	157260	34	90280	98063	232548	58	95892	0	200
1626672243.888		358622	142364	47	120322	95889	261174	58	95892	0	200
1626672243.924		360619	132685	53	115250	112631	268351	58	95884	0	200
1626672243.961		323777	129257	56	109577	84887	234495	58	95884	0	200
1626672244.033		353493	136629	52	125793	91019	259652	58	95908	0	200
1626672244.069		326834	127903	38	113266	85627	239240	58	95900	0	200
1626672243.999		402831	160701	52	104551	137527	288412	58	95884	0	200
1626672244.106		370327	140509	53	100123	129642	271752	58	95892	0	200
1626672244.142		358716	152724	54	116541	89397	247848	58	95908	0	200
1626672244.178		352888	141508	26	120564	90790	253813	58	95884	0	200
1626672244.214		349852	139080	43	117093	93636	255103	58	95892	0	200
1626672244.250		363055	139171	51	128546	95287	268176	58	95892	0	200
1626672244.286		345244	141485	56	109084	94619	247685	58	95900	0	200
1626672244.324		342203	137393	41	113797	90972	247495	58	95908	0	200
1626672244.359		337990	139135	41	105743	93071	242161	58	95892	0	200
1626672244.395		373623	136477	42	146071	91033	279916	58	95892	0	200
1626672244.431		343207	137351	52	112741	93063	248661	58	95892	0	200
1626672244.468		334922	136857	55	92812	105198	241281	58	95916	0	200
1626672244.503		355115	140719	56	119872	94468	258810	58	95884	0	200
1626672244.539		323849	139607	49	92614	91579	227182	58	95908	0	200
1626672244.575		335279	141444	52	96672	97111	238568	58	95908	0	200
1626672244.611		352608	143006	53	99526	110023	254904	58	95908	0	200
1626672244.683		311832	128625	14	82955	100238	223188	58	95900	0	200
1626672244.647		347621	155873	21	99738	91989	234619	58	95900	0	200
1626672244.754		322097	127177	51	109233	85636	234184	58	95884	0	200
1626672244.791		326519	139276	52	94253	92938	231070	58	95900	0	200
1626672244.718		401919	137881	45	132363	131630	307645	58	95877	0	200
1626672244.826		335618	144465	53	96990	94110	235711	58	95884	0	200
1626672244.862		357046	150236	51	113211	93548	252218	58	95916	0	200
1626672244.898		349208	143776	53	114381	90998	248582	58	95892	0	200
1626672244.933		378815	143032	43	98802	136938	280625	58	95892	0	200
1626672244.969		348405	136517	52	120662	91174	254587	58	95900	0	200
1626672245.005		351253	140773	53	116738	93689	255270	58	95900	0	200
1626672245.041		353452	143324	52	114556	95520	255335	58	95892	0	200
1626672245.076		329645	137566	52	100724	91303	235093	58	95885	0	200
1626672245.112		360243	152561	56	115484	92142	250536	58	95892	0	200
1626672245.148		350117	145192	43	112962	91920	248266	58	95884	0	200
1626672245.183		335444	135896	15	107296	92237	242302	58	95884	0	200
1626672245.219		353393	145279	32	111957	96125	253154	58	95900	0	200
1626672245.255		366417	143974	40	126235	96168	267518	58	95884	0	200
1626672245.290		353670	142886	43	115592	95149	255849	58	95892	0	200
1626672245.326		352472	140991	51	117417	94013	255998	58	95908	0	200
1626672245.361		341899	133723	52	113637	94487	250747	58	95892	0	200
1626672245.397		370326	136762	56	101192	132316	276286	58	95884	0	200
1626672245.432		354044	142416	41	116810	94777	256318	58	95900	0	200
1626672245.504		334787	132261	42	113591	88893	244506	58	95892	0	200
1626672245.469		387290	152475	41	131525	103249	279293	58	95884	0	200
1626672245.539		381428	136403	24	114168	130833	288226	58	95900	0	200
1626672245.574		365901	136900	50	96332	132619	272000	58	95900	0	200
1626672245.610		381968	137126	55	114685	130102	287903	58	95892	0	200
1626672245.645		357011	145955	56	115917	95083	258208	58	95884	0	200
1626672245.680		348140	143023	25	110013	95079	250585	58	95884	0	200
1626672245.716		340533	142944	32	102362	95195	242403	58	95892	0	200
1626672245.751		346519	142707	43	107459	96310	248864	58	95884	0	200
1626672245.786		346112	135964	41	116215	93892	253229	58	95884	0	200
1626672245.857		360955	141517	47	127847	91544	261243	58	95900	0	200
1626672245.822		397124	137844	52	106919	152309	302624	58	95892	0	200
1626672245.893		340950	157926	52	93484	89488	225237	58	95908	0	200
1626672245.928		362560	157056	36	109925	95543	250359	58	95892	0	200
1626672245.998		308017	132682	95	89470	85770	215987	58	95892	0	200
1626672245.963		378224	163447	40	124694	90043	258034	58	95884	0	200
1626672246.033		321136	143487	56	87160	90433	221439	58	95900	0	200
1626672246.068		367455	186885	56	87722	92792	236483	58	95908	0	200
1626672246.104		360596	173735	52	93484	93325	252772	58	95892	0	200
1626672246.139		363109	144151	52	114885	104021	263699	58	95884	0	200
1626672246.209		295763	127662	31	80794	87276	207510	58	95908	0	200
1626672246.174		344772	140461	16	98113	106182	249550	58	95884	0	200
1626672246.245		334094	135905	43	106077	92069	240077	58	95900	0	200
1626672246.279		359776	139962	41	126467	93306	264217	58	95892	0	200
1626672246.314		327337	132635	43	105607	89052	235747	58	95884	0	200
1626672246.349		320424	135796	53	94896	89679	226865	58	95884	0	200
1626672246.384		323461	136796	39	95438	91188	229651	58	95908	0	200
1626672246.419		335411	136852	36	105453	93070	241260	58	95908	0	200
1626672246.454		323035	131983	37	102973	88042	232354	58	95884	0	200
1626672246.489		371979	141973	52	95345	134609	274480	58	95884	0	200
1626672246.524		349106	142023	53	113224	93806	251548	58	95892	0	200
1626672246.559		322329	135349	51	96605	90324	229919	58	95916	0	200
1626672246.594		336849	143314	46	98839	94650	240322	58	95908	0	200
1626672246.665		352550	139024	20	120976	92530	257314	58	95884	0	200
1626672246.629		399139	141054	53	124031	134001	301817	58	95892	0	200
1626672246.699		395572	138268	17	164528	92759	300920	58	95884	0	200
1626672246.733		366079	132246	39	147728	86066	273724	58	95892	0	200
1626672246.768		334458	140851	53	102519	91035	236013	58	95900	0	200
1626672246.803		369536	141684	41	133434	94377	271874	58	95916	0	200
1626672246.838		361956	142894	41	122613	96408	263766	58	95892	0	200
1626672246.907		303522	129291	37	89323	84871	214033	58	95892	0	200
1626672246.873		345347	142012	39	108332	94964	247592	58	95884	0	200
1626672246.942		361056	139457	55	131552	89992	265781	58	95900	0	200
1626672246.977		345558	136761	49	117669	91079	251765	58	95892	0	200
1626672247.012		357911	131933	55	138086	87837	265657	58	95892	0	200
1626672247.046		349678	139983	51	116396	93248	253528	58	95892	0	200
1626672247.081		356574	141795	51	117493	97235	259105	58	95900	0	200
1626672247.150		332290	141438	52	93794	97006	234273	58	95900	0	200
1626672247.116		369802	159191	38	113248	97325	255585	58	95900	0	200
1626672247.185		317951	132775	22	97134	88020	226661	58	95908	0	200
1626672247.219		299796	128923	26	83975	86872	210855	58	95892	0	200
1626672247.254		353652	138978	47	84648	129979	257448	58	95900	0	200
1626672247.290		338704	135101	52	113434	90117	246201	58	95892	0	200
1626672247.323		335402	144325	55	97119	93903	236957	58	95900	0	200
1626672247.358		343806	140427	52	109873	93454	247657	58	95884	0	200
1626672247.392		353187	141785	42	116817	94543	256638	58	95884	0	200
1626672247.427		350882	153615	41	96635	100591	242523	58	95916	0	200
1626672247.497		331107	139131	42	98417	93517	236029	58	95900	0	200
1626672247.462		373255	137457	40	104340	131418	279152	58	95892	0	200
1626672247.531		353340	140172	42	119317	93809	257550	58	95900	0	200
1626672247.564		353932	133376	36	92137	128383	262113	58	95908	0	200
1626672247.599		390010	144572	48	111967	133423	289807	58	95892	0	200
1626672247.633		368263	146107	39	125644	96473	268296	58	95892	0	200
1626672247.668		353428	143291	25	114187	95925	255113	58	95884	0	200
1626672247.702		370987	139813	17	98346	132811	274791	58	95892	0	200
1626672247.736		349207	142122	42	114180	92863	251700	58	95885	0	200
1626672247.771		344001	150487	53	96365	97096	245507	58	95900	0	200
1626672247.805		340847	140459	39	107000	93349	244815	58	95884	0	200
1626672247.839		326468	142536	57	87032	96843	228783	58	95916	0	200
1626672247.873		341290	136167	34	114109	90980	247794	58	95900	0	200
1626672247.908		330991	139314	52	98381	93244	234951	58	95916	0	200
1626672247.942		327615	139888	54	94294	93379	231416	58	95908	0	200
1626672247.976		366901	139129	39	96032	131701	271092	58	95916	0	200
1626672248.010		349908	140997	55	115023	93833	253535	58	95892	0	200
1626672248.079		337998	133399	53	115293	89253	245835	58	95892	0	200
1626672248.045		378501	146422	67	137384	94628	276207	58	95892	0	200
1626672248.113		353392	154825	55	103054	95458	242734	58	95892	0	200
1626672248.147		324378	138316	41	94064	91957	227974	58	95892	0	200
1626672248.181		331722	129833	21	115827	86041	242160	58	95884	0	200
1626672248.216		331028	139450	56	97658	93864	235026	58	95900	0	200
1626672248.249		354178	141994	45	117177	94962	257295	58	95892	0	200
1626672248.283		324251	136704	53	96111	91383	230245	58	95884	0	200
1626672248.318		354052	140470	41	118627	94914	258201	58	95908	0	200
1626672248.352		323106	136007	41	96459	90599	228534	58	95900	0	200
1626672248.387		302146	128066	51	89156	84873	214119	58	95892	0	200
1626672248.420		335148	142567	52	98668	93861	237724	58	95885	0	200
1626672248.454		374483	144447	52	94136	135848	275339	58	95892	0	200
1626672248.522		340741	134977	41	103141	102582	248782	58	95900	0	200
1626672248.488		394024	144027	52	111454	138491	295602	58	95892	0	200
1626672248.555		369970	144143	41	97829	127957	267650	58	95892	0	200
1626672248.589		336991	140888	40	103860	92203	239265	58	95892	0	200
1626672248.623		321564	135189	51	97129	89195	229655	58	95892	0	200
1626672248.657		326608	133156	42	95443	97967	235022	58	95900	0	200
1626672248.691		354175	134531	18	130454	89172	262112	58	95892	0	200
1626672248.725		343129	133506	35	119382	90206	252029	58	95884	0	200
1626672248.793		346282	140912	55	115735	89580	247576	58	95884	0	200
1626672248.759		381776	134934	38	113400	133404	288843	58	95884	0	200
1626672248.826		380146	134284	52	114783	131027	287622	58	95892	0	200
1626672248.861		345832	135760	64	118886	91122	252654	58	95900	0	200
1626672248.894		345417	153042	41	96377	95957	237935	58	95892	0	200
1626672248.928		337136	134284	41	113021	89790	245222	58	95884	0	200
1626672248.962		322369	136492	42	95943	89892	227727	58	95884	0	200
1626672248.996		342942	136351	40	113779	92772	249482	58	95892	0	200
1626672249.063		322272	128632	41	108896	84703	234202	58	95892	0	200
1626672249.029		374010	139880	44	100286	133800	277664	58	95900	0	200
1626672249.096		356215	143038	53	118421	94703	257976	58	95892	0	200
1626672249.164		330053	145738	24	87997	96294	230088	58	95908	0	200
1626672249.130		380038	147196	52	94636	138154	277755	58	95884	0	200
1626672249.197		358345	138873	24	117113	102335	263386	58	95892	0	200
1626672249.231		344858	138819	45	115090	90904	249310	58	95892	0	200
1626672249.265		341851	141267	51	107334	93199	243789	58	95900	0	200
1626672249.298		363630	141839	53	127398	94340	266532	58	95892	0	200
1626672249.365		307349	128684	40	92068	86557	218871	58	95908	0	200
1626672249.332		341286	135742	54	114110	91380	247949	58	95892	0	200
1626672249.399		306010	131616	56	84178	90160	216046	58	95900	0	200
1626672249.432		348599	135472	39	122004	91084	256215	58	95900	0	200
1626672249.466		341687	137829	52	110961	92845	247700	58	95908	0	200
1626672249.500		349233	140134	61	114807	94231	254078	58	95892	0	200
1626672249.533		352065	142839	40	114098	95088	254491	58	95908	0	200
1626672249.566		379183	134908	60	114041	130174	286817	58	95884	0	200
1626672249.633		325783	140597	47	91157	93982	229151	58	95908	0	200
1626672249.667		322421	138746	40	92884	90751	228970	58	95884	0	200
1626672249.600		400864	142992	53	117666	140153	303057	58	95892	0	200
1626672249.700		336465	132150	24	114830	89461	246058	58	95892	0	200
1626672249.733		339455	141659	38	103527	94231	242879	58	95908	0	200
1626672249.767		380492	143732	60	100035	136665	282222	58	95916	0	200
1626672249.800		355618	140805	52	120213	94548	259086	58	95892	0	200
