"2021-07-19 04:59:50.672 +0000" : {
  "main_scheduler" : {
    "bqs" : {
      "00030" : {
        "mmconts" : [0, 333, 335],
        "acts" : [336, 333],
        "tstate" : { "idle" : 1008068, "run" : 848, "locked" : 0, "mmap" : 0 }
      },
      "00031" : {
        "mmconts" : [0, 333, 335],
        "acts" : [27, 26],
        "tstate" : { "idle" : 994746, "run" : 11283, "locked" : 4, "mmap" : 2848 }
      },
      "00032" : {
        "mmconts" : [0, 333, 335],
        "acts" : [335, 332],
        "tstate" : { "idle" : 1007804, "run" : 1006, "locked" : 9, "mmap" : 40 }
      }
    }
  },
  "benchmark_io" : {
    "simple_times" : {
      "mcount" : {
        "mcount" : { }
      }
    },
    "stream_method" : {
      "conns" : [5, 4],
      "in" : [32768, 32474],
      "out" : [290, 287],
      "mmtasks" : [0, 3, 6],
      "load" : 0.000,
      "mcount" : {
        "mcount" : { }
      },
      "http_proto0" : {
        "mcount" : {
          "mcount" : { }
        }
      },
      "source_log" : {
        "delta" : [0, 0, 1270]
      },
      "loggers" : {
        "brief_logger" : {
          "records" : [0, 0],
          "out" : [0, 0]
        }
      }
    }
  }
},
"2021-07-19 04:59:51.671 +0000" : {
  "main_scheduler" : {
    "bqs" : {
      "00030" : {
        "mmconts" : [335, 335, 335],
        "acts" : [2, 2],
        "tstate" : { "idle" : 998811, "run" : 580, "locked" : 0, "mmap" : 0 }
      },
      "00031" : {
        "mmconts" : [335, 335, 335],
        "acts" : [70, 70],
        "tstate" : { "idle" : 988119, "run" : 11230, "locked" : 0, "mmap" : 42 }
      },
      "00032" : {
        "mmconts" : [335, 335, 335],
        "acts" : [2, 2],
        "tstate" : { "idle" : 998701, "run" : 689, "locked" : 0, "mmap" : 0 }
      }
    }
  },
  "benchmark_io" : {
    "simple_times" : {
      "mcount" : {
        "mcount" : { "1584 -- 2511" : 1 }
      }
    },
    "stream_method" : {
      "conns" : [6, 6],
      "in" : [145068, 145158],
      "out" : [348, 348],
      "mmtasks" : [6, 8, 11],
      "load" : 0.049,
      "mcount" : {
        "mcount" : { "Success" : 1 }
      },
      "http_proto0" : {
        "mcount" : {
          "mcount" : { "OK" : 1 }
        }
      },
      "source_log" : {
        "delta" : [0, 0, 0]
      },
      "loggers" : {
        "brief_logger" : {
          "records" : [1, 1],
          "out" : [72, 72]
        }
      }
    }
  }
},
"2021-07-19 04:59:52.672 +0000" : {
  "main_scheduler" : {
    "bqs" : {
      "00030" : {
        "mmconts" : [335, 335, 335],
        "acts" : [2, 1],
        "tstate" : { "idle" : 999829, "run" : 627, "locked" : 0, "mmap" : 0 }
      },
      "00031" : {
        "mmconts" : [335, 335, 335],
        "acts" : [135, 134],
        "tstate" : { "idle" : 986297, "run" : 14159, "locked" : 0, "mmap" : 0 }
      },
      "00032" : {
        "mmconts" : [335, 335, 335],
        "acts" : [2, 1],
        "tstate" : { "idle" : 999778, "run" : 679, "locked" : 0, "mmap" : 0 }
      }
    }
  },
  "benchmark_io" : {
    "simple_times" : {
      "mcount" : {
        "mcount" : { "1584 -- 2511" : 2 }
      }
    },
    "stream_method" : {
      "conns" : [6, 5],
      "in" : [322904, 322756],
      "out" : [348, 347],
      "mmtasks" : [10, 12, 15],
      "load" : 0.052,
      "mcount" : {
        "mcount" : { "Success" : 2 }
      },
      "http_proto0" : {
        "mcount" : {
          "mcount" : { "OK" : 2 }
        }
      },
      "source_log" : {
        "delta" : [0, 0, 0]
      },
      "loggers" : {
        "brief_logger" : {
          "records" : [2, 1],
          "out" : [143, 142]
        }
      }
    }
  }
},
"2021-07-19 04:59:53.671 +0000" : {
  "main_scheduler" : {
    "bqs" : {
      "00030" : {
        "mmconts" : [335, 335, 335],
        "acts" : [2, 2],
        "tstate" : { "idle" : 998874, "run" : 641, "locked" : 0, "mmap" : 0 }
      },
      "00031" : {
        "mmconts" : [335, 335, 335],
        "acts" : [159, 159],
        "tstate" : { "idle" : 982803, "run" : 16670, "locked" : 0, "mmap" : 42 }
      },
      "00032" : {
        "mmconts" : [335, 335, 335],
        "acts" : [2, 2],
        "tstate" : { "idle" : 998783, "run" : 731, "locked" : 0, "mmap" : 0 }
      }
    }
  },
  "benchmark_io" : {
    "simple_times" : {
      "mcount" : {
        "mcount" : { "2511 -- 3981" : 2, "1584 -- 2511" : 1, "1000 -- 1584" : 1 }
      }
    },
    "stream_method" : {
      "conns" : [6, 6],
      "in" : [432816, 433025],
      "out" : [348, 348],
      "mmtasks" : [13, 14, 17],
      "load" : 0.039,
      "mcount" : {
        "mcount" : { "Success" : 4 }
      },
      "http_proto0" : {
        "mcount" : {
          "mcount" : { "OK" : 4 }
        }
      },
      "source_log" : {
        "delta" : [0, 0, 0]
      },
      "loggers" : {
        "brief_logger" : {
          "records" : [4, 4],
          "out" : [288, 288]
        }
      }
    }
  }
},
"2021-07-19 04:59:54.671 +0000" : {
  "main_scheduler" : {
    "bqs" : {
      "00030" : {
        "mmconts" : [335, 335, 335],
        "acts" : [2, 2],
        "tstate" : { "idle" : 999083, "run" : 600, "locked" : 0, "mmap" : 0 }
      },
      "00031" : {
        "mmconts" : [335, 335, 335],
        "acts" : [181, 181],
        "tstate" : { "idle" : 984620, "run" : 15063, "locked" : 0, "mmap" : 0 }
      },
      "00032" : {
        "mmconts" : [335, 335, 335],
        "acts" : [2, 2],
        "tstate" : { "idle" : 998863, "run" : 821, "locked" : 0, "mmap" : 0 }
      }
    }
  },
  "benchmark_io" : {
    "simple_times" : {
      "mcount" : {
        "mcount" : { "2511 -- 3981" : 1, "1584 -- 2511" : 1, "1000 -- 1584" : 3 }
      }
    },
    "stream_method" : {
      "conns" : [4, 4],
      "in" : [430412, 430548],
      "out" : [232, 232],
      "mmtasks" : [15, 16, 19],
      "load" : 0.054,
      "mcount" : {
        "mcount" : { "Success" : 5 }
      },
      "http_proto0" : {
        "mcount" : {
          "mcount" : { "OK" : 5 }
        }
      },
      "source_log" : {
        "delta" : [0, 0, 0]
      },
      "loggers" : {
        "brief_logger" : {
          "records" : [5, 5],
          "out" : [356, 356]
        }
      }
    }
  }
},
"2021-07-19 04:59:55.671 +0000" : {
  "main_scheduler" : {
    "bqs" : {
      "00030" : {
        "mmconts" : [335, 335, 335],
        "acts" : [2, 1],
        "tstate" : { "idle" : 999693, "run" : 615, "locked" : 0, "mmap" : 0 }
      },
      "00031" : {
        "mmconts" : [335, 335, 335],
        "acts" : [33, 32],
        "tstate" : { "idle" : 997724, "run" : 2584, "locked" : 0, "mmap" : 0 }
      },
      "00032" : {
        "mmconts" : [335, 335, 335],
        "acts" : [2, 1],
        "tstate" : { "idle" : 999509, "run" : 799, "locked" : 0, "mmap" : 0 }
      }
    }
  },
  "benchmark_io" : {
    "simple_times" : {
      "mcount" : {
        "mcount" : { "1000 -- 1584" : 1 }
      }
    },
    "stream_method" : {
      "conns" : [0, 0],
      "in" : [0, 0],
      "out" : [0, 0],
      "mmtasks" : [19, 21, 25],
      "load" : 0.954,
      "mcount" : {
        "mcount" : { "Connection timed out" : 1 }
      },
      "http_proto0" : {
        "mcount" : {
          "mcount" : { }
        }
      },
      "source_log" : {
        "delta" : [0, 0, 0]
      },
      "loggers" : {
        "brief_logger" : {
          "records" : [1, 0],
          "out" : [54, 53]
        }
      }
    }
  }
},
"2021-07-19 04:59:56.671 +0000" : {
  "main_scheduler" : {
    "bqs" : {
      "00030" : {
        "mmconts" : [335, 335, 335],
        "acts" : [2, 1],
        "tstate" : { "idle" : 999537, "run" : 527, "locked" : 0, "mmap" : 0 }
      },
      "00031" : {
        "mmconts" : [335, 335, 335],
        "acts" : [15, 14],
        "tstate" : { "idle" : 998619, "run" : 1445, "locked" : 0, "mmap" : 0 }
      },
      "00032" : {
        "mmconts" : [335, 335, 335],
        "acts" : [2, 1],
        "tstate" : { "idle" : 999453, "run" : 611, "locked" : 0, "mmap" : 0 }
      }
    }
  },
  "benchmark_io" : {
    "simple_times" : {
      "mcount" : {
        "mcount" : { }
      }
    },
    "stream_method" : {
      "conns" : [0, 0],
      "in" : [0, 0],
      "out" : [0, 0],
      "mmtasks" : [25, 28, 33],
      "load" : 0.000,
      "mcount" : {
        "mcount" : { }
      },
      "http_proto0" : {
        "mcount" : {
          "mcount" : { }
        }
      },
      "source_log" : {
        "delta" : [0, 0, 0]
      },
      "loggers" : {
        "brief_logger" : {
          "records" : [0, 0],
          "out" : [0, 0]
        }
      }
    }
  }
},
"2021-07-19 04:59:57.672 +0000" : {
  "main_scheduler" : {
    "bqs" : {
      "00030" : {
        "mmconts" : [335, 335, 335],
        "acts" : [2, 1],
        "tstate" : { "idle" : 1000148, "run" : 531, "locked" : 0, "mmap" : 0 }
      },
      "00031" : {
        "mmconts" : [335, 335, 335],
        "acts" : [8, 7],
        "tstate" : { "idle" : 999298, "run" : 1382, "locked" : 0, "mmap" : 0 }
      },
      "00032" : {
        "mmconts" : [335, 335, 335],
        "acts" : [2, 1],
        "tstate" : { "idle" : 1000102, "run" : 577, "locked" : 0, "mmap" : 0 }
      }
    }
  },
  "benchmark_io" : {
    "simple_times" : {
      "mcount" : {
        "mcount" : { }
      }
    },
    "stream_method" : {
      "conns" : [0, 0],
      "in" : [0, 0],
      "out" : [0, 0],
      "mmtasks" : [33, 36, 41],
      "load" : 0.000,
      "mcount" : {
        "mcount" : { }
      },
      "http_proto0" : {
        "mcount" : {
          "mcount" : { }
        }
      },
      "source_log" : {
        "delta" : [0, 0, 0]
      },
      "loggers" : {
        "brief_logger" : {
          "records" : [0, 0],
          "out" : [0, 0]
        }
      }
    }
  }
},
"2021-07-19 04:59:58.671 +0000" : {
  "main_scheduler" : {
    "bqs" : {
      "00030" : {
        "mmconts" : [335, 335, 335],
        "acts" : [2, 2],
        "tstate" : { "idle" : 998426, "run" : 592, "locked" : 0, "mmap" : 0 }
      },
      "00031" : {
        "mmconts" : [335, 335, 335],
        "acts" : [8, 8],
        "tstate" : { "idle" : 982148, "run" : 16869, "locked" : 0, "mmap" : 0 }
      },
      "00032" : {
        "mmconts" : [335, 335, 335],
        "acts" : [2, 2],
        "tstate" : { "idle" : 998320, "run" : 698, "locked" : 0, "mmap" : 0 }
      }
    }
  },
  "benchmark_io" : {
    "simple_times" : {
      "mcount" : {
        "mcount" : { }
      }
    },
    "stream_method" : {
      "conns" : [0, 0],
      "in" : [0, 0],
      "out" : [0, 0],
      "mmtasks" : [41, 45, 49],
      "load" : 0.000,
      "mcount" : {
        "mcount" : { }
      },
      "http_proto0" : {
        "mcount" : {
          "mcount" : { }
        }
      },
      "source_log" : {
        "delta" : [0, 0, 0]
      },
      "loggers" : {
        "brief_logger" : {
          "records" : [0, 0],
          "out" : [0, 0]
        }
      }
    }
  }
},
"2021-07-19 04:59:59.672 +0000" : {
  "main_scheduler" : {
    "bqs" : {
      "00030" : {
        "mmconts" : [335, 335, 335],
        "acts" : [2, 1],
        "tstate" : { "idle" : 1000198, "run" : 616, "locked" : 0, "mmap" : 0 }
      },
      "00031" : {
        "mmconts" : [335, 335, 335],
        "acts" : [16, 15],
        "tstate" : { "idle" : 999186, "run" : 1629, "locked" : 0, "mmap" : 0 }
      },
      "00032" : {
        "mmconts" : [335, 335, 335],
        "acts" : [2, 1],
        "tstate" : { "idle" : 1000105, "run" : 710, "locked" : 0, "mmap" : 0 }
      }
    }
  },
  "benchmark_io" : {
    "simple_times" : {
      "mcount" : {
        "mcount" : { }
      }
    },
    "stream_method" : {
      "conns" : [0, 0],
      "in" : [0, 0],
      "out" : [0, 0],
      "mmtasks" : [49, 53, 58],
      "load" : 0.000,
      "mcount" : {
        "mcount" : { }
      },
      "http_proto0" : {
        "mcount" : {
          "mcount" : { }
        }
      },
      "source_log" : {
        "delta" : [0, 0, 0]
      },
      "loggers" : {
        "brief_logger" : {
          "records" : [0, 0],
          "out" : [0, 0]
        }
      }
    }
  }
},
"2021-07-19 05:00:00.672 +0000" : {
  "main_scheduler" : {
    "bqs" : {
      "00030" : {
        "mmconts" : [335, 335, 335],
        "acts" : [2, 1],
        "tstate" : { "idle" : 999510, "run" : 555, "locked" : 0, "mmap" : 0 }
      },
      "00031" : {
        "mmconts" : [335, 335, 335],
        "acts" : [16, 15],
        "tstate" : { "idle" : 997250, "run" : 2811, "locked" : 0, "mmap" : 0 }
      },
      "00032" : {
        "mmconts" : [335, 335, 335],
        "acts" : [2, 1],
        "tstate" : { "idle" : 999401, "run" : 658, "locked" : 0, "mmap" : 0 }
      }
    }
  },
  "benchmark_io" : {
    "simple_times" : {
      "mcount" : {
        "mcount" : { "10000 --" : 1, "6309 -- 10000" : 4 }
      }
    },
    "stream_method" : {
      "conns" : [0, 0],
      "in" : [0, 0],
      "out" : [0, 0],
      "mmtasks" : [58, 60, 63],
      "load" : 0.012,
      "mcount" : {
        "mcount" : { "Connection reset by peer" : 4, "Connection timed out" : 1 }
      },
      "http_proto0" : {
        "mcount" : {
          "mcount" : { }
        }
      },
      "source_log" : {
        "delta" : [0, 0, 0]
      },
      "loggers" : {
        "brief_logger" : {
          "records" : [5, 4],
          "out" : [350, 349]
        }
      }
    }
  }
},
"2021-07-19 05:00:01.672 +0000" : {
  "main_scheduler" : {
    "bqs" : {
      "00030" : {
        "mmconts" : [335, 335, 335],
        "acts" : [2, 2],
        "tstate" : { "idle" : 999260, "run" : 370, "locked" : 0, "mmap" : 0 }
      },
      "00031" : {
        "mmconts" : [335, 335, 335],
        "acts" : [16, 16],
        "tstate" : { "idle" : 996988, "run" : 2645, "locked" : 0, "mmap" : 0 }
      },
      "00032" : {
        "mmconts" : [335, 335, 335],
        "acts" : [2, 2],
        "tstate" : { "idle" : 999155, "run" : 480, "locked" : 0, "mmap" : 0 }
      }
    }
  },
  "benchmark_io" : {
    "simple_times" : {
      "mcount" : {
        "mcount" : { "10000 --" : 2, "6309 -- 10000" : 4 }
      }
    },
    "stream_method" : {
      "conns" : [0, 0],
      "in" : [0, 0],
      "out" : [0, 0],
      "mmtasks" : [62, 64, 68],
      "load" : 0.010,
      "mcount" : {
        "mcount" : { "Connection reset by peer" : 4, "Connection timed out" : 2 }
      },
      "http_proto0" : {
        "mcount" : {
          "mcount" : { }
        }
      },
      "source_log" : {
        "delta" : [0, 0, 0]
      },
      "loggers" : {
        "brief_logger" : {
          "records" : [6, 6],
          "out" : [434, 434]
        }
      }
    }
  }
},
"2021-07-19 05:00:02.671 +0000" : {
  "main_scheduler" : {
    "bqs" : {
      "00030" : {
        "mmconts" : [335, 335, 335],
        "acts" : [2, 2],
        "tstate" : { "idle" : 999088, "run" : 569, "locked" : 0, "mmap" : 0 }
      },
      "00031" : {
        "mmconts" : [335, 335, 335],
        "acts" : [13, 13],
        "tstate" : { "idle" : 997357, "run" : 2300, "locked" : 0, "mmap" : 0 }
      },
      "00032" : {
        "mmconts" : [335, 335, 335],
        "acts" : [2, 2],
        "tstate" : { "idle" : 999044, "run" : 613, "locked" : 0, "mmap" : 0 }
      }
    }
  },
  "benchmark_io" : {
    "simple_times" : {
      "mcount" : {
        "mcount" : { "10000 --" : 1, "6309 -- 10000" : 2 }
      }
    },
    "stream_method" : {
      "conns" : [0, 0],
      "in" : [0, 0],
      "out" : [0, 0],
      "mmtasks" : [67, 70, 74],
      "load" : 0.010,
      "mcount" : {
        "mcount" : { "Connection reset by peer" : 2, "Connection timed out" : 1 }
      },
      "http_proto0" : {
        "mcount" : {
          "mcount" : { }
        }
      },
      "source_log" : {
        "delta" : [0, 0, 0]
      },
      "loggers" : {
        "brief_logger" : {
          "records" : [3, 3],
          "out" : [209, 209]
        }
      }
    }
  }
},
"2021-07-19 05:00:03.671 +0000" : {
  "main_scheduler" : {
    "bqs" : {
      "00030" : {
        "mmconts" : [335, 335, 335],
        "acts" : [1, 1],
        "tstate" : { "idle" : 999181, "run" : 607, "locked" : 0, "mmap" : 0 }
      },
      "00031" : {
        "mmconts" : [335, 335, 335],
        "acts" : [11, 11],
        "tstate" : { "idle" : 997755, "run" : 2034, "locked" : 0, "mmap" : 0 }
      },
      "00032" : {
        "mmconts" : [335, 335, 335],
        "acts" : [2, 2],
        "tstate" : { "idle" : 999069, "run" : 720, "locked" : 0, "mmap" : 0 }
      }
    }
  },
  "benchmark_io" : {
    "simple_times" : {
      "mcount" : {
        "mcount" : { "10000 --" : 1 }
      }
    },
    "stream_method" : {
      "conns" : [0, 0],
      "in" : [0, 0],
      "out" : [0, 0],
      "mmtasks" : [74, 78, 83],
      "load" : 0.009,
      "mcount" : {
        "mcount" : { "Connection timed out" : 1 }
      },
      "http_proto0" : {
        "mcount" : {
          "mcount" : { }
        }
      },
      "source_log" : {
        "delta" : [0, 0, 0]
      },
      "loggers" : {
        "brief_logger" : {
          "records" : [1, 1],
          "out" : [74, 74]
        }
      }
    }
  }
},
"2021-07-19 05:00:04.671 +0000" : {
  "main_scheduler" : {
    "bqs" : {
      "00030" : {
        "mmconts" : [335, 335, 335],
        "acts" : [2, 1],
        "tstate" : { "idle" : 999768, "run" : 661, "locked" : 0, "mmap" : 0 }
      },
      "00031" : {
        "mmconts" : [335, 335, 335],
        "acts" : [14, 13],
        "tstate" : { "idle" : 998250, "run" : 2178, "locked" : 0, "mmap" : 0 }
      },
      "00032" : {
        "mmconts" : [335, 335, 335],
        "acts" : [2, 1],
        "tstate" : { "idle" : 999715, "run" : 713, "locked" : 0, "mmap" : 0 }
      }
    }
  },
  "benchmark_io" : {
    "simple_times" : {
      "mcount" : {
        "mcount" : { "10000 --" : 3 }
      }
    },
    "stream_method" : {
      "conns" : [0, 0],
      "in" : [0, 0],
      "out" : [0, 0],
      "mmtasks" : [83, 88, 92],
      "load" : 0.000,
      "mcount" : {
        "mcount" : { "Connection timed out" : 3 }
      },
      "http_proto0" : {
        "mcount" : {
          "mcount" : { }
        }
      },
      "source_log" : {
        "delta" : [0, 0, 0]
      },
      "loggers" : {
        "brief_logger" : {
          "records" : [3, 2],
          "out" : [177, 176]
        }
      }
    }
  }
},
"2021-07-19 05:00:05.672 +0000" : {
  "main_scheduler" : {
    "bqs" : {
      "00030" : {
        "mmconts" : [335, 335, 335],
        "acts" : [2, 1],
        "tstate" : { "idle" : 999885, "run" : 629, "locked" : 0, "mmap" : 0 }
      },
      "00031" : {
        "mmconts" : [335, 335, 335],
        "acts" : [19, 18],
        "tstate" : { "idle" : 997705, "run" : 2810, "locked" : 0, "mmap" : 0 }
      },
      "00032" : {
        "mmconts" : [335, 335, 335],
        "acts" : [2, 1],
        "tstate" : { "idle" : 999780, "run" : 734, "locked" : 0, "mmap" : 0 }
      }
    }
  },
  "benchmark_io" : {
    "simple_times" : {
      "mcount" : {
        "mcount" : { "10000 --" : 7 }
      }
    },
    "stream_method" : {
      "conns" : [0, 0],
      "in" : [0, 0],
      "out" : [0, 0],
      "mmtasks" : [91, 93, 96],
      "load" : 0.000,
      "mcount" : {
        "mcount" : { "Connection timed out" : 7 }
      },
      "http_proto0" : {
        "mcount" : {
          "mcount" : { }
        }
      },
      "source_log" : {
        "delta" : [0, 0, 0]
      },
      "loggers" : {
        "brief_logger" : {
          "records" : [7, 6],
          "out" : [413, 412]
        }
      }
    }
  }
},
"2021-07-19 05:00:06.671 +0000" : {
  "main_scheduler" : {
    "bqs" : {
      "00030" : {
        "mmconts" : [335, 335, 335],
        "acts" : [2, 2],
        "tstate" : { "idle" : 998652, "run" : 634, "locked" : 0, "mmap" : 0 }
      },
      "00031" : {
        "mmconts" : [335, 335, 335],
        "acts" : [20, 20],
        "tstate" : { "idle" : 996396, "run" : 2889, "locked" : 0, "mmap" : 0 }
      },
      "00032" : {
        "mmconts" : [335, 335, 335],
        "acts" : [2, 2],
        "tstate" : { "idle" : 998563, "run" : 723, "locked" : 0, "mmap" : 0 }
      }
    }
  },
  "benchmark_io" : {
    "simple_times" : {
      "mcount" : {
        "mcount" : { "10000 --" : 8 }
      }
    },
    "stream_method" : {
      "conns" : [0, 0],
      "in" : [0, 0],
      "out" : [0, 0],
      "mmtasks" : [96, 97, 100],
      "load" : 0.000,
      "mcount" : {
        "mcount" : { "Connection timed out" : 8 }
      },
      "http_proto0" : {
        "mcount" : {
          "mcount" : { }
        }
      },
      "source_log" : {
        "delta" : [0, 0, 0]
      },
      "loggers" : {
        "brief_logger" : {
          "records" : [8, 8],
          "out" : [472, 472]
        }
      }
    }
  }
},
"2021-07-19 05:00:07.672 +0000" : {
  "main_scheduler" : {
    "bqs" : {
      "00030" : {
        "mmconts" : [335, 335, 335],
        "acts" : [2, 1],
        "tstate" : { "idle" : 1000152, "run" : 636, "locked" : 0, "mmap" : 0 }
      },
      "00031" : {
        "mmconts" : [331, 334, 335],
        "acts" : [20, 19],
        "tstate" : { "idle" : 997728, "run" : 3046, "locked" : 0, "mmap" : 14 }
      },
      "00032" : {
        "mmconts" : [335, 335, 335],
        "acts" : [2, 1],
        "tstate" : { "idle" : 999989, "run" : 798, "locked" : 0, "mmap" : 0 }
      }
    }
  },
  "benchmark_io" : {
    "simple_times" : {
      "mcount" : {
        "mcount" : { "10000 --" : 8 }
      }
    },
    "stream_method" : {
      "conns" : [0, 0],
      "in" : [0, 0],
      "out" : [0, 0],
      "mmtasks" : [100, 102, 105],
      "load" : 0.000,
      "mcount" : {
        "mcount" : { "Connection timed out" : 8 }
      },
      "http_proto0" : {
        "mcount" : {
          "mcount" : { }
        }
      },
      "source_log" : {
        "delta" : [0, 0, 0]
      },
      "loggers" : {
        "brief_logger" : {
          "records" : [8, 7],
          "out" : [472, 471]
        }
      }
    }
  }
},
"2021-07-19 05:00:08.672 +0000" : {
  "main_scheduler" : {
    "bqs" : {
      "00030" : {
        "mmconts" : [335, 335, 335],
        "acts" : [2, 2],
        "tstate" : { "idle" : 998881, "run" : 617, "locked" : 0, "mmap" : 0 }
      },
      "00031" : {
        "mmconts" : [323, 326, 331],
        "acts" : [21, 21],
        "tstate" : { "idle" : 996629, "run" : 2869, "locked" : 0, "mmap" : 0 }
      },
      "00032" : {
        "mmconts" : [335, 335, 335],
        "acts" : [2, 2],
        "tstate" : { "idle" : 998798, "run" : 700, "locked" : 0, "mmap" : 0 }
      }
    }
  },
  "benchmark_io" : {
    "simple_times" : {
      "mcount" : {
        "mcount" : { "10000 --" : 8 }
      }
    },
    "stream_method" : {
      "conns" : [0, 0],
      "in" : [0, 0],
      "out" : [0, 0],
      "mmtasks" : [104, 106, 109],
      "load" : 0.000,
      "mcount" : {
        "mcount" : { "Connection timed out" : 8 }
      },
      "http_proto0" : {
        "mcount" : {
          "mcount" : { }
        }
      },
      "source_log" : {
        "delta" : [0, 0, 0]
      },
      "loggers" : {
        "brief_logger" : {
          "records" : [8, 8],
          "out" : [472, 472]
        }
      }
    }
  }
},
"2021-07-19 05:00:09.672 +0000" : {
  "main_scheduler" : {
    "bqs" : {
      "00030" : {
        "mmconts" : [335, 335, 335],
        "acts" : [2, 1],
        "tstate" : { "idle" : 999937, "run" : 558, "locked" : 0, "mmap" : 0 }
      },
      "00031" : {
        "mmconts" : [314, 318, 323],
        "acts" : [22, 21],
        "tstate" : { "idle" : 979169, "run" : 21327, "locked" : 0, "mmap" : 0 }
      },
      "00032" : {
        "mmconts" : [335, 335, 335],
        "acts" : [2, 1],
        "tstate" : { "idle" : 999852, "run" : 644, "locked" : 0, "mmap" : 0 }
      }
    }
  },
  "benchmark_io" : {
    "simple_times" : {
      "mcount" : {
        "mcount" : { "10000 --" : 9 }
      }
    },
    "stream_method" : {
      "conns" : [0, 0],
      "in" : [0, 0],
      "out" : [0, 0],
      "mmtasks" : [108, 110, 113],
      "load" : 0.000,
      "mcount" : {
        "mcount" : { "Connection timed out" : 9 }
      },
      "http_proto0" : {
        "mcount" : {
          "mcount" : { }
        }
      },
      "source_log" : {
        "delta" : [0, 0, 0]
      },
      "loggers" : {
        "brief_logger" : {
          "records" : [9, 8],
          "out" : [531, 530]
        }
      }
    }
  }
},
"2021-07-19 05:00:10.672 +0000" : {
  "main_scheduler" : {
    "bqs" : {
      "00030" : {
        "mmconts" : [335, 335, 335],
        "acts" : [2, 2],
        "tstate" : { "idle" : 999006, "run" : 601, "locked" : 0, "mmap" : 0 }
      },
      "00031" : {
        "mmconts" : [304, 308, 314],
        "acts" : [23, 23],
        "tstate" : { "idle" : 996354, "run" : 3251, "locked" : 0, "mmap" : 0 }
      },
      "00032" : {
        "mmconts" : [335, 335, 335],
        "acts" : [2, 2],
        "tstate" : { "idle" : 998862, "run" : 744, "locked" : 0, "mmap" : 0 }
      }
    }
  },
  "benchmark_io" : {
    "simple_times" : {
      "mcount" : {
        "mcount" : { "10000 --" : 10 }
      }
    },
    "stream_method" : {
      "conns" : [0, 0],
      "in" : [0, 0],
      "out" : [0, 0],
      "mmtasks" : [112, 114, 117],
      "load" : 0.000,
      "mcount" : {
        "mcount" : { "Connection timed out" : 10 }
      },
      "http_proto0" : {
        "mcount" : {
          "mcount" : { }
        }
      },
      "source_log" : {
        "delta" : [0, 0, 0]
      },
      "loggers" : {
        "brief_logger" : {
          "records" : [10, 10],
          "out" : [590, 590]
        }
      }
    }
  }
},
"2021-07-19 05:00:11.672 +0000" : {
  "main_scheduler" : {
    "bqs" : {
      "00030" : {
        "mmconts" : [335, 335, 335],
        "acts" : [2, 2],
        "tstate" : { "idle" : 999475, "run" : 445, "locked" : 0, "mmap" : 0 }
      },
      "00031" : {
        "mmconts" : [294, 299, 304],
        "acts" : [24, 24],
        "tstate" : { "idle" : 997335, "run" : 2585, "locked" : 0, "mmap" : 0 }
      },
      "00032" : {
        "mmconts" : [335, 335, 335],
        "acts" : [2, 2],
        "tstate" : { "idle" : 999367, "run" : 552, "locked" : 0, "mmap" : 0 }
      }
    }
  },
  "benchmark_io" : {
    "simple_times" : {
      "mcount" : {
        "mcount" : { "10000 --" : 10 }
      }
    },
    "stream_method" : {
      "conns" : [0, 0],
      "in" : [0, 0],
      "out" : [0, 0],
      "mmtasks" : [116, 118, 121],
      "load" : 0.000,
      "mcount" : {
        "mcount" : { "Connection timed out" : 10 }
      },
      "http_proto0" : {
        "mcount" : {
          "mcount" : { }
        }
      },
      "source_log" : {
        "delta" : [0, 0, 0]
      },
      "loggers" : {
        "brief_logger" : {
          "records" : [10, 10],
          "out" : [590, 590]
        }
      }
    }
  }
},
"2021-07-19 05:00:12.672 +0000" : {
  "main_scheduler" : {
    "bqs" : {
      "00030" : {
        "mmconts" : [335, 335, 335],
        "acts" : [2, 1],
        "tstate" : { "idle" : 999481, "run" : 623, "locked" : 0, "mmap" : 0 }
      },
      "00031" : {
        "mmconts" : [284, 289, 294],
        "acts" : [25, 24],
        "tstate" : { "idle" : 996679, "run" : 3424, "locked" : 0, "mmap" : 0 }
      },
      "00032" : {
        "mmconts" : [335, 335, 335],
        "acts" : [2, 1],
        "tstate" : { "idle" : 999430, "run" : 672, "locked" : 0, "mmap" : 0 }
      }
    }
  },
  "benchmark_io" : {
    "simple_times" : {
      "mcount" : {
        "mcount" : { "10000 --" : 10 }
      }
    },
    "stream_method" : {
      "conns" : [0, 0],
      "in" : [0, 0],
      "out" : [0, 0],
      "mmtasks" : [120, 122, 125],
      "load" : 0.000,
      "mcount" : {
        "mcount" : { "Connection timed out" : 10 }
      },
      "http_proto0" : {
        "mcount" : {
          "mcount" : { }
        }
      },
      "source_log" : {
        "delta" : [0, 0, 0]
      },
      "loggers" : {
        "brief_logger" : {
          "records" : [10, 9],
          "out" : [590, 589]
        }
      }
    }
  }
},
"2021-07-19 05:00:13.672 +0000" : {
  "main_scheduler" : {
    "bqs" : {
      "00030" : {
        "mmconts" : [335, 335, 335],
        "acts" : [2, 1],
        "tstate" : { "idle" : 999748, "run" : 612, "locked" : 0, "mmap" : 0 }
      },
      "00031" : {
        "mmconts" : [274, 278, 284],
        "acts" : [25, 24],
        "tstate" : { "idle" : 996970, "run" : 3393, "locked" : 0, "mmap" : 0 }
      },
      "00032" : {
        "mmconts" : [335, 335, 335],
        "acts" : [2, 1],
        "tstate" : { "idle" : 999689, "run" : 675, "locked" : 0, "mmap" : 0 }
      }
    }
  },
  "benchmark_io" : {
    "simple_times" : {
      "mcount" : {
        "mcount" : { "10000 --" : 10 }
      }
    },
    "stream_method" : {
      "conns" : [0, 0],
      "in" : [0, 0],
      "out" : [0, 0],
      "mmtasks" : [125, 127, 130],
      "load" : 0.000,
      "mcount" : {
        "mcount" : { "Connection timed out" : 10 }
      },
      "http_proto0" : {
        "mcount" : {
          "mcount" : { }
        }
      },
      "source_log" : {
        "delta" : [0, 0, 0]
      },
      "loggers" : {
        "brief_logger" : {
          "records" : [10, 9],
          "out" : [590, 589]
        }
      }
    }
  }
},
"2021-07-19 05:00:14.671 +0000" : {
  "main_scheduler" : {
    "bqs" : {
      "00030" : {
        "mmconts" : [335, 335, 335],
        "acts" : [2, 2],
        "tstate" : { "idle" : 998691, "run" : 622, "locked" : 0, "mmap" : 0 }
      },
      "00031" : {
        "mmconts" : [263, 268, 274],
        "acts" : [26, 26],
        "tstate" : { "idle" : 995748, "run" : 3565, "locked" : 0, "mmap" : 0 }
      },
      "00032" : {
        "mmconts" : [335, 335, 335],
        "acts" : [2, 2],
        "tstate" : { "idle" : 998531, "run" : 782, "locked" : 0, "mmap" : 0 }
      }
    }
  },
  "benchmark_io" : {
    "simple_times" : {
      "mcount" : {
        "mcount" : { "10000 --" : 11 }
      }
    },
    "stream_method" : {
      "conns" : [0, 0],
      "in" : [0, 0],
      "out" : [0, 0],
      "mmtasks" : [129, 131, 134],
      "load" : 0.000,
      "mcount" : {
        "mcount" : { "Connection timed out" : 11 }
      },
      "http_proto0" : {
        "mcount" : {
          "mcount" : { }
        }
      },
      "source_log" : {
        "delta" : [0, 0, 0]
      },
      "loggers" : {
        "brief_logger" : {
          "records" : [11, 11],
          "out" : [649, 649]
        }
      }
    }
  }
},
"2021-07-19 05:00:15.672 +0000" : {
  "main_scheduler" : {
    "bqs" : {
      "00030" : {
        "mmconts" : [335, 335, 335],
        "acts" : [2, 1],
        "tstate" : { "idle" : 999974, "run" : 626, "locked" : 0, "mmap" : 0 }
      },
      "00031" : {
        "mmconts" : [251, 256, 263],
        "acts" : [27, 26],
        "tstate" : { "idle" : 996941, "run" : 3658, "locked" : 0, "mmap" : 0 }
      },
      "00032" : {
        "mmconts" : [335, 335, 335],
        "acts" : [2, 1],
        "tstate" : { "idle" : 999867, "run" : 733, "locked" : 0, "mmap" : 0 }
      }
    }
  },
  "benchmark_io" : {
    "simple_times" : {
      "mcount" : {
        "mcount" : { "10000 --" : 12 }
      }
    },
    "stream_method" : {
      "conns" : [0, 0],
      "in" : [0, 0],
      "out" : [0, 0],
      "mmtasks" : [133, 135, 138],
      "load" : 0.000,
      "mcount" : {
        "mcount" : { "Connection timed out" : 12 }
      },
      "http_proto0" : {
        "mcount" : {
          "mcount" : { }
        }
      },
      "source_log" : {
        "delta" : [0, 0, 0]
      },
      "loggers" : {
        "brief_logger" : {
          "records" : [12, 11],
          "out" : [708, 707]
        }
      }
    }
  }
},
"2021-07-19 05:00:16.672 +0000" : {
  "main_scheduler" : {
    "bqs" : {
      "00030" : {
        "mmconts" : [335, 335, 335],
        "acts" : [2, 1],
        "tstate" : { "idle" : 999459, "run" : 611, "locked" : 0, "mmap" : 0 }
      },
      "00031" : {
        "mmconts" : [239, 245, 251],
        "acts" : [29, 28],
        "tstate" : { "idle" : 996120, "run" : 3950, "locked" : 0, "mmap" : 0 }
      },
      "00032" : {
        "mmconts" : [335, 335, 335],
        "acts" : [2, 1],
        "tstate" : { "idle" : 999325, "run" : 744, "locked" : 0, "mmap" : 0 }
      }
    }
  },
  "benchmark_io" : {
    "simple_times" : {
      "mcount" : {
        "mcount" : { "10000 --" : 12 }
      }
    },
    "stream_method" : {
      "conns" : [0, 0],
      "in" : [0, 0],
      "out" : [0, 0],
      "mmtasks" : [137, 139, 142],
      "load" : 0.000,
      "mcount" : {
        "mcount" : { "Connection timed out" : 12 }
      },
      "http_proto0" : {
        "mcount" : {
          "mcount" : { }
        }
      },
      "source_log" : {
        "delta" : [0, 0, 0]
      },
      "loggers" : {
        "brief_logger" : {
          "records" : [12, 11],
          "out" : [708, 707]
        }
      }
    }
  }
},
"2021-07-19 05:00:17.672 +0000" : {
  "main_scheduler" : {
    "bqs" : {
      "00030" : {
        "mmconts" : [335, 335, 335],
        "acts" : [2, 2],
        "tstate" : { "idle" : 999298, "run" : 599, "locked" : 0, "mmap" : 0 }
      },
      "00031" : {
        "mmconts" : [227, 233, 239],
        "acts" : [28, 28],
        "tstate" : { "idle" : 996103, "run" : 3794, "locked" : 0, "mmap" : 0 }
      },
      "00032" : {
        "mmconts" : [335, 335, 335],
        "acts" : [2, 2],
        "tstate" : { "idle" : 999244, "run" : 653, "locked" : 0, "mmap" : 0 }
      }
    }
  },
  "benchmark_io" : {
    "simple_times" : {
      "mcount" : {
        "mcount" : { "10000 --" : 12 }
      }
    },
    "stream_method" : {
      "conns" : [0, 0],
      "in" : [0, 0],
      "out" : [0, 0],
      "mmtasks" : [141, 143, 146],
      "load" : 0.000,
      "mcount" : {
        "mcount" : { "Connection timed out" : 12 }
      },
      "http_proto0" : {
        "mcount" : {
          "mcount" : { }
        }
      },
      "source_log" : {
        "delta" : [0, 0, 0]
      },
      "loggers" : {
        "brief_logger" : {
          "records" : [12, 12],
          "out" : [708, 708]
        }
      }
    }
  }
},
"2021-07-19 05:00:18.671 +0000" : {
  "main_scheduler" : {
    "bqs" : {
      "00030" : {
        "mmconts" : [335, 335, 335],
        "acts" : [2, 2],
        "tstate" : { "idle" : 998750, "run" : 587, "locked" : 0, "mmap" : 0 }
      },
      "00031" : {
        "mmconts" : [214, 220, 227],
        "acts" : [18, 18],
        "tstate" : { "idle" : 996427, "run" : 2907, "locked" : 0, "mmap" : 0 }
      },
      "00032" : {
        "mmconts" : [335, 335, 335],
        "acts" : [14, 14],
        "tstate" : { "idle" : 997624, "run" : 1709, "locked" : 0, "mmap" : 0 }
      }
    }
  },
  "benchmark_io" : {
    "simple_times" : {
      "mcount" : {
        "mcount" : { "10000 --" : 13 }
      }
    },
    "stream_method" : {
      "conns" : [0, 0],
      "in" : [0, 0],
      "out" : [0, 0],
      "mmtasks" : [146, 147, 150],
      "load" : 0.000,
      "mcount" : {
        "mcount" : { "Connection timed out" : 13 }
      },
      "http_proto0" : {
        "mcount" : {
          "mcount" : { }
        }
      },
      "source_log" : {
        "delta" : [0, 0, 0]
      },
      "loggers" : {
        "brief_logger" : {
          "records" : [13, 13],
          "out" : [767, 767]
        }
      }
    }
  }
},
"2021-07-19 05:00:19.671 +0000" : {
  "main_scheduler" : {
    "bqs" : {
      "00030" : {
        "mmconts" : [335, 335, 335],
        "acts" : [2, 2],
        "tstate" : { "idle" : 999208, "run" : 578, "locked" : 0, "mmap" : 0 }
      },
      "00031" : {
        "mmconts" : [201, 207, 214],
        "acts" : [14, 14],
        "tstate" : { "idle" : 997339, "run" : 2450, "locked" : 0, "mmap" : 0 }
      },
      "00032" : {
        "mmconts" : [335, 335, 335],
        "acts" : [18, 18],
        "tstate" : { "idle" : 997520, "run" : 2271, "locked" : 0, "mmap" : 0 }
      }
    }
  },
  "benchmark_io" : {
    "simple_times" : {
      "mcount" : {
        "mcount" : { "10000 --" : 13 }
      }
    },
    "stream_method" : {
      "conns" : [0, 0],
      "in" : [0, 0],
      "out" : [0, 0],
      "mmtasks" : [150, 152, 155],
      "load" : 0.000,
      "mcount" : {
        "mcount" : { "Connection timed out" : 13 }
      },
      "http_proto0" : {
        "mcount" : {
          "mcount" : { }
        }
      },
      "source_log" : {
        "delta" : [0, 0, 0]
      },
      "loggers" : {
        "brief_logger" : {
          "records" : [13, 13],
          "out" : [767, 767]
        }
      }
    }
  }
},
"2021-07-19 05:00:20.672 +0000" : {
  "main_scheduler" : {
    "bqs" : {
      "00030" : {
        "mmconts" : [335, 335, 335],
        "acts" : [2, 1],
        "tstate" : { "idle" : 999914, "run" : 596, "locked" : 0, "mmap" : 0 }
      },
      "00031" : {
        "mmconts" : [188, 194, 201],
        "acts" : [14, 13],
        "tstate" : { "idle" : 997996, "run" : 2514, "locked" : 0, "mmap" : 0 }
      },
      "00032" : {
        "mmconts" : [335, 335, 335],
        "acts" : [19, 18],
        "tstate" : { "idle" : 998042, "run" : 2467, "locked" : 0, "mmap" : 0 }
      }
    }
  },
  "benchmark_io" : {
    "simple_times" : {
      "mcount" : {
        "mcount" : { "10000 --" : 13 }
      }
    },
    "stream_method" : {
      "conns" : [0, 0],
      "in" : [0, 0],
      "out" : [0, 0],
      "mmtasks" : [154, 156, 159],
      "load" : 0.000,
      "mcount" : {
        "mcount" : { "Connection timed out" : 13 }
      },
      "http_proto0" : {
        "mcount" : {
          "mcount" : { }
        }
      },
      "source_log" : {
        "delta" : [0, 0, 0]
      },
      "loggers" : {
        "brief_logger" : {
          "records" : [13, 12],
          "out" : [767, 766]
        }
      }
    }
  }
},
"2021-07-19 05:00:21.671 +0000" : {
  "main_scheduler" : {
    "bqs" : {
      "00030" : {
        "mmconts" : [335, 335, 335],
        "acts" : [2, 2],
        "tstate" : { "idle" : 999233, "run" : 610, "locked" : 0, "mmap" : 0 }
      },
      "00031" : {
        "mmconts" : [174, 180, 188],
        "acts" : [15, 15],
        "tstate" : { "idle" : 997100, "run" : 2740, "locked" : 0, "mmap" : 0 }
      },
      "00032" : {
        "mmconts" : [335, 335, 335],
        "acts" : [19, 19],
        "tstate" : { "idle" : 997440, "run" : 2399, "locked" : 0, "mmap" : 0 }
      }
    }
  },
  "benchmark_io" : {
    "simple_times" : {
      "mcount" : {
        "mcount" : { "10000 --" : 14 }
      }
    },
    "stream_method" : {
      "conns" : [0, 0],
      "in" : [0, 0],
      "out" : [0, 0],
      "mmtasks" : [158, 160, 163],
      "load" : 0.000,
      "mcount" : {
        "mcount" : { "Connection timed out" : 14 }
      },
      "http_proto0" : {
        "mcount" : {
          "mcount" : { }
        }
      },
      "source_log" : {
        "delta" : [0, 0, 0]
      },
      "loggers" : {
        "brief_logger" : {
          "records" : [14, 14],
          "out" : [826, 826]
        }
      }
    }
  }
},
"2021-07-19 05:00:22.671 +0000" : {
  "main_scheduler" : {
    "bqs" : {
      "00030" : {
        "mmconts" : [335, 335, 335],
        "acts" : [2, 2],
        "tstate" : { "idle" : 999133, "run" : 494, "locked" : 0, "mmap" : 0 }
      },
      "00031" : {
        "mmconts" : [159, 166, 174],
        "acts" : [16, 16],
        "tstate" : { "idle" : 995379, "run" : 4251, "locked" : 0, "mmap" : 0 }
      },
      "00032" : {
        "mmconts" : [335, 335, 335],
        "acts" : [20, 20],
        "tstate" : { "idle" : 997690, "run" : 1941, "locked" : 0, "mmap" : 0 }
      }
    }
  },
  "benchmark_io" : {
    "simple_times" : {
      "mcount" : {
        "mcount" : { "10000 --" : 15 }
      }
    },
    "stream_method" : {
      "conns" : [0, 0],
      "in" : [0, 0],
      "out" : [0, 0],
      "mmtasks" : [162, 164, 167],
      "load" : 0.000,
      "mcount" : {
        "mcount" : { "Connection timed out" : 15 }
      },
      "http_proto0" : {
        "mcount" : {
          "mcount" : { }
        }
      },
      "source_log" : {
        "delta" : [0, 0, 0]
      },
      "loggers" : {
        "brief_logger" : {
          "records" : [15, 15],
          "out" : [885, 885]
        }
      }
    }
  }
},
"2021-07-19 05:00:23.672 +0000" : {
  "main_scheduler" : {
    "bqs" : {
      "00030" : {
        "mmconts" : [335, 335, 335],
        "acts" : [2, 1],
        "tstate" : { "idle" : 1000426, "run" : 636, "locked" : 0, "mmap" : 0 }
      },
      "00031" : {
        "mmconts" : [144, 151, 159],
        "acts" : [16, 15],
        "tstate" : { "idle" : 998432, "run" : 2630, "locked" : 0, "mmap" : 0 }
      },
      "00032" : {
        "mmconts" : [335, 335, 335],
        "acts" : [19, 18],
        "tstate" : { "idle" : 998819, "run" : 2243, "locked" : 0, "mmap" : 0 }
      }
    }
  },
  "benchmark_io" : {
    "simple_times" : {
      "mcount" : {
        "mcount" : { "10000 --" : 15 }
      }
    },
    "stream_method" : {
      "conns" : [0, 0],
      "in" : [0, 0],
      "out" : [0, 0],
      "mmtasks" : [166, 168, 171],
      "load" : 0.000,
      "mcount" : {
        "mcount" : { "Connection timed out" : 15 }
      },
      "http_proto0" : {
        "mcount" : {
          "mcount" : { }
        }
      },
      "source_log" : {
        "delta" : [0, 0, 0]
      },
      "loggers" : {
        "brief_logger" : {
          "records" : [15, 14],
          "out" : [885, 884]
        }
      }
    }
  }
},
"2021-07-19 05:00:24.671 +0000" : {
  "main_scheduler" : {
    "bqs" : {
      "00030" : {
        "mmconts" : [335, 335, 335],
        "acts" : [2, 2],
        "tstate" : { "idle" : 998376, "run" : 622, "locked" : 0, "mmap" : 0 }
      },
      "00031" : {
        "mmconts" : [129, 136, 144],
        "acts" : [16, 16],
        "tstate" : { "idle" : 996301, "run" : 2697, "locked" : 0, "mmap" : 0 }
      },
      "00032" : {
        "mmconts" : [335, 335, 335],
        "acts" : [21, 21],
        "tstate" : { "idle" : 996553, "run" : 2445, "locked" : 0, "mmap" : 0 }
      }
    }
  },
  "benchmark_io" : {
    "simple_times" : {
      "mcount" : {
        "mcount" : { "10000 --" : 15 }
      }
    },
    "stream_method" : {
      "conns" : [0, 0],
      "in" : [0, 0],
      "out" : [0, 0],
      "mmtasks" : [170, 172, 175],
      "load" : 0.000,
      "mcount" : {
        "mcount" : { "Connection timed out" : 15 }
      },
      "http_proto0" : {
        "mcount" : {
          "mcount" : { }
        }
      },
      "source_log" : {
        "delta" : [0, 0, 0]
      },
      "loggers" : {
        "brief_logger" : {
          "records" : [15, 15],
          "out" : [885, 885]
        }
      }
    }
  }
},
"2021-07-19 05:00:25.672 +0000" : {
  "main_scheduler" : {
    "bqs" : {
      "00030" : {
        "mmconts" : [335, 335, 335],
        "acts" : [2, 1],
        "tstate" : { "idle" : 1000381, "run" : 623, "locked" : 0, "mmap" : 0 }
      },
      "00031" : {
        "mmconts" : [114, 121, 129],
        "acts" : [16, 15],
        "tstate" : { "idle" : 998362, "run" : 2642, "locked" : 0, "mmap" : 0 }
      },
      "00032" : {
        "mmconts" : [335, 335, 335],
        "acts" : [21, 20],
        "tstate" : { "idle" : 998317, "run" : 2687, "locked" : 0, "mmap" : 0 }
      }
    }
  },
  "benchmark_io" : {
    "simple_times" : {
      "mcount" : {
        "mcount" : { "10000 --" : 15 }
      }
    },
    "stream_method" : {
      "conns" : [0, 0],
      "in" : [0, 0],
      "out" : [0, 0],
      "mmtasks" : [175, 177, 180],
      "load" : 0.000,
      "mcount" : {
        "mcount" : { "Connection timed out" : 15 }
      },
      "http_proto0" : {
        "mcount" : {
          "mcount" : { }
        }
      },
      "source_log" : {
        "delta" : [0, 0, 0]
      },
      "loggers" : {
        "brief_logger" : {
          "records" : [15, 14],
          "out" : [885, 884]
        }
      }
    }
  }
},
"2021-07-19 05:00:26.671 +0000" : {
  "main_scheduler" : {
    "bqs" : {
      "00030" : {
        "mmconts" : [335, 335, 335],
        "acts" : [2, 2],
        "tstate" : { "idle" : 998720, "run" : 614, "locked" : 0, "mmap" : 0 }
      },
      "00031" : {
        "mmconts" : [98, 105, 114],
        "acts" : [17, 17],
        "tstate" : { "idle" : 996402, "run" : 2930, "locked" : 0, "mmap" : 0 }
      },
      "00032" : {
        "mmconts" : [335, 335, 335],
        "acts" : [21, 21],
        "tstate" : { "idle" : 996841, "run" : 2490, "locked" : 0, "mmap" : 0 }
      }
    }
  },
  "benchmark_io" : {
    "simple_times" : {
      "mcount" : {
        "mcount" : { "10000 --" : 16 }
      }
    },
    "stream_method" : {
      "conns" : [0, 0],
      "in" : [0, 0],
      "out" : [0, 0],
      "mmtasks" : [179, 181, 184],
      "load" : 0.000,
      "mcount" : {
        "mcount" : { "Connection timed out" : 16 }
      },
      "http_proto0" : {
        "mcount" : {
          "mcount" : { }
        }
      },
      "source_log" : {
        "delta" : [0, 0, 0]
      },
      "loggers" : {
        "brief_logger" : {
          "records" : [16, 16],
          "out" : [944, 944]
        }
      }
    }
  }
},
"2021-07-19 05:00:27.671 +0000" : {
  "main_scheduler" : {
    "bqs" : {
      "00030" : {
        "mmconts" : [335, 335, 335],
        "acts" : [2, 1],
        "tstate" : { "idle" : 999363, "run" : 639, "locked" : 0, "mmap" : 0 }
      },
      "00031" : {
        "mmconts" : [81, 89, 98],
        "acts" : [18, 17],
        "tstate" : { "idle" : 997063, "run" : 2941, "locked" : 0, "mmap" : 0 }
      },
      "00032" : {
        "mmconts" : [335, 335, 335],
        "acts" : [22, 21],
        "tstate" : { "idle" : 997393, "run" : 2612, "locked" : 0, "mmap" : 0 }
      }
    }
  },
  "benchmark_io" : {
    "simple_times" : {
      "mcount" : {
        "mcount" : { "10000 --" : 17 }
      }
    },
    "stream_method" : {
      "conns" : [0, 0],
      "in" : [0, 0],
      "out" : [0, 0],
      "mmtasks" : [183, 185, 188],
      "load" : 0.000,
      "mcount" : {
        "mcount" : { "Connection timed out" : 17 }
      },
      "http_proto0" : {
        "mcount" : {
          "mcount" : { }
        }
      },
      "source_log" : {
        "delta" : [0, 0, 0]
      },
      "loggers" : {
        "brief_logger" : {
          "records" : [17, 16],
          "out" : [1003, 1002]
        }
      }
    }
  }
},
"2021-07-19 05:00:28.672 +0000" : {
  "main_scheduler" : {
    "bqs" : {
      "00030" : {
        "mmconts" : [335, 335, 335],
        "acts" : [2, 1],
        "tstate" : { "idle" : 999567, "run" : 648, "locked" : 0, "mmap" : 0 }
      },
      "00031" : {
        "mmconts" : [76, 76, 81],
        "acts" : [6, 5],
        "tstate" : { "idle" : 998833, "run" : 1381, "locked" : 0, "mmap" : 0 }
      },
      "00032" : {
        "mmconts" : [323, 330, 335],
        "acts" : [34, 33],
        "tstate" : { "idle" : 996281, "run" : 3933, "locked" : 0, "mmap" : 0 }
      }
    }
  },
  "benchmark_io" : {
    "simple_times" : {
      "mcount" : {
        "mcount" : { "10000 --" : 17 }
      }
    },
    "stream_method" : {
      "conns" : [0, 0],
      "in" : [0, 0],
      "out" : [0, 0],
      "mmtasks" : [187, 189, 192],
      "load" : 0.000,
      "mcount" : {
        "mcount" : { "Connection timed out" : 17 }
      },
      "http_proto0" : {
        "mcount" : {
          "mcount" : { }
        }
      },
      "source_log" : {
        "delta" : [0, 0, 0]
      },
      "loggers" : {
        "brief_logger" : {
          "records" : [17, 16],
          "out" : [1003, 1002]
        }
      }
    }
  }
},
"2021-07-19 05:00:29.671 +0000" : {
  "main_scheduler" : {
    "bqs" : {
      "00030" : {
        "mmconts" : [335, 335, 335],
        "acts" : [2, 2],
        "tstate" : { "idle" : 999233, "run" : 566, "locked" : 0, "mmap" : 0 }
      },
      "00031" : {
        "mmconts" : [75, 75, 76],
        "acts" : [2, 2],
        "tstate" : { "idle" : 999017, "run" : 782, "locked" : 0, "mmap" : 0 }
      },
      "00032" : {
        "mmconts" : [307, 315, 323],
        "acts" : [38, 38],
        "tstate" : { "idle" : 995258, "run" : 4541, "locked" : 0, "mmap" : 0 }
      }
    }
  },
  "benchmark_io" : {
    "simple_times" : {
      "mcount" : {
        "mcount" : { "10000 --" : 17 }
      }
    },
    "stream_method" : {
      "conns" : [0, 0],
      "in" : [0, 0],
      "out" : [0, 0],
      "mmtasks" : [191, 193, 196],
      "load" : 0.000,
      "mcount" : {
        "mcount" : { "Connection timed out" : 17 }
      },
      "http_proto0" : {
        "mcount" : {
          "mcount" : { }
        }
      },
      "source_log" : {
        "delta" : [0, 0, 0]
      },
      "loggers" : {
        "brief_logger" : {
          "records" : [17, 17],
          "out" : [1003, 1003]
        }
      }
    }
  }
},
"2021-07-19 05:00:30.671 +0000" : {
  "main_scheduler" : {
    "bqs" : {
      "00030" : {
        "mmconts" : [335, 335, 335],
        "acts" : [2, 2],
        "tstate" : { "idle" : 999013, "run" : 598, "locked" : 0, "mmap" : 0 }
      },
      "00031" : {
        "mmconts" : [74, 74, 75],
        "acts" : [2, 2],
        "tstate" : { "idle" : 998761, "run" : 851, "locked" : 0, "mmap" : 0 }
      },
      "00032" : {
        "mmconts" : [290, 298, 307],
        "acts" : [40, 40],
        "tstate" : { "idle" : 995016, "run" : 4595, "locked" : 0, "mmap" : 0 }
      }
    }
  },
  "benchmark_io" : {
    "simple_times" : {
      "mcount" : {
        "mcount" : { "10000 --" : 18 }
      }
    },
    "stream_method" : {
      "conns" : [0, 0],
      "in" : [0, 0],
      "out" : [0, 0],
      "mmtasks" : [195, 197, 200],
      "load" : 0.000,
      "mcount" : {
        "mcount" : { "Connection timed out" : 18 }
      },
      "http_proto0" : {
        "mcount" : {
          "mcount" : { }
        }
      },
      "source_log" : {
        "delta" : [0, 0, 0]
      },
      "loggers" : {
        "brief_logger" : {
          "records" : [18, 18],
          "out" : [1062, 1062]
        }
      }
    }
  }
},
"2021-07-19 05:00:31.671 +0000" : {
  "main_scheduler" : {
    "bqs" : {
      "00030" : {
        "mmconts" : [335, 335, 335],
        "acts" : [2, 1],
        "tstate" : { "idle" : 999842, "run" : 488, "locked" : 0, "mmap" : 0 }
      },
      "00031" : {
        "mmconts" : [73, 73, 74],
        "acts" : [2, 1],
        "tstate" : { "idle" : 999318, "run" : 1011, "locked" : 0, "mmap" : 0 }
      },
      "00032" : {
        "mmconts" : [273, 281, 290],
        "acts" : [40, 39],
        "tstate" : { "idle" : 995322, "run" : 5008, "locked" : 0, "mmap" : 0 }
      }
    }
  },
  "benchmark_io" : {
    "simple_times" : {
      "mcount" : {
        "mcount" : { "10000 --" : 18 }
      }
    },
    "stream_method" : {
      "conns" : [0, 0],
      "in" : [0, 0],
      "out" : [0, 0],
      "mmtasks" : [200, 202, 205],
      "load" : 0.000,
      "mcount" : {
        "mcount" : { "Connection timed out" : 18 }
      },
      "http_proto0" : {
        "mcount" : {
          "mcount" : { }
        }
      },
      "source_log" : {
        "delta" : [0, 0, 0]
      },
      "loggers" : {
        "brief_logger" : {
          "records" : [18, 17],
          "out" : [1062, 1061]
        }
      }
    }
  }
},
"2021-07-19 05:00:32.671 +0000" : {
  "main_scheduler" : {
    "bqs" : {
      "00030" : {
        "mmconts" : [335, 335, 335],
        "acts" : [2, 2],
        "tstate" : { "idle" : 999196, "run" : 493, "locked" : 0, "mmap" : 0 }
      },
      "00031" : {
        "mmconts" : [72, 72, 73],
        "acts" : [2, 2],
        "tstate" : { "idle" : 999035, "run" : 654, "locked" : 0, "mmap" : 0 }
      },
      "00032" : {
        "mmconts" : [255, 264, 273],
        "acts" : [42, 42],
        "tstate" : { "idle" : 995209, "run" : 4480, "locked" : 0, "mmap" : 0 }
      }
    }
  },
  "benchmark_io" : {
    "simple_times" : {
      "mcount" : {
        "mcount" : { "10000 --" : 19 }
      }
    },
    "stream_method" : {
      "conns" : [0, 0],
      "in" : [0, 0],
      "out" : [0, 0],
      "mmtasks" : [204, 206, 209],
      "load" : 0.000,
      "mcount" : {
        "mcount" : { "Connection timed out" : 19 }
      },
      "http_proto0" : {
        "mcount" : {
          "mcount" : { }
        }
      },
      "source_log" : {
        "delta" : [0, 0, 0]
      },
      "loggers" : {
        "brief_logger" : {
          "records" : [19, 19],
          "out" : [1121, 1121]
        }
      }
    }
  }
},
"2021-07-19 05:00:33.672 +0000" : {
  "main_scheduler" : {
    "bqs" : {
      "00030" : {
        "mmconts" : [335, 335, 335],
        "acts" : [2, 1],
        "tstate" : { "idle" : 1000089, "run" : 462, "locked" : 0, "mmap" : 0 }
      },
      "00031" : {
        "mmconts" : [71, 71, 72],
        "acts" : [1, 0],
        "tstate" : { "idle" : 1000064, "run" : 488, "locked" : 0, "mmap" : 0 }
      },
      "00032" : {
        "mmconts" : [238, 246, 255],
        "acts" : [42, 41],
        "tstate" : { "idle" : 995346, "run" : 5205, "locked" : 0, "mmap" : 0 }
      }
    }
  },
  "benchmark_io" : {
    "simple_times" : {
      "mcount" : {
        "mcount" : { "10000 --" : 18 }
      }
    },
    "stream_method" : {
      "conns" : [0, 0],
      "in" : [0, 0],
      "out" : [0, 0],
      "mmtasks" : [208, 210, 213],
      "load" : 0.000,
      "mcount" : {
        "mcount" : { "Connection timed out" : 18 }
      },
      "http_proto0" : {
        "mcount" : {
          "mcount" : { }
        }
      },
      "source_log" : {
        "delta" : [0, 0, 0]
      },
      "loggers" : {
        "brief_logger" : {
          "records" : [18, 17],
          "out" : [1062, 1061]
        }
      }
    }
  }
},
"2021-07-19 05:00:34.671 +0000" : {
  "main_scheduler" : {
    "bqs" : {
      "00030" : {
        "mmconts" : [335, 335, 335],
        "acts" : [2, 2],
        "tstate" : { "idle" : 998918, "run" : 621, "locked" : 0, "mmap" : 0 }
      },
      "00031" : {
        "mmconts" : [70, 70, 71],
        "acts" : [3, 3],
        "tstate" : { "idle" : 998642, "run" : 895, "locked" : 0, "mmap" : 0 }
      },
      "00032" : {
        "mmconts" : [219, 228, 238],
        "acts" : [43, 43],
        "tstate" : { "idle" : 994466, "run" : 5071, "locked" : 0, "mmap" : 0 }
      }
    }
  },
  "benchmark_io" : {
    "simple_times" : {
      "mcount" : {
        "mcount" : { "10000 --" : 20 }
      }
    },
    "stream_method" : {
      "conns" : [0, 0],
      "in" : [0, 0],
      "out" : [0, 0],
      "mmtasks" : [212, 214, 217],
      "load" : 0.000,
      "mcount" : {
        "mcount" : { "Connection timed out" : 20 }
      },
      "http_proto0" : {
        "mcount" : {
          "mcount" : { }
        }
      },
      "source_log" : {
        "delta" : [0, 0, 0]
      },
      "loggers" : {
        "brief_logger" : {
          "records" : [20, 20],
          "out" : [1180, 1180]
        }
      }
    }
  }
},
"2021-07-19 05:00:35.672 +0000" : {
  "main_scheduler" : {
    "bqs" : {
      "00030" : {
        "mmconts" : [335, 335, 335],
        "acts" : [21, 20],
        "tstate" : { "idle" : 998423, "run" : 2262, "locked" : 0, "mmap" : 0 }
      },
      "00031" : {
        "mmconts" : [69, 69, 70],
        "acts" : [6, 5],
        "tstate" : { "idle" : 999402, "run" : 1285, "locked" : 0, "mmap" : 0 }
      },
      "00032" : {
        "mmconts" : [200, 209, 219],
        "acts" : [21, 20],
        "tstate" : { "idle" : 997546, "run" : 3151, "locked" : 0, "mmap" : 0 }
      }
    }
  },
  "benchmark_io" : {
    "simple_times" : {
      "mcount" : {
        "mcount" : { "10000 --" : 20 }
      }
    },
    "stream_method" : {
      "conns" : [0, 0],
      "in" : [0, 0],
      "out" : [0, 0],
      "mmtasks" : [216, 218, 221],
      "load" : 0.000,
      "mcount" : {
        "mcount" : { "Connection timed out" : 20 }
      },
      "http_proto0" : {
        "mcount" : {
          "mcount" : { }
        }
      },
      "source_log" : {
        "delta" : [0, 0, 0]
      },
      "loggers" : {
        "brief_logger" : {
          "records" : [20, 19],
          "out" : [1180, 1179]
        }
      }
    }
  }
},
"2021-07-19 05:00:36.672 +0000" : {
  "main_scheduler" : {
    "bqs" : {
      "00030" : {
        "mmconts" : [335, 335, 335],
        "acts" : [24, 23],
        "tstate" : { "idle" : 997398, "run" : 2701, "locked" : 0, "mmap" : 0 }
      },
      "00031" : {
        "mmconts" : [68, 68, 69],
        "acts" : [3, 2],
        "tstate" : { "idle" : 999249, "run" : 849, "locked" : 0, "mmap" : 0 }
      },
      "00032" : {
        "mmconts" : [181, 190, 200],
        "acts" : [21, 20],
        "tstate" : { "idle" : 996795, "run" : 3293, "locked" : 0, "mmap" : 0 }
      }
    }
  },
  "benchmark_io" : {
    "simple_times" : {
      "mcount" : {
        "mcount" : { "10000 --" : 20 }
      }
    },
    "stream_method" : {
      "conns" : [0, 0],
      "in" : [0, 0],
      "out" : [0, 0],
      "mmtasks" : [221, 222, 225],
      "load" : 0.000,
      "mcount" : {
        "mcount" : { "Connection timed out" : 20 }
      },
      "http_proto0" : {
        "mcount" : {
          "mcount" : { }
        }
      },
      "source_log" : {
        "delta" : [0, 0, 0]
      },
      "loggers" : {
        "brief_logger" : {
          "records" : [20, 19],
          "out" : [1180, 1179]
        }
      }
    }
  }
},
"2021-07-19 05:00:37.671 +0000" : {
  "main_scheduler" : {
    "bqs" : {
      "00030" : {
        "mmconts" : [335, 335, 335],
        "acts" : [26, 26],
        "tstate" : { "idle" : 996393, "run" : 3031, "locked" : 0, "mmap" : 0 }
      },
      "00031" : {
        "mmconts" : [67, 67, 68],
        "acts" : [2, 2],
        "tstate" : { "idle" : 998500, "run" : 923, "locked" : 0, "mmap" : 0 }
      },
      "00032" : {
        "mmconts" : [161, 171, 181],
        "acts" : [22, 22],
        "tstate" : { "idle" : 995119, "run" : 4304, "locked" : 0, "mmap" : 0 }
      }
    }
  },
  "benchmark_io" : {
    "simple_times" : {
      "mcount" : {
        "mcount" : { "10000 --" : 21 }
      }
    },
    "stream_method" : {
      "conns" : [0, 0],
      "in" : [0, 0],
      "out" : [0, 0],
      "mmtasks" : [225, 227, 230],
      "load" : 0.000,
      "mcount" : {
        "mcount" : { "Connection timed out" : 21 }
      },
      "http_proto0" : {
        "mcount" : {
          "mcount" : { }
        }
      },
      "source_log" : {
        "delta" : [0, 0, 0]
      },
      "loggers" : {
        "brief_logger" : {
          "records" : [21, 21],
          "out" : [1239, 1239]
        }
      }
    }
  }
},
"2021-07-19 05:00:38.671 +0000" : {
  "main_scheduler" : {
    "bqs" : {
      "00030" : {
        "mmconts" : [335, 335, 335],
        "acts" : [26, 25],
        "tstate" : { "idle" : 997259, "run" : 2820, "locked" : 0, "mmap" : 0 }
      },
      "00031" : {
        "mmconts" : [66, 66, 67],
        "acts" : [2, 1],
        "tstate" : { "idle" : 999270, "run" : 809, "locked" : 0, "mmap" : 0 }
      },
      "00032" : {
        "mmconts" : [141, 151, 161],
        "acts" : [22, 21],
        "tstate" : { "idle" : 996743, "run" : 3336, "locked" : 0, "mmap" : 0 }
      }
    }
  },
  "benchmark_io" : {
    "simple_times" : {
      "mcount" : {
        "mcount" : { "10000 --" : 21 }
      }
    },
    "stream_method" : {
      "conns" : [0, 0],
      "in" : [0, 0],
      "out" : [0, 0],
      "mmtasks" : [229, 231, 234],
      "load" : 0.000,
      "mcount" : {
        "mcount" : { "Connection timed out" : 21 }
      },
      "http_proto0" : {
        "mcount" : {
          "mcount" : { }
        }
      },
      "source_log" : {
        "delta" : [0, 0, 0]
      },
      "loggers" : {
        "brief_logger" : {
          "records" : [21, 20],
          "out" : [1239, 1238]
        }
      }
    }
  }
},
"2021-07-19 05:00:39.671 +0000" : {
  "main_scheduler" : {
    "bqs" : {
      "00030" : {
        "mmconts" : [335, 335, 335],
        "acts" : [28, 28],
        "tstate" : { "idle" : 996711, "run" : 3245, "locked" : 0, "mmap" : 0 }
      },
      "00031" : {
        "mmconts" : [65, 65, 66],
        "acts" : [1, 1],
        "tstate" : { "idle" : 999225, "run" : 732, "locked" : 0, "mmap" : 0 }
      },
      "00032" : {
        "mmconts" : [121, 131, 141],
        "acts" : [22, 22],
        "tstate" : { "idle" : 996596, "run" : 3361, "locked" : 0, "mmap" : 0 }
      }
    }
  },
  "benchmark_io" : {
    "simple_times" : {
      "mcount" : {
        "mcount" : { "10000 --" : 21 }
      }
    },
    "stream_method" : {
      "conns" : [0, 0],
      "in" : [0, 0],
      "out" : [0, 0],
      "mmtasks" : [233, 235, 238],
      "load" : 0.000,
      "mcount" : {
        "mcount" : { "Connection timed out" : 21 }
      },
      "http_proto0" : {
        "mcount" : {
          "mcount" : { }
        }
      },
      "source_log" : {
        "delta" : [0, 0, 0]
      },
      "loggers" : {
        "brief_logger" : {
          "records" : [21, 21],
          "out" : [1239, 1239]
        }
      }
    }
  }
},
"2021-07-19 05:00:40.671 +0000" : {
  "main_scheduler" : {
    "bqs" : {
      "00030" : {
        "mmconts" : [335, 335, 335],
        "acts" : [28, 28],
        "tstate" : { "idle" : 981723, "run" : 17959, "locked" : 0, "mmap" : 0 }
      },
      "00031" : {
        "mmconts" : [64, 64, 65],
        "acts" : [1, 1],
        "tstate" : { "idle" : 998949, "run" : 741, "locked" : 0, "mmap" : 0 }
      },
      "00032" : {
        "mmconts" : [100, 110, 121],
        "acts" : [23, 23],
        "tstate" : { "idle" : 995682, "run" : 3951, "locked" : 0, "mmap" : 57 }
      }
    }
  },
  "benchmark_io" : {
    "simple_times" : {
      "mcount" : {
        "mcount" : { "10000 --" : 22 }
      }
    },
    "stream_method" : {
      "conns" : [0, 0],
      "in" : [0, 0],
      "out" : [0, 0],
      "mmtasks" : [237, 239, 242],
      "load" : 0.000,
      "mcount" : {
        "mcount" : { "Connection timed out" : 22 }
      },
      "http_proto0" : {
        "mcount" : {
          "mcount" : { }
        }
      },
      "source_log" : {
        "delta" : [0, 0, 0]
      },
      "loggers" : {
        "brief_logger" : {
          "records" : [22, 22],
          "out" : [1298, 1298]
        }
      }
    }
  }
},
"2021-07-19 05:00:41.671 +0000" : {
  "main_scheduler" : {
    "bqs" : {
      "00030" : {
        "mmconts" : [335, 335, 335],
        "acts" : [28, 27],
        "tstate" : { "idle" : 997318, "run" : 2877, "locked" : 0, "mmap" : 0 }
      },
      "00031" : {
        "mmconts" : [63, 63, 64],
        "acts" : [1, 0],
        "tstate" : { "idle" : 999442, "run" : 727, "locked" : 0, "mmap" : 20 }
      },
      "00032" : {
        "mmconts" : [79, 89, 100],
        "acts" : [23, 22],
        "tstate" : { "idle" : 996468, "run" : 3313, "locked" : 0, "mmap" : 409 }
      }
    }
  },
  "benchmark_io" : {
    "simple_times" : {
      "mcount" : {
        "mcount" : { "10000 --" : 22 }
      }
    },
    "stream_method" : {
      "conns" : [0, 0],
      "in" : [0, 0],
      "out" : [0, 0],
      "mmtasks" : [241, 243, 246],
      "load" : 0.000,
      "mcount" : {
        "mcount" : { "Connection timed out" : 22 }
      },
      "http_proto0" : {
        "mcount" : {
          "mcount" : { }
        }
      },
      "source_log" : {
        "delta" : [0, 0, 0]
      },
      "loggers" : {
        "brief_logger" : {
          "records" : [22, 21],
          "out" : [1298, 1297]
        }
      }
    }
  }
},
"2021-07-19 05:00:42.672 +0000" : {
  "main_scheduler" : {
    "bqs" : {
      "00030" : {
        "mmconts" : [335, 335, 335],
        "acts" : [29, 28],
        "tstate" : { "idle" : 997393, "run" : 3091, "locked" : 0, "mmap" : 0 }
      },
      "00031" : {
        "mmconts" : [62, 62, 63],
        "acts" : [1, 0],
        "tstate" : { "idle" : 999777, "run" : 685, "locked" : 0, "mmap" : 18 }
      },
      "00032" : {
        "mmconts" : [57, 67, 79],
        "acts" : [24, 23],
        "tstate" : { "idle" : 996459, "run" : 3563, "locked" : 0, "mmap" : 457 }
      }
    }
  },
  "benchmark_io" : {
    "simple_times" : {
      "mcount" : {
        "mcount" : { "10000 --" : 23 }
      }
    },
    "stream_method" : {
      "conns" : [0, 0],
      "in" : [0, 0],
      "out" : [0, 0],
      "mmtasks" : [245, 247, 250],
      "load" : 0.000,
      "mcount" : {
        "mcount" : { "Connection timed out" : 23 }
      },
      "http_proto0" : {
        "mcount" : {
          "mcount" : { }
        }
      },
      "source_log" : {
        "delta" : [0, 0, 0]
      },
      "loggers" : {
        "brief_logger" : {
          "records" : [23, 22],
          "out" : [1357, 1356]
        }
      }
    }
  }
},
"2021-07-19 05:00:43.671 +0000" : {
  "main_scheduler" : {
    "bqs" : {
      "00030" : {
        "mmconts" : [335, 335, 335],
        "acts" : [29, 29],
        "tstate" : { "idle" : 997054, "run" : 2573, "locked" : 0, "mmap" : 0 }
      },
      "00031" : {
        "mmconts" : [62, 62, 62],
        "acts" : [0, 0],
        "tstate" : { "idle" : 999142, "run" : 485, "locked" : 0, "mmap" : 0 }
      },
      "00032" : {
        "mmconts" : [34, 45, 57],
        "acts" : [25, 25],
        "tstate" : { "idle" : 996339, "run" : 2925, "locked" : 0, "mmap" : 363 }
      }
    }
  },
  "benchmark_io" : {
    "simple_times" : {
      "mcount" : {
        "mcount" : { "10000 --" : 23 }
      }
    },
    "stream_method" : {
      "conns" : [0, 0],
      "in" : [0, 0],
      "out" : [0, 0],
      "mmtasks" : [250, 252, 255],
      "load" : 0.000,
      "mcount" : {
        "mcount" : { "Connection timed out" : 23 }
      },
      "http_proto0" : {
        "mcount" : {
          "mcount" : { }
        }
      },
      "source_log" : {
        "delta" : [0, 0, 0]
      },
      "loggers" : {
        "brief_logger" : {
          "records" : [23, 23],
          "out" : [1357, 1357]
        }
      }
    }
  }
},
"2021-07-19 05:00:44.671 +0000" : {
  "main_scheduler" : {
    "bqs" : {
      "00030" : {
        "mmconts" : [335, 335, 335],
        "acts" : [30, 30],
        "tstate" : { "idle" : 996573, "run" : 3124, "locked" : 0, "mmap" : 0 }
      },
      "00031" : {
        "mmconts" : [60, 61, 62],
        "acts" : [2, 2],
        "tstate" : { "idle" : 998815, "run" : 847, "locked" : 0, "mmap" : 35 }
      },
      "00032" : {
        "mmconts" : [12, 23, 34],
        "acts" : [24, 24],
        "tstate" : { "idle" : 995795, "run" : 3482, "locked" : 0, "mmap" : 420 }
      }
    }
  },
  "benchmark_io" : {
    "simple_times" : {
      "mcount" : {
        "mcount" : { "10000 --" : 24 }
      }
    },
    "stream_method" : {
      "conns" : [0, 0],
      "in" : [0, 0],
      "out" : [0, 0],
      "mmtasks" : [254, 256, 259],
      "load" : 0.000,
      "mcount" : {
        "mcount" : { "Connection timed out" : 24 }
      },
      "http_proto0" : {
        "mcount" : {
          "mcount" : { }
        }
      },
      "source_log" : {
        "delta" : [0, 0, 0]
      },
      "loggers" : {
        "brief_logger" : {
          "records" : [24, 24],
          "out" : [1416, 1416]
        }
      }
    }
  }
},
"2021-07-19 05:00:45.671 +0000" : {
  "main_scheduler" : {
    "bqs" : {
      "00030" : {
        "mmconts" : [316, 327, 335],
        "acts" : [49, 48],
        "tstate" : { "idle" : 994116, "run" : 5543, "locked" : 0, "mmap" : 367 }
      },
      "00031" : {
        "mmconts" : [55, 56, 60],
        "acts" : [5, 4],
        "tstate" : { "idle" : 998592, "run" : 1324, "locked" : 0, "mmap" : 110 }
      },
      "00032" : {
        "mmconts" : [12, 12, 12],
        "acts" : [2, 1],
        "tstate" : { "idle" : 999418, "run" : 608, "locked" : 0, "mmap" : 0 }
      }
    }
  },
  "benchmark_io" : {
    "simple_times" : {
      "mcount" : {
        "mcount" : { "10000 --" : 24 }
      }
    },
    "stream_method" : {
      "conns" : [0, 0],
      "in" : [0, 0],
      "out" : [0, 0],
      "mmtasks" : [258, 260, 263],
      "load" : 0.000,
      "mcount" : {
        "mcount" : { "Connection timed out" : 24 }
      },
      "http_proto0" : {
        "mcount" : {
          "mcount" : { }
        }
      },
      "source_log" : {
        "delta" : [0, 0, 0]
      },
      "loggers" : {
        "brief_logger" : {
          "records" : [24, 23],
          "out" : [1416, 1415]
        }
      }
    }
  }
},
"2021-07-19 05:00:46.672 +0000" : {
  "main_scheduler" : {
    "bqs" : {
      "00030" : {
        "mmconts" : [294, 305, 316],
        "acts" : [53, 52],
        "tstate" : { "idle" : 994521, "run" : 5974, "locked" : 0, "mmap" : 441 }
      },
      "00031" : {
        "mmconts" : [53, 54, 55],
        "acts" : [2, 1],
        "tstate" : { "idle" : 999948, "run" : 946, "locked" : 0, "mmap" : 42 }
      },
      "00032" : {
        "mmconts" : [12, 12, 12],
        "acts" : [2, 1],
        "tstate" : { "idle" : 1000305, "run" : 631, "locked" : 0, "mmap" : 0 }
      }
    }
  },
  "benchmark_io" : {
    "simple_times" : {
      "mcount" : {
        "mcount" : { "10000 --" : 24 }
      }
    },
    "stream_method" : {
      "conns" : [0, 0],
      "in" : [0, 0],
      "out" : [0, 0],
      "mmtasks" : [262, 264, 267],
      "load" : 0.000,
      "mcount" : {
        "mcount" : { "Connection timed out" : 24 }
      },
      "http_proto0" : {
        "mcount" : {
          "mcount" : { }
        }
      },
      "source_log" : {
        "delta" : [0, 0, 0]
      },
      "loggers" : {
        "brief_logger" : {
          "records" : [24, 23],
          "out" : [1416, 1414]
        }
      }
    }
  }
},
"2021-07-19 05:00:47.671 +0000" : {
  "main_scheduler" : {
    "bqs" : {
      "00030" : {
        "mmconts" : [270, 282, 294],
        "acts" : [53, 53],
        "tstate" : { "idle" : 992808, "run" : 6096, "locked" : 0, "mmap" : 450 }
      },
      "00031" : {
        "mmconts" : [52, 52, 53],
        "acts" : [1, 1],
        "tstate" : { "idle" : 998613, "run" : 721, "locked" : 0, "mmap" : 19 }
      },
      "00032" : {
        "mmconts" : [12, 12, 12],
        "acts" : [4, 4],
        "tstate" : { "idle" : 998337, "run" : 1016, "locked" : 0, "mmap" : 0 }
      }
    }
  },
  "benchmark_io" : {
    "simple_times" : {
      "mcount" : {
        "mcount" : { "10000 --" : 25 }
      }
    },
    "stream_method" : {
      "conns" : [0, 0],
      "in" : [0, 0],
      "out" : [0, 0],
      "mmtasks" : [266, 268, 271],
      "load" : 0.000,
      "mcount" : {
        "mcount" : { "Connection timed out" : 25 }
      },
      "http_proto0" : {
        "mcount" : {
          "mcount" : { }
        }
      },
      "source_log" : {
        "delta" : [0, 0, 0]
      },
      "loggers" : {
        "brief_logger" : {
          "records" : [25, 25],
          "out" : [1475, 1475]
        }
      }
    }
  }
},
"2021-07-19 05:00:48.672 +0000" : {
  "main_scheduler" : {
    "bqs" : {
      "00030" : {
        "mmconts" : [246, 258, 270],
        "acts" : [26, 25],
        "tstate" : { "idle" : 996021, "run" : 3652, "locked" : 0, "mmap" : 468 }
      },
      "00031" : {
        "mmconts" : [51, 51, 52],
        "acts" : [22, 21],
        "tstate" : { "idle" : 997611, "run" : 2510, "locked" : 0, "mmap" : 20 }
      },
      "00032" : {
        "mmconts" : [12, 12, 12],
        "acts" : [10, 9],
        "tstate" : { "idle" : 998463, "run" : 1678, "locked" : 0, "mmap" : 0 }
      }
    }
  },
  "benchmark_io" : {
    "simple_times" : {
      "mcount" : {
        "mcount" : { "10000 --" : 25 }
      }
    },
    "stream_method" : {
      "conns" : [0, 0],
      "in" : [0, 0],
      "out" : [0, 0],
      "mmtasks" : [271, 272, 275],
      "load" : 0.000,
      "mcount" : {
        "mcount" : { "Connection timed out" : 25 }
      },
      "http_proto0" : {
        "mcount" : {
          "mcount" : { }
        }
      },
      "source_log" : {
        "delta" : [0, 0, 0]
      },
      "loggers" : {
        "brief_logger" : {
          "records" : [25, 24],
          "out" : [1475, 1474]
        }
      }
    }
  }
},
"2021-07-19 05:00:49.672 +0000" : {
  "main_scheduler" : {
    "bqs" : {
      "00030" : {
        "mmconts" : [220, 233, 246],
        "acts" : [28, 27],
        "tstate" : { "idle" : 996033, "run" : 3921, "locked" : 0, "mmap" : 497 }
      },
      "00031" : {
        "mmconts" : [51, 51, 51],
        "acts" : [29, 28],
        "tstate" : { "idle" : 997170, "run" : 3282, "locked" : 0, "mmap" : 0 }
      },
      "00032" : {
        "mmconts" : [12, 12, 12],
        "acts" : [2, 1],
        "tstate" : { "idle" : 999803, "run" : 649, "locked" : 0, "mmap" : 0 }
      }
    }
  },
  "benchmark_io" : {
    "simple_times" : {
      "mcount" : {
        "mcount" : { "10000 --" : 26 }
      }
    },
    "stream_method" : {
      "conns" : [0, 0],
      "in" : [0, 0],
      "out" : [0, 0],
      "mmtasks" : [275, 277, 280],
      "load" : 0.000,
      "mcount" : {
        "mcount" : { "Connection timed out" : 26 }
      },
      "http_proto0" : {
        "mcount" : {
          "mcount" : { }
        }
      },
      "source_log" : {
        "delta" : [0, 0, 0]
      },
      "loggers" : {
        "brief_logger" : {
          "records" : [26, 25],
          "out" : [1534, 1533]
        }
      }
    }
  }
},
"2021-07-19 05:00:50.672 +0000" : {
  "main_scheduler" : {
    "bqs" : {
      "00030" : {
        "mmconts" : [194, 207, 220],
        "acts" : [28, 28],
        "tstate" : { "idle" : 995386, "run" : 3937, "locked" : 0, "mmap" : 497 }
      },
      "00031" : {
        "mmconts" : [51, 51, 51],
        "acts" : [0, 0],
        "tstate" : { "idle" : 999222, "run" : 598, "locked" : 0, "mmap" : 0 }
      },
      "00032" : {
        "mmconts" : [12, 12, 12],
        "acts" : [2, 2],
        "tstate" : { "idle" : 999171, "run" : 649, "locked" : 0, "mmap" : 0 }
      }
    }
  },
  "benchmark_io" : {
    "simple_times" : {
      "mcount" : {
        "mcount" : { "10000 --" : 26 }
      }
    },
    "stream_method" : {
      "conns" : [0, 0],
      "in" : [0, 0],
      "out" : [0, 0],
      "mmtasks" : [252, 265, 278],
      "load" : 0.000,
      "mcount" : {
        "mcount" : { "Connection timed out" : 26 }
      },
      "http_proto0" : {
        "mcount" : {
          "mcount" : { }
        }
      },
      "source_log" : {
        "delta" : [0, 0, 0]
      },
      "loggers" : {
        "brief_logger" : {
          "records" : [26, 26],
          "out" : [1534, 1534]
        }
      }
    }
  }
},
"2021-07-19 05:00:51.671 +0000" : {
  "main_scheduler" : {
    "bqs" : {
      "00030" : {
        "mmconts" : [168, 181, 194],
        "acts" : [28, 28],
        "tstate" : { "idle" : 995086, "run" : 3813, "locked" : 0, "mmap" : 489 }
      },
      "00031" : {
        "mmconts" : [51, 51, 51],
        "acts" : [0, 0],
        "tstate" : { "idle" : 998820, "run" : 568, "locked" : 0, "mmap" : 0 }
      },
      "00032" : {
        "mmconts" : [12, 12, 12],
        "acts" : [2, 2],
        "tstate" : { "idle" : 998700, "run" : 688, "locked" : 0, "mmap" : 0 }
      }
    }
  },
  "benchmark_io" : {
    "simple_times" : {
      "mcount" : {
        "mcount" : { "10000 --" : 26 }
      }
    },
    "stream_method" : {
      "conns" : [0, 0],
      "in" : [0, 0],
      "out" : [0, 0],
      "mmtasks" : [226, 239, 252],
      "load" : 0.000,
      "mcount" : {
        "mcount" : { "Connection timed out" : 26 }
      },
      "http_proto0" : {
        "mcount" : {
          "mcount" : { }
        }
      },
      "source_log" : {
        "delta" : [0, 0, 0]
      },
      "loggers" : {
        "brief_logger" : {
          "records" : [26, 26],
          "out" : [1534, 1534]
        }
      }
    }
  }
},
"2021-07-19 05:00:52.672 +0000" : {
  "main_scheduler" : {
    "bqs" : {
      "00030" : {
        "mmconts" : [141, 154, 168],
        "acts" : [29, 28],
        "tstate" : { "idle" : 996194, "run" : 3929, "locked" : 0, "mmap" : 495 }
      },
      "00031" : {
        "mmconts" : [51, 51, 51],
        "acts" : [0, 0],
        "tstate" : { "idle" : 1000067, "run" : 550, "locked" : 0, "mmap" : 0 }
      },
      "00032" : {
        "mmconts" : [12, 12, 12],
        "acts" : [2, 1],
        "tstate" : { "idle" : 999996, "run" : 621, "locked" : 0, "mmap" : 0 }
      }
    }
  },
  "benchmark_io" : {
    "simple_times" : {
      "mcount" : {
        "mcount" : { "10000 --" : 27 }
      }
    },
    "stream_method" : {
      "conns" : [0, 0],
      "in" : [0, 0],
      "out" : [0, 0],
      "mmtasks" : [199, 212, 226],
      "load" : 0.000,
      "mcount" : {
        "mcount" : { "Connection timed out" : 27 }
      },
      "http_proto0" : {
        "mcount" : {
          "mcount" : { }
        }
      },
      "source_log" : {
        "delta" : [0, 0, 0]
      },
      "loggers" : {
        "brief_logger" : {
          "records" : [27, 26],
          "out" : [1593, 1591]
        }
      }
    }
  }
},
"2021-07-19 05:00:53.672 +0000" : {
  "main_scheduler" : {
    "bqs" : {
      "00030" : {
        "mmconts" : [114, 127, 141],
        "acts" : [29, 29],
        "tstate" : { "idle" : 996214, "run" : 3372, "locked" : 0, "mmap" : 412 }
      },
      "00031" : {
        "mmconts" : [51, 51, 51],
        "acts" : [0, 0],
        "tstate" : { "idle" : 999614, "run" : 385, "locked" : 0, "mmap" : 0 }
      },
      "00032" : {
        "mmconts" : [12, 12, 12],
        "acts" : [2, 2],
        "tstate" : { "idle" : 999444, "run" : 555, "locked" : 0, "mmap" : 0 }
      }
    }
  },
  "benchmark_io" : {
    "simple_times" : {
      "mcount" : {
        "mcount" : { "10000 --" : 27 }
      }
    },
    "stream_method" : {
      "conns" : [0, 0],
      "in" : [0, 0],
      "out" : [0, 0],
      "mmtasks" : [172, 185, 199],
      "load" : 0.000,
      "mcount" : {
        "mcount" : { "Connection timed out" : 27 }
      },
      "http_proto0" : {
        "mcount" : {
          "mcount" : { }
        }
      },
      "source_log" : {
        "delta" : [0, 0, 0]
      },
      "loggers" : {
        "brief_logger" : {
          "records" : [27, 27],
          "out" : [1593, 1593]
        }
      }
    }
  }
},
"2021-07-19 05:00:54.672 +0000" : {
  "main_scheduler" : {
    "bqs" : {
      "00030" : {
        "mmconts" : [86, 99, 114],
        "acts" : [30, 29],
        "tstate" : { "idle" : 995576, "run" : 4132, "locked" : 0, "mmap" : 528 }
      },
      "00031" : {
        "mmconts" : [51, 51, 51],
        "acts" : [0, 0],
        "tstate" : { "idle" : 999667, "run" : 569, "locked" : 0, "mmap" : 0 }
      },
      "00032" : {
        "mmconts" : [12, 12, 12],
        "acts" : [2, 1],
        "tstate" : { "idle" : 999565, "run" : 671, "locked" : 0, "mmap" : 0 }
      }
    }
  },
  "benchmark_io" : {
    "simple_times" : {
      "mcount" : {
        "mcount" : { "10000 --" : 28 }
      }
    },
    "stream_method" : {
      "conns" : [0, 0],
      "in" : [0, 0],
      "out" : [0, 0],
      "mmtasks" : [144, 157, 172],
      "load" : 0.000,
      "mcount" : {
        "mcount" : { "Connection timed out" : 28 }
      },
      "http_proto0" : {
        "mcount" : {
          "mcount" : { }
        }
      },
      "source_log" : {
        "delta" : [0, 0, 0]
      },
      "loggers" : {
        "brief_logger" : {
          "records" : [28, 27],
          "out" : [1652, 1651]
        }
      }
    }
  }
},
"2021-07-19 05:00:55.672 +0000" : {
  "main_scheduler" : {
    "bqs" : {
      "00030" : {
        "mmconts" : [58, 72, 86],
        "acts" : [30, 30],
        "tstate" : { "idle" : 995189, "run" : 4026, "locked" : 0, "mmap" : 682 }
      },
      "00031" : {
        "mmconts" : [51, 51, 51],
        "acts" : [0, 0],
        "tstate" : { "idle" : 999342, "run" : 555, "locked" : 0, "mmap" : 0 }
      },
      "00032" : {
        "mmconts" : [12, 12, 12],
        "acts" : [2, 2],
        "tstate" : { "idle" : 999275, "run" : 622, "locked" : 0, "mmap" : 0 }
      }
    }
  },
  "benchmark_io" : {
    "simple_times" : {
      "mcount" : {
        "mcount" : { "10000 --" : 28 }
      }
    },
    "stream_method" : {
      "conns" : [0, 0],
      "in" : [0, 0],
      "out" : [0, 0],
      "mmtasks" : [116, 130, 144],
      "load" : 0.000,
      "mcount" : {
        "mcount" : { "Connection timed out" : 28 }
      },
      "http_proto0" : {
        "mcount" : {
          "mcount" : { }
        }
      },
      "source_log" : {
        "delta" : [0, 0, 0]
      },
      "loggers" : {
        "brief_logger" : {
          "records" : [28, 28],
          "out" : [1652, 1652]
        }
      }
    }
  }
},
"2021-07-19 05:00:56.672 +0000" : {
  "main_scheduler" : {
    "bqs" : {
      "00030" : {
        "mmconts" : [29, 43, 58],
        "acts" : [31, 31],
        "tstate" : { "idle" : 994980, "run" : 4295, "locked" : 0, "mmap" : 528 }
      },
      "00031" : {
        "mmconts" : [51, 51, 51],
        "acts" : [0, 0],
        "tstate" : { "idle" : 999214, "run" : 589, "locked" : 0, "mmap" : 0 }
      },
      "00032" : {
        "mmconts" : [12, 12, 12],
        "acts" : [2, 2],
        "tstate" : { "idle" : 999171, "run" : 632, "locked" : 0, "mmap" : 0 }
      }
    }
  },
  "benchmark_io" : {
    "simple_times" : {
      "mcount" : {
        "mcount" : { "10000 --" : 29 }
      }
    },
    "stream_method" : {
      "conns" : [0, 0],
      "in" : [0, 0],
      "out" : [0, 0],
      "mmtasks" : [87, 101, 116],
      "load" : 0.000,
      "mcount" : {
        "mcount" : { "Connection timed out" : 29 }
      },
      "http_proto0" : {
        "mcount" : {
          "mcount" : { }
        }
      },
      "source_log" : {
        "delta" : [0, 0, 0]
      },
      "loggers" : {
        "brief_logger" : {
          "records" : [29, 29],
          "out" : [1711, 1711]
        }
      }
    }
  }
},
"2021-07-19 05:00:57.672 +0000" : {
  "main_scheduler" : {
    "bqs" : {
      "00030" : {
        "mmconts" : [2, 14, 29],
        "acts" : [29, 28],
        "tstate" : { "idle" : 995433, "run" : 4010, "locked" : 0, "mmap" : 673 }
      },
      "00031" : {
        "mmconts" : [51, 51, 51],
        "acts" : [0, 0],
        "tstate" : { "idle" : 999596, "run" : 520, "locked" : 0, "mmap" : 0 }
      },
      "00032" : {
        "mmconts" : [10, 11, 12],
        "acts" : [4, 3],
        "tstate" : { "idle" : 999231, "run" : 852, "locked" : 0, "mmap" : 33 }
      }
    }
  },
  "benchmark_io" : {
    "simple_times" : {
      "mcount" : {
        "mcount" : { "10000 --" : 29 }
      }
    },
    "stream_method" : {
      "conns" : [0, 0],
      "in" : [0, 0],
      "out" : [0, 0],
      "mmtasks" : [58, 72, 87],
      "load" : 0.000,
      "mcount" : {
        "mcount" : { "Connection timed out" : 29 }
      },
      "http_proto0" : {
        "mcount" : {
          "mcount" : { }
        }
      },
      "source_log" : {
        "delta" : [0, 0, 0]
      },
      "loggers" : {
        "brief_logger" : {
          "records" : [29, 28],
          "out" : [1711, 1710]
        }
      }
    }
  }
},
"2021-07-19 05:00:58.672 +0000" : {
  "main_scheduler" : {
    "bqs" : {
      "00030" : {
        "mmconts" : [2, 2, 2],
        "acts" : [2, 1],
        "tstate" : { "idle" : 999536, "run" : 625, "locked" : 0, "mmap" : 0 }
      },
      "00031" : {
        "mmconts" : [30, 43, 51],
        "acts" : [21, 20],
        "tstate" : { "idle" : 996445, "run" : 3309, "locked" : 0, "mmap" : 408 }
      },
      "00032" : {
        "mmconts" : [2, 3, 10],
        "acts" : [10, 9],
        "tstate" : { "idle" : 998414, "run" : 1610, "locked" : 0, "mmap" : 139 }
      }
    }
  },
  "benchmark_io" : {
    "simple_times" : {
      "mcount" : {
        "mcount" : { "10000 --" : 29 }
      }
    },
    "stream_method" : {
      "conns" : [0, 0],
      "in" : [0, 0],
      "out" : [0, 0],
      "mmtasks" : [29, 43, 58],
      "load" : 0.000,
      "mcount" : {
        "mcount" : { "Connection timed out" : 29 }
      },
      "http_proto0" : {
        "mcount" : {
          "mcount" : { }
        }
      },
      "source_log" : {
        "delta" : [0, 0, 0]
      },
      "loggers" : {
        "brief_logger" : {
          "records" : [29, 28],
          "out" : [1711, 1710]
        }
      }
    }
  }
},
"2021-07-19 05:00:59.630 +0000" : {
  "main_scheduler" : {
    "bqs" : {
      "00030" : {
        "mmconts" : [2, 2, 2],
        "acts" : [2, 2],
        "tstate" : { "idle" : 957182, "run" : 509, "locked" : 0, "mmap" : 0 }
      },
      "00031" : {
        "mmconts" : [0, 15, 30],
        "acts" : [30, 31],
        "tstate" : { "idle" : 953117, "run" : 4003, "locked" : 0, "mmap" : 572 }
      },
      "00032" : {
        "mmconts" : [2, 2, 2],
        "acts" : [1, 1],
        "tstate" : { "idle" : 957091, "run" : 602, "locked" : 0, "mmap" : 0 }
      }
    }
  },
  "benchmark_io" : {
    "simple_times" : {
      "mcount" : {
        "mcount" : { "10000 --" : 29 }
      }
    },
    "stream_method" : {
      "conns" : [0, 0],
      "in" : [0, 0],
      "out" : [0, 0],
      "mmtasks" : [0, 14, 29],
      "load" : 0.000,
      "mcount" : {
        "mcount" : { "Connection timed out" : 29 }
      },
      "http_proto0" : {
        "mcount" : {
          "mcount" : { }
        }
      },
      "source_log" : {
        "delta" : [0, 0, 0]
      },
      "loggers" : {
        "brief_logger" : {
          "records" : [29, 30],
          "out" : [1711, 1786]
        }
      }
    }
  }
}