2021-07-19 04:59:49.663 +0000 [info] [] Start
2021-07-19 04:59:55.251 +0000 [error] [benchmark_io 081] SSL_connect: Connection timed out
2021-07-19 04:59:59.932 +0000 [error] [benchmark_io 045] SSL_read: Connection reset by peer
2021-07-19 05:00:00.014 +0000 [error] [benchmark_io 039] SSL_read: Connection reset by peer
2021-07-19 05:00:00.245 +0000 [error] [benchmark_io 066] SSL_read: Connection reset by peer
2021-07-19 05:00:00.348 +0000 [error] [benchmark_io 009] SSL_read: Connection timed out
2021-07-19 05:00:00.396 +0000 [error] [benchmark_io 072] SSL_read: Connection reset by peer
2021-07-19 05:00:00.743 +0000 [error] [benchmark_io 054] SSL_read: Connection reset by peer
2021-07-19 05:00:01.029 +0000 [error] [benchmark_io 036] SSL_read: Connection reset by peer
2021-07-19 05:00:01.041 +0000 [error] [benchmark_io 069] SSL_read: Connection reset by peer
2021-07-19 05:00:01.081 +0000 [error] [benchmark_io 021] SSL_read: Connection timed out
2021-07-19 05:00:01.609 +0000 [error] [benchmark_io 075] SSL_read: Connection reset by peer
2021-07-19 05:00:01.622 +0000 [error] [benchmark_io 030] SSL_read: Connection timed out
2021-07-19 05:00:02.043 +0000 [error] [benchmark_io 063] SSL_read: Connection reset by peer
2021-07-19 05:00:02.060 +0000 [error] [benchmark_io 078] SSL_read: Connection reset by peer
2021-07-19 05:00:02.618 +0000 [error] [benchmark_io 048] SSL_read: Connection timed out
2021-07-19 05:00:03.253 +0000 [error] [benchmark_io 060] SSL_read: Connection timed out
2021-07-19 05:00:04.350 +0000 [error] [benchmark_io 084] connect: Connection timed out
2021-07-19 05:00:04.492 +0000 [error] [benchmark_io 087] connect: Connection timed out
2021-07-19 05:00:04.634 +0000 [error] [benchmark_io 090] connect: Connection timed out
2021-07-19 05:00:04.775 +0000 [error] [benchmark_io 093] connect: Connection timed out
2021-07-19 05:00:04.916 +0000 [error] [benchmark_io 096] connect: Connection timed out
2021-07-19 05:00:05.053 +0000 [error] [benchmark_io 099] connect: Connection timed out
2021-07-19 05:00:05.191 +0000 [error] [benchmark_io 102] connect: Connection timed out
2021-07-19 05:00:05.328 +0000 [error] [benchmark_io 105] connect: Connection timed out
2021-07-19 05:00:05.463 +0000 [error] [benchmark_io 108] connect: Connection timed out
2021-07-19 05:00:05.598 +0000 [error] [benchmark_io 111] connect: Connection timed out
2021-07-19 05:00:05.730 +0000 [error] [benchmark_io 114] connect: Connection timed out
2021-07-19 05:00:05.862 +0000 [error] [benchmark_io 117] connect: Connection timed out
2021-07-19 05:00:05.995 +0000 [error] [benchmark_io 120] connect: Connection timed out
2021-07-19 05:00:06.124 +0000 [error] [benchmark_io 123] connect: Connection timed out
2021-07-19 05:00:06.255 +0000 [error] [benchmark_io 126] connect: Connection timed out
2021-07-19 05:00:06.382 +0000 [error] [benchmark_io 129] connect: Connection timed out
2021-07-19 05:00:06.510 +0000 [error] [benchmark_io 132] connect: Connection timed out
2021-07-19 05:00:06.638 +0000 [error] [benchmark_io 135] connect: Connection timed out
2021-07-19 05:00:06.763 +0000 [error] [benchmark_io 138] connect: Connection timed out
2021-07-19 05:00:06.889 +0000 [error] [benchmark_io 141] connect: Connection timed out
2021-07-19 05:00:07.014 +0000 [error] [benchmark_io 144] connect: Connection timed out
2021-07-19 05:00:07.137 +0000 [error] [benchmark_io 147] connect: Connection timed out
2021-07-19 05:00:07.260 +0000 [error] [benchmark_io 150] connect: Connection timed out
2021-07-19 05:00:07.260 +0000 [error] [benchmark_io 150] format error
2021-07-19 05:00:07.383 +0000 [error] [benchmark_io 153] connect: Connection timed out
2021-07-19 05:00:07.503 +0000 [error] [benchmark_io 156] connect: Connection timed out
2021-07-19 05:00:07.624 +0000 [error] [benchmark_io 159] connect: Connection timed out
2021-07-19 05:00:07.743 +0000 [error] [benchmark_io 162] connect: Connection timed out
2021-07-19 05:00:07.863 +0000 [error] [benchmark_io 165] connect: Connection timed out
2021-07-19 05:00:07.981 +0000 [error] [benchmark_io 168] connect: Connection timed out
2021-07-19 05:00:08.099 +0000 [error] [benchmark_io 171] connect: Connection timed out
2021-07-19 05:00:08.216 +0000 [error] [benchmark_io 174] connect: Connection timed out
2021-07-19 05:00:08.332 +0000 [error] [benchmark_io 177] connect: Connection timed out
2021-07-19 05:00:08.464 +0000 [error] [benchmark_io 180] connect: Connection timed out
2021-07-19 05:00:08.563 +0000 [error] [benchmark_io 183] connect: Connection timed out
2021-07-19 05:00:08.678 +0000 [error] [benchmark_io 186] connect: Connection timed out
2021-07-19 05:00:08.793 +0000 [error] [benchmark_io 189] connect: Connection timed out
2021-07-19 05:00:08.906 +0000 [error] [benchmark_io 192] connect: Connection timed out
2021-07-19 05:00:09.018 +0000 [error] [benchmark_io 195] connect: Connection timed out
2021-07-19 05:00:09.130 +0000 [error] [benchmark_io 198] connect: Connection timed out
2021-07-19 05:00:09.242 +0000 [error] [benchmark_io 201] connect: Connection timed out
2021-07-19 05:00:09.355 +0000 [error] [benchmark_io 204] connect: Connection timed out
2021-07-19 05:00:09.464 +0000 [error] [benchmark_io 207] connect: Connection timed out
2021-07-19 05:00:09.573 +0000 [error] [benchmark_io 210] connect: Connection timed out
2021-07-19 05:00:09.682 +0000 [error] [benchmark_io 213] connect: Connection timed out
2021-07-19 05:00:09.791 +0000 [error] [benchmark_io 216] connect: Connection timed out
2021-07-19 05:00:09.899 +0000 [error] [benchmark_io 219] connect: Connection timed out
2021-07-19 05:00:10.006 +0000 [error] [benchmark_io 222] connect: Connection timed out
2021-07-19 05:00:10.114 +0000 [error] [benchmark_io 225] connect: Connection timed out
2021-07-19 05:00:10.221 +0000 [error] [benchmark_io 228] connect: Connection timed out
2021-07-19 05:00:10.327 +0000 [error] [benchmark_io 231] connect: Connection timed out
2021-07-19 05:00:10.432 +0000 [error] [benchmark_io 234] connect: Connection timed out
2021-07-19 05:00:10.537 +0000 [error] [benchmark_io 237] connect: Connection timed out
2021-07-19 05:00:10.642 +0000 [error] [benchmark_io 240] connect: Connection timed out
2021-07-19 05:00:10.746 +0000 [error] [benchmark_io 243] connect: Connection timed out
2021-07-19 05:00:10.851 +0000 [error] [benchmark_io 246] connect: Connection timed out
2021-07-19 05:00:10.954 +0000 [error] [benchmark_io 249] connect: Connection timed out
2021-07-19 05:00:11.055 +0000 [error] [benchmark_io 252] connect: Connection timed out
2021-07-19 05:00:11.158 +0000 [error] [benchmark_io 255] connect: Connection timed out
2021-07-19 05:00:11.261 +0000 [error] [benchmark_io 258] connect: Connection timed out
2021-07-19 05:00:11.363 +0000 [error] [benchmark_io 261] connect: Connection timed out
2021-07-19 05:00:11.463 +0000 [error] [benchmark_io 264] connect: Connection timed out
2021-07-19 05:00:11.563 +0000 [error] [benchmark_io 267] connect: Connection timed out
2021-07-19 05:00:11.664 +0000 [error] [benchmark_io 270] connect: Connection timed out
2021-07-19 05:00:11.763 +0000 [error] [benchmark_io 273] connect: Connection timed out
2021-07-19 05:00:11.864 +0000 [error] [benchmark_io 276] connect: Connection timed out
2021-07-19 05:00:11.962 +0000 [error] [benchmark_io 279] connect: Connection timed out
2021-07-19 05:00:12.060 +0000 [error] [benchmark_io 282] connect: Connection timed out
2021-07-19 05:00:12.159 +0000 [error] [benchmark_io 285] connect: Connection timed out
2021-07-19 05:00:12.257 +0000 [error] [benchmark_io 288] connect: Connection timed out
2021-07-19 05:00:12.354 +0000 [error] [benchmark_io 291] connect: Connection timed out
2021-07-19 05:00:12.451 +0000 [error] [benchmark_io 294] connect: Connection timed out
2021-07-19 05:00:12.547 +0000 [error] [benchmark_io 297] connect: Connection timed out
2021-07-19 05:00:12.644 +0000 [error] [benchmark_io 300] connect: Connection timed out
2021-07-19 05:00:12.739 +0000 [error] [benchmark_io 303] connect: Connection timed out
2021-07-19 05:00:12.835 +0000 [error] [benchmark_io 306] connect: Connection timed out
2021-07-19 05:00:12.931 +0000 [error] [benchmark_io 309] connect: Connection timed out
2021-07-19 05:00:13.026 +0000 [error] [benchmark_io 312] connect: Connection timed out
2021-07-19 05:00:13.120 +0000 [error] [benchmark_io 315] connect: Connection timed out
2021-07-19 05:00:13.214 +0000 [error] [benchmark_io 318] connect: Connection timed out
2021-07-19 05:00:13.308 +0000 [error] [benchmark_io 321] connect: Connection timed out
2021-07-19 05:00:13.402 +0000 [error] [benchmark_io 324] connect: Connection timed out
2021-07-19 05:00:13.495 +0000 [error] [benchmark_io 327] connect: Connection timed out
2021-07-19 05:00:13.586 +0000 [error] [benchmark_io 330] connect: Connection timed out
2021-07-19 05:00:13.679 +0000 [error] [benchmark_io 333] connect: Connection timed out
2021-07-19 05:00:13.771 +0000 [error] [benchmark_io 336] connect: Connection timed out
2021-07-19 05:00:13.863 +0000 [error] [benchmark_io 339] connect: Connection timed out
2021-07-19 05:00:13.954 +0000 [error] [benchmark_io 342] connect: Connection timed out
2021-07-19 05:00:14.046 +0000 [error] [benchmark_io 345] connect: Connection timed out
2021-07-19 05:00:14.136 +0000 [error] [benchmark_io 348] connect: Connection timed out
2021-07-19 05:00:14.227 +0000 [error] [benchmark_io 351] connect: Connection timed out
2021-07-19 05:00:14.317 +0000 [error] [benchmark_io 354] connect: Connection timed out
2021-07-19 05:00:14.408 +0000 [error] [benchmark_io 357] connect: Connection timed out
2021-07-19 05:00:14.497 +0000 [error] [benchmark_io 360] connect: Connection timed out
2021-07-19 05:00:14.586 +0000 [error] [benchmark_io 363] connect: Connection timed out
2021-07-19 05:00:14.676 +0000 [error] [benchmark_io 366] connect: Connection timed out
2021-07-19 05:00:14.763 +0000 [error] [benchmark_io 369] connect: Connection timed out
2021-07-19 05:00:14.853 +0000 [error] [benchmark_io 372] connect: Connection timed out
2021-07-19 05:00:14.941 +0000 [error] [benchmark_io 375] connect: Connection timed out
2021-07-19 05:00:15.028 +0000 [error] [benchmark_io 378] connect: Connection timed out
2021-07-19 05:00:15.115 +0000 [error] [benchmark_io 381] connect: Connection timed out
2021-07-19 05:00:15.204 +0000 [error] [benchmark_io 384] connect: Connection timed out
2021-07-19 05:00:15.291 +0000 [error] [benchmark_io 387] connect: Connection timed out
2021-07-19 05:00:15.377 +0000 [error] [benchmark_io 390] connect: Connection timed out
2021-07-19 05:00:15.464 +0000 [error] [benchmark_io 393] connect: Connection timed out
2021-07-19 05:00:15.549 +0000 [error] [benchmark_io 396] connect: Connection timed out
2021-07-19 05:00:15.635 +0000 [error] [benchmark_io 399] connect: Connection timed out
2021-07-19 05:00:15.722 +0000 [error] [benchmark_io 402] connect: Connection timed out
2021-07-19 05:00:15.807 +0000 [error] [benchmark_io 405] connect: Connection timed out
2021-07-19 05:00:15.891 +0000 [error] [benchmark_io 408] connect: Connection timed out
2021-07-19 05:00:15.977 +0000 [error] [benchmark_io 411] connect: Connection timed out
2021-07-19 05:00:16.061 +0000 [error] [benchmark_io 414] connect: Connection timed out
2021-07-19 05:00:16.145 +0000 [error] [benchmark_io 417] connect: Connection timed out
2021-07-19 05:00:16.229 +0000 [error] [benchmark_io 420] connect: Connection timed out
2021-07-19 05:00:16.314 +0000 [error] [benchmark_io 423] connect: Connection timed out
2021-07-19 05:00:16.397 +0000 [error] [benchmark_io 426] connect: Connection timed out
2021-07-19 05:00:16.480 +0000 [error] [benchmark_io 429] connect: Connection timed out
2021-07-19 05:00:16.563 +0000 [error] [benchmark_io 432] connect: Connection timed out
2021-07-19 05:00:16.646 +0000 [error] [benchmark_io 435] connect: Connection timed out
2021-07-19 05:00:16.729 +0000 [error] [benchmark_io 438] connect: Connection timed out
2021-07-19 05:00:16.811 +0000 [error] [benchmark_io 441] connect: Connection timed out
2021-07-19 05:00:16.894 +0000 [error] [benchmark_io 444] connect: Connection timed out
2021-07-19 05:00:16.977 +0000 [error] [benchmark_io 447] connect: Connection timed out
2021-07-19 05:00:17.057 +0000 [error] [benchmark_io 450] connect: Connection timed out
2021-07-19 05:00:17.140 +0000 [error] [benchmark_io 453] connect: Connection timed out
2021-07-19 05:00:17.220 +0000 [error] [benchmark_io 456] connect: Connection timed out
2021-07-19 05:00:17.301 +0000 [error] [benchmark_io 459] connect: Connection timed out
2021-07-19 05:00:17.382 +0000 [error] [benchmark_io 462] connect: Connection timed out
2021-07-19 05:00:17.463 +0000 [error] [benchmark_io 465] connect: Connection timed out
2021-07-19 05:00:17.543 +0000 [error] [benchmark_io 468] connect: Connection timed out
2021-07-19 05:00:17.623 +0000 [error] [benchmark_io 471] connect: Connection timed out
2021-07-19 05:00:17.703 +0000 [error] [benchmark_io 474] connect: Connection timed out
2021-07-19 05:00:17.783 +0000 [error] [benchmark_io 477] connect: Connection timed out
2021-07-19 05:00:17.863 +0000 [error] [benchmark_io 480] connect: Connection timed out
2021-07-19 05:00:17.942 +0000 [error] [benchmark_io 483] connect: Connection timed out
2021-07-19 05:00:18.021 +0000 [error] [benchmark_io 486] connect: Connection timed out
2021-07-19 05:00:18.101 +0000 [error] [benchmark_io 489] connect: Connection timed out
2021-07-19 05:00:18.179 +0000 [error] [benchmark_io 492] connect: Connection timed out
2021-07-19 05:00:18.258 +0000 [error] [benchmark_io 495] connect: Connection timed out
2021-07-19 05:00:18.336 +0000 [error] [benchmark_io 498] connect: Connection timed out
2021-07-19 05:00:18.414 +0000 [error] [benchmark_io 501] connect: Connection timed out
2021-07-19 05:00:18.493 +0000 [error] [benchmark_io 504] connect: Connection timed out
2021-07-19 05:00:18.571 +0000 [error] [benchmark_io 507] connect: Connection timed out
2021-07-19 05:00:18.647 +0000 [error] [benchmark_io 510] connect: Connection timed out
2021-07-19 05:00:18.726 +0000 [error] [benchmark_io 513] connect: Connection timed out
2021-07-19 05:00:18.802 +0000 [error] [benchmark_io 516] connect: Connection timed out
2021-07-19 05:00:18.880 +0000 [error] [benchmark_io 519] connect: Connection timed out
2021-07-19 05:00:18.956 +0000 [error] [benchmark_io 522] connect: Connection timed out
2021-07-19 05:00:19.033 +0000 [error] [benchmark_io 525] connect: Connection timed out
2021-07-19 05:00:19.109 +0000 [error] [benchmark_io 528] connect: Connection timed out
2021-07-19 05:00:19.186 +0000 [error] [benchmark_io 531] connect: Connection timed out
2021-07-19 05:00:19.262 +0000 [error] [benchmark_io 534] connect: Connection timed out
2021-07-19 05:00:19.356 +0000 [error] [benchmark_io 537] connect: Connection timed out
2021-07-19 05:00:19.413 +0000 [error] [benchmark_io 540] connect: Connection timed out
2021-07-19 05:00:19.488 +0000 [error] [benchmark_io 543] connect: Connection timed out
2021-07-19 05:00:19.563 +0000 [error] [benchmark_io 546] connect: Connection timed out
2021-07-19 05:00:19.639 +0000 [error] [benchmark_io 549] connect: Connection timed out
2021-07-19 05:00:19.713 +0000 [error] [benchmark_io 552] connect: Connection timed out
2021-07-19 05:00:19.789 +0000 [error] [benchmark_io 555] connect: Connection timed out
2021-07-19 05:00:19.863 +0000 [error] [benchmark_io 558] connect: Connection timed out
2021-07-19 05:00:19.938 +0000 [error] [benchmark_io 561] connect: Connection timed out
2021-07-19 05:00:20.012 +0000 [error] [benchmark_io 564] connect: Connection timed out
2021-07-19 05:00:20.087 +0000 [error] [benchmark_io 567] connect: Connection timed out
2021-07-19 05:00:20.161 +0000 [error] [benchmark_io 570] connect: Connection timed out
2021-07-19 05:00:20.234 +0000 [error] [benchmark_io 573] connect: Connection timed out
2021-07-19 05:00:20.307 +0000 [error] [benchmark_io 576] connect: Connection timed out
2021-07-19 05:00:20.380 +0000 [error] [benchmark_io 579] connect: Connection timed out
2021-07-19 05:00:20.455 +0000 [error] [benchmark_io 582] connect: Connection timed out
2021-07-19 05:00:20.527 +0000 [error] [benchmark_io 585] connect: Connection timed out
2021-07-19 05:00:20.601 +0000 [error] [benchmark_io 588] connect: Connection timed out
2021-07-19 05:00:20.674 +0000 [error] [benchmark_io 591] connect: Connection timed out
2021-07-19 05:00:20.746 +0000 [error] [benchmark_io 594] connect: Connection timed out
2021-07-19 05:00:20.818 +0000 [error] [benchmark_io 597] connect: Connection timed out
2021-07-19 05:00:20.891 +0000 [error] [benchmark_io 600] connect: Connection timed out
2021-07-19 05:00:20.962 +0000 [error] [benchmark_io 603] connect: Connection timed out
2021-07-19 05:00:21.035 +0000 [error] [benchmark_io 606] connect: Connection timed out
2021-07-19 05:00:21.106 +0000 [error] [benchmark_io 609] connect: Connection timed out
2021-07-19 05:00:21.178 +0000 [error] [benchmark_io 612] connect: Connection timed out
2021-07-19 05:00:21.249 +0000 [error] [benchmark_io 615] connect: Connection timed out
2021-07-19 05:00:21.321 +0000 [error] [benchmark_io 618] connect: Connection timed out
2021-07-19 05:00:21.392 +0000 [error] [benchmark_io 621] connect: Connection timed out
2021-07-19 05:00:21.464 +0000 [error] [benchmark_io 624] connect: Connection timed out
2021-07-19 05:00:21.534 +0000 [error] [benchmark_io 627] connect: Connection timed out
2021-07-19 05:00:21.606 +0000 [error] [benchmark_io 630] connect: Connection timed out
2021-07-19 05:00:21.676 +0000 [error] [benchmark_io 633] connect: Connection timed out
2021-07-19 05:00:21.747 +0000 [error] [benchmark_io 636] connect: Connection timed out
2021-07-19 05:00:21.817 +0000 [error] [benchmark_io 639] connect: Connection timed out
2021-07-19 05:00:21.886 +0000 [error] [benchmark_io 642] connect: Connection timed out
2021-07-19 05:00:21.957 +0000 [error] [benchmark_io 645] connect: Connection timed out
2021-07-19 05:00:22.026 +0000 [error] [benchmark_io 648] connect: Connection timed out
2021-07-19 05:00:22.096 +0000 [error] [benchmark_io 651] connect: Connection timed out
2021-07-19 05:00:22.167 +0000 [error] [benchmark_io 654] connect: Connection timed out
2021-07-19 05:00:22.234 +0000 [error] [benchmark_io 657] connect: Connection timed out
2021-07-19 05:00:22.305 +0000 [error] [benchmark_io 660] connect: Connection timed out
2021-07-19 05:00:22.374 +0000 [error] [benchmark_io 663] connect: Connection timed out
2021-07-19 05:00:22.443 +0000 [error] [benchmark_io 666] connect: Connection timed out
2021-07-19 05:00:22.512 +0000 [error] [benchmark_io 669] connect: Connection timed out
2021-07-19 05:00:22.581 +0000 [error] [benchmark_io 672] connect: Connection timed out
2021-07-19 05:00:22.649 +0000 [error] [benchmark_io 675] connect: Connection timed out
2021-07-19 05:00:22.717 +0000 [error] [benchmark_io 678] connect: Connection timed out
2021-07-19 05:00:22.787 +0000 [error] [benchmark_io 681] connect: Connection timed out
2021-07-19 05:00:22.855 +0000 [error] [benchmark_io 684] connect: Connection timed out
2021-07-19 05:00:22.924 +0000 [error] [benchmark_io 687] connect: Connection timed out
2021-07-19 05:00:22.992 +0000 [error] [benchmark_io 690] connect: Connection timed out
2021-07-19 05:00:23.058 +0000 [error] [benchmark_io 693] connect: Connection timed out
2021-07-19 05:00:23.126 +0000 [error] [benchmark_io 696] connect: Connection timed out
2021-07-19 05:00:23.193 +0000 [error] [benchmark_io 699] connect: Connection timed out
2021-07-19 05:00:23.261 +0000 [error] [benchmark_io 702] connect: Connection timed out
2021-07-19 05:00:23.329 +0000 [error] [benchmark_io 705] connect: Connection timed out
2021-07-19 05:00:23.396 +0000 [error] [benchmark_io 708] connect: Connection timed out
2021-07-19 05:00:23.463 +0000 [error] [benchmark_io 711] connect: Connection timed out
2021-07-19 05:00:23.530 +0000 [error] [benchmark_io 714] connect: Connection timed out
2021-07-19 05:00:23.597 +0000 [error] [benchmark_io 717] connect: Connection timed out
2021-07-19 05:00:23.664 +0000 [error] [benchmark_io 720] connect: Connection timed out
2021-07-19 05:00:23.731 +0000 [error] [benchmark_io 723] connect: Connection timed out
2021-07-19 05:00:23.798 +0000 [error] [benchmark_io 726] connect: Connection timed out
2021-07-19 05:00:23.864 +0000 [error] [benchmark_io 729] connect: Connection timed out
2021-07-19 05:00:23.929 +0000 [error] [benchmark_io 732] connect: Connection timed out
2021-07-19 05:00:23.994 +0000 [error] [benchmark_io 735] connect: Connection timed out
2021-07-19 05:00:24.061 +0000 [error] [benchmark_io 738] connect: Connection timed out
2021-07-19 05:00:24.127 +0000 [error] [benchmark_io 741] connect: Connection timed out
2021-07-19 05:00:24.194 +0000 [error] [benchmark_io 744] connect: Connection timed out
2021-07-19 05:00:24.260 +0000 [error] [benchmark_io 747] connect: Connection timed out
2021-07-19 05:00:24.325 +0000 [error] [benchmark_io 750] connect: Connection timed out
2021-07-19 05:00:24.391 +0000 [error] [benchmark_io 753] connect: Connection timed out
2021-07-19 05:00:24.456 +0000 [error] [benchmark_io 756] connect: Connection timed out
2021-07-19 05:00:24.520 +0000 [error] [benchmark_io 759] connect: Connection timed out
2021-07-19 05:00:24.584 +0000 [error] [benchmark_io 762] connect: Connection timed out
2021-07-19 05:00:24.651 +0000 [error] [benchmark_io 765] connect: Connection timed out
2021-07-19 05:00:24.715 +0000 [error] [benchmark_io 768] connect: Connection timed out
2021-07-19 05:00:24.779 +0000 [error] [benchmark_io 771] connect: Connection timed out
2021-07-19 05:00:24.845 +0000 [error] [benchmark_io 774] connect: Connection timed out
2021-07-19 05:00:24.910 +0000 [error] [benchmark_io 777] connect: Connection timed out
2021-07-19 05:00:24.974 +0000 [error] [benchmark_io 780] connect: Connection timed out
2021-07-19 05:00:25.038 +0000 [error] [benchmark_io 783] connect: Connection timed out
2021-07-19 05:00:25.101 +0000 [error] [benchmark_io 786] connect: Connection timed out
2021-07-19 05:00:25.166 +0000 [error] [benchmark_io 789] connect: Connection timed out
2021-07-19 05:00:25.229 +0000 [error] [benchmark_io 792] connect: Connection timed out
2021-07-19 05:00:25.293 +0000 [error] [benchmark_io 795] connect: Connection timed out
2021-07-19 05:00:25.357 +0000 [error] [benchmark_io 798] connect: Connection timed out
2021-07-19 05:00:25.421 +0000 [error] [benchmark_io 801] connect: Connection timed out
2021-07-19 05:00:25.485 +0000 [error] [benchmark_io 804] connect: Connection timed out
2021-07-19 05:00:25.548 +0000 [error] [benchmark_io 807] connect: Connection timed out
2021-07-19 05:00:25.611 +0000 [error] [benchmark_io 810] connect: Connection timed out
2021-07-19 05:00:25.675 +0000 [error] [benchmark_io 813] connect: Connection timed out
2021-07-19 05:00:25.737 +0000 [error] [benchmark_io 816] connect: Connection timed out
2021-07-19 05:00:25.800 +0000 [error] [benchmark_io 819] connect: Connection timed out
2021-07-19 05:00:25.863 +0000 [error] [benchmark_io 822] connect: Connection timed out
2021-07-19 05:00:25.927 +0000 [error] [benchmark_io 825] connect: Connection timed out
2021-07-19 05:00:25.989 +0000 [error] [benchmark_io 828] connect: Connection timed out
2021-07-19 05:00:26.051 +0000 [error] [benchmark_io 831] connect: Connection timed out
2021-07-19 05:00:26.114 +0000 [error] [benchmark_io 834] connect: Connection timed out
2021-07-19 05:00:26.176 +0000 [error] [benchmark_io 837] connect: Connection timed out
2021-07-19 05:00:26.238 +0000 [error] [benchmark_io 840] connect: Connection timed out
2021-07-19 05:00:26.300 +0000 [error] [benchmark_io 843] connect: Connection timed out
2021-07-19 05:00:26.362 +0000 [error] [benchmark_io 846] connect: Connection timed out
2021-07-19 05:00:26.424 +0000 [error] [benchmark_io 849] connect: Connection timed out
2021-07-19 05:00:26.486 +0000 [error] [benchmark_io 852] connect: Connection timed out
2021-07-19 05:00:26.548 +0000 [error] [benchmark_io 855] connect: Connection timed out
2021-07-19 05:00:26.611 +0000 [error] [benchmark_io 858] connect: Connection timed out
2021-07-19 05:00:26.671 +0000 [error] [benchmark_io 861] connect: Connection timed out
2021-07-19 05:00:26.733 +0000 [error] [benchmark_io 864] connect: Connection timed out
2021-07-19 05:00:26.795 +0000 [error] [benchmark_io 867] connect: Connection timed out
2021-07-19 05:00:26.855 +0000 [error] [benchmark_io 870] connect: Connection timed out
2021-07-19 05:00:26.917 +0000 [error] [benchmark_io 873] connect: Connection timed out
2021-07-19 05:00:26.979 +0000 [error] [benchmark_io 876] connect: Connection timed out
2021-07-19 05:00:27.039 +0000 [error] [benchmark_io 879] connect: Connection timed out
2021-07-19 05:00:27.101 +0000 [error] [benchmark_io 882] connect: Connection timed out
2021-07-19 05:00:27.161 +0000 [error] [benchmark_io 885] connect: Connection timed out
2021-07-19 05:00:27.221 +0000 [error] [benchmark_io 888] connect: Connection timed out
2021-07-19 05:00:27.283 +0000 [error] [benchmark_io 891] connect: Connection timed out
2021-07-19 05:00:27.342 +0000 [error] [benchmark_io 894] connect: Connection timed out
2021-07-19 05:00:27.404 +0000 [error] [benchmark_io 897] connect: Connection timed out
2021-07-19 05:00:27.464 +0000 [error] [benchmark_io 900] connect: Connection timed out
2021-07-19 05:00:27.523 +0000 [error] [benchmark_io 903] connect: Connection timed out
2021-07-19 05:00:27.583 +0000 [error] [benchmark_io 906] connect: Connection timed out
2021-07-19 05:00:27.643 +0000 [error] [benchmark_io 909] connect: Connection timed out
2021-07-19 05:00:27.703 +0000 [error] [benchmark_io 912] connect: Connection timed out
2021-07-19 05:00:27.763 +0000 [error] [benchmark_io 915] connect: Connection timed out
2021-07-19 05:00:27.823 +0000 [error] [benchmark_io 918] connect: Connection timed out
2021-07-19 05:00:27.883 +0000 [error] [benchmark_io 921] connect: Connection timed out
2021-07-19 05:00:27.944 +0000 [error] [benchmark_io 923] connect: Connection timed out
2021-07-19 05:00:28.003 +0000 [error] [benchmark_io 001] connect: Connection timed out
2021-07-19 05:00:28.063 +0000 [error] [benchmark_io 004] connect: Connection timed out
2021-07-19 05:00:28.121 +0000 [error] [benchmark_io 007] connect: Connection timed out
2021-07-19 05:00:28.180 +0000 [error] [benchmark_io 010] connect: Connection timed out
2021-07-19 05:00:28.239 +0000 [error] [benchmark_io 013] connect: Connection timed out
2021-07-19 05:00:28.299 +0000 [error] [benchmark_io 016] connect: Connection timed out
2021-07-19 05:00:28.357 +0000 [error] [benchmark_io 019] connect: Connection timed out
2021-07-19 05:00:28.417 +0000 [error] [benchmark_io 022] connect: Connection timed out
2021-07-19 05:00:28.475 +0000 [error] [benchmark_io 025] connect: Connection timed out
2021-07-19 05:00:28.535 +0000 [error] [benchmark_io 028] connect: Connection timed out
2021-07-19 05:00:28.593 +0000 [error] [benchmark_io 031] connect: Connection timed out
2021-07-19 05:00:28.652 +0000 [error] [benchmark_io 034] connect: Connection timed out
2021-07-19 05:00:28.711 +0000 [error] [benchmark_io 037] connect: Connection timed out
2021-07-19 05:00:28.768 +0000 [error] [benchmark_io 040] connect: Connection timed out
2021-07-19 05:00:28.828 +0000 [error] [benchmark_io 043] connect: Connection timed out
2021-07-19 05:00:28.886 +0000 [error] [benchmark_io 046] connect: Connection timed out
2021-07-19 05:00:28.944 +0000 [error] [benchmark_io 049] connect: Connection timed out
2021-07-19 05:00:29.001 +0000 [error] [benchmark_io 926] connect: Connection timed out
2021-07-19 05:00:29.059 +0000 [error] [benchmark_io 052] connect: Connection timed out
2021-07-19 05:00:29.118 +0000 [error] [benchmark_io 055] connect: Connection timed out
2021-07-19 05:00:29.175 +0000 [error] [benchmark_io 058] connect: Connection timed out
2021-07-19 05:00:29.233 +0000 [error] [benchmark_io 061] connect: Connection timed out
2021-07-19 05:00:29.291 +0000 [error] [benchmark_io 064] connect: Connection timed out
2021-07-19 05:00:29.349 +0000 [error] [benchmark_io 067] connect: Connection timed out
2021-07-19 05:00:29.406 +0000 [error] [benchmark_io 070] connect: Connection timed out
2021-07-19 05:00:29.464 +0000 [error] [benchmark_io 073] connect: Connection timed out
2021-07-19 05:00:29.520 +0000 [error] [benchmark_io 076] connect: Connection timed out
2021-07-19 05:00:29.578 +0000 [error] [benchmark_io 079] connect: Connection timed out
2021-07-19 05:00:29.635 +0000 [error] [benchmark_io 082] connect: Connection timed out
2021-07-19 05:00:29.692 +0000 [error] [benchmark_io 085] connect: Connection timed out
2021-07-19 05:00:29.749 +0000 [error] [benchmark_io 088] connect: Connection timed out
2021-07-19 05:00:29.807 +0000 [error] [benchmark_io 091] connect: Connection timed out
2021-07-19 05:00:29.864 +0000 [error] [benchmark_io 094] connect: Connection timed out
2021-07-19 05:00:29.920 +0000 [error] [benchmark_io 097] connect: Connection timed out
2021-07-19 05:00:29.978 +0000 [error] [benchmark_io 929] connect: Connection timed out
2021-07-19 05:00:30.033 +0000 [error] [benchmark_io 100] connect: Connection timed out
2021-07-19 05:00:30.090 +0000 [error] [benchmark_io 103] connect: Connection timed out
2021-07-19 05:00:30.146 +0000 [error] [benchmark_io 106] connect: Connection timed out
2021-07-19 05:00:30.203 +0000 [error] [benchmark_io 109] connect: Connection timed out
2021-07-19 05:00:30.259 +0000 [error] [benchmark_io 112] connect: Connection timed out
2021-07-19 05:00:30.316 +0000 [error] [benchmark_io 115] connect: Connection timed out
2021-07-19 05:00:30.372 +0000 [error] [benchmark_io 118] connect: Connection timed out
2021-07-19 05:00:30.429 +0000 [error] [benchmark_io 121] connect: Connection timed out
2021-07-19 05:00:30.484 +0000 [error] [benchmark_io 124] connect: Connection timed out
2021-07-19 05:00:30.539 +0000 [error] [benchmark_io 127] connect: Connection timed out
2021-07-19 05:00:30.596 +0000 [error] [benchmark_io 130] connect: Connection timed out
2021-07-19 05:00:30.653 +0000 [error] [benchmark_io 133] connect: Connection timed out
2021-07-19 05:00:30.708 +0000 [error] [benchmark_io 136] connect: Connection timed out
2021-07-19 05:00:30.763 +0000 [error] [benchmark_io 139] connect: Connection timed out
2021-07-19 05:00:30.820 +0000 [error] [benchmark_io 142] connect: Connection timed out
2021-07-19 05:00:30.875 +0000 [error] [benchmark_io 145] connect: Connection timed out
2021-07-19 05:00:30.931 +0000 [error] [benchmark_io 148] connect: Connection timed out
2021-07-19 05:00:30.986 +0000 [error] [benchmark_io 151] connect: Connection timed out
2021-07-19 05:00:31.041 +0000 [error] [benchmark_io 932] connect: Connection timed out
2021-07-19 05:00:31.096 +0000 [error] [benchmark_io 154] connect: Connection timed out
2021-07-19 05:00:31.151 +0000 [error] [benchmark_io 157] connect: Connection timed out
2021-07-19 05:00:31.207 +0000 [error] [benchmark_io 160] connect: Connection timed out
2021-07-19 05:00:31.263 +0000 [error] [benchmark_io 163] connect: Connection timed out
2021-07-19 05:00:31.318 +0000 [error] [benchmark_io 166] connect: Connection timed out
2021-07-19 05:00:31.372 +0000 [error] [benchmark_io 169] connect: Connection timed out
2021-07-19 05:00:31.426 +0000 [error] [benchmark_io 172] connect: Connection timed out
2021-07-19 05:00:31.481 +0000 [error] [benchmark_io 175] connect: Connection timed out
2021-07-19 05:00:31.537 +0000 [error] [benchmark_io 178] connect: Connection timed out
2021-07-19 05:00:31.591 +0000 [error] [benchmark_io 181] connect: Connection timed out
2021-07-19 05:00:31.645 +0000 [error] [benchmark_io 184] connect: Connection timed out
2021-07-19 05:00:31.701 +0000 [error] [benchmark_io 187] connect: Connection timed out
2021-07-19 05:00:31.755 +0000 [error] [benchmark_io 190] connect: Connection timed out
2021-07-19 05:00:31.809 +0000 [error] [benchmark_io 193] connect: Connection timed out
2021-07-19 05:00:31.864 +0000 [error] [benchmark_io 196] connect: Connection timed out
2021-07-19 05:00:31.917 +0000 [error] [benchmark_io 199] connect: Connection timed out
2021-07-19 05:00:31.972 +0000 [error] [benchmark_io 202] connect: Connection timed out
2021-07-19 05:00:32.026 +0000 [error] [benchmark_io 205] connect: Connection timed out
2021-07-19 05:00:32.080 +0000 [error] [benchmark_io 935] connect: Connection timed out
2021-07-19 05:00:32.135 +0000 [error] [benchmark_io 208] connect: Connection timed out
2021-07-19 05:00:32.189 +0000 [error] [benchmark_io 211] connect: Connection timed out
2021-07-19 05:00:32.243 +0000 [error] [benchmark_io 214] connect: Connection timed out
2021-07-19 05:00:32.296 +0000 [error] [benchmark_io 217] connect: Connection timed out
2021-07-19 05:00:32.350 +0000 [error] [benchmark_io 220] connect: Connection timed out
2021-07-19 05:00:32.403 +0000 [error] [benchmark_io 223] connect: Connection timed out
2021-07-19 05:00:32.456 +0000 [error] [benchmark_io 226] connect: Connection timed out
2021-07-19 05:00:32.510 +0000 [error] [benchmark_io 229] connect: Connection timed out
2021-07-19 05:00:32.563 +0000 [error] [benchmark_io 232] connect: Connection timed out
2021-07-19 05:00:32.617 +0000 [error] [benchmark_io 235] connect: Connection timed out
2021-07-19 05:00:32.671 +0000 [error] [benchmark_io 238] connect: Connection timed out
2021-07-19 05:00:32.723 +0000 [error] [benchmark_io 241] connect: Connection timed out
2021-07-19 05:00:32.777 +0000 [error] [benchmark_io 244] connect: Connection timed out
2021-07-19 05:00:32.830 +0000 [error] [benchmark_io 247] connect: Connection timed out
2021-07-19 05:00:32.884 +0000 [error] [benchmark_io 250] connect: Connection timed out
2021-07-19 05:00:32.936 +0000 [error] [benchmark_io 253] connect: Connection timed out
2021-07-19 05:00:32.989 +0000 [error] [benchmark_io 256] connect: Connection timed out
2021-07-19 05:00:33.042 +0000 [error] [benchmark_io 259] connect: Connection timed out
2021-07-19 05:00:33.095 +0000 [error] [benchmark_io 262] connect: Connection timed out
2021-07-19 05:00:33.149 +0000 [error] [benchmark_io 938] connect: Connection timed out
2021-07-19 05:00:33.200 +0000 [error] [benchmark_io 265] connect: Connection timed out
2021-07-19 05:00:33.253 +0000 [error] [benchmark_io 268] connect: Connection timed out
2021-07-19 05:00:33.307 +0000 [error] [benchmark_io 271] connect: Connection timed out
2021-07-19 05:00:33.359 +0000 [error] [benchmark_io 274] connect: Connection timed out
2021-07-19 05:00:33.411 +0000 [error] [benchmark_io 277] connect: Connection timed out
2021-07-19 05:00:33.464 +0000 [error] [benchmark_io 280] connect: Connection timed out
2021-07-19 05:00:33.516 +0000 [error] [benchmark_io 283] connect: Connection timed out
2021-07-19 05:00:33.568 +0000 [error] [benchmark_io 286] connect: Connection timed out
2021-07-19 05:00:33.620 +0000 [error] [benchmark_io 289] connect: Connection timed out
2021-07-19 05:00:33.673 +0000 [error] [benchmark_io 292] connect: Connection timed out
2021-07-19 05:00:33.725 +0000 [error] [benchmark_io 295] connect: Connection timed out
2021-07-19 05:00:33.777 +0000 [error] [benchmark_io 298] connect: Connection timed out
2021-07-19 05:00:33.828 +0000 [error] [benchmark_io 301] connect: Connection timed out
2021-07-19 05:00:33.880 +0000 [error] [benchmark_io 304] connect: Connection timed out
2021-07-19 05:00:33.932 +0000 [error] [benchmark_io 307] connect: Connection timed out
2021-07-19 05:00:33.984 +0000 [error] [benchmark_io 310] connect: Connection timed out
2021-07-19 05:00:34.036 +0000 [error] [benchmark_io 313] connect: Connection timed out
2021-07-19 05:00:34.088 +0000 [error] [benchmark_io 316] connect: Connection timed out
2021-07-19 05:00:34.140 +0000 [error] [benchmark_io 319] connect: Connection timed out
2021-07-19 05:00:34.191 +0000 [error] [benchmark_io 322] connect: Connection timed out
2021-07-19 05:00:34.243 +0000 [error] [benchmark_io 325] connect: Connection timed out
2021-07-19 05:00:34.294 +0000 [error] [benchmark_io 941] connect: Connection timed out
2021-07-19 05:00:34.345 +0000 [error] [benchmark_io 328] connect: Connection timed out
2021-07-19 05:00:34.397 +0000 [error] [benchmark_io 331] connect: Connection timed out
2021-07-19 05:00:34.449 +0000 [error] [benchmark_io 334] connect: Connection timed out
2021-07-19 05:00:34.500 +0000 [error] [benchmark_io 337] connect: Connection timed out
2021-07-19 05:00:34.551 +0000 [error] [benchmark_io 340] connect: Connection timed out
2021-07-19 05:00:34.602 +0000 [error] [benchmark_io 343] connect: Connection timed out
2021-07-19 05:00:34.653 +0000 [error] [benchmark_io 346] connect: Connection timed out
2021-07-19 05:00:34.704 +0000 [error] [benchmark_io 349] connect: Connection timed out
2021-07-19 05:00:34.755 +0000 [error] [benchmark_io 352] connect: Connection timed out
2021-07-19 05:00:34.806 +0000 [error] [benchmark_io 355] connect: Connection timed out
2021-07-19 05:00:34.858 +0000 [error] [benchmark_io 358] connect: Connection timed out
2021-07-19 05:00:34.909 +0000 [error] [benchmark_io 361] connect: Connection timed out
2021-07-19 05:00:34.959 +0000 [error] [benchmark_io 364] connect: Connection timed out
2021-07-19 05:00:35.009 +0000 [error] [benchmark_io 367] connect: Connection timed out
2021-07-19 05:00:35.060 +0000 [error] [benchmark_io 370] connect: Connection timed out
2021-07-19 05:00:35.111 +0000 [error] [benchmark_io 373] connect: Connection timed out
2021-07-19 05:00:35.162 +0000 [error] [benchmark_io 376] connect: Connection timed out
2021-07-19 05:00:35.211 +0000 [error] [benchmark_io 379] connect: Connection timed out
2021-07-19 05:00:35.262 +0000 [error] [benchmark_io 944] connect: Connection timed out
2021-07-19 05:00:35.312 +0000 [error] [benchmark_io 382] connect: Connection timed out
2021-07-19 05:00:35.363 +0000 [error] [benchmark_io 385] connect: Connection timed out
2021-07-19 05:00:35.413 +0000 [error] [benchmark_io 388] connect: Connection timed out
2021-07-19 05:00:35.463 +0000 [error] [benchmark_io 391] connect: Connection timed out
2021-07-19 05:00:35.514 +0000 [error] [benchmark_io 394] connect: Connection timed out
2021-07-19 05:00:35.563 +0000 [error] [benchmark_io 397] connect: Connection timed out
2021-07-19 05:00:35.614 +0000 [error] [benchmark_io 400] connect: Connection timed out
2021-07-19 05:00:35.664 +0000 [error] [benchmark_io 403] connect: Connection timed out
2021-07-19 05:00:35.714 +0000 [error] [benchmark_io 406] connect: Connection timed out
2021-07-19 05:00:35.764 +0000 [error] [benchmark_io 409] connect: Connection timed out
2021-07-19 05:00:35.813 +0000 [error] [benchmark_io 412] connect: Connection timed out
2021-07-19 05:00:35.863 +0000 [error] [benchmark_io 415] connect: Connection timed out
2021-07-19 05:00:35.914 +0000 [error] [benchmark_io 418] connect: Connection timed out
2021-07-19 05:00:35.963 +0000 [error] [benchmark_io 421] connect: Connection timed out
2021-07-19 05:00:36.013 +0000 [error] [benchmark_io 424] connect: Connection timed out
2021-07-19 05:00:36.063 +0000 [error] [benchmark_io 427] connect: Connection timed out
2021-07-19 05:00:36.111 +0000 [error] [benchmark_io 430] connect: Connection timed out
2021-07-19 05:00:36.161 +0000 [error] [benchmark_io 433] connect: Connection timed out
2021-07-19 05:00:36.210 +0000 [error] [benchmark_io 947] connect: Connection timed out
2021-07-19 05:00:36.260 +0000 [error] [benchmark_io 436] connect: Connection timed out
2021-07-19 05:00:36.309 +0000 [error] [benchmark_io 439] connect: Connection timed out
2021-07-19 05:00:36.358 +0000 [error] [benchmark_io 442] connect: Connection timed out
2021-07-19 05:00:36.409 +0000 [error] [benchmark_io 445] connect: Connection timed out
2021-07-19 05:00:36.457 +0000 [error] [benchmark_io 448] connect: Connection timed out
2021-07-19 05:00:36.506 +0000 [error] [benchmark_io 451] connect: Connection timed out
2021-07-19 05:00:36.555 +0000 [error] [benchmark_io 454] connect: Connection timed out
2021-07-19 05:00:36.605 +0000 [error] [benchmark_io 457] connect: Connection timed out
2021-07-19 05:00:36.654 +0000 [error] [benchmark_io 460] connect: Connection timed out
2021-07-19 05:00:36.702 +0000 [error] [benchmark_io 463] connect: Connection timed out
2021-07-19 05:00:36.751 +0000 [error] [benchmark_io 466] connect: Connection timed out
2021-07-19 05:00:36.801 +0000 [error] [benchmark_io 469] connect: Connection timed out
2021-07-19 05:00:36.849 +0000 [error] [benchmark_io 472] connect: Connection timed out
2021-07-19 05:00:36.898 +0000 [error] [benchmark_io 475] connect: Connection timed out
2021-07-19 05:00:36.945 +0000 [error] [benchmark_io 478] connect: Connection timed out
2021-07-19 05:00:36.995 +0000 [error] [benchmark_io 481] connect: Connection timed out
2021-07-19 05:00:37.044 +0000 [error] [benchmark_io 484] connect: Connection timed out
2021-07-19 05:00:37.092 +0000 [error] [benchmark_io 487] connect: Connection timed out
2021-07-19 05:00:37.141 +0000 [error] [benchmark_io 490] connect: Connection timed out
2021-07-19 05:00:37.189 +0000 [error] [benchmark_io 493] connect: Connection timed out
2021-07-19 05:00:37.238 +0000 [error] [benchmark_io 496] connect: Connection timed out
2021-07-19 05:00:37.287 +0000 [error] [benchmark_io 950] connect: Connection timed out
2021-07-19 05:00:37.334 +0000 [error] [benchmark_io 499] connect: Connection timed out
2021-07-19 05:00:37.382 +0000 [error] [benchmark_io 502] connect: Connection timed out
2021-07-19 05:00:37.431 +0000 [error] [benchmark_io 505] connect: Connection timed out
2021-07-19 05:00:37.479 +0000 [error] [benchmark_io 508] connect: Connection timed out
2021-07-19 05:00:37.528 +0000 [error] [benchmark_io 511] connect: Connection timed out
2021-07-19 05:00:37.576 +0000 [error] [benchmark_io 514] connect: Connection timed out
2021-07-19 05:00:37.624 +0000 [error] [benchmark_io 517] connect: Connection timed out
2021-07-19 05:00:37.671 +0000 [error] [benchmark_io 520] connect: Connection timed out
2021-07-19 05:00:37.720 +0000 [error] [benchmark_io 523] connect: Connection timed out
2021-07-19 05:00:37.767 +0000 [error] [benchmark_io 526] connect: Connection timed out
2021-07-19 05:00:37.816 +0000 [error] [benchmark_io 529] connect: Connection timed out
2021-07-19 05:00:37.863 +0000 [error] [benchmark_io 532] connect: Connection timed out
2021-07-19 05:00:37.911 +0000 [error] [benchmark_io 535] connect: Connection timed out
2021-07-19 05:00:37.960 +0000 [error] [benchmark_io 538] connect: Connection timed out
2021-07-19 05:00:38.006 +0000 [error] [benchmark_io 541] connect: Connection timed out
2021-07-19 05:00:38.054 +0000 [error] [benchmark_io 544] connect: Connection timed out
2021-07-19 05:00:38.102 +0000 [error] [benchmark_io 547] connect: Connection timed out
2021-07-19 05:00:38.149 +0000 [error] [benchmark_io 550] connect: Connection timed out
2021-07-19 05:00:38.198 +0000 [error] [benchmark_io 553] connect: Connection timed out
2021-07-19 05:00:38.244 +0000 [error] [benchmark_io 556] connect: Connection timed out
2021-07-19 05:00:38.292 +0000 [error] [benchmark_io 559] connect: Connection timed out
2021-07-19 05:00:38.340 +0000 [error] [benchmark_io 953] connect: Connection timed out
2021-07-19 05:00:38.387 +0000 [error] [benchmark_io 562] connect: Connection timed out
2021-07-19 05:00:38.435 +0000 [error] [benchmark_io 565] connect: Connection timed out
2021-07-19 05:00:38.482 +0000 [error] [benchmark_io 568] connect: Connection timed out
2021-07-19 05:00:38.529 +0000 [error] [benchmark_io 571] connect: Connection timed out
2021-07-19 05:00:38.576 +0000 [error] [benchmark_io 574] connect: Connection timed out
2021-07-19 05:00:38.621 +0000 [error] [benchmark_io 577] connect: Connection timed out
2021-07-19 05:00:38.669 +0000 [error] [benchmark_io 580] connect: Connection timed out
2021-07-19 05:00:38.717 +0000 [error] [benchmark_io 583] connect: Connection timed out
2021-07-19 05:00:38.763 +0000 [error] [benchmark_io 586] connect: Connection timed out
2021-07-19 05:00:38.811 +0000 [error] [benchmark_io 589] connect: Connection timed out
2021-07-19 05:00:38.857 +0000 [error] [benchmark_io 592] connect: Connection timed out
2021-07-19 05:00:38.905 +0000 [error] [benchmark_io 595] connect: Connection timed out
2021-07-19 05:00:38.951 +0000 [error] [benchmark_io 598] connect: Connection timed out
2021-07-19 05:00:38.998 +0000 [error] [benchmark_io 601] connect: Connection timed out
2021-07-19 05:00:39.044 +0000 [error] [benchmark_io 604] connect: Connection timed out
2021-07-19 05:00:39.091 +0000 [error] [benchmark_io 607] connect: Connection timed out
2021-07-19 05:00:39.138 +0000 [error] [benchmark_io 610] connect: Connection timed out
2021-07-19 05:00:39.184 +0000 [error] [benchmark_io 613] connect: Connection timed out
2021-07-19 05:00:39.232 +0000 [error] [benchmark_io 616] connect: Connection timed out
2021-07-19 05:00:39.277 +0000 [error] [benchmark_io 619] connect: Connection timed out
2021-07-19 05:00:39.325 +0000 [error] [benchmark_io 622] connect: Connection timed out
2021-07-19 05:00:39.371 +0000 [error] [benchmark_io 625] connect: Connection timed out
2021-07-19 05:00:39.418 +0000 [error] [benchmark_io 956] connect: Connection timed out
2021-07-19 05:00:39.463 +0000 [error] [benchmark_io 628] connect: Connection timed out
2021-07-19 05:00:39.510 +0000 [error] [benchmark_io 631] connect: Connection timed out
2021-07-19 05:00:39.556 +0000 [error] [benchmark_io 634] connect: Connection timed out
2021-07-19 05:00:39.603 +0000 [error] [benchmark_io 637] connect: Connection timed out
2021-07-19 05:00:39.648 +0000 [error] [benchmark_io 640] connect: Connection timed out
2021-07-19 05:00:39.694 +0000 [error] [benchmark_io 643] connect: Connection timed out
2021-07-19 05:00:39.740 +0000 [error] [benchmark_io 646] connect: Connection timed out
2021-07-19 05:00:39.787 +0000 [error] [benchmark_io 649] connect: Connection timed out
2021-07-19 05:00:39.832 +0000 [error] [benchmark_io 652] connect: Connection timed out
2021-07-19 05:00:39.879 +0000 [error] [benchmark_io 655] connect: Connection timed out
2021-07-19 05:00:39.924 +0000 [error] [benchmark_io 658] connect: Connection timed out
2021-07-19 05:00:39.971 +0000 [error] [benchmark_io 661] connect: Connection timed out
2021-07-19 05:00:40.016 +0000 [error] [benchmark_io 664] connect: Connection timed out
2021-07-19 05:00:40.062 +0000 [error] [benchmark_io 667] connect: Connection timed out
2021-07-19 05:00:40.108 +0000 [error] [benchmark_io 670] connect: Connection timed out
2021-07-19 05:00:40.154 +0000 [error] [benchmark_io 673] connect: Connection timed out
2021-07-19 05:00:40.199 +0000 [error] [benchmark_io 676] connect: Connection timed out
2021-07-19 05:00:40.246 +0000 [error] [benchmark_io 679] connect: Connection timed out
2021-07-19 05:00:40.291 +0000 [error] [benchmark_io 682] connect: Connection timed out
2021-07-19 05:00:40.336 +0000 [error] [benchmark_io 685] connect: Connection timed out
2021-07-19 05:00:40.382 +0000 [error] [benchmark_io 688] connect: Connection timed out
2021-07-19 05:00:40.427 +0000 [error] [benchmark_io 959] connect: Connection timed out
2021-07-19 05:00:40.473 +0000 [error] [benchmark_io 691] connect: Connection timed out
2021-07-19 05:00:40.518 +0000 [error] [benchmark_io 694] connect: Connection timed out
2021-07-19 05:00:40.563 +0000 [error] [benchmark_io 697] connect: Connection timed out
2021-07-19 05:00:40.609 +0000 [error] [benchmark_io 700] connect: Connection timed out
2021-07-19 05:00:40.654 +0000 [error] [benchmark_io 703] connect: Connection timed out
2021-07-19 05:00:40.700 +0000 [error] [benchmark_io 706] connect: Connection timed out
2021-07-19 05:00:40.746 +0000 [error] [benchmark_io 709] connect: Connection timed out
2021-07-19 05:00:40.791 +0000 [error] [benchmark_io 712] connect: Connection timed out
2021-07-19 05:00:40.836 +0000 [error] [benchmark_io 715] connect: Connection timed out
2021-07-19 05:00:40.880 +0000 [error] [benchmark_io 718] connect: Connection timed out
2021-07-19 05:00:40.925 +0000 [error] [benchmark_io 721] connect: Connection timed out
2021-07-19 05:00:40.971 +0000 [error] [benchmark_io 724] connect: Connection timed out
2021-07-19 05:00:41.015 +0000 [error] [benchmark_io 727] connect: Connection timed out
2021-07-19 05:00:41.060 +0000 [error] [benchmark_io 730] connect: Connection timed out
2021-07-19 05:00:41.105 +0000 [error] [benchmark_io 733] connect: Connection timed out
2021-07-19 05:00:41.151 +0000 [error] [benchmark_io 736] connect: Connection timed out
2021-07-19 05:00:41.196 +0000 [error] [benchmark_io 739] connect: Connection timed out
2021-07-19 05:00:41.241 +0000 [error] [benchmark_io 742] connect: Connection timed out
2021-07-19 05:00:41.284 +0000 [error] [benchmark_io 745] connect: Connection timed out
2021-07-19 05:00:41.329 +0000 [error] [benchmark_io 748] connect: Connection timed out
2021-07-19 05:00:41.374 +0000 [error] [benchmark_io 751] connect: Connection timed out
2021-07-19 05:00:41.418 +0000 [error] [benchmark_io 962] connect: Connection timed out
2021-07-19 05:00:41.463 +0000 [error] [benchmark_io 754] connect: Connection timed out
2021-07-19 05:00:41.508 +0000 [error] [benchmark_io 757] connect: Connection timed out
2021-07-19 05:00:41.552 +0000 [error] [benchmark_io 760] connect: Connection timed out
2021-07-19 05:00:41.597 +0000 [error] [benchmark_io 763] connect: Connection timed out
2021-07-19 05:00:41.641 +0000 [error] [benchmark_io 766] connect: Connection timed out
2021-07-19 05:00:41.686 +0000 [error] [benchmark_io 769] connect: Connection timed out
2021-07-19 05:00:41.731 +0000 [error] [benchmark_io 772] connect: Connection timed out
2021-07-19 05:00:41.774 +0000 [error] [benchmark_io 775] connect: Connection timed out
2021-07-19 05:00:41.820 +0000 [error] [benchmark_io 778] connect: Connection timed out
2021-07-19 05:00:41.864 +0000 [error] [benchmark_io 781] connect: Connection timed out
2021-07-19 05:00:41.907 +0000 [error] [benchmark_io 784] connect: Connection timed out
2021-07-19 05:00:41.952 +0000 [error] [benchmark_io 787] connect: Connection timed out
2021-07-19 05:00:41.997 +0000 [error] [benchmark_io 790] connect: Connection timed out
2021-07-19 05:00:42.040 +0000 [error] [benchmark_io 793] connect: Connection timed out
2021-07-19 05:00:42.084 +0000 [error] [benchmark_io 796] connect: Connection timed out
2021-07-19 05:00:42.129 +0000 [error] [benchmark_io 799] connect: Connection timed out
2021-07-19 05:00:42.172 +0000 [error] [benchmark_io 802] connect: Connection timed out
2021-07-19 05:00:42.216 +0000 [error] [benchmark_io 805] connect: Connection timed out
2021-07-19 05:00:42.261 +0000 [error] [benchmark_io 808] connect: Connection timed out
2021-07-19 05:00:42.304 +0000 [error] [benchmark_io 811] connect: Connection timed out
2021-07-19 05:00:42.348 +0000 [error] [benchmark_io 814] connect: Connection timed out
2021-07-19 05:00:42.392 +0000 [error] [benchmark_io 817] connect: Connection timed out
2021-07-19 05:00:42.437 +0000 [error] [benchmark_io 820] connect: Connection timed out
2021-07-19 05:00:42.480 +0000 [error] [benchmark_io 823] connect: Connection timed out
2021-07-19 05:00:42.524 +0000 [error] [benchmark_io 826] connect: Connection timed out
2021-07-19 05:00:42.568 +0000 [error] [benchmark_io 965] connect: Connection timed out
2021-07-19 05:00:42.611 +0000 [error] [benchmark_io 829] connect: Connection timed out
2021-07-19 05:00:42.654 +0000 [error] [benchmark_io 832] connect: Connection timed out
2021-07-19 05:00:42.698 +0000 [error] [benchmark_io 835] connect: Connection timed out
2021-07-19 05:00:42.742 +0000 [error] [benchmark_io 838] connect: Connection timed out
2021-07-19 05:00:42.785 +0000 [error] [benchmark_io 841] connect: Connection timed out
2021-07-19 05:00:42.830 +0000 [error] [benchmark_io 844] connect: Connection timed out
2021-07-19 05:00:42.872 +0000 [error] [benchmark_io 847] connect: Connection timed out
2021-07-19 05:00:42.917 +0000 [error] [benchmark_io 850] connect: Connection timed out
2021-07-19 05:00:42.959 +0000 [error] [benchmark_io 853] connect: Connection timed out
2021-07-19 05:00:43.002 +0000 [error] [benchmark_io 856] connect: Connection timed out
2021-07-19 05:00:43.046 +0000 [error] [benchmark_io 859] connect: Connection timed out
2021-07-19 05:00:43.089 +0000 [error] [benchmark_io 862] connect: Connection timed out
2021-07-19 05:00:43.133 +0000 [error] [benchmark_io 865] connect: Connection timed out
2021-07-19 05:00:43.176 +0000 [error] [benchmark_io 868] connect: Connection timed out
2021-07-19 05:00:43.219 +0000 [error] [benchmark_io 871] connect: Connection timed out
2021-07-19 05:00:43.263 +0000 [error] [benchmark_io 874] connect: Connection timed out
2021-07-19 05:00:43.305 +0000 [error] [benchmark_io 877] connect: Connection timed out
2021-07-19 05:00:43.348 +0000 [error] [benchmark_io 880] connect: Connection timed out
2021-07-19 05:00:43.392 +0000 [error] [benchmark_io 883] connect: Connection timed out
2021-07-19 05:00:43.434 +0000 [error] [benchmark_io 886] connect: Connection timed out
2021-07-19 05:00:43.477 +0000 [error] [benchmark_io 889] connect: Connection timed out
2021-07-19 05:00:43.521 +0000 [error] [benchmark_io 892] connect: Connection timed out
2021-07-19 05:00:43.564 +0000 [error] [benchmark_io 895] connect: Connection timed out
2021-07-19 05:00:43.607 +0000 [error] [benchmark_io 898] connect: Connection timed out
2021-07-19 05:00:43.650 +0000 [error] [benchmark_io 901] connect: Connection timed out
2021-07-19 05:00:43.693 +0000 [error] [benchmark_io 904] connect: Connection timed out
2021-07-19 05:00:43.735 +0000 [error] [benchmark_io 968] connect: Connection timed out
2021-07-19 05:00:43.778 +0000 [error] [benchmark_io 907] connect: Connection timed out
2021-07-19 05:00:43.820 +0000 [error] [benchmark_io 910] connect: Connection timed out
2021-07-19 05:00:43.864 +0000 [error] [benchmark_io 913] connect: Connection timed out
2021-07-19 05:00:43.907 +0000 [error] [benchmark_io 916] connect: Connection timed out
2021-07-19 05:00:43.948 +0000 [error] [benchmark_io 919] connect: Connection timed out
2021-07-19 05:00:43.991 +0000 [error] [benchmark_io 924] connect: Connection timed out
2021-07-19 05:00:44.035 +0000 [error] [benchmark_io 927] connect: Connection timed out
2021-07-19 05:00:44.077 +0000 [error] [benchmark_io 930] connect: Connection timed out
2021-07-19 05:00:44.119 +0000 [error] [benchmark_io 933] connect: Connection timed out
2021-07-19 05:00:44.160 +0000 [error] [benchmark_io 936] connect: Connection timed out
2021-07-19 05:00:44.205 +0000 [error] [benchmark_io 939] connect: Connection timed out
2021-07-19 05:00:44.247 +0000 [error] [benchmark_io 942] connect: Connection timed out
2021-07-19 05:00:44.289 +0000 [error] [benchmark_io 945] connect: Connection timed out
2021-07-19 05:00:44.332 +0000 [error] [benchmark_io 948] connect: Connection timed out
2021-07-19 05:00:44.373 +0000 [error] [benchmark_io 951] connect: Connection timed out
2021-07-19 05:00:44.416 +0000 [error] [benchmark_io 954] connect: Connection timed out
2021-07-19 05:00:44.459 +0000 [error] [benchmark_io 957] connect: Connection timed out
2021-07-19 05:00:44.501 +0000 [error] [benchmark_io 960] connect: Connection timed out
2021-07-19 05:00:44.543 +0000 [error] [benchmark_io 963] connect: Connection timed out
2021-07-19 05:00:44.584 +0000 [error] [benchmark_io 966] connect: Connection timed out
2021-07-19 05:00:44.627 +0000 [error] [benchmark_io 969] connect: Connection timed out
2021-07-19 05:00:44.670 +0000 [error] [benchmark_io 971] connect: Connection timed out
2021-07-19 05:00:44.711 +0000 [error] [benchmark_io 974] connect: Connection timed out
2021-07-19 05:00:44.753 +0000 [error] [benchmark_io 977] connect: Connection timed out
2021-07-19 05:00:44.795 +0000 [error] [benchmark_io 980] connect: Connection timed out
2021-07-19 05:00:44.837 +0000 [error] [benchmark_io 983] connect: Connection timed out
2021-07-19 05:00:44.879 +0000 [error] [benchmark_io 002] connect: Connection timed out
2021-07-19 05:00:44.922 +0000 [error] [benchmark_io 005] connect: Connection timed out
2021-07-19 05:00:44.964 +0000 [error] [benchmark_io 008] connect: Connection timed out
2021-07-19 05:00:45.005 +0000 [error] [benchmark_io 011] connect: Connection timed out
2021-07-19 05:00:45.046 +0000 [error] [benchmark_io 014] connect: Connection timed out
2021-07-19 05:00:45.088 +0000 [error] [benchmark_io 017] connect: Connection timed out
2021-07-19 05:00:45.130 +0000 [error] [benchmark_io 020] connect: Connection timed out
2021-07-19 05:00:45.173 +0000 [error] [benchmark_io 023] connect: Connection timed out
2021-07-19 05:00:45.213 +0000 [error] [benchmark_io 026] connect: Connection timed out
2021-07-19 05:00:45.255 +0000 [error] [benchmark_io 029] connect: Connection timed out
2021-07-19 05:00:45.297 +0000 [error] [benchmark_io 986] connect: Connection timed out
2021-07-19 05:00:45.338 +0000 [error] [benchmark_io 032] connect: Connection timed out
2021-07-19 05:00:45.380 +0000 [error] [benchmark_io 035] connect: Connection timed out
2021-07-19 05:00:45.422 +0000 [error] [benchmark_io 038] connect: Connection timed out
2021-07-19 05:00:45.464 +0000 [error] [benchmark_io 041] connect: Connection timed out
2021-07-19 05:00:45.505 +0000 [error] [benchmark_io 044] connect: Connection timed out
2021-07-19 05:00:45.546 +0000 [error] [benchmark_io 047] connect: Connection timed out
2021-07-19 05:00:45.587 +0000 [error] [benchmark_io 050] connect: Connection timed out
2021-07-19 05:00:45.630 +0000 [error] [benchmark_io 053] connect: Connection timed out
2021-07-19 05:00:45.670 +0000 [error] [benchmark_io 056] connect: Connection timed out
2021-07-19 05:00:45.712 +0000 [error] [benchmark_io 059] connect: Connection timed out
2021-07-19 05:00:45.753 +0000 [error] [benchmark_io 062] connect: Connection timed out
2021-07-19 05:00:45.794 +0000 [error] [benchmark_io 065] connect: Connection timed out
2021-07-19 05:00:45.836 +0000 [error] [benchmark_io 068] connect: Connection timed out
2021-07-19 05:00:45.876 +0000 [error] [benchmark_io 071] connect: Connection timed out
2021-07-19 05:00:45.919 +0000 [error] [benchmark_io 074] connect: Connection timed out
2021-07-19 05:00:45.960 +0000 [error] [benchmark_io 989] connect: Connection timed out
2021-07-19 05:00:46.001 +0000 [error] [benchmark_io 077] connect: Connection timed out
2021-07-19 05:00:46.042 +0000 [error] [benchmark_io 080] connect: Connection timed out
2021-07-19 05:00:46.083 +0000 [error] [benchmark_io 083] connect: Connection timed out
2021-07-19 05:00:46.124 +0000 [error] [benchmark_io 086] connect: Connection timed out
2021-07-19 05:00:46.165 +0000 [error] [benchmark_io 089] connect: Connection timed out
2021-07-19 05:00:46.206 +0000 [error] [benchmark_io 092] connect: Connection timed out
2021-07-19 05:00:46.247 +0000 [error] [benchmark_io 095] connect: Connection timed out
2021-07-19 05:00:46.288 +0000 [error] [benchmark_io 098] connect: Connection timed out
2021-07-19 05:00:46.330 +0000 [error] [benchmark_io 101] connect: Connection timed out
2021-07-19 05:00:46.370 +0000 [error] [benchmark_io 104] connect: Connection timed out
2021-07-19 05:00:46.411 +0000 [error] [benchmark_io 107] connect: Connection timed out
2021-07-19 05:00:46.452 +0000 [error] [benchmark_io 110] connect: Connection timed out
2021-07-19 05:00:46.493 +0000 [error] [benchmark_io 113] connect: Connection timed out
2021-07-19 05:00:46.534 +0000 [error] [benchmark_io 116] connect: Connection timed out
2021-07-19 05:00:46.575 +0000 [error] [benchmark_io 119] connect: Connection timed out
2021-07-19 05:00:46.615 +0000 [error] [benchmark_io 992] connect: Connection timed out
2021-07-19 05:00:46.655 +0000 [error] [benchmark_io 122] connect: Connection timed out
2021-07-19 05:00:46.697 +0000 [error] [benchmark_io 125] connect: Connection timed out
2021-07-19 05:00:46.737 +0000 [error] [benchmark_io 128] connect: Connection timed out
2021-07-19 05:00:46.778 +0000 [error] [benchmark_io 131] connect: Connection timed out
2021-07-19 05:00:46.819 +0000 [error] [benchmark_io 134] connect: Connection timed out
2021-07-19 05:00:46.859 +0000 [error] [benchmark_io 137] connect: Connection timed out
2021-07-19 05:00:46.900 +0000 [error] [benchmark_io 140] connect: Connection timed out
2021-07-19 05:00:46.940 +0000 [error] [benchmark_io 143] connect: Connection timed out
2021-07-19 05:00:46.981 +0000 [error] [benchmark_io 146] connect: Connection timed out
2021-07-19 05:00:47.020 +0000 [error] [benchmark_io 149] connect: Connection timed out
2021-07-19 05:00:47.061 +0000 [error] [benchmark_io 152] connect: Connection timed out
2021-07-19 05:00:47.102 +0000 [error] [benchmark_io 155] connect: Connection timed out
2021-07-19 05:00:47.141 +0000 [error] [benchmark_io 158] connect: Connection timed out
2021-07-19 05:00:47.183 +0000 [error] [benchmark_io 161] connect: Connection timed out
2021-07-19 05:00:47.223 +0000 [error] [benchmark_io 164] connect: Connection timed out
2021-07-19 05:00:47.261 +0000 [error] [benchmark_io 995] connect: Connection timed out
2021-07-19 05:00:47.301 +0000 [error] [benchmark_io 167] connect: Connection timed out
2021-07-19 05:00:47.344 +0000 [error] [benchmark_io 170] connect: Connection timed out
2021-07-19 05:00:47.383 +0000 [error] [benchmark_io 173] connect: Connection timed out
2021-07-19 05:00:47.424 +0000 [error] [benchmark_io 176] connect: Connection timed out
2021-07-19 05:00:47.463 +0000 [error] [benchmark_io 179] connect: Connection timed out
2021-07-19 05:00:47.503 +0000 [error] [benchmark_io 182] connect: Connection timed out
2021-07-19 05:00:47.543 +0000 [error] [benchmark_io 185] connect: Connection timed out
2021-07-19 05:00:47.584 +0000 [error] [benchmark_io 188] connect: Connection timed out
2021-07-19 05:00:47.623 +0000 [error] [benchmark_io 191] connect: Connection timed out
2021-07-19 05:00:47.664 +0000 [error] [benchmark_io 194] connect: Connection timed out
2021-07-19 05:00:47.703 +0000 [error] [benchmark_io 197] connect: Connection timed out
2021-07-19 05:00:47.744 +0000 [error] [benchmark_io 200] connect: Connection timed out
2021-07-19 05:00:47.784 +0000 [error] [benchmark_io 203] connect: Connection timed out
2021-07-19 05:00:47.823 +0000 [error] [benchmark_io 206] connect: Connection timed out
2021-07-19 05:00:47.863 +0000 [error] [benchmark_io 209] connect: Connection timed out
2021-07-19 05:00:47.903 +0000 [error] [benchmark_io 212] connect: Connection timed out
2021-07-19 05:00:47.943 +0000 [error] [benchmark_io 998] connect: Connection timed out
2021-07-19 05:00:47.983 +0000 [error] [benchmark_io 215] connect: Connection timed out
2021-07-19 05:00:48.022 +0000 [error] [benchmark_io 218] connect: Connection timed out
2021-07-19 05:00:48.062 +0000 [error] [benchmark_io 221] connect: Connection timed out
2021-07-19 05:00:48.102 +0000 [error] [benchmark_io 224] connect: Connection timed out
2021-07-19 05:00:48.142 +0000 [error] [benchmark_io 227] connect: Connection timed out
2021-07-19 05:00:48.181 +0000 [error] [benchmark_io 230] connect: Connection timed out
2021-07-19 05:00:48.221 +0000 [error] [benchmark_io 233] connect: Connection timed out
2021-07-19 05:00:48.261 +0000 [error] [benchmark_io 236] connect: Connection timed out
2021-07-19 05:00:48.300 +0000 [error] [benchmark_io 239] connect: Connection timed out
2021-07-19 05:00:48.340 +0000 [error] [benchmark_io 242] connect: Connection timed out
2021-07-19 05:00:48.379 +0000 [error] [benchmark_io 245] connect: Connection timed out
2021-07-19 05:00:48.419 +0000 [error] [benchmark_io 248] connect: Connection timed out
2021-07-19 05:00:48.458 +0000 [error] [benchmark_io 251] connect: Connection timed out
2021-07-19 05:00:48.498 +0000 [error] [benchmark_io 254] connect: Connection timed out
2021-07-19 05:00:48.538 +0000 [error] [benchmark_io 257] connect: Connection timed out
2021-07-19 05:00:48.578 +0000 [error] [benchmark_io 260] connect: Connection timed out
2021-07-19 05:00:48.617 +0000 [error] [benchmark_io 263] connect: Connection timed out
2021-07-19 05:00:48.655 +0000 [error] [benchmark_io 266] connect: Connection timed out
2021-07-19 05:00:48.696 +0000 [error] [benchmark_io 269] connect: Connection timed out
2021-07-19 05:00:48.734 +0000 [error] [benchmark_io 272] connect: Connection timed out
2021-07-19 05:00:48.773 +0000 [error] [benchmark_io 275] connect: Connection timed out
2021-07-19 05:00:48.812 +0000 [error] [benchmark_io 278] connect: Connection timed out
2021-07-19 05:00:48.852 +0000 [error] [benchmark_io 281] connect: Connection timed out
2021-07-19 05:00:48.891 +0000 [error] [benchmark_io 284] connect: Connection timed out
2021-07-19 05:00:48.930 +0000 [error] [benchmark_io 287] connect: Connection timed out
2021-07-19 05:00:48.969 +0000 [error] [benchmark_io 290] connect: Connection timed out
2021-07-19 05:00:49.008 +0000 [error] [benchmark_io 293] connect: Connection timed out
2021-07-19 05:00:49.048 +0000 [error] [benchmark_io 296] connect: Connection timed out
2021-07-19 05:00:49.087 +0000 [error] [benchmark_io 299] connect: Connection timed out
2021-07-19 05:00:49.126 +0000 [error] [benchmark_io 302] connect: Connection timed out
2021-07-19 05:00:49.166 +0000 [error] [benchmark_io 305] connect: Connection timed out
2021-07-19 05:00:49.204 +0000 [error] [benchmark_io 308] connect: Connection timed out
2021-07-19 05:00:49.243 +0000 [error] [benchmark_io 311] connect: Connection timed out
2021-07-19 05:00:49.282 +0000 [error] [benchmark_io 314] connect: Connection timed out
2021-07-19 05:00:49.321 +0000 [error] [benchmark_io 317] connect: Connection timed out
2021-07-19 05:00:49.360 +0000 [error] [benchmark_io 320] connect: Connection timed out
2021-07-19 05:00:49.398 +0000 [error] [benchmark_io 323] connect: Connection timed out
2021-07-19 05:00:49.437 +0000 [error] [benchmark_io 326] connect: Connection timed out
2021-07-19 05:00:49.476 +0000 [error] [benchmark_io 329] connect: Connection timed out
2021-07-19 05:00:49.515 +0000 [error] [benchmark_io 332] connect: Connection timed out
2021-07-19 05:00:49.555 +0000 [error] [benchmark_io 335] connect: Connection timed out
2021-07-19 05:00:49.593 +0000 [error] [benchmark_io 338] connect: Connection timed out
2021-07-19 05:00:49.631 +0000 [error] [benchmark_io 341] connect: Connection timed out
2021-07-19 05:00:49.671 +0000 [error] [benchmark_io 344] connect: Connection timed out
2021-07-19 05:00:49.709 +0000 [error] [benchmark_io 347] connect: Connection timed out
2021-07-19 05:00:49.748 +0000 [error] [benchmark_io 350] connect: Connection timed out
2021-07-19 05:00:49.787 +0000 [error] [benchmark_io 353] connect: Connection timed out
2021-07-19 05:00:49.826 +0000 [error] [benchmark_io 356] connect: Connection timed out
2021-07-19 05:00:49.864 +0000 [error] [benchmark_io 359] connect: Connection timed out
2021-07-19 05:00:49.903 +0000 [error] [benchmark_io 362] connect: Connection timed out
2021-07-19 05:00:49.940 +0000 [error] [benchmark_io 365] connect: Connection timed out
2021-07-19 05:00:49.979 +0000 [error] [benchmark_io 368] connect: Connection timed out
2021-07-19 05:00:50.032 +0000 [error] [benchmark_io 371] connect: Connection timed out
2021-07-19 05:00:50.057 +0000 [error] [benchmark_io 374] connect: Connection timed out
2021-07-19 05:00:50.095 +0000 [error] [benchmark_io 377] connect: Connection timed out
2021-07-19 05:00:50.133 +0000 [error] [benchmark_io 380] connect: Connection timed out
2021-07-19 05:00:50.172 +0000 [error] [benchmark_io 383] connect: Connection timed out
2021-07-19 05:00:50.209 +0000 [error] [benchmark_io 386] connect: Connection timed out
2021-07-19 05:00:50.249 +0000 [error] [benchmark_io 389] connect: Connection timed out
2021-07-19 05:00:50.286 +0000 [error] [benchmark_io 392] connect: Connection timed out
2021-07-19 05:00:50.324 +0000 [error] [benchmark_io 395] connect: Connection timed out
2021-07-19 05:00:50.363 +0000 [error] [benchmark_io 398] connect: Connection timed out
2021-07-19 05:00:50.401 +0000 [error] [benchmark_io 401] connect: Connection timed out
2021-07-19 05:00:50.440 +0000 [error] [benchmark_io 404] connect: Connection timed out
2021-07-19 05:00:50.479 +0000 [error] [benchmark_io 407] connect: Connection timed out
2021-07-19 05:00:50.517 +0000 [error] [benchmark_io 410] connect: Connection timed out
2021-07-19 05:00:50.554 +0000 [error] [benchmark_io 413] connect: Connection timed out
2021-07-19 05:00:50.592 +0000 [error] [benchmark_io 416] connect: Connection timed out
2021-07-19 05:00:50.630 +0000 [error] [benchmark_io 419] connect: Connection timed out
2021-07-19 05:00:50.669 +0000 [error] [benchmark_io 422] connect: Connection timed out
2021-07-19 05:00:50.706 +0000 [error] [benchmark_io 425] connect: Connection timed out
2021-07-19 05:00:50.744 +0000 [error] [benchmark_io 428] connect: Connection timed out
2021-07-19 05:00:50.782 +0000 [error] [benchmark_io 431] connect: Connection timed out
2021-07-19 05:00:50.821 +0000 [error] [benchmark_io 434] connect: Connection timed out
2021-07-19 05:00:50.859 +0000 [error] [benchmark_io 437] connect: Connection timed out
2021-07-19 05:00:50.896 +0000 [error] [benchmark_io 440] connect: Connection timed out
2021-07-19 05:00:50.935 +0000 [error] [benchmark_io 443] connect: Connection timed out
2021-07-19 05:00:50.973 +0000 [error] [benchmark_io 446] connect: Connection timed out
2021-07-19 05:00:51.011 +0000 [error] [benchmark_io 449] connect: Connection timed out
2021-07-19 05:00:51.048 +0000 [error] [benchmark_io 452] connect: Connection timed out
2021-07-19 05:00:51.086 +0000 [error] [benchmark_io 455] connect: Connection timed out
2021-07-19 05:00:51.124 +0000 [error] [benchmark_io 458] connect: Connection timed out
2021-07-19 05:00:51.162 +0000 [error] [benchmark_io 461] connect: Connection timed out
2021-07-19 05:00:51.199 +0000 [error] [benchmark_io 464] connect: Connection timed out
2021-07-19 05:00:51.238 +0000 [error] [benchmark_io 467] connect: Connection timed out
2021-07-19 05:00:51.276 +0000 [error] [benchmark_io 470] connect: Connection timed out
2021-07-19 05:00:51.313 +0000 [error] [benchmark_io 473] connect: Connection timed out
2021-07-19 05:00:51.350 +0000 [error] [benchmark_io 476] connect: Connection timed out
2021-07-19 05:00:51.388 +0000 [error] [benchmark_io 479] connect: Connection timed out
2021-07-19 05:00:51.426 +0000 [error] [benchmark_io 482] connect: Connection timed out
2021-07-19 05:00:51.464 +0000 [error] [benchmark_io 485] connect: Connection timed out
2021-07-19 05:00:51.502 +0000 [error] [benchmark_io 488] connect: Connection timed out
2021-07-19 05:00:51.539 +0000 [error] [benchmark_io 491] connect: Connection timed out
2021-07-19 05:00:51.577 +0000 [error] [benchmark_io 494] connect: Connection timed out
2021-07-19 05:00:51.613 +0000 [error] [benchmark_io 497] connect: Connection timed out
2021-07-19 05:00:51.651 +0000 [error] [benchmark_io 500] connect: Connection timed out
2021-07-19 05:00:51.688 +0000 [error] [benchmark_io 503] connect: Connection timed out
2021-07-19 05:00:51.726 +0000 [error] [benchmark_io 506] connect: Connection timed out
2021-07-19 05:00:51.763 +0000 [error] [benchmark_io 509] connect: Connection timed out
2021-07-19 05:00:51.802 +0000 [error] [benchmark_io 512] connect: Connection timed out
2021-07-19 05:00:51.838 +0000 [error] [benchmark_io 515] connect: Connection timed out
2021-07-19 05:00:51.876 +0000 [error] [benchmark_io 518] connect: Connection timed out
2021-07-19 05:00:51.913 +0000 [error] [benchmark_io 521] connect: Connection timed out
2021-07-19 05:00:51.950 +0000 [error] [benchmark_io 524] connect: Connection timed out
2021-07-19 05:00:51.989 +0000 [error] [benchmark_io 527] connect: Connection timed out
2021-07-19 05:00:52.026 +0000 [error] [benchmark_io 530] connect: Connection timed out
2021-07-19 05:00:52.062 +0000 [error] [benchmark_io 533] connect: Connection timed out
2021-07-19 05:00:52.100 +0000 [error] [benchmark_io 536] connect: Connection timed out
2021-07-19 05:00:52.137 +0000 [error] [benchmark_io 539] connect: Connection timed out
2021-07-19 05:00:52.174 +0000 [error] [benchmark_io 542] connect: Connection timed out
2021-07-19 05:00:52.211 +0000 [error] [benchmark_io 545] connect: Connection timed out
2021-07-19 05:00:52.248 +0000 [error] [benchmark_io 548] connect: Connection timed out
2021-07-19 05:00:52.286 +0000 [error] [benchmark_io 551] connect: Connection timed out
2021-07-19 05:00:52.323 +0000 [error] [benchmark_io 554] connect: Connection timed out
2021-07-19 05:00:52.360 +0000 [error] [benchmark_io 557] connect: Connection timed out
2021-07-19 05:00:52.397 +0000 [error] [benchmark_io 560] connect: Connection timed out
2021-07-19 05:00:52.434 +0000 [error] [benchmark_io 563] connect: Connection timed out
2021-07-19 05:00:52.471 +0000 [error] [benchmark_io 566] connect: Connection timed out
2021-07-19 05:00:52.509 +0000 [error] [benchmark_io 569] connect: Connection timed out
2021-07-19 05:00:52.545 +0000 [error] [benchmark_io 572] connect: Connection timed out
2021-07-19 05:00:52.583 +0000 [error] [benchmark_io 575] connect: Connection timed out
2021-07-19 05:00:52.619 +0000 [error] [benchmark_io 578] connect: Connection timed out
2021-07-19 05:00:52.657 +0000 [error] [benchmark_io 581] connect: Connection timed out
2021-07-19 05:00:52.694 +0000 [error] [benchmark_io 584] connect: Connection timed out
2021-07-19 05:00:52.729 +0000 [error] [benchmark_io 587] connect: Connection timed out
2021-07-19 05:00:52.766 +0000 [error] [benchmark_io 590] connect: Connection timed out
2021-07-19 05:00:52.804 +0000 [error] [benchmark_io 593] connect: Connection timed out
2021-07-19 05:00:52.840 +0000 [error] [benchmark_io 596] connect: Connection timed out
2021-07-19 05:00:52.876 +0000 [error] [benchmark_io 599] connect: Connection timed out
2021-07-19 05:00:52.914 +0000 [error] [benchmark_io 602] connect: Connection timed out
2021-07-19 05:00:52.951 +0000 [error] [benchmark_io 605] connect: Connection timed out
2021-07-19 05:00:52.988 +0000 [error] [benchmark_io 608] connect: Connection timed out
2021-07-19 05:00:53.024 +0000 [error] [benchmark_io 611] connect: Connection timed out
2021-07-19 05:00:53.062 +0000 [error] [benchmark_io 614] connect: Connection timed out
2021-07-19 05:00:53.098 +0000 [error] [benchmark_io 617] connect: Connection timed out
2021-07-19 05:00:53.135 +0000 [error] [benchmark_io 620] connect: Connection timed out
2021-07-19 05:00:53.172 +0000 [error] [benchmark_io 623] connect: Connection timed out
2021-07-19 05:00:53.207 +0000 [error] [benchmark_io 626] connect: Connection timed out
2021-07-19 05:00:53.244 +0000 [error] [benchmark_io 629] connect: Connection timed out
2021-07-19 05:00:53.282 +0000 [error] [benchmark_io 632] connect: Connection timed out
2021-07-19 05:00:53.317 +0000 [error] [benchmark_io 635] connect: Connection timed out
2021-07-19 05:00:53.354 +0000 [error] [benchmark_io 638] connect: Connection timed out
2021-07-19 05:00:53.390 +0000 [error] [benchmark_io 641] connect: Connection timed out
2021-07-19 05:00:53.427 +0000 [error] [benchmark_io 644] connect: Connection timed out
2021-07-19 05:00:53.463 +0000 [error] [benchmark_io 647] connect: Connection timed out
2021-07-19 05:00:53.500 +0000 [error] [benchmark_io 650] connect: Connection timed out
2021-07-19 05:00:53.537 +0000 [error] [benchmark_io 653] connect: Connection timed out
2021-07-19 05:00:53.573 +0000 [error] [benchmark_io 656] connect: Connection timed out
2021-07-19 05:00:53.610 +0000 [error] [benchmark_io 659] connect: Connection timed out
2021-07-19 05:00:53.645 +0000 [error] [benchmark_io 662] connect: Connection timed out
2021-07-19 05:00:53.682 +0000 [error] [benchmark_io 665] connect: Connection timed out
2021-07-19 05:00:53.718 +0000 [error] [benchmark_io 668] connect: Connection timed out
2021-07-19 05:00:53.755 +0000 [error] [benchmark_io 671] connect: Connection timed out
2021-07-19 05:00:53.791 +0000 [error] [benchmark_io 674] connect: Connection timed out
2021-07-19 05:00:53.827 +0000 [error] [benchmark_io 677] connect: Connection timed out
2021-07-19 05:00:53.863 +0000 [error] [benchmark_io 680] connect: Connection timed out
2021-07-19 05:00:53.900 +0000 [error] [benchmark_io 683] connect: Connection timed out
2021-07-19 05:00:53.936 +0000 [error] [benchmark_io 686] connect: Connection timed out
2021-07-19 05:00:53.972 +0000 [error] [benchmark_io 689] connect: Connection timed out
2021-07-19 05:00:54.009 +0000 [error] [benchmark_io 692] connect: Connection timed out
2021-07-19 05:00:54.043 +0000 [error] [benchmark_io 695] connect: Connection timed out
2021-07-19 05:00:54.080 +0000 [error] [benchmark_io 698] connect: Connection timed out
2021-07-19 05:00:54.116 +0000 [error] [benchmark_io 701] connect: Connection timed out
2021-07-19 05:00:54.154 +0000 [error] [benchmark_io 704] connect: Connection timed out
2021-07-19 05:00:54.189 +0000 [error] [benchmark_io 707] connect: Connection timed out
2021-07-19 05:00:54.225 +0000 [error] [benchmark_io 710] connect: Connection timed out
2021-07-19 05:00:54.261 +0000 [error] [benchmark_io 713] connect: Connection timed out
2021-07-19 05:00:54.297 +0000 [error] [benchmark_io 716] connect: Connection timed out
2021-07-19 05:00:54.333 +0000 [error] [benchmark_io 719] connect: Connection timed out
2021-07-19 05:00:54.369 +0000 [error] [benchmark_io 722] connect: Connection timed out
2021-07-19 05:00:54.405 +0000 [error] [benchmark_io 725] connect: Connection timed out
2021-07-19 05:00:54.440 +0000 [error] [benchmark_io 728] connect: Connection timed out
2021-07-19 05:00:54.477 +0000 [error] [benchmark_io 731] connect: Connection timed out
2021-07-19 05:00:54.513 +0000 [error] [benchmark_io 734] connect: Connection timed out
2021-07-19 05:00:54.547 +0000 [error] [benchmark_io 737] connect: Connection timed out
2021-07-19 05:00:54.585 +0000 [error] [benchmark_io 740] connect: Connection timed out
2021-07-19 05:00:54.621 +0000 [error] [benchmark_io 743] connect: Connection timed out
2021-07-19 05:00:54.656 +0000 [error] [benchmark_io 746] connect: Connection timed out
2021-07-19 05:00:54.692 +0000 [error] [benchmark_io 749] connect: Connection timed out
2021-07-19 05:00:54.729 +0000 [error] [benchmark_io 752] connect: Connection timed out
2021-07-19 05:00:54.764 +0000 [error] [benchmark_io 755] connect: Connection timed out
2021-07-19 05:00:54.799 +0000 [error] [benchmark_io 758] connect: Connection timed out
2021-07-19 05:00:54.836 +0000 [error] [benchmark_io 761] connect: Connection timed out
2021-07-19 05:00:54.872 +0000 [error] [benchmark_io 764] connect: Connection timed out
2021-07-19 05:00:54.906 +0000 [error] [benchmark_io 767] connect: Connection timed out
2021-07-19 05:00:54.942 +0000 [error] [benchmark_io 770] connect: Connection timed out
2021-07-19 05:00:54.978 +0000 [error] [benchmark_io 773] connect: Connection timed out
2021-07-19 05:00:55.013 +0000 [error] [benchmark_io 776] connect: Connection timed out
2021-07-19 05:00:55.050 +0000 [error] [benchmark_io 779] connect: Connection timed out
2021-07-19 05:00:55.085 +0000 [error] [benchmark_io 782] connect: Connection timed out
2021-07-19 05:00:55.120 +0000 [error] [benchmark_io 785] connect: Connection timed out
2021-07-19 05:00:55.156 +0000 [error] [benchmark_io 788] connect: Connection timed out
2021-07-19 05:00:55.192 +0000 [error] [benchmark_io 791] connect: Connection timed out
2021-07-19 05:00:55.228 +0000 [error] [benchmark_io 794] connect: Connection timed out
2021-07-19 05:00:55.262 +0000 [error] [benchmark_io 797] connect: Connection timed out
2021-07-19 05:00:55.298 +0000 [error] [benchmark_io 800] connect: Connection timed out
2021-07-19 05:00:55.334 +0000 [error] [benchmark_io 803] connect: Connection timed out
2021-07-19 05:00:55.369 +0000 [error] [benchmark_io 806] connect: Connection timed out
2021-07-19 05:00:55.404 +0000 [error] [benchmark_io 809] connect: Connection timed out
2021-07-19 05:00:55.440 +0000 [error] [benchmark_io 812] connect: Connection timed out
2021-07-19 05:00:55.475 +0000 [error] [benchmark_io 815] connect: Connection timed out
2021-07-19 05:00:55.511 +0000 [error] [benchmark_io 818] connect: Connection timed out
2021-07-19 05:00:55.547 +0000 [error] [benchmark_io 821] connect: Connection timed out
2021-07-19 05:00:55.582 +0000 [error] [benchmark_io 824] connect: Connection timed out
2021-07-19 05:00:55.616 +0000 [error] [benchmark_io 827] connect: Connection timed out
2021-07-19 05:00:55.653 +0000 [error] [benchmark_io 830] connect: Connection timed out
2021-07-19 05:00:55.688 +0000 [error] [benchmark_io 833] connect: Connection timed out
2021-07-19 05:00:55.722 +0000 [error] [benchmark_io 836] connect: Connection timed out
2021-07-19 05:00:55.758 +0000 [error] [benchmark_io 839] connect: Connection timed out
2021-07-19 05:00:55.794 +0000 [error] [benchmark_io 842] connect: Connection timed out
2021-07-19 05:00:55.829 +0000 [error] [benchmark_io 845] connect: Connection timed out
2021-07-19 05:00:55.862 +0000 [error] [benchmark_io 848] connect: Connection timed out
2021-07-19 05:00:55.899 +0000 [error] [benchmark_io 851] connect: Connection timed out
2021-07-19 05:00:55.935 +0000 [error] [benchmark_io 854] connect: Connection timed out
2021-07-19 05:00:55.968 +0000 [error] [benchmark_io 857] connect: Connection timed out
2021-07-19 05:00:56.005 +0000 [error] [benchmark_io 860] connect: Connection timed out
2021-07-19 05:00:56.039 +0000 [error] [benchmark_io 863] connect: Connection timed out
2021-07-19 05:00:56.073 +0000 [error] [benchmark_io 866] connect: Connection timed out
2021-07-19 05:00:56.110 +0000 [error] [benchmark_io 869] connect: Connection timed out
2021-07-19 05:00:56.144 +0000 [error] [benchmark_io 872] connect: Connection timed out
2021-07-19 05:00:56.179 +0000 [error] [benchmark_io 875] connect: Connection timed out
2021-07-19 05:00:56.215 +0000 [error] [benchmark_io 878] connect: Connection timed out
2021-07-19 05:00:56.250 +0000 [error] [benchmark_io 881] connect: Connection timed out
2021-07-19 05:00:56.285 +0000 [error] [benchmark_io 884] connect: Connection timed out
2021-07-19 05:00:56.319 +0000 [error] [benchmark_io 887] connect: Connection timed out
2021-07-19 05:00:56.354 +0000 [error] [benchmark_io 890] connect: Connection timed out
2021-07-19 05:00:56.389 +0000 [error] [benchmark_io 893] connect: Connection timed out
2021-07-19 05:00:56.424 +0000 [error] [benchmark_io 896] connect: Connection timed out
2021-07-19 05:00:56.459 +0000 [error] [benchmark_io 899] connect: Connection timed out
2021-07-19 05:00:56.495 +0000 [error] [benchmark_io 902] connect: Connection timed out
2021-07-19 05:00:56.529 +0000 [error] [benchmark_io 905] connect: Connection timed out
2021-07-19 05:00:56.563 +0000 [error] [benchmark_io 908] connect: Connection timed out
2021-07-19 05:00:56.598 +0000 [error] [benchmark_io 911] connect: Connection timed out
2021-07-19 05:00:56.633 +0000 [error] [benchmark_io 914] connect: Connection timed out
2021-07-19 05:00:56.669 +0000 [error] [benchmark_io 917] connect: Connection timed out
2021-07-19 05:00:56.704 +0000 [error] [benchmark_io 920] connect: Connection timed out
2021-07-19 05:00:56.737 +0000 [error] [benchmark_io 922] connect: Connection timed out
2021-07-19 05:00:56.773 +0000 [error] [benchmark_io 925] connect: Connection timed out
2021-07-19 05:00:56.807 +0000 [error] [benchmark_io 928] connect: Connection timed out
2021-07-19 05:00:56.842 +0000 [error] [benchmark_io 931] connect: Connection timed out
2021-07-19 05:00:56.877 +0000 [error] [benchmark_io 934] connect: Connection timed out
2021-07-19 05:00:56.911 +0000 [error] [benchmark_io 937] connect: Connection timed out
2021-07-19 05:00:56.946 +0000 [error] [benchmark_io 940] connect: Connection timed out
2021-07-19 05:00:56.980 +0000 [error] [benchmark_io 943] connect: Connection timed out
2021-07-19 05:00:57.015 +0000 [error] [benchmark_io 946] connect: Connection timed out
2021-07-19 05:00:57.050 +0000 [error] [benchmark_io 949] connect: Connection timed out
2021-07-19 05:00:57.085 +0000 [error] [benchmark_io 952] connect: Connection timed out
2021-07-19 05:00:57.119 +0000 [error] [benchmark_io 955] connect: Connection timed out
2021-07-19 05:00:57.153 +0000 [error] [benchmark_io 958] connect: Connection timed out
2021-07-19 05:00:57.188 +0000 [error] [benchmark_io 961] connect: Connection timed out
2021-07-19 05:00:57.223 +0000 [error] [benchmark_io 964] connect: Connection timed out
2021-07-19 05:00:57.258 +0000 [error] [benchmark_io 967] connect: Connection timed out
2021-07-19 05:00:57.292 +0000 [error] [benchmark_io 970] connect: Connection timed out
2021-07-19 05:00:57.325 +0000 [error] [benchmark_io 973] connect: Connection timed out
2021-07-19 05:00:57.360 +0000 [error] [benchmark_io 976] connect: Connection timed out
2021-07-19 05:00:57.395 +0000 [error] [benchmark_io 979] connect: Connection timed out
2021-07-19 05:00:57.429 +0000 [error] [benchmark_io 982] connect: Connection timed out
2021-07-19 05:00:57.463 +0000 [error] [benchmark_io 985] connect: Connection timed out
2021-07-19 05:00:57.498 +0000 [error] [benchmark_io 988] connect: Connection timed out
2021-07-19 05:00:57.532 +0000 [error] [benchmark_io 991] connect: Connection timed out
2021-07-19 05:00:57.566 +0000 [error] [benchmark_io 994] connect: Connection timed out
2021-07-19 05:00:57.601 +0000 [error] [benchmark_io 997] connect: Connection timed out
2021-07-19 05:00:57.636 +0000 [error] [benchmark_io 972] connect: Connection timed out
2021-07-19 05:00:57.669 +0000 [error] [benchmark_io 975] connect: Connection timed out
2021-07-19 05:00:57.704 +0000 [error] [benchmark_io 978] connect: Connection timed out
2021-07-19 05:00:57.739 +0000 [error] [benchmark_io 981] connect: Connection timed out
2021-07-19 05:00:57.772 +0000 [error] [benchmark_io 984] connect: Connection timed out
2021-07-19 05:00:57.806 +0000 [error] [benchmark_io 987] connect: Connection timed out
2021-07-19 05:00:57.841 +0000 [error] [benchmark_io 990] connect: Connection timed out
2021-07-19 05:00:57.875 +0000 [error] [benchmark_io 993] connect: Connection timed out
2021-07-19 05:00:57.909 +0000 [error] [benchmark_io 996] connect: Connection timed out
2021-07-19 05:00:57.944 +0000 [error] [benchmark_io 999] connect: Connection timed out
2021-07-19 05:00:57.977 +0000 [error] [benchmark_io 000] connect: Connection timed out
2021-07-19 05:00:58.012 +0000 [error] [benchmark_io 012] connect: Connection timed out
2021-07-19 05:00:58.045 +0000 [error] [benchmark_io 018] connect: Connection timed out
2021-07-19 05:00:58.079 +0000 [error] [benchmark_io 003] connect: Connection timed out
2021-07-19 05:00:58.113 +0000 [error] [benchmark_io 015] connect: Connection timed out
2021-07-19 05:00:58.148 +0000 [error] [benchmark_io 027] connect: Connection timed out
2021-07-19 05:00:58.182 +0000 [error] [benchmark_io 006] connect: Connection timed out
2021-07-19 05:00:58.216 +0000 [error] [benchmark_io 042] connect: Connection timed out
2021-07-19 05:00:58.250 +0000 [error] [benchmark_io 051] connect: Connection timed out
2021-07-19 05:00:58.285 +0000 [error] [benchmark_io 033] connect: Connection timed out
2021-07-19 05:00:58.318 +0000 [error] [benchmark_io 024] connect: Connection timed out
2021-07-19 05:00:58.353 +0000 [error] [benchmark_io 057] connect: Connection timed out
2021-07-19 05:00:58.386 +0000 [error] [benchmark_io 081] connect: Connection timed out
2021-07-19 05:00:58.420 +0000 [error] [benchmark_io 045] connect: Connection timed out
2021-07-19 05:00:58.453 +0000 [error] [benchmark_io 039] connect: Connection timed out
2021-07-19 05:00:58.488 +0000 [error] [benchmark_io 066] connect: Connection timed out
2021-07-19 05:00:58.521 +0000 [error] [benchmark_io 009] connect: Connection timed out
2021-07-19 05:00:58.554 +0000 [error] [benchmark_io 072] connect: Connection timed out
2021-07-19 05:00:58.590 +0000 [error] [benchmark_io 054] connect: Connection timed out
2021-07-19 05:00:58.623 +0000 [error] [benchmark_io 036] connect: Connection timed out
2021-07-19 05:00:58.656 +0000 [error] [benchmark_io 069] connect: Connection timed out
2021-07-19 05:00:58.690 +0000 [error] [benchmark_io 021] connect: Connection timed out
2021-07-19 05:00:58.724 +0000 [error] [benchmark_io 075] connect: Connection timed out
2021-07-19 05:00:58.758 +0000 [error] [benchmark_io 030] connect: Connection timed out
2021-07-19 05:00:58.792 +0000 [error] [benchmark_io 063] connect: Connection timed out
2021-07-19 05:00:58.826 +0000 [error] [benchmark_io 078] connect: Connection timed out
2021-07-19 05:00:58.859 +0000 [error] [benchmark_io 048] connect: Connection timed out
2021-07-19 05:00:58.893 +0000 [error] [benchmark_io 060] connect: Connection timed out
2021-07-19 05:00:58.926 +0000 [error] [benchmark_io 084] connect: Connection timed out
2021-07-19 05:00:58.960 +0000 [error] [benchmark_io 087] connect: Connection timed out
2021-07-19 05:00:58.994 +0000 [error] [benchmark_io 090] connect: Connection timed out
2021-07-19 05:00:59.027 +0000 [error] [benchmark_io 093] connect: Connection timed out
2021-07-19 05:00:59.062 +0000 [error] [benchmark_io 096] connect: Connection timed out
2021-07-19 05:00:59.095 +0000 [error] [benchmark_io 099] connect: Connection timed out
2021-07-19 05:00:59.128 +0000 [error] [benchmark_io 102] connect: Connection timed out
2021-07-19 05:00:59.162 +0000 [error] [benchmark_io 105] connect: Connection timed out
2021-07-19 05:00:59.195 +0000 [error] [benchmark_io 108] connect: Connection timed out
2021-07-19 05:00:59.229 +0000 [error] [benchmark_io 111] connect: Connection timed out
2021-07-19 05:00:59.263 +0000 [error] [benchmark_io 114] connect: Connection timed out
2021-07-19 05:00:59.296 +0000 [error] [benchmark_io 117] connect: Connection timed out
2021-07-19 05:00:59.330 +0000 [error] [benchmark_io 120] connect: Connection timed out
2021-07-19 05:00:59.363 +0000 [error] [benchmark_io 123] connect: Connection timed out
2021-07-19 05:00:59.397 +0000 [error] [benchmark_io 126] connect: Connection timed out
2021-07-19 05:00:59.430 +0000 [error] [benchmark_io 129] connect: Connection timed out
2021-07-19 05:00:59.464 +0000 [error] [benchmark_io 132] connect: Connection timed out
2021-07-19 05:00:59.496 +0000 [error] [benchmark_io 135] connect: Connection timed out
2021-07-19 05:00:59.530 +0000 [error] [benchmark_io 138] connect: Connection timed out
2021-07-19 05:00:59.562 +0000 [error] [benchmark_io 141] connect: Connection timed out
2021-07-19 05:00:59.597 +0000 [error] [benchmark_io 144] connect: Connection timed out
2021-07-19 05:00:59.629 +0000 [error] [benchmark_io 147] connect: Connection timed out
2021-07-19 05:00:59.630 +0000 [error] [monitor_io] bq_sleep: Operation canceled
2021-07-19 05:00:59.630 +0000 [error] [monitor_io] bq_sleep: Operation canceled
2021-07-19 05:00:59.631 +0000 [error] [phantom_logger] bq_sleep: Operation canceled
2021-07-19 05:00:59.631 +0000 [error] [benchmark_io stream_method brief_logger] bq_sleep: Operation canceled
2021-07-19 05:00:59.631 +0000 [info] [] Exit
