1626670789.664		1951880	142039	64	692401	1117376	1854722	58	95916	0	200
1626670790.438		1819301	136808	55	448000	1234438	1725481	58	95916	0	200
1626670790.808		1797553	140004	60	716993	940496	1701764	58	95916	0	200
1626670789.862		2849876	143787	56	1256407	1449626	2751537	58	95916	0	200
1626670790.624		2097229	140988	55	1413327	542859	2000269	58	95916	0	200
1626670791.346		1543225	143139	46	548521	851519	1444482	58	95916	0	200
1626670790.057		3321952	140187	26	2189736	992003	3226223	58	95916	0	200
1626670792.195		1565705	145181	53	729261	691210	1465979	58	95916	0	200
1626670792.683		1090468	137344	59	677412	275653	996184	58	95916	0	200
1626670791.691		2262958	144658	59	695012	1423229	2163999	58	95916	0	200
1626670791.169		2809092	134850	55	2211428	462759	2716874	58	95916	0	200
1626670793.000		1295244	150786	60	810608	333790	1188811	58	95900	0	200
1626670794.204		1047660	1047660	0	0	0	47176	0	0	110	0
1626670792.360		7571895	134916	43	1935611	5501325	7480391	58	0	104	0
1626670792.030		7984615	135589	58	1233897	6615071	7892658	58	32768	104	0
1626670793.462		6783063	132094	51	1058272	5592646	6692847	58	0	104	0
1626670790.248		10099571	144915	26	4992711	4961919	10000000	58	0	110	0
1626670793.762		6634255	143508	45	463934	6026768	6536524	58	0	104	0
1626670792.841		7901568	142948	54	910998	6847568	7804587	58	16384	104	0
1626670791.862		9167549	138538	49	1277466	7751496	9073413	58	16384	104	0
1626670793.613		7428004	138005	55	476339	6813605	7334253	58	16384	104	0
1626670790.989		10092024	135016	59	2073838	7883111	10000000	58	32768	110	0
1626670793.912		7697208	137528	55	720327	6839298	7604042	58	0	104	0
1626670791.520		10102263	145756	54	783758	9172695	10000000	58	16384	110	0
1626670793.309		8733755	135111	55	1734069	6864520	8642085	58	0	104	0
1626670794.058		8001476	142174	55	1259922	6599325	7904967	58	0	104	0
1626670792.522		10096358	140061	45	3846691	6109561	10000000	58	0	110	0
1626670793.155		10098012	142474	53	499869	9455616	10000000	58	81920	110	0
1626670794.349		10000736	10000736	0	0	0	10000000	0	0	110	0
1626670794.492		10000682	10000682	0	0	0	10000000	0	0	110	0
1626670794.633		10000508	10000508	0	0	0	10000000	0	0	110	0
1626670794.775		10000655	10000655	0	0	0	10000000	0	0	110	0
1626670794.915		10001194	10001194	0	0	0	10000000	0	0	110	0
1626670795.053		10000900	10000900	0	0	0	10000000	0	0	110	0
1626670795.191		10000605	10000605	0	0	0	10000000	0	0	110	0
1626670795.327		10000576	10000576	0	0	0	10000000	0	0	110	0
1626670795.462		10000907	10000907	0	0	0	10000000	0	0	110	0
1626670795.597		10000800	10000800	0	0	0	10000000	0	0	110	0
1626670795.730		10000799	10000799	0	0	0	10000000	0	0	110	0
1626670795.862		10000893	10000893	0	0	0	10000000	0	0	110	0
1626670795.994		10000757	10000757	0	0	0	10000000	0	0	110	0
1626670796.123		10000742	10000742	0	0	0	10000000	0	0	110	0
1626670796.254		10000733	10000733	0	0	0	10000000	0	0	110	0
1626670796.382		10000904	10000904	0	0	0	10000000	0	0	110	0
1626670796.509		10000849	10000849	0	0	0	10000000	0	0	110	0
1626670796.637		10001041	10001041	0	0	0	10000000	0	0	110	0
1626670796.762		10000924	10000924	0	0	0	10000000	0	0	110	0
1626670796.888		10000983	10000983	0	0	0	10000000	0	0	110	0
1626670797.013		10001307	10001307	0	0	0	10000000	0	0	110	0
1626670797.137		10000441	10000441	0	0	0	10000000	0	0	110	0
1626670797.259		10000922	10000922	0	0	0	10000000	0	0	110	0
1626670797.382		10000860	10000860	0	0	0	10000000	0	0	110	0
1626670797.503		10000264	10000264	0	0	0	10000000	0	0	110	0
1626670797.622		10001287	10001287	0	0	0	10000000	0	0	110	0
1626670797.743		10000243	10000243	0	0	0	10000000	0	0	110	0
1626670797.863		10000994	10000994	0	0	0	10000000	0	0	110	0
1626670797.981		10000535	10000535	0	0	0	10000000	0	0	110	0
1626670798.099		10000603	10000603	0	0	0	10000000	0	0	110	0
1626670798.216		10000621	10000621	0	0	0	10000000	0	0	110	0
1626670798.332		10000388	10000388	0	0	0	10000000	0	0	110	0
1626670798.448		10016229	10016229	0	0	0	10000000	0	0	110	0
1626670798.563		10000736	10000736	0	0	0	10000000	0	0	110	0
1626670798.678		10000524	10000524	0	0	0	10000000	0	0	110	0
1626670798.792		10000739	10000739	0	0	0	10000000	0	0	110	0
1626670798.905		10001136	10001136	0	0	0	10000000	0	0	110	0
1626670799.017		10000776	10000776	0	0	0	10000000	0	0	110	0
1626670799.129		10000662	10000662	0	0	0	10000000	0	0	110	0
1626670799.241		10001278	10001278	0	0	0	10000000	0	0	110	0
1626670799.351		10004337	10004337	0	0	0	10000000	0	0	110	0
1626670799.463		10001166	10001166	0	0	0	10000000	0	0	110	0
1626670799.572		10001097	10001097	0	0	0	10000000	0	0	110	0
1626670799.682		10000345	10000345	0	0	0	10000000	0	0	110	0
1626670799.790		10001230	10001230	0	0	0	10000000	0	0	110	0
1626670799.899		10000379	10000379	0	0	0	10000000	0	0	110	0
1626670800.005		10000989	10000989	0	0	0	10000000	0	0	110	0
1626670800.113		10000889	10000889	0	0	0	10000000	0	0	110	0
1626670800.220		10000625	10000625	0	0	0	10000000	0	0	110	0
1626670800.326		10000641	10000641	0	0	0	10000000	0	0	110	0
1626670800.432		10001017	10001017	0	0	0	10000000	0	0	110	0
1626670800.536		10001105	10001105	0	0	0	10000000	0	0	110	0
1626670800.642		10001018	10001018	0	0	0	10000000	0	0	110	0
1626670800.745		10001129	10001129	0	0	0	10000000	0	0	110	0
1626670800.850		10001206	10001206	0	0	0	10000000	0	0	110	0
1626670800.953		10001216	10001216	0	0	0	10000000	0	0	110	0
1626670801.055		10000298	10000298	0	0	0	10000000	0	0	110	0
1626670801.158		10000721	10000721	0	0	0	10000000	0	0	110	0
1626670801.260		10000979	10000979	0	0	0	10000000	0	0	110	0
1626670801.362		10000457	10000457	0	0	0	10000000	0	0	110	0
1626670801.462		10000345	10000345	0	0	0	10000000	0	0	110	0
1626670801.562		10000593	10000593	0	0	0	10000000	0	0	110	0
1626670801.663		10000454	10000454	0	0	0	10000000	0	0	110	0
1626670801.763		10000539	10000539	0	0	0	10000000	0	0	110	0
1626670801.863		10001276	10001276	0	0	0	10000000	0	0	110	0
1626670801.961		10000946	10000946	0	0	0	10000000	0	0	110	0
1626670802.059		10000329	10000329	0	0	0	10000000	0	0	110	0
1626670802.157		10001241	10001241	0	0	0	10000000	0	0	110	0
1626670802.256		10000841	10000841	0	0	0	10000000	0	0	110	0
1626670802.353		10001090	10001090	0	0	0	10000000	0	0	110	0
1626670802.450		10000349	10000349	0	0	0	10000000	0	0	110	0
1626670802.546		10000318	10000318	0	0	0	10000000	0	0	110	0
1626670802.643		10000517	10000517	0	0	0	10000000	0	0	110	0
1626670802.738		10000633	10000633	0	0	0	10000000	0	0	110	0
1626670802.835		10000869	10000869	0	0	0	10000000	0	0	110	0
1626670802.930		10001005	10001005	0	0	0	10000000	0	0	110	0
1626670803.025		10001065	10001065	0	0	0	10000000	0	0	110	0
1626670803.119		10001144	10001144	0	0	0	10000000	0	0	110	0
1626670803.213		10001120	10001120	0	0	0	10000000	0	0	110	0
1626670803.307		10001111	10001111	0	0	0	10000000	0	0	110	0
1626670803.401		10001158	10001158	0	0	0	10000000	0	0	110	0
1626670803.494		10001265	10001265	0	0	0	10000000	0	0	110	0
1626670803.585		10000766	10000766	0	0	0	10000000	0	0	110	0
1626670803.678		10000490	10000490	0	0	0	10000000	0	0	110	0
1626670803.770		10001105	10001105	0	0	0	10000000	0	0	110	0
1626670803.862		10001084	10001084	0	0	0	10000000	0	0	110	0
1626670803.953		10001009	10001009	0	0	0	10000000	0	0	110	0
1626670804.045		10001209	10001209	0	0	0	10000000	0	0	110	0
1626670804.136		10001000	10001000	0	0	0	10000000	0	0	110	0
1626670804.227		10000967	10000967	0	0	0	10000000	0	0	110	0
1626670804.316		10001069	10001069	0	0	0	10000000	0	0	110	0
1626670804.407		10001073	10001073	0	0	0	10000000	0	0	110	0
1626670804.496		10001094	10001094	0	0	0	10000000	0	0	110	0
1626670804.585		10001283	10001283	0	0	0	10000000	0	0	110	0
1626670804.675		10001094	10001094	0	0	0	10000000	0	0	110	0
1626670804.762		10000760	10000760	0	0	0	10000000	0	0	110	0
1626670804.852		10000912	10000912	0	0	0	10000000	0	0	110	0
1626670804.940		10000936	10000936	0	0	0	10000000	0	0	110	0
1626670805.027		10001103	10001103	0	0	0	10000000	0	0	110	0
1626670805.115		10000283	10000283	0	0	0	10000000	0	0	110	0
1626670805.203		10001040	10001040	0	0	0	10000000	0	0	110	0
1626670805.290		10001039	10001039	0	0	0	10000000	0	0	110	0
1626670805.376		10001066	10001066	0	0	0	10000000	0	0	110	0
1626670805.463		10001181	10001181	0	0	0	10000000	0	0	110	0
1626670805.549		10000201	10000201	0	0	0	10000000	0	0	110	0
1626670805.634		10001071	10001071	0	0	0	10000000	0	0	110	0
1626670805.721		10001145	10001145	0	0	0	10000000	0	0	110	0
1626670805.806		10000906	10000906	0	0	0	10000000	0	0	110	0
1626670805.891		10000881	10000881	0	0	0	10000000	0	0	110	0
1626670805.976		10000879	10000879	0	0	0	10000000	0	0	110	0
1626670806.060		10000922	10000922	0	0	0	10000000	0	0	110	0
1626670806.144		10000755	10000755	0	0	0	10000000	0	0	110	0
1626670806.229		10000856	10000856	0	0	0	10000000	0	0	110	0
1626670806.313		10000601	10000601	0	0	0	10000000	0	0	110	0
1626670806.397		10000467	10000467	0	0	0	10000000	0	0	110	0
1626670806.480		10000543	10000543	0	0	0	10000000	0	0	110	0
1626670806.563		10000792	10000792	0	0	0	10000000	0	0	110	0
1626670806.645		10000788	10000788	0	0	0	10000000	0	0	110	0
1626670806.728		10001031	10001031	0	0	0	10000000	0	0	110	0
1626670806.811		10000822	10000822	0	0	0	10000000	0	0	110	0
1626670806.893		10000548	10000548	0	0	0	10000000	0	0	110	0
1626670806.976		10000655	10000655	0	0	0	10000000	0	0	110	0
1626670807.056		10000548	10000548	0	0	0	10000000	0	0	110	0
1626670807.138		10001155	10001155	0	0	0	10000000	0	0	110	0
1626670807.220		10001048	10001048	0	0	0	10000000	0	0	110	0
1626670807.301		10000662	10000662	0	0	0	10000000	0	0	110	0
1626670807.382		10000589	10000589	0	0	0	10000000	0	0	110	0
1626670807.463		10000706	10000706	0	0	0	10000000	0	0	110	0
1626670807.543		10000355	10000355	0	0	0	10000000	0	0	110	0
1626670807.622		10000551	10000551	0	0	0	10000000	0	0	110	0
1626670807.702		10001237	10001237	0	0	0	10000000	0	0	110	0
1626670807.782		10000387	10000387	0	0	0	10000000	0	0	110	0
1626670807.862		10000927	10000927	0	0	0	10000000	0	0	110	0
1626670807.941		10000838	10000838	0	0	0	10000000	0	0	110	0
1626670808.020		10000658	10000658	0	0	0	10000000	0	0	110	0
1626670808.100		10001223	10001223	0	0	0	10000000	0	0	110	0
1626670808.179		10000883	10000883	0	0	0	10000000	0	0	110	0
1626670808.258		10000587	10000587	0	0	0	10000000	0	0	110	0
1626670808.336		10000379	10000379	0	0	0	10000000	0	0	110	0
1626670808.413		10000600	10000600	0	0	0	10000000	0	0	110	0
1626670808.492		10000961	10000961	0	0	0	10000000	0	0	110	0
1626670808.570		10001133	10001133	0	0	0	10000000	0	0	110	0
1626670808.647		10000342	10000342	0	0	0	10000000	0	0	110	0
1626670808.725		10000810	10000810	0	0	0	10000000	0	0	110	0
1626670808.802		10000629	10000629	0	0	0	10000000	0	0	110	0
1626670808.879		10000906	10000906	0	0	0	10000000	0	0	110	0
1626670808.956		10000490	10000490	0	0	0	10000000	0	0	110	0
1626670809.032		10000802	10000802	0	0	0	10000000	0	0	110	0
1626670809.108		10000521	10000521	0	0	0	10000000	0	0	110	0
1626670809.185		10001243	10001243	0	0	0	10000000	0	0	110	0
1626670809.261		10001261	10001261	0	0	0	10000000	0	0	110	0
1626670809.337		10018710	10018710	0	0	0	10000000	0	0	110	0
1626670809.413		10000416	10000416	0	0	0	10000000	0	0	110	0
1626670809.487		10000443	10000443	0	0	0	10000000	0	0	110	0
1626670809.563		10000624	10000624	0	0	0	10000000	0	0	110	0
1626670809.638		10000998	10000998	0	0	0	10000000	0	0	110	0
1626670809.712		10000911	10000911	0	0	0	10000000	0	0	110	0
1626670809.788		10000814	10000814	0	0	0	10000000	0	0	110	0
1626670809.863		10000521	10000521	0	0	0	10000000	0	0	110	0
1626670809.937		10000744	10000744	0	0	0	10000000	0	0	110	0
1626670810.012		10000837	10000837	0	0	0	10000000	0	0	110	0
1626670810.086		10001248	10001248	0	0	0	10000000	0	0	110	0
1626670810.160		10001223	10001223	0	0	0	10000000	0	0	110	0
1626670810.233		10001209	10001209	0	0	0	10000000	0	0	110	0
1626670810.307		10000305	10000305	0	0	0	10000000	0	0	110	0
1626670810.380		10001010	10001010	0	0	0	10000000	0	0	110	0
1626670810.454		10000548	10000548	0	0	0	10000000	0	0	110	0
1626670810.526		10000683	10000683	0	0	0	10000000	0	0	110	0
1626670810.600		10000853	10000853	0	0	0	10000000	0	0	110	0
1626670810.673		10001022	10001022	0	0	0	10000000	0	0	110	0
1626670810.745		10001254	10001254	0	0	0	10000000	0	0	110	0
1626670810.818		10000229	10000229	0	0	0	10000000	0	0	110	0
1626670810.890		10001124	10001124	0	0	0	10000000	0	0	110	0
1626670810.961		10001073	10001073	0	0	0	10000000	0	0	110	0
1626670811.034		10001263	10001263	0	0	0	10000000	0	0	110	0
1626670811.106		10000480	10000480	0	0	0	10000000	0	0	110	0
1626670811.177		10000978	10000978	0	0	0	10000000	0	0	110	0
1626670811.248		10000461	10000461	0	0	0	10000000	0	0	110	0
1626670811.320		10000976	10000976	0	0	0	10000000	0	0	110	0
1626670811.392		10000367	10000367	0	0	0	10000000	0	0	110	0
1626670811.463		10001094	10001094	0	0	0	10000000	0	0	110	0
1626670811.534		10000470	10000470	0	0	0	10000000	0	0	110	0
1626670811.605		10000754	10000754	0	0	0	10000000	0	0	110	0
1626670811.675		10000942	10000942	0	0	0	10000000	0	0	110	0
1626670811.746		10000931	10000931	0	0	0	10000000	0	0	110	0
1626670811.816		10000468	10000468	0	0	0	10000000	0	0	110	0
1626670811.885		10000171	10000171	0	0	0	10000000	0	0	110	0
1626670811.956		10000957	10000957	0	0	0	10000000	0	0	110	0
1626670812.026		10000427	10000427	0	0	0	10000000	0	0	110	0
1626670812.095		10000490	10000490	0	0	0	10000000	0	0	110	0
1626670812.166		10001235	10001235	0	0	0	10000000	0	0	110	0
1626670812.234		10000286	10000286	0	0	0	10000000	0	0	110	0
1626670812.304		10000438	10000438	0	0	0	10000000	0	0	110	0
1626670812.374		10000491	10000491	0	0	0	10000000	0	0	110	0
1626670812.443		10000508	10000508	0	0	0	10000000	0	0	110	0
1626670812.512		10000554	10000554	0	0	0	10000000	0	0	110	0
1626670812.580		10000558	10000558	0	0	0	10000000	0	0	110	0
1626670812.649		10000328	10000328	0	0	0	10000000	0	0	110	0
1626670812.717		10000282	10000282	0	0	0	10000000	0	0	110	0
1626670812.786		10001157	10001157	0	0	0	10000000	0	0	110	0
1626670812.854		10001130	10001130	0	0	0	10000000	0	0	110	0
1626670812.923		10000782	10000782	0	0	0	10000000	0	0	110	0
1626670812.991		10000969	10000969	0	0	0	10000000	0	0	110	0
1626670813.057		10000613	10000613	0	0	0	10000000	0	0	110	0
1626670813.125		10000482	10000482	0	0	0	10000000	0	0	110	0
1626670813.193		10000356	10000356	0	0	0	10000000	0	0	110	0
1626670813.260		10000341	10000341	0	0	0	10000000	0	0	110	0
1626670813.329		10000214	10000214	0	0	0	10000000	0	0	110	0
1626670813.396		10000232	10000232	0	0	0	10000000	0	0	110	0
1626670813.463		10000247	10000247	0	0	0	10000000	0	0	110	0
1626670813.530		10000402	10000402	0	0	0	10000000	0	0	110	0
1626670813.597		10000420	10000420	0	0	0	10000000	0	0	110	0
1626670813.663		10000231	10000231	0	0	0	10000000	0	0	110	0
1626670813.730		10000510	10000510	0	0	0	10000000	0	0	110	0
1626670813.797		10000525	10000525	0	0	0	10000000	0	0	110	0
1626670813.863		10000514	10000514	0	0	0	10000000	0	0	110	0
1626670813.929		10000215	10000215	0	0	0	10000000	0	0	110	0
1626670813.994		10000277	10000277	0	0	0	10000000	0	0	110	0
1626670814.060		10001273	10001273	0	0	0	10000000	0	0	110	0
1626670814.127		10000625	10000625	0	0	0	10000000	0	0	110	0
1626670814.193		10001211	10001211	0	0	0	10000000	0	0	110	0
1626670814.259		10001153	10001153	0	0	0	10000000	0	0	110	0
1626670814.324		10001092	10001092	0	0	0	10000000	0	0	110	0
1626670814.390		10001205	10001205	0	0	0	10000000	0	0	110	0
1626670814.455		10001201	10001201	0	0	0	10000000	0	0	110	0
1626670814.519		10001179	10001179	0	0	0	10000000	0	0	110	0
1626670814.584		10000345	10000345	0	0	0	10000000	0	0	110	0
1626670814.650		10000859	10000859	0	0	0	10000000	0	0	110	0
1626670814.714		10001041	10001041	0	0	0	10000000	0	0	110	0
1626670814.779		10000235	10000235	0	0	0	10000000	0	0	110	0
1626670814.844		10001103	10001103	0	0	0	10000000	0	0	110	0
1626670814.909		10001121	10001121	0	0	0	10000000	0	0	110	0
1626670814.973		10000898	10000898	0	0	0	10000000	0	0	110	0
1626670815.037		10000731	10000731	0	0	0	10000000	0	0	110	0
1626670815.101		10000746	10000746	0	0	0	10000000	0	0	110	0
1626670815.165		10000616	10000616	0	0	0	10000000	0	0	110	0
1626670815.229		10000357	10000357	0	0	0	10000000	0	0	110	0
1626670815.293		10000279	10000279	0	0	0	10000000	0	0	110	0
1626670815.357		10000352	10000352	0	0	0	10000000	0	0	110	0
1626670815.420		10000390	10000390	0	0	0	10000000	0	0	110	0
1626670815.484		10000390	10000390	0	0	0	10000000	0	0	110	0
1626670815.548		10000265	10000265	0	0	0	10000000	0	0	110	0
1626670815.611		10000495	10000495	0	0	0	10000000	0	0	110	0
1626670815.674		10001189	10001189	0	0	0	10000000	0	0	110	0
1626670815.737		10000372	10000372	0	0	0	10000000	0	0	110	0
1626670815.799		10000397	10000397	0	0	0	10000000	0	0	110	0
1626670815.863		10000355	10000355	0	0	0	10000000	0	0	110	0
1626670815.926		10001256	10001256	0	0	0	10000000	0	0	110	0
1626670815.988		10001068	10001068	0	0	0	10000000	0	0	110	0
1626670816.050		10000670	10000670	0	0	0	10000000	0	0	110	0
1626670816.113		10000782	10000782	0	0	0	10000000	0	0	110	0
1626670816.175		10000490	10000490	0	0	0	10000000	0	0	110	0
1626670816.238		10000251	10000251	0	0	0	10000000	0	0	110	0
1626670816.300		10000508	10000508	0	0	0	10000000	0	0	110	0
1626670816.361		10000585	10000585	0	0	0	10000000	0	0	110	0
1626670816.424		10000616	10000616	0	0	0	10000000	0	0	110	0
1626670816.486		10000650	10000650	0	0	0	10000000	0	0	110	0
1626670816.547		10000694	10000694	0	0	0	10000000	0	0	110	0
1626670816.610		10000947	10000947	0	0	0	10000000	0	0	110	0
1626670816.671		10000487	10000487	0	0	0	10000000	0	0	110	0
1626670816.733		10000456	10000456	0	0	0	10000000	0	0	110	0
1626670816.794		10000856	10000856	0	0	0	10000000	0	0	110	0
1626670816.855		10000856	10000856	0	0	0	10000000	0	0	110	0
1626670816.916		10000832	10000832	0	0	0	10000000	0	0	110	0
1626670816.978		10000742	10000742	0	0	0	10000000	0	0	110	0
1626670817.038		10000786	10000786	0	0	0	10000000	0	0	110	0
1626670817.100		10000846	10000846	0	0	0	10000000	0	0	110	0
1626670817.160		10000725	10000725	0	0	0	10000000	0	0	110	0
1626670817.221		10000633	10000633	0	0	0	10000000	0	0	110	0
1626670817.282		10000931	10000931	0	0	0	10000000	0	0	110	0
1626670817.342		10000706	10000706	0	0	0	10000000	0	0	110	0
1626670817.403		10001146	10001146	0	0	0	10000000	0	0	110	0
1626670817.463		10001224	10001224	0	0	0	10000000	0	0	110	0
1626670817.523		10000290	10000290	0	0	0	10000000	0	0	110	0
1626670817.583		10000383	10000383	0	0	0	10000000	0	0	110	0
1626670817.642		10001141	10001141	0	0	0	10000000	0	0	110	0
1626670817.702		10000490	10000490	0	0	0	10000000	0	0	110	0
1626670817.762		10001189	10001189	0	0	0	10000000	0	0	110	0
1626670817.823		10000320	10000320	0	0	0	10000000	0	0	110	0
1626670817.883		10000864	10000864	0	0	0	10000000	0	0	110	0
1626670817.943		10000734	10000734	0	0	0	10000000	0	0	110	0
1626670818.002		10001097	10001097	0	0	0	10000000	0	0	110	0
1626670818.062		10001126	10001126	0	0	0	10000000	0	0	110	0
1626670818.120		10000641	10000641	0	0	0	10000000	0	0	110	0
1626670818.179		10000526	10000526	0	0	0	10000000	0	0	110	0
1626670818.239		10000932	10000932	0	0	0	10000000	0	0	110	0
1626670818.298		10000779	10000779	0	0	0	10000000	0	0	110	0
1626670818.356		10000990	10000990	0	0	0	10000000	0	0	110	0
1626670818.416		10000987	10000987	0	0	0	10000000	0	0	110	0
1626670818.474		10000980	10000980	0	0	0	10000000	0	0	110	0
1626670818.534		10000966	10000966	0	0	0	10000000	0	0	110	0
1626670818.592		10000943	10000943	0	0	0	10000000	0	0	110	0
1626670818.651		10001248	10001248	0	0	0	10000000	0	0	110	0
1626670818.710		10001239	10001239	0	0	0	10000000	0	0	110	0
1626670818.768		10000316	10000316	0	0	0	10000000	0	0	110	0
1626670818.827		10001181	10001181	0	0	0	10000000	0	0	110	0
1626670818.885		10000864	10000864	0	0	0	10000000	0	0	110	0
1626670818.943		10001244	10001244	0	0	0	10000000	0	0	110	0
1626670819.000		10000697	10000697	0	0	0	10000000	0	0	110	0
1626670819.059		10000644	10000644	0	0	0	10000000	0	0	110	0
1626670819.116		10001238	10001238	0	0	0	10000000	0	0	110	0
1626670819.174		10001145	10001145	0	0	0	10000000	0	0	110	0
1626670819.233		10000896	10000896	0	0	0	10000000	0	0	110	0
1626670819.290		10000817	10000817	0	0	0	10000000	0	0	110	0
1626670819.348		10000877	10000877	0	0	0	10000000	0	0	110	0
1626670819.406		10000867	10000867	0	0	0	10000000	0	0	110	0
1626670819.463		10000691	10000691	0	0	0	10000000	0	0	110	0
1626670819.519		10000606	10000606	0	0	0	10000000	0	0	110	0
1626670819.578		10000605	10000605	0	0	0	10000000	0	0	110	0
1626670819.634		10000650	10000650	0	0	0	10000000	0	0	110	0
1626670819.692		10000557	10000557	0	0	0	10000000	0	0	110	0
1626670819.749		10000765	10000765	0	0	0	10000000	0	0	110	0
1626670819.806		10000772	10000772	0	0	0	10000000	0	0	110	0
1626670819.863		10001040	10001040	0	0	0	10000000	0	0	110	0
1626670819.919		10001081	10001081	0	0	0	10000000	0	0	110	0
1626670819.977		10001072	10001072	0	0	0	10000000	0	0	110	0
1626670820.033		10000192	10000192	0	0	0	10000000	0	0	110	0
1626670820.089		10000254	10000254	0	0	0	10000000	0	0	110	0
1626670820.146		10000278	10000278	0	0	0	10000000	0	0	110	0
1626670820.202		10000814	10000814	0	0	0	10000000	0	0	110	0
1626670820.259		10000328	10000328	0	0	0	10000000	0	0	110	0
1626670820.316		10000261	10000261	0	0	0	10000000	0	0	110	0
1626670820.371		10000471	10000471	0	0	0	10000000	0	0	110	0
1626670820.428		10001192	10001192	0	0	0	10000000	0	0	110	0
1626670820.484		10000214	10000214	0	0	0	10000000	0	0	110	0
1626670820.539		10000347	10000347	0	0	0	10000000	0	0	110	0
1626670820.595		10000626	10000626	0	0	0	10000000	0	0	110	0
1626670820.652		10000512	10000512	0	0	0	10000000	0	0	110	0
1626670820.708		10000342	10000342	0	0	0	10000000	0	0	110	0
1626670820.762		10000768	10000768	0	0	0	10000000	0	0	110	0
1626670820.819		10001195	10001195	0	0	0	10000000	0	0	110	0
1626670820.875		10000809	10000809	0	0	0	10000000	0	0	110	0
1626670820.930		10000756	10000756	0	0	0	10000000	0	0	110	0
1626670820.986		10000265	10000265	0	0	0	10000000	0	0	110	0
1626670821.040		10001185	10001185	0	0	0	10000000	0	0	110	0
1626670821.096		10000315	10000315	0	0	0	10000000	0	0	110	0
1626670821.151		10000270	10000270	0	0	0	10000000	0	0	110	0
1626670821.206		10000754	10000754	0	0	0	10000000	0	0	110	0
1626670821.262		10001186	10001186	0	0	0	10000000	0	0	110	0
1626670821.317		10001159	10001159	0	0	0	10000000	0	0	110	0
1626670821.372		10000475	10000475	0	0	0	10000000	0	0	110	0
1626670821.426		10000401	10000401	0	0	0	10000000	0	0	110	0
1626670821.481		10000362	10000362	0	0	0	10000000	0	0	110	0
1626670821.536		10001074	10001074	0	0	0	10000000	0	0	110	0
1626670821.590		10000821	10000821	0	0	0	10000000	0	0	110	0
1626670821.645		10000701	10000701	0	0	0	10000000	0	0	110	0
1626670821.700		10000609	10000609	0	0	0	10000000	0	0	110	0
1626670821.754		10000895	10000895	0	0	0	10000000	0	0	110	0
1626670821.808		10000922	10000922	0	0	0	10000000	0	0	110	0
1626670821.863		10001201	10001201	0	0	0	10000000	0	0	110	0
1626670821.916		10001106	10001106	0	0	0	10000000	0	0	110	0
1626670821.971		10001012	10001012	0	0	0	10000000	0	0	110	0
1626670822.025		10001165	10001165	0	0	0	10000000	0	0	110	0
1626670822.079		10000815	10000815	0	0	0	10000000	0	0	110	0
1626670822.134		10000950	10000950	0	0	0	10000000	0	0	110	0
1626670822.188		10001145	10001145	0	0	0	10000000	0	0	110	0
1626670822.242		10001176	10001176	0	0	0	10000000	0	0	110	0
1626670822.295		10000951	10000951	0	0	0	10000000	0	0	110	0
1626670822.349		10000796	10000796	0	0	0	10000000	0	0	110	0
1626670822.402		10001090	10001090	0	0	0	10000000	0	0	110	0
1626670822.455		10000998	10000998	0	0	0	10000000	0	0	110	0
1626670822.509		10001096	10001096	0	0	0	10000000	0	0	110	0
1626670822.562		10001082	10001082	0	0	0	10000000	0	0	110	0
1626670822.617		10000215	10000215	0	0	0	10000000	0	0	110	0
1626670822.670		10001230	10001230	0	0	0	10000000	0	0	110	0
1626670822.723		10000679	10000679	0	0	0	10000000	0	0	110	0
1626670822.777		10000486	10000486	0	0	0	10000000	0	0	110	0
1626670822.830		10000317	10000317	0	0	0	10000000	0	0	110	0
1626670822.883		10000786	10000786	0	0	0	10000000	0	0	110	0
1626670822.936		10000330	10000330	0	0	0	10000000	0	0	110	0
1626670822.989		10000232	10000232	0	0	0	10000000	0	0	110	0
1626670823.042		10000866	10000866	0	0	0	10000000	0	0	110	0
1626670823.095		10000301	10000301	0	0	0	10000000	0	0	110	0
1626670823.148		10001108	10001108	0	0	0	10000000	0	0	110	0
1626670823.200		10000610	10000610	0	0	0	10000000	0	0	110	0
1626670823.253		10000371	10000371	0	0	0	10000000	0	0	110	0
1626670823.306		10000839	10000839	0	0	0	10000000	0	0	110	0
1626670823.358		10001216	10001216	0	0	0	10000000	0	0	110	0
1626670823.411		10000451	10000451	0	0	0	10000000	0	0	110	0
1626670823.463		10001228	10001228	0	0	0	10000000	0	0	110	0
1626670823.515		10001086	10001086	0	0	0	10000000	0	0	110	0
1626670823.568		10000620	10000620	0	0	0	10000000	0	0	110	0
1626670823.620		10000845	10000845	0	0	0	10000000	0	0	110	0
1626670823.672		10000726	10000726	0	0	0	10000000	0	0	110	0
1626670823.724		10000562	10000562	0	0	0	10000000	0	0	110	0
1626670823.776		10000680	10000680	0	0	0	10000000	0	0	110	0
1626670823.828		10000550	10000550	0	0	0	10000000	0	0	110	0
1626670823.880		10000481	10000481	0	0	0	10000000	0	0	110	0
1626670823.932		10000694	10000694	0	0	0	10000000	0	0	110	0
1626670823.984		10000562	10000562	0	0	0	10000000	0	0	110	0
1626670824.035		10000546	10000546	0	0	0	10000000	0	0	110	0
1626670824.087		10000309	10000309	0	0	0	10000000	0	0	110	0
1626670824.139		10001178	10001178	0	0	0	10000000	0	0	110	0
1626670824.191		10000917	10000917	0	0	0	10000000	0	0	110	0
1626670824.241		10001238	10001238	0	0	0	10000000	0	0	110	0
1626670824.293		10000971	10000971	0	0	0	10000000	0	0	110	0
1626670824.344		10001019	10001019	0	0	0	10000000	0	0	110	0
1626670824.396		10001062	10001062	0	0	0	10000000	0	0	110	0
1626670824.448		10001209	10001209	0	0	0	10000000	0	0	110	0
1626670824.499		10001241	10001241	0	0	0	10000000	0	0	110	0
1626670824.551		10000225	10000225	0	0	0	10000000	0	0	110	0
1626670824.601		10000289	10000289	0	0	0	10000000	0	0	110	0
1626670824.653		10000496	10000496	0	0	0	10000000	0	0	110	0
1626670824.703		10000844	10000844	0	0	0	10000000	0	0	110	0
1626670824.754		10000686	10000686	0	0	0	10000000	0	0	110	0
1626670824.805		10001252	10001252	0	0	0	10000000	0	0	110	0
1626670824.857		10001137	10001137	0	0	0	10000000	0	0	110	0
1626670824.908		10001174	10001174	0	0	0	10000000	0	0	110	0
1626670824.958		10001255	10001255	0	0	0	10000000	0	0	110	0
1626670825.008		10000319	10000319	0	0	0	10000000	0	0	110	0
1626670825.059		10001145	10001145	0	0	0	10000000	0	0	110	0
1626670825.110		10001200	10001200	0	0	0	10000000	0	0	110	0
1626670825.161		10001155	10001155	0	0	0	10000000	0	0	110	0
1626670825.211		10000619	10000619	0	0	0	10000000	0	0	110	0
1626670825.262		10000211	10000211	0	0	0	10000000	0	0	110	0
1626670825.311		10000213	10000213	0	0	0	10000000	0	0	110	0
1626670825.362		10000358	10000358	0	0	0	10000000	0	0	110	0
1626670825.413		10000303	10000303	0	0	0	10000000	0	0	110	0
1626670825.463		10000215	10000215	0	0	0	10000000	0	0	110	0
1626670825.513		10001202	10001202	0	0	0	10000000	0	0	110	0
1626670825.562		10001214	10001214	0	0	0	10000000	0	0	110	0
1626670825.613		10001139	10001139	0	0	0	10000000	0	0	110	0
1626670825.663		10000903	10000903	0	0	0	10000000	0	0	110	0
1626670825.713		10000899	10000899	0	0	0	10000000	0	0	110	0
1626670825.763		10000891	10000891	0	0	0	10000000	0	0	110	0
1626670825.813		10000929	10000929	0	0	0	10000000	0	0	110	0
1626670825.862		10001091	10001091	0	0	0	10000000	0	0	110	0
1626670825.913		10000958	10000958	0	0	0	10000000	0	0	110	0
1626670825.963		10000503	10000503	0	0	0	10000000	0	0	110	0
1626670826.012		10000687	10000687	0	0	0	10000000	0	0	110	0
1626670826.062		10001119	10001119	0	0	0	10000000	0	0	110	0
1626670826.111		10000448	10000448	0	0	0	10000000	0	0	110	0
1626670826.161		10000597	10000597	0	0	0	10000000	0	0	110	0
1626670826.209		10000419	10000419	0	0	0	10000000	0	0	110	0
1626670826.260		10000607	10000607	0	0	0	10000000	0	0	110	0
1626670826.309		10000582	10000582	0	0	0	10000000	0	0	110	0
1626670826.357		10000570	10000570	0	0	0	10000000	0	0	110	0
1626670826.408		10000588	10000588	0	0	0	10000000	0	0	110	0
1626670826.457		10000532	10000532	0	0	0	10000000	0	0	110	0
1626670826.506		10000574	10000574	0	0	0	10000000	0	0	110	0
1626670826.554		10000579	10000579	0	0	0	10000000	0	0	110	0
1626670826.604		10000520	10000520	0	0	0	10000000	0	0	110	0
1626670826.653		10000696	10000696	0	0	0	10000000	0	0	110	0
1626670826.702		10000535	10000535	0	0	0	10000000	0	0	110	0
1626670826.750		10000414	10000414	0	0	0	10000000	0	0	110	0
1626670826.800		10000435	10000435	0	0	0	10000000	0	0	110	0
1626670826.849		10000479	10000479	0	0	0	10000000	0	0	110	0
1626670826.898		10000236	10000236	0	0	0	10000000	0	0	110	0
1626670826.945		10000346	10000346	0	0	0	10000000	0	0	110	0
1626670826.995		10001308	10001308	0	0	0	10000000	0	0	110	0
1626670827.043		10000417	10000417	0	0	0	10000000	0	0	110	0
1626670827.092		10000328	10000328	0	0	0	10000000	0	0	110	0
1626670827.140		10000447	10000447	0	0	0	10000000	0	0	110	0
1626670827.189		10000241	10000241	0	0	0	10000000	0	0	110	0
1626670827.237		10001161	10001161	0	0	0	10000000	0	0	110	0
1626670827.286		10001290	10001290	0	0	0	10000000	0	0	110	0
1626670827.334		10000221	10000221	0	0	0	10000000	0	0	110	0
1626670827.382		10000393	10000393	0	0	0	10000000	0	0	110	0
1626670827.431		10000402	10000402	0	0	0	10000000	0	0	110	0
1626670827.478		10000500	10000500	0	0	0	10000000	0	0	110	0
1626670827.527		10001187	10001187	0	0	0	10000000	0	0	110	0
1626670827.575		10001101	10001101	0	0	0	10000000	0	0	110	0
1626670827.623		10001211	10001211	0	0	0	10000000	0	0	110	0
1626670827.670		10001115	10001115	0	0	0	10000000	0	0	110	0
1626670827.719		10000938	10000938	0	0	0	10000000	0	0	110	0
1626670827.767		10000926	10000926	0	0	0	10000000	0	0	110	0
1626670827.815		10000837	10000837	0	0	0	10000000	0	0	110	0
1626670827.863		10000819	10000819	0	0	0	10000000	0	0	110	0
1626670827.910		10000938	10000938	0	0	0	10000000	0	0	110	0
1626670827.959		10000928	10000928	0	0	0	10000000	0	0	110	0
1626670828.005		10001099	10001099	0	0	0	10000000	0	0	110	0
1626670828.054		10000197	10000197	0	0	0	10000000	0	0	110	0
1626670828.102		10000196	10000196	0	0	0	10000000	0	0	110	0
1626670828.149		10000781	10000781	0	0	0	10000000	0	0	110	0
1626670828.197		10000388	10000388	0	0	0	10000000	0	0	110	0
1626670828.244		10000220	10000220	0	0	0	10000000	0	0	110	0
1626670828.291		10001105	10001105	0	0	0	10000000	0	0	110	0
1626670828.339		10001162	10001162	0	0	0	10000000	0	0	110	0
1626670828.385		10001176	10001176	0	0	0	10000000	0	0	110	0
1626670828.434		10001082	10001082	0	0	0	10000000	0	0	110	0
1626670828.481		10001083	10001083	0	0	0	10000000	0	0	110	0
1626670828.528		10001122	10001122	0	0	0	10000000	0	0	110	0
1626670828.575		10001106	10001106	0	0	0	10000000	0	0	110	0
1626670828.621		10000175	10000175	0	0	0	10000000	0	0	110	0
1626670828.668		10001004	10001004	0	0	0	10000000	0	0	110	0
1626670828.716		10000554	10000554	0	0	0	10000000	0	0	110	0
1626670828.763		10000753	10000753	0	0	0	10000000	0	0	110	0
1626670828.810		10000960	10000960	0	0	0	10000000	0	0	110	0
1626670828.857		10000464	10000464	0	0	0	10000000	0	0	110	0
1626670828.904		10000865	10000865	0	0	0	10000000	0	0	110	0
1626670828.951		10000812	10000812	0	0	0	10000000	0	0	110	0
1626670828.997		10000600	10000600	0	0	0	10000000	0	0	110	0
1626670829.044		10000528	10000528	0	0	0	10000000	0	0	110	0
1626670829.090		10000581	10000581	0	0	0	10000000	0	0	110	0
1626670829.138		10000577	10000577	0	0	0	10000000	0	0	110	0
1626670829.184		10000415	10000415	0	0	0	10000000	0	0	110	0
1626670829.231		10001035	10001035	0	0	0	10000000	0	0	110	0
1626670829.276		10000876	10000876	0	0	0	10000000	0	0	110	0
1626670829.324		10000942	10000942	0	0	0	10000000	0	0	110	0
1626670829.370		10001060	10001060	0	0	0	10000000	0	0	110	0
1626670829.417		10001080	10001080	0	0	0	10000000	0	0	110	0
1626670829.462		10001086	10001086	0	0	0	10000000	0	0	110	0
1626670829.509		10001096	10001096	0	0	0	10000000	0	0	110	0
1626670829.555		10001067	10001067	0	0	0	10000000	0	0	110	0
1626670829.602		10001055	10001055	0	0	0	10000000	0	0	110	0
1626670829.648		10000142	10000142	0	0	0	10000000	0	0	110	0
1626670829.693		10000734	10000734	0	0	0	10000000	0	0	110	0
1626670829.740		10000945	10000945	0	0	0	10000000	0	0	110	0
1626670829.786		10000896	10000896	0	0	0	10000000	0	0	110	0
1626670829.832		10000957	10000957	0	0	0	10000000	0	0	110	0
1626670829.878		10000982	10000982	0	0	0	10000000	0	0	110	0
1626670829.924		10000884	10000884	0	0	0	10000000	0	0	110	0
1626670829.970		10001014	10001014	0	0	0	10000000	0	0	110	0
1626670830.016		10000431	10000431	0	0	0	10000000	0	0	110	0
1626670830.061		10000382	10000382	0	0	0	10000000	0	0	110	0
1626670830.108		10000750	10000750	0	0	0	10000000	0	0	110	0
1626670830.153		10001088	10001088	0	0	0	10000000	0	0	110	0
1626670830.199		10000453	10000453	0	0	0	10000000	0	0	110	0
1626670830.245		10000617	10000617	0	0	0	10000000	0	0	110	0
1626670830.290		10000800	10000800	0	0	0	10000000	0	0	110	0
1626670830.336		10000482	10000482	0	0	0	10000000	0	0	110	0
1626670830.382		10000410	10000410	0	0	0	10000000	0	0	110	0
1626670830.427		10000511	10000511	0	0	0	10000000	0	0	110	0
1626670830.472		10000488	10000488	0	0	0	10000000	0	0	110	0
1626670830.518		10000465	10000465	0	0	0	10000000	0	0	110	0
1626670830.562		10000412	10000412	0	0	0	10000000	0	0	110	0
1626670830.609		10000466	10000466	0	0	0	10000000	0	0	110	0
1626670830.654		10000362	10000362	0	0	0	10000000	0	0	110	0
1626670830.699		10001220	10001220	0	0	0	10000000	0	0	110	0
1626670830.745		10001029	10001029	0	0	0	10000000	0	0	110	0
1626670830.790		10001250	10001250	0	0	0	10000000	0	0	110	0
1626670830.835		10000780	10000780	0	0	0	10000000	0	0	110	0
1626670830.880		10000425	10000425	0	0	0	10000000	0	0	110	0
1626670830.925		10000361	10000361	0	0	0	10000000	0	0	110	0
1626670830.970		10000588	10000588	0	0	0	10000000	0	0	110	0
1626670831.014		10000909	10000909	0	0	0	10000000	0	0	110	0
1626670831.059		10000350	10000350	0	0	0	10000000	0	0	110	0
1626670831.104		10000599	10000599	0	0	0	10000000	0	0	110	0
1626670831.150		10000914	10000914	0	0	0	10000000	0	0	110	0
1626670831.195		10000971	10000971	0	0	0	10000000	0	0	110	0
1626670831.240		10000462	10000462	0	0	0	10000000	0	0	110	0
1626670831.283		10000698	10000698	0	0	0	10000000	0	0	110	0
1626670831.329		10000496	10000496	0	0	0	10000000	0	0	110	0
1626670831.373		10001114	10001114	0	0	0	10000000	0	0	110	0
1626670831.418		10000251	10000251	0	0	0	10000000	0	0	110	0
1626670831.463		10000235	10000235	0	0	0	10000000	0	0	110	0
1626670831.508		10000477	10000477	0	0	0	10000000	0	0	110	0
1626670831.551		10000505	10000505	0	0	0	10000000	0	0	110	0
1626670831.597		10000942	10000942	0	0	0	10000000	0	0	110	0
1626670831.641		10000364	10000364	0	0	0	10000000	0	0	110	0
1626670831.686		10000926	10000926	0	0	0	10000000	0	0	110	0
1626670831.730		10000815	10000815	0	0	0	10000000	0	0	110	0
1626670831.773		10000875	10000875	0	0	0	10000000	0	0	110	0
1626670831.819		10000818	10000818	0	0	0	10000000	0	0	110	0
1626670831.863		10000819	10000819	0	0	0	10000000	0	0	110	0
1626670831.906		10000892	10000892	0	0	0	10000000	0	0	110	0
1626670831.952		10000858	10000858	0	0	0	10000000	0	0	110	0
1626670831.996		10000867	10000867	0	0	0	10000000	0	0	110	0
1626670832.039		10000677	10000677	0	0	0	10000000	0	0	110	0
1626670832.083		10001084	10001084	0	0	0	10000000	0	0	110	0
1626670832.127		10001226	10001226	0	0	0	10000000	0	0	110	0
1626670832.172		10000508	10000508	0	0	0	10000000	0	0	110	0
1626670832.215		10000945	10000945	0	0	0	10000000	0	0	110	0
1626670832.260		10000971	10000971	0	0	0	10000000	0	0	110	0
1626670832.303		10000707	10000707	0	0	0	10000000	0	0	110	0
1626670832.348		10000383	10000383	0	0	0	10000000	0	0	110	0
1626670832.392		10000874	10000874	0	0	0	10000000	0	0	110	0
1626670832.436		10000701	10000701	0	0	0	10000000	0	0	110	0
1626670832.480		10000494	10000494	0	0	0	10000000	0	0	110	0
1626670832.523		10001229	10001229	0	0	0	10000000	0	0	110	0
1626670832.566		10001200	10001200	0	0	0	10000000	0	0	110	0
1626670832.611		10000231	10000231	0	0	0	10000000	0	0	110	0
1626670832.654		10000175	10000175	0	0	0	10000000	0	0	110	0
1626670832.698		10000415	10000415	0	0	0	10000000	0	0	110	0
1626670832.742		10000122	10000122	0	0	0	10000000	0	0	110	0
1626670832.785		10000251	10000251	0	0	0	10000000	0	0	110	0
1626670832.829		10000730	10000730	0	0	0	10000000	0	0	110	0
1626670832.872		10000387	10000387	0	0	0	10000000	0	0	110	0
1626670832.916		10001064	10001064	0	0	0	10000000	0	0	110	0
1626670832.959		10000384	10000384	0	0	0	10000000	0	0	110	0
1626670833.002		10000793	10000793	0	0	0	10000000	0	0	110	0
1626670833.046		10000434	10000434	0	0	0	10000000	0	0	110	0
1626670833.088		10001053	10001053	0	0	0	10000000	0	0	110	0
1626670833.132		10000984	10000984	0	0	0	10000000	0	0	110	0
1626670833.175		10000889	10000889	0	0	0	10000000	0	0	110	0
1626670833.219		10000647	10000647	0	0	0	10000000	0	0	110	0
1626670833.262		10000813	10000813	0	0	0	10000000	0	0	110	0
1626670833.305		10000424	10000424	0	0	0	10000000	0	0	110	0
1626670833.347		10000651	10000651	0	0	0	10000000	0	0	110	0
1626670833.391		10001210	10001210	0	0	0	10000000	0	0	110	0
1626670833.434		10000550	10000550	0	0	0	10000000	0	0	110	0
1626670833.477		10000569	10000569	0	0	0	10000000	0	0	110	0
1626670833.520		10000524	10000524	0	0	0	10000000	0	0	110	0
1626670833.563		10001070	10001070	0	0	0	10000000	0	0	110	0
1626670833.606		10001178	10001178	0	0	0	10000000	0	0	110	0
1626670833.649		10000964	10000964	0	0	0	10000000	0	0	110	0
1626670833.692		10000541	10000541	0	0	0	10000000	0	0	110	0
1626670833.734		10000391	10000391	0	0	0	10000000	0	0	110	0
1626670833.778		10000280	10000280	0	0	0	10000000	0	0	110	0
1626670833.820		10000482	10000482	0	0	0	10000000	0	0	110	0
1626670833.863		10000724	10000724	0	0	0	10000000	0	0	110	0
1626670833.906		10000810	10000810	0	0	0	10000000	0	0	110	0
1626670833.947		10000751	10000751	0	0	0	10000000	0	0	110	0
1626670833.991		10000750	10000750	0	0	0	10000000	0	0	110	0
1626670834.034		10001103	10001103	0	0	0	10000000	0	0	110	0
1626670834.076		10000948	10000948	0	0	0	10000000	0	0	110	0
1626670834.119		10000150	10000150	0	0	0	10000000	0	0	110	0
1626670834.160		10000329	10000329	0	0	0	10000000	0	0	110	0
1626670834.203		10001249	10001249	0	0	0	10000000	0	0	110	0
1626670834.246		10000903	10000903	0	0	0	10000000	0	0	110	0
1626670834.288		10000680	10000680	0	0	0	10000000	0	0	110	0
1626670834.331		10000982	10000982	0	0	0	10000000	0	0	110	0
1626670834.372		10000739	10000739	0	0	0	10000000	0	0	110	0
1626670834.416		10000771	10000771	0	0	0	10000000	0	0	110	0
1626670834.458		10000712	10000712	0	0	0	10000000	0	0	110	0
1626670834.500		10000744	10000744	0	0	0	10000000	0	0	110	0
1626670834.542		10000873	10000873	0	0	0	10000000	0	0	110	0
1626670834.583		10000865	10000865	0	0	0	10000000	0	0	110	0
1626670834.626		10001115	10001115	0	0	0	10000000	0	0	110	0
1626670834.669		10000874	10000874	0	0	0	10000000	0	0	110	0
1626670834.710		10000419	10000419	0	0	0	10000000	0	0	110	0
1626670834.752		10000691	10000691	0	0	0	10000000	0	0	110	0
1626670834.794		10000998	10000998	0	0	0	10000000	0	0	110	0
1626670834.836		10000853	10000853	0	0	0	10000000	0	0	110	0
1626670834.879		10000735	10000735	0	0	0	10000000	0	0	110	0
1626670834.921		10000962	10000962	0	0	0	10000000	0	0	110	0
1626670834.963		10001102	10001102	0	0	0	10000000	0	0	110	0
1626670835.005		10000387	10000387	0	0	0	10000000	0	0	110	0
1626670835.045		10000442	10000442	0	0	0	10000000	0	0	110	0
1626670835.087		10000576	10000576	0	0	0	10000000	0	0	110	0
1626670835.129		10000770	10000770	0	0	0	10000000	0	0	110	0
1626670835.172		10000586	10000586	0	0	0	10000000	0	0	110	0
1626670835.212		10000415	10000415	0	0	0	10000000	0	0	110	0
1626670835.254		10000680	10000680	0	0	0	10000000	0	0	110	0
1626670835.296		10000811	10000811	0	0	0	10000000	0	0	110	0
1626670835.338		10000768	10000768	0	0	0	10000000	0	0	110	0
1626670835.380		10000475	10000475	0	0	0	10000000	0	0	110	0
1626670835.422		10000652	10000652	0	0	0	10000000	0	0	110	0
1626670835.463		10000834	10000834	0	0	0	10000000	0	0	110	0
1626670835.505		10000197	10000197	0	0	0	10000000	0	0	110	0
1626670835.546		10000245	10000245	0	0	0	10000000	0	0	110	0
1626670835.587		10000283	10000283	0	0	0	10000000	0	0	110	0
1626670835.629		10000581	10000581	0	0	0	10000000	0	0	110	0
1626670835.670		10000588	10000588	0	0	0	10000000	0	0	110	0
1626670835.712		10000292	10000292	0	0	0	10000000	0	0	110	0
1626670835.753		10000363	10000363	0	0	0	10000000	0	0	110	0
1626670835.794		10000363	10000363	0	0	0	10000000	0	0	110	0
1626670835.836		10000264	10000264	0	0	0	10000000	0	0	110	0
1626670835.876		10000290	10000290	0	0	0	10000000	0	0	110	0
1626670835.918		10000590	10000590	0	0	0	10000000	0	0	110	0
1626670835.959		10001195	10001195	0	0	0	10000000	0	0	110	0
1626670836.000		10001137	10001137	0	0	0	10000000	0	0	110	0
1626670836.042		10000326	10000326	0	0	0	10000000	0	0	110	0
1626670836.082		10000713	10000713	0	0	0	10000000	0	0	110	0
1626670836.124		10000215	10000215	0	0	0	10000000	0	0	110	0
1626670836.164		10000351	10000351	0	0	0	10000000	0	0	110	0
1626670836.205		10000575	10000575	0	0	0	10000000	0	0	110	0
1626670836.246		10000538	10000538	0	0	0	10000000	0	0	110	0
1626670836.287		10000900	10000900	0	0	0	10000000	0	0	110	0
1626670836.329		10001178	10001178	0	0	0	10000000	0	0	110	0
1626670836.370		10000229	10000229	0	0	0	10000000	0	0	110	0
1626670836.410		10001057	10001057	0	0	0	10000000	0	0	110	0
1626670836.451		10001038	10001038	0	0	0	10000000	0	0	110	0
1626670836.492		10000883	10000883	0	0	0	10000000	0	0	110	0
1626670836.533		10001112	10001112	0	0	0	10000000	0	0	110	0
1626670836.574		10001085	10001085	0	0	0	10000000	0	0	110	0
1626670836.614		10001147	10001147	0	0	0	10000000	0	0	110	0
1626670836.655		10000384	10000384	0	0	0	10000000	0	0	110	0
1626670836.696		10001051	10001051	0	0	0	10000000	0	0	110	0
1626670836.736		10001010	10001010	0	0	0	10000000	0	0	110	0
1626670836.777		10001015	10001015	0	0	0	10000000	0	0	110	0
1626670836.818		10001031	10001031	0	0	0	10000000	0	0	110	0
1626670836.858		10001022	10001022	0	0	0	10000000	0	0	110	0
1626670836.899		10000978	10000978	0	0	0	10000000	0	0	110	0
1626670836.939		10000944	10000944	0	0	0	10000000	0	0	110	0
1626670836.980		10001175	10001175	0	0	0	10000000	0	0	110	0
1626670837.020		10000218	10000218	0	0	0	10000000	0	0	110	0
1626670837.060		10001235	10001235	0	0	0	10000000	0	0	110	0
1626670837.101		10001195	10001195	0	0	0	10000000	0	0	110	0
1626670837.141		10000431	10000431	0	0	0	10000000	0	0	110	0
1626670837.181		10001252	10001252	0	0	0	10000000	0	0	110	0
1626670837.222		10000490	10000490	0	0	0	10000000	0	0	110	0
1626670837.261		10000351	10000351	0	0	0	10000000	0	0	110	0
1626670837.301		10000302	10000302	0	0	0	10000000	0	0	110	0
1626670837.342		10001214	10001214	0	0	0	10000000	0	0	110	0
1626670837.382		10000228	10000228	0	0	0	10000000	0	0	110	0
1626670837.422		10001092	10001092	0	0	0	10000000	0	0	110	0
1626670837.463		10001057	10001057	0	0	0	10000000	0	0	110	0
1626670837.503		10000246	10000246	0	0	0	10000000	0	0	110	0
1626670837.543		10000297	10000297	0	0	0	10000000	0	0	110	0
1626670837.583		10001250	10001250	0	0	0	10000000	0	0	110	0
1626670837.622		10001286	10001286	0	0	0	10000000	0	0	110	0
1626670837.664		10000285	10000285	0	0	0	10000000	0	0	110	0
1626670837.702		10000314	10000314	0	0	0	10000000	0	0	110	0
1626670837.742		10001220	10001220	0	0	0	10000000	0	0	110	0
1626670837.782		10001263	10001263	0	0	0	10000000	0	0	110	0
1626670837.822		10000412	10000412	0	0	0	10000000	0	0	110	0
1626670837.862		10000548	10000548	0	0	0	10000000	0	0	110	0
1626670837.902		10000427	10000427	0	0	0	10000000	0	0	110	0
1626670837.943		10000437	10000437	0	0	0	10000000	0	0	110	0
1626670837.983		10000278	10000278	0	0	0	10000000	0	0	110	0
1626670838.022		10000438	10000438	0	0	0	10000000	0	0	110	0
1626670838.062		10000445	10000445	0	0	0	10000000	0	0	110	0
1626670838.102		10000519	10000519	0	0	0	10000000	0	0	110	0
1626670838.141		10000630	10000630	0	0	0	10000000	0	0	110	0
1626670838.181		10000576	10000576	0	0	0	10000000	0	0	110	0
1626670838.221		10000577	10000577	0	0	0	10000000	0	0	110	0
1626670838.260		10001020	10001020	0	0	0	10000000	0	0	110	0
1626670838.300		10000310	10000310	0	0	0	10000000	0	0	110	0
1626670838.340		10000287	10000287	0	0	0	10000000	0	0	110	0
1626670838.379		10000318	10000318	0	0	0	10000000	0	0	110	0
1626670838.419		10000408	10000408	0	0	0	10000000	0	0	110	0
1626670838.458		10000174	10000174	0	0	0	10000000	0	0	110	0
1626670838.498		10000194	10000194	0	0	0	10000000	0	0	110	0
1626670838.537		10001240	10001240	0	0	0	10000000	0	0	110	0
1626670838.577		10001186	10001186	0	0	0	10000000	0	0	110	0
1626670838.616		10001147	10001147	0	0	0	10000000	0	0	110	0
1626670838.654		10000282	10000282	0	0	0	10000000	0	0	110	0
1626670838.695		10001233	10001233	0	0	0	10000000	0	0	110	0
1626670838.734		10000224	10000224	0	0	0	10000000	0	0	110	0
1626670838.773		10000316	10000316	0	0	0	10000000	0	0	110	0
1626670838.812		10000509	10000509	0	0	0	10000000	0	0	110	0
1626670838.852		10000489	10000489	0	0	0	10000000	0	0	110	0
1626670838.891		10000482	10000482	0	0	0	10000000	0	0	110	0
1626670838.930		10000554	10000554	0	0	0	10000000	0	0	110	0
1626670838.969		10000524	10000524	0	0	0	10000000	0	0	110	0
1626670839.008		10000425	10000425	0	0	0	10000000	0	0	110	0
1626670839.048		10000677	10000677	0	0	0	10000000	0	0	110	0
1626670839.087		10000747	10000747	0	0	0	10000000	0	0	110	0
1626670839.125		10000832	10000832	0	0	0	10000000	0	0	110	0
1626670839.165		10000962	10000962	0	0	0	10000000	0	0	110	0
1626670839.204		10000775	10000775	0	0	0	10000000	0	0	110	0
1626670839.243		10000706	10000706	0	0	0	10000000	0	0	110	0
1626670839.281		10000814	10000814	0	0	0	10000000	0	0	110	0
1626670839.321		10000566	10000566	0	0	0	10000000	0	0	110	0
1626670839.360		10000440	10000440	0	0	0	10000000	0	0	110	0
1626670839.397		10000572	10000572	0	0	0	10000000	0	0	110	0
1626670839.436		10000642	10000642	0	0	0	10000000	0	0	110	0
1626670839.475		10000491	10000491	0	0	0	10000000	0	0	110	0
1626670839.514		10000540	10000540	0	0	0	10000000	0	0	110	0
1626670839.554		10000543	10000543	0	0	0	10000000	0	0	110	0
1626670839.592		10000598	10000598	0	0	0	10000000	0	0	110	0
1626670839.631		10000615	10000615	0	0	0	10000000	0	0	110	0
1626670839.670		10000787	10000787	0	0	0	10000000	0	0	110	0
1626670839.709		10000445	10000445	0	0	0	10000000	0	0	110	0
1626670839.747		10001189	10001189	0	0	0	10000000	0	0	110	0
1626670839.786		10000996	10000996	0	0	0	10000000	0	0	110	0
1626670839.825		10000955	10000955	0	0	0	10000000	0	0	110	0
1626670839.863		10000937	10000937	0	0	0	10000000	0	0	110	0
1626670839.902		10000993	10000993	0	0	0	10000000	0	0	110	0
1626670839.940		10000986	10000986	0	0	0	10000000	0	0	110	0
1626670839.979		10000921	10000921	0	0	0	10000000	0	0	110	0
1626670840.016		10016339	10016339	0	0	0	10000000	0	0	110	0
1626670840.056		10001209	10001209	0	0	0	10000000	0	0	110	0
1626670840.094		10001249	10001249	0	0	0	10000000	0	0	110	0
1626670840.133		10000391	10000391	0	0	0	10000000	0	0	110	0
1626670840.171		10000491	10000491	0	0	0	10000000	0	0	110	0
1626670840.209		10000334	10000334	0	0	0	10000000	0	0	110	0
1626670840.248		10001155	10001155	0	0	0	10000000	0	0	110	0
1626670840.285		10000267	10000267	0	0	0	10000000	0	0	110	0
1626670840.323		10001196	10001196	0	0	0	10000000	0	0	110	0
1626670840.362		10001200	10001200	0	0	0	10000000	0	0	110	0
1626670840.400		10001221	10001221	0	0	0	10000000	0	0	110	0
1626670840.439		10000932	10000932	0	0	0	10000000	0	0	110	0
1626670840.478		10000974	10000974	0	0	0	10000000	0	0	110	0
1626670840.516		10000694	10000694	0	0	0	10000000	0	0	110	0
1626670840.554		10000726	10000726	0	0	0	10000000	0	0	110	0
1626670840.592		10000696	10000696	0	0	0	10000000	0	0	110	0
1626670840.630		10000718	10000718	0	0	0	10000000	0	0	110	0
1626670840.668		10000900	10000900	0	0	0	10000000	0	0	110	0
1626670840.706		10000679	10000679	0	0	0	10000000	0	0	110	0
1626670840.743		10000240	10000240	0	0	0	10000000	0	0	110	0
1626670840.781		10001033	10001033	0	0	0	10000000	0	0	110	0
1626670840.820		10000902	10000902	0	0	0	10000000	0	0	110	0
1626670840.858		10000945	10000945	0	0	0	10000000	0	0	110	0
1626670840.896		10000244	10000244	0	0	0	10000000	0	0	110	0
1626670840.934		10000881	10000881	0	0	0	10000000	0	0	110	0
1626670840.972		10001057	10001057	0	0	0	10000000	0	0	110	0
1626670841.010		10000745	10000745	0	0	0	10000000	0	0	110	0
1626670841.047		10001006	10001006	0	0	0	10000000	0	0	110	0
1626670841.085		10000942	10000942	0	0	0	10000000	0	0	110	0
1626670841.123		10001030	10001030	0	0	0	10000000	0	0	110	0
1626670841.162		10000172	10000172	0	0	0	10000000	0	0	110	0
1626670841.198		10001052	10001052	0	0	0	10000000	0	0	110	0
1626670841.237		10000959	10000959	0	0	0	10000000	0	0	110	0
1626670841.275		10000916	10000916	0	0	0	10000000	0	0	110	0
1626670841.313		10000214	10000214	0	0	0	10000000	0	0	110	0
1626670841.350		10000248	10000248	0	0	0	10000000	0	0	110	0
1626670841.387		10001066	10001066	0	0	0	10000000	0	0	110	0
1626670841.425		10001095	10001095	0	0	0	10000000	0	0	110	0
1626670841.463		10001221	10001221	0	0	0	10000000	0	0	110	0
1626670841.501		10001092	10001092	0	0	0	10000000	0	0	110	0
1626670841.538		10000968	10000968	0	0	0	10000000	0	0	110	0
1626670841.576		10000997	10000997	0	0	0	10000000	0	0	110	0
1626670841.612		10000995	10000995	0	0	0	10000000	0	0	110	0
1626670841.651		10000187	10000187	0	0	0	10000000	0	0	110	0
1626670841.687		10000890	10000890	0	0	0	10000000	0	0	110	0
1626670841.725		10000654	10000654	0	0	0	10000000	0	0	110	0
1626670841.762		10000534	10000534	0	0	0	10000000	0	0	110	0
1626670841.801		10000521	10000521	0	0	0	10000000	0	0	110	0
1626670841.838		10000572	10000572	0	0	0	10000000	0	0	110	0
1626670841.876		10000578	10000578	0	0	0	10000000	0	0	110	0
1626670841.913		10000580	10000580	0	0	0	10000000	0	0	110	0
1626670841.949		10000864	10000864	0	0	0	10000000	0	0	110	0
1626670841.988		10000978	10000978	0	0	0	10000000	0	0	110	0
1626670842.025		10000943	10000943	0	0	0	10000000	0	0	110	0
1626670842.062		10000840	10000840	0	0	0	10000000	0	0	110	0
1626670842.099		10001148	10001148	0	0	0	10000000	0	0	110	0
1626670842.137		10000276	10000276	0	0	0	10000000	0	0	110	0
1626670842.173		10000392	10000392	0	0	0	10000000	0	0	110	0
1626670842.211		10000254	10000254	0	0	0	10000000	0	0	110	0
1626670842.248		10000183	10000183	0	0	0	10000000	0	0	110	0
1626670842.284		10001187	10001187	0	0	0	10000000	0	0	110	0
1626670842.323		10000326	10000326	0	0	0	10000000	0	0	110	0
1626670842.360		10000480	10000480	0	0	0	10000000	0	0	110	0
1626670842.397		10000521	10000521	0	0	0	10000000	0	0	110	0
1626670842.433		10000460	10000460	0	0	0	10000000	0	0	110	0
1626670842.470		10000378	10000378	0	0	0	10000000	0	0	110	0
1626670842.508		10000585	10000585	0	0	0	10000000	0	0	110	0
1626670842.545		10000462	10000462	0	0	0	10000000	0	0	110	0
1626670842.582		10001092	10001092	0	0	0	10000000	0	0	110	0
1626670842.618		10000605	10000605	0	0	0	10000000	0	0	110	0
1626670842.656		10000669	10000669	0	0	0	10000000	0	0	110	0
1626670842.693		10000687	10000687	0	0	0	10000000	0	0	110	0
1626670842.729		10000236	10000236	0	0	0	10000000	0	0	110	0
1626670842.765		10000968	10000968	0	0	0	10000000	0	0	110	0
1626670842.803		10000624	10000624	0	0	0	10000000	0	0	110	0
1626670842.840		10000390	10000390	0	0	0	10000000	0	0	110	0
1626670842.876		10000202	10000202	0	0	0	10000000	0	0	110	0
1626670842.913		10000897	10000897	0	0	0	10000000	0	0	110	0
1626670842.951		10000448	10000448	0	0	0	10000000	0	0	110	0
1626670842.987		10000876	10000876	0	0	0	10000000	0	0	110	0
1626670843.024		10000752	10000752	0	0	0	10000000	0	0	110	0
1626670843.061		10000984	10000984	0	0	0	10000000	0	0	110	0
1626670843.097		10000715	10000715	0	0	0	10000000	0	0	110	0
1626670843.134		10000792	10000792	0	0	0	10000000	0	0	110	0
1626670843.171		10000859	10000859	0	0	0	10000000	0	0	110	0
1626670843.206		10000519	10000519	0	0	0	10000000	0	0	110	0
1626670843.243		10000827	10000827	0	0	0	10000000	0	0	110	0
1626670843.281		10001127	10001127	0	0	0	10000000	0	0	110	0
1626670843.317		10000399	10000399	0	0	0	10000000	0	0	110	0
1626670843.353		10000957	10000957	0	0	0	10000000	0	0	110	0
1626670843.390		10000248	10000248	0	0	0	10000000	0	0	110	0
1626670843.427		10000885	10000885	0	0	0	10000000	0	0	110	0
1626670843.462		10001057	10001057	0	0	0	10000000	0	0	110	0
1626670843.500		10000409	10000409	0	0	0	10000000	0	0	110	0
1626670843.536		10000887	10000887	0	0	0	10000000	0	0	110	0
1626670843.572		10000370	10000370	0	0	0	10000000	0	0	110	0
1626670843.609		10000427	10000427	0	0	0	10000000	0	0	110	0
1626670843.645		10000589	10000589	0	0	0	10000000	0	0	110	0
1626670843.682		10000592	10000592	0	0	0	10000000	0	0	110	0
1626670843.717		10000707	10000707	0	0	0	10000000	0	0	110	0
1626670843.754		10000712	10000712	0	0	0	10000000	0	0	110	0
1626670843.791		10000629	10000629	0	0	0	10000000	0	0	110	0
1626670843.827		10000547	10000547	0	0	0	10000000	0	0	110	0
1626670843.862		10000458	10000458	0	0	0	10000000	0	0	110	0
1626670843.899		10000453	10000453	0	0	0	10000000	0	0	110	0
1626670843.936		10000465	10000465	0	0	0	10000000	0	0	110	0
1626670843.972		10000487	10000487	0	0	0	10000000	0	0	110	0
1626670844.008		10001212	10001212	0	0	0	10000000	0	0	110	0
1626670844.043		10000293	10000293	0	0	0	10000000	0	0	110	0
1626670844.080		10000290	10000290	0	0	0	10000000	0	0	110	0
1626670844.116		10000350	10000350	0	0	0	10000000	0	0	110	0
1626670844.153		10000617	10000617	0	0	0	10000000	0	0	110	0
1626670844.188		10000332	10000332	0	0	0	10000000	0	0	110	0
1626670844.225		10000480	10000480	0	0	0	10000000	0	0	110	0
1626670844.261		10000351	10000351	0	0	0	10000000	0	0	110	0
1626670844.296		10000354	10000354	0	0	0	10000000	0	0	110	0
1626670844.333		10000304	10000304	0	0	0	10000000	0	0	110	0
1626670844.369		10000546	10000546	0	0	0	10000000	0	0	110	0
1626670844.404		10000540	10000540	0	0	0	10000000	0	0	110	0
1626670844.440		10000310	10000310	0	0	0	10000000	0	0	110	0
1626670844.477		10000313	10000313	0	0	0	10000000	0	0	110	0
1626670844.513		10000234	10000234	0	0	0	10000000	0	0	110	0
1626670844.547		10000233	10000233	0	0	0	10000000	0	0	110	0
1626670844.584		10000983	10000983	0	0	0	10000000	0	0	110	0
1626670844.620		10001126	10001126	0	0	0	10000000	0	0	110	0
1626670844.656		10000264	10000264	0	0	0	10000000	0	0	110	0
1626670844.691		10001062	10001062	0	0	0	10000000	0	0	110	0
1626670844.728		10000787	10000787	0	0	0	10000000	0	0	110	0
1626670844.763		10000929	10000929	0	0	0	10000000	0	0	110	0
1626670844.798		10001018	10001018	0	0	0	10000000	0	0	110	0
1626670844.835		10001102	10001102	0	0	0	10000000	0	0	110	0
1626670844.871		10001160	10001160	0	0	0	10000000	0	0	110	0
1626670844.905		10001171	10001171	0	0	0	10000000	0	0	110	0
1626670844.941		10000893	10000893	0	0	0	10000000	0	0	110	0
1626670844.977		10000665	10000665	0	0	0	10000000	0	0	110	0
1626670845.013		10000366	10000366	0	0	0	10000000	0	0	110	0
1626670845.049		10001172	10001172	0	0	0	10000000	0	0	110	0
1626670845.085		10000274	10000274	0	0	0	10000000	0	0	110	0
1626670845.119		10001203	10001203	0	0	0	10000000	0	0	110	0
1626670845.156		10000191	10000191	0	0	0	10000000	0	0	110	0
1626670845.191		10001156	10001156	0	0	0	10000000	0	0	110	0
1626670845.227		10000808	10000808	0	0	0	10000000	0	0	110	0
1626670845.262		10000272	10000272	0	0	0	10000000	0	0	110	0
1626670845.297		10000772	10000772	0	0	0	10000000	0	0	110	0
1626670845.333		10001107	10001107	0	0	0	10000000	0	0	110	0
1626670845.368		10000255	10000255	0	0	0	10000000	0	0	110	0
1626670845.404		10000598	10000598	0	0	0	10000000	0	0	110	0
1626670845.440		10000353	10000353	0	0	0	10000000	0	0	110	0
1626670845.475		10000198	10000198	0	0	0	10000000	0	0	110	0
1626670845.510		10001169	10001169	0	0	0	10000000	0	0	110	0
1626670845.546		10001166	10001166	0	0	0	10000000	0	0	110	0
1626670845.581		10001070	10001070	0	0	0	10000000	0	0	110	0
1626670845.616		10000729	10000729	0	0	0	10000000	0	0	110	0
1626670845.652		10000940	10000940	0	0	0	10000000	0	0	110	0
1626670845.687		10000752	10000752	0	0	0	10000000	0	0	110	0
1626670845.722		10000671	10000671	0	0	0	10000000	0	0	110	0
1626670845.758		10000614	10000614	0	0	0	10000000	0	0	110	0
1626670845.793		10000970	10000970	0	0	0	10000000	0	0	110	0
1626670845.828		10001119	10001119	0	0	0	10000000	0	0	110	0
1626670845.862		10000199	10000199	0	0	0	10000000	0	0	110	0
1626670845.898		10001258	10001258	0	0	0	10000000	0	0	110	0
1626670845.934		10001153	10001153	0	0	0	10000000	0	0	110	0
1626670845.968		10000221	10000221	0	0	0	10000000	0	0	110	0
1626670846.004		10001235	10001235	0	0	0	10000000	0	0	110	0
1626670846.039		10000243	10000243	0	0	0	10000000	0	0	110	0
1626670846.073		10000360	10000360	0	0	0	10000000	0	0	110	0
1626670846.109		10001267	10001267	0	0	0	10000000	0	0	110	0
1626670846.144		10000401	10000401	0	0	0	10000000	0	0	110	0
1626670846.179		10000439	10000439	0	0	0	10000000	0	0	110	0
1626670846.213		10001225	10001225	0	0	0	10000000	0	0	110	0
1626670846.249		10001103	10001103	0	0	0	10000000	0	0	110	0
1626670846.284		10000933	10000933	0	0	0	10000000	0	0	110	0
1626670846.319		10000680	10000680	0	0	0	10000000	0	0	110	0
1626670846.354		10000368	10000368	0	0	0	10000000	0	0	110	0
1626670846.388		10000408	10000408	0	0	0	10000000	0	0	110	0
1626670846.424		10000691	10000691	0	0	0	10000000	0	0	110	0
1626670846.458		10000596	10000596	0	0	0	10000000	0	0	110	0
1626670846.494		10000658	10000658	0	0	0	10000000	0	0	110	0
1626670846.529		10000592	10000592	0	0	0	10000000	0	0	110	0
1626670846.562		10000614	10000614	0	0	0	10000000	0	0	110	0
1626670846.598		10000484	10000484	0	0	0	10000000	0	0	110	0
1626670846.633		10000198	10000198	0	0	0	10000000	0	0	110	0
1626670846.668		10001046	10001046	0	0	0	10000000	0	0	110	0
1626670846.703		10000838	10000838	0	0	0	10000000	0	0	110	0
1626670846.737		10000453	10000453	0	0	0	10000000	0	0	110	0
1626670846.772		10000654	10000654	0	0	0	10000000	0	0	110	0
1626670846.807		10000617	10000617	0	0	0	10000000	0	0	110	0
1626670846.841		10000581	10000581	0	0	0	10000000	0	0	110	0
1626670846.876		10000532	10000532	0	0	0	10000000	0	0	110	0
1626670846.911		10000593	10000593	0	0	0	10000000	0	0	110	0
1626670846.945		10000522	10000522	0	0	0	10000000	0	0	110	0
1626670846.980		10000474	10000474	0	0	0	10000000	0	0	110	0
1626670847.014		10000788	10000788	0	0	0	10000000	0	0	110	0
1626670847.049		10001113	10001113	0	0	0	10000000	0	0	110	0
1626670847.084		10000876	10000876	0	0	0	10000000	0	0	110	0
1626670847.118		10000413	10000413	0	0	0	10000000	0	0	110	0
1626670847.153		10000584	10000584	0	0	0	10000000	0	0	110	0
1626670847.188		10000309	10000309	0	0	0	10000000	0	0	110	0
1626670847.221		10001266	10001266	0	0	0	10000000	0	0	110	0
1626670847.257		10001147	10001147	0	0	0	10000000	0	0	110	0
1626670847.291		10001202	10001202	0	0	0	10000000	0	0	110	0
1626670847.325		10000259	10000259	0	0	0	10000000	0	0	110	0
1626670847.360		10000342	10000342	0	0	0	10000000	0	0	110	0
1626670847.393		10001224	10001224	0	0	0	10000000	0	0	110	0
1626670847.429		10000346	10000346	0	0	0	10000000	0	0	110	0
1626670847.462		10000445	10000445	0	0	0	10000000	0	0	110	0
1626670847.498		10000531	10000531	0	0	0	10000000	0	0	110	0
1626670847.531		10000582	10000582	0	0	0	10000000	0	0	110	0
1626670847.566		10000579	10000579	0	0	0	10000000	0	0	110	0
1626670847.601		10000564	10000564	0	0	0	10000000	0	0	110	0
1626670847.635		10000547	10000547	0	0	0	10000000	0	0	110	0
1626670847.668		10000509	10000509	0	0	0	10000000	0	0	110	0
1626670847.703		10001255	10001255	0	0	0	10000000	0	0	110	0
1626670847.738		10000953	10000953	0	0	0	10000000	0	0	110	0
1626670847.772		10000913	10000913	0	0	0	10000000	0	0	110	0
1626670847.805		10000759	10000759	0	0	0	10000000	0	0	110	0
1626670847.840		10000832	10000832	0	0	0	10000000	0	0	110	0
1626670847.875		10000755	10000755	0	0	0	10000000	0	0	110	0
1626670847.908		10000792	10000792	0	0	0	10000000	0	0	110	0
1626670847.943		10000588	10000588	0	0	0	10000000	0	0	110	0
1626670847.977		10000502	10000502	0	0	0	10000000	0	0	110	0
1626670848.011		10000557	10000557	0	0	0	10000000	0	0	110	0
1626670848.045		10000542	10000542	0	0	0	10000000	0	0	110	0
1626670848.078		10000564	10000564	0	0	0	10000000	0	0	110	0
1626670848.113		10000642	10000642	0	0	0	10000000	0	0	110	0
1626670848.147		10000987	10000987	0	0	0	10000000	0	0	110	0
1626670848.181		10000822	10000822	0	0	0	10000000	0	0	110	0
1626670848.216		10000537	10000537	0	0	0	10000000	0	0	110	0
1626670848.249		10000647	10000647	0	0	0	10000000	0	0	110	0
1626670848.284		10000834	10000834	0	0	0	10000000	0	0	110	0
1626670848.317		10001076	10001076	0	0	0	10000000	0	0	110	0
1626670848.352		10001085	10001085	0	0	0	10000000	0	0	110	0
1626670848.385		10001061	10001061	0	0	0	10000000	0	0	110	0
1626670848.419		10001010	10001010	0	0	0	10000000	0	0	110	0
1626670848.453		10000433	10000433	0	0	0	10000000	0	0	110	0
1626670848.487		10000663	10000663	0	0	0	10000000	0	0	110	0
1626670848.521		10000358	10000358	0	0	0	10000000	0	0	110	0
1626670848.554		10000184	10000184	0	0	0	10000000	0	0	110	0
1626670848.589		10001033	10001033	0	0	0	10000000	0	0	110	0
1626670848.622		10000649	10000649	0	0	0	10000000	0	0	110	0
1626670848.656		10000528	10000528	0	0	0	10000000	0	0	110	0
1626670848.690		10000415	10000415	0	0	0	10000000	0	0	110	0
1626670848.723		10001009	10001009	0	0	0	10000000	0	0	110	0
1626670848.758		10000511	10000511	0	0	0	10000000	0	0	110	0
1626670848.792		10000642	10000642	0	0	0	10000000	0	0	110	0
1626670848.825		10000808	10000808	0	0	0	10000000	0	0	110	0
1626670848.859		10000741	10000741	0	0	0	10000000	0	0	110	0
1626670848.892		10000543	10000543	0	0	0	10000000	0	0	110	0
1626670848.926		10000476	10000476	0	0	0	10000000	0	0	110	0
1626670848.959		10000611	10000611	0	0	0	10000000	0	0	110	0
1626670848.994		10000614	10000614	0	0	0	10000000	0	0	110	0
1626670849.027		10000437	10000437	0	0	0	10000000	0	0	110	0
1626670849.061		10000469	10000469	0	0	0	10000000	0	0	110	0
1626670849.095		10000485	10000485	0	0	0	10000000	0	0	110	0
1626670849.127		10000447	10000447	0	0	0	10000000	0	0	110	0
1626670849.161		10000638	10000638	0	0	0	10000000	0	0	110	0
1626670849.195		10000590	10000590	0	0	0	10000000	0	0	110	0
1626670849.229		10000267	10000267	0	0	0	10000000	0	0	110	0
1626670849.262		10001233	10001233	0	0	0	10000000	0	0	110	0
1626670849.296		10000220	10000220	0	0	0	10000000	0	0	110	0
1626670849.329		10001274	10001274	0	0	0	10000000	0	0	110	0
1626670849.363		10000200	10000200	0	0	0	10000000	0	0	110	0
1626670849.396		10001188	10001188	0	0	0	10000000	0	0	110	0
1626670849.429		10001133	10001133	0	0	0	10000000	0	0	110	0
1626670849.463		10001219	10001219	0	0	0	10000000	0	0	110	0
1626670849.496		10000243	10000243	0	0	0	10000000	0	0	110	0
1626670849.530		10000296	10000296	0	0	0	10000000	0	0	110	0
1626670849.562		10000258	10000258	0	0	0	10000000	0	0	110	0
1626670849.597		10000285	10000285	0	0	0	10000000	0	0	110	0
1626670849.629		10000325	10000325	0	0	0	10000000	0	0	110	0
