"2021-07-19 04:56:03.823 +0000" : {
  "main_scheduler" : {
    "bqs" : {
      "00027" : {
        "mmconts" : [0, 333, 335],
        "acts" : [335, 334],
        "tstate" : { "idle" : 1000057, "run" : 728, "locked" : 0, "mmap" : 0 }
      },
      "00028" : {
        "mmconts" : [0, 333, 335],
        "acts" : [7, 6],
        "tstate" : { "idle" : 992979, "run" : 5280, "locked" : 0, "mmap" : 2495 }
      },
      "00029" : {
        "mmconts" : [0, 333, 335],
        "acts" : [338, 337],
        "tstate" : { "idle" : 998300, "run" : 2393, "locked" : 8, "mmap" : 32 }
      }
    }
  },
  "benchmark_io" : {
    "simple_times" : {
      "mcount" : {
        "mcount" : { }
      }
    },
    "stream_method" : {
      "conns" : [0, 0],
      "in" : [0, 0],
      "out" : [0, 0],
      "mmtasks" : [0, 3, 6],
      "load" : 0.000,
      "mcount" : {
        "mcount" : { }
      },
      "http_proto0" : {
        "mcount" : {
          "mcount" : { }
        }
      },
      "source_log" : {
        "delta" : [0, 0, 127]
      },
      "loggers" : {
        "brief_logger" : {
          "records" : [0, 0],
          "out" : [0, 0]
        }
      }
    }
  }
},
"2021-07-19 04:56:04.823 +0000" : {
  "main_scheduler" : {
    "bqs" : {
      "00027" : {
        "mmconts" : [335, 335, 335],
        "acts" : [3, 2],
        "tstate" : { "idle" : 999644, "run" : 631, "locked" : 0, "mmap" : 0 }
      },
      "00028" : {
        "mmconts" : [335, 335, 335],
        "acts" : [9, 8],
        "tstate" : { "idle" : 998272, "run" : 2003, "locked" : 0, "mmap" : 0 }
      },
      "00029" : {
        "mmconts" : [335, 335, 335],
        "acts" : [8, 7],
        "tstate" : { "idle" : 998642, "run" : 1632, "locked" : 0, "mmap" : 0 }
      }
    }
  },
  "benchmark_io" : {
    "simple_times" : {
      "mcount" : {
        "mcount" : { "1000 -- 1584" : 4 }
      }
    },
    "stream_method" : {
      "conns" : [0, 0],
      "in" : [0, 0],
      "out" : [0, 0],
      "mmtasks" : [6, 6, 7],
      "load" : 0.791,
      "mcount" : {
        "mcount" : { "Connection timed out" : 4 }
      },
      "http_proto0" : {
        "mcount" : {
          "mcount" : { }
        }
      },
      "source_log" : {
        "delta" : [0, 0, 0]
      },
      "loggers" : {
        "brief_logger" : {
          "records" : [4, 3],
          "out" : [220, 219]
        }
      }
    }
  }
},
"2021-07-19 04:56:05.822 +0000" : {
  "main_scheduler" : {
    "bqs" : {
      "00027" : {
        "mmconts" : [335, 335, 335],
        "acts" : [1, 1],
        "tstate" : { "idle" : 998668, "run" : 542, "locked" : 0, "mmap" : 0 }
      },
      "00028" : {
        "mmconts" : [335, 335, 335],
        "acts" : [11, 11],
        "tstate" : { "idle" : 997137, "run" : 2073, "locked" : 0, "mmap" : 0 }
      },
      "00029" : {
        "mmconts" : [335, 335, 335],
        "acts" : [9, 9],
        "tstate" : { "idle" : 997298, "run" : 1913, "locked" : 0, "mmap" : 0 }
      }
    }
  },
  "benchmark_io" : {
    "simple_times" : {
      "mcount" : {
        "mcount" : { "1000 -- 1584" : 6 }
      }
    },
    "stream_method" : {
      "conns" : [0, 0],
      "in" : [0, 0],
      "out" : [0, 0],
      "mmtasks" : [7, 7, 8],
      "load" : 0.789,
      "mcount" : {
        "mcount" : { "Connection timed out" : 6 }
      },
      "http_proto0" : {
        "mcount" : {
          "mcount" : { }
        }
      },
      "source_log" : {
        "delta" : [0, 0, 0]
      },
      "loggers" : {
        "brief_logger" : {
          "records" : [6, 6],
          "out" : [330, 330]
        }
      }
    }
  }
},
"2021-07-19 04:56:06.823 +0000" : {
  "main_scheduler" : {
    "bqs" : {
      "00027" : {
        "mmconts" : [335, 335, 335],
        "acts" : [2, 1],
        "tstate" : { "idle" : 1000112, "run" : 479, "locked" : 0, "mmap" : 0 }
      },
      "00028" : {
        "mmconts" : [335, 335, 335],
        "acts" : [13, 12],
        "tstate" : { "idle" : 998013, "run" : 2579, "locked" : 0, "mmap" : 0 }
      },
      "00029" : {
        "mmconts" : [335, 335, 335],
        "acts" : [8, 7],
        "tstate" : { "idle" : 999120, "run" : 1471, "locked" : 0, "mmap" : 0 }
      }
    }
  },
  "benchmark_io" : {
    "simple_times" : {
      "mcount" : {
        "mcount" : { "1000 -- 1584" : 6 }
      }
    },
    "stream_method" : {
      "conns" : [0, 0],
      "in" : [0, 0],
      "out" : [0, 0],
      "mmtasks" : [7, 7, 8],
      "load" : 0.797,
      "mcount" : {
        "mcount" : { "Connection timed out" : 6 }
      },
      "http_proto0" : {
        "mcount" : {
          "mcount" : { }
        }
      },
      "source_log" : {
        "delta" : [0, 0, 0]
      },
      "loggers" : {
        "brief_logger" : {
          "records" : [6, 5],
          "out" : [330, 329]
        }
      }
    }
  }
},
"2021-07-19 04:56:07.823 +0000" : {
  "main_scheduler" : {
    "bqs" : {
      "00027" : {
        "mmconts" : [335, 335, 335],
        "acts" : [2, 1],
        "tstate" : { "idle" : 999558, "run" : 511, "locked" : 0, "mmap" : 0 }
      },
      "00028" : {
        "mmconts" : [335, 335, 335],
        "acts" : [6, 5],
        "tstate" : { "idle" : 998416, "run" : 1653, "locked" : 0, "mmap" : 0 }
      },
      "00029" : {
        "mmconts" : [335, 335, 335],
        "acts" : [16, 15],
        "tstate" : { "idle" : 997535, "run" : 2534, "locked" : 0, "mmap" : 0 }
      }
    }
  },
  "benchmark_io" : {
    "simple_times" : {
      "mcount" : {
        "mcount" : { "1000 -- 1584" : 6 }
      }
    },
    "stream_method" : {
      "conns" : [0, 0],
      "in" : [0, 0],
      "out" : [0, 0],
      "mmtasks" : [8, 8, 9],
      "load" : 0.796,
      "mcount" : {
        "mcount" : { "Connection timed out" : 6 }
      },
      "http_proto0" : {
        "mcount" : {
          "mcount" : { }
        }
      },
      "source_log" : {
        "delta" : [0, 0, 0]
      },
      "loggers" : {
        "brief_logger" : {
          "records" : [6, 5],
          "out" : [330, 329]
        }
      }
    }
  }
},
"2021-07-19 04:56:08.822 +0000" : {
  "main_scheduler" : {
    "bqs" : {
      "00027" : {
        "mmconts" : [335, 335, 335],
        "acts" : [2, 2],
        "tstate" : { "idle" : 998937, "run" : 588, "locked" : 0, "mmap" : 0 }
      },
      "00028" : {
        "mmconts" : [335, 335, 335],
        "acts" : [8, 8],
        "tstate" : { "idle" : 998009, "run" : 1515, "locked" : 0, "mmap" : 0 }
      },
      "00029" : {
        "mmconts" : [335, 335, 335],
        "acts" : [15, 15],
        "tstate" : { "idle" : 996680, "run" : 2844, "locked" : 0, "mmap" : 0 }
      }
    }
  },
  "benchmark_io" : {
    "simple_times" : {
      "mcount" : {
        "mcount" : { "1000 -- 1584" : 7 }
      }
    },
    "stream_method" : {
      "conns" : [0, 0],
      "in" : [0, 0],
      "out" : [0, 0],
      "mmtasks" : [8, 8, 10],
      "load" : 0.790,
      "mcount" : {
        "mcount" : { "Connection timed out" : 7 }
      },
      "http_proto0" : {
        "mcount" : {
          "mcount" : { }
        }
      },
      "source_log" : {
        "delta" : [0, 0, 0]
      },
      "loggers" : {
        "brief_logger" : {
          "records" : [7, 7],
          "out" : [385, 385]
        }
      }
    }
  }
},
"2021-07-19 04:56:09.823 +0000" : {
  "main_scheduler" : {
    "bqs" : {
      "00027" : {
        "mmconts" : [335, 335, 335],
        "acts" : [2, 1],
        "tstate" : { "idle" : 999469, "run" : 641, "locked" : 0, "mmap" : 0 }
      },
      "00028" : {
        "mmconts" : [335, 335, 335],
        "acts" : [12, 11],
        "tstate" : { "idle" : 997636, "run" : 2475, "locked" : 0, "mmap" : 0 }
      },
      "00029" : {
        "mmconts" : [335, 335, 335],
        "acts" : [13, 12],
        "tstate" : { "idle" : 997829, "run" : 2283, "locked" : 0, "mmap" : 0 }
      }
    }
  },
  "benchmark_io" : {
    "simple_times" : {
      "mcount" : {
        "mcount" : { "1000 -- 1584" : 7 }
      }
    },
    "stream_method" : {
      "conns" : [0, 0],
      "in" : [0, 0],
      "out" : [0, 0],
      "mmtasks" : [9, 9, 10],
      "load" : 0.790,
      "mcount" : {
        "mcount" : { "Connection timed out" : 7 }
      },
      "http_proto0" : {
        "mcount" : {
          "mcount" : { }
        }
      },
      "source_log" : {
        "delta" : [0, 0, 0]
      },
      "loggers" : {
        "brief_logger" : {
          "records" : [7, 6],
          "out" : [385, 384]
        }
      }
    }
  }
},
"2021-07-19 04:56:10.823 +0000" : {
  "main_scheduler" : {
    "bqs" : {
      "00027" : {
        "mmconts" : [335, 335, 335],
        "acts" : [2, 1],
        "tstate" : { "idle" : 999480, "run" : 645, "locked" : 0, "mmap" : 0 }
      },
      "00028" : {
        "mmconts" : [335, 335, 335],
        "acts" : [12, 11],
        "tstate" : { "idle" : 997707, "run" : 2417, "locked" : 0, "mmap" : 0 }
      },
      "00029" : {
        "mmconts" : [335, 335, 335],
        "acts" : [14, 13],
        "tstate" : { "idle" : 997564, "run" : 2560, "locked" : 0, "mmap" : 0 }
      }
    }
  },
  "benchmark_io" : {
    "simple_times" : {
      "mcount" : {
        "mcount" : { "1000 -- 1584" : 8 }
      }
    },
    "stream_method" : {
      "conns" : [0, 0],
      "in" : [0, 0],
      "out" : [0, 0],
      "mmtasks" : [9, 9, 11],
      "load" : 0.797,
      "mcount" : {
        "mcount" : { "Connection timed out" : 8 }
      },
      "http_proto0" : {
        "mcount" : {
          "mcount" : { }
        }
      },
      "source_log" : {
        "delta" : [0, 0, 0]
      },
      "loggers" : {
        "brief_logger" : {
          "records" : [8, 7],
          "out" : [440, 439]
        }
      }
    }
  }
},
"2021-07-19 04:56:11.823 +0000" : {
  "main_scheduler" : {
    "bqs" : {
      "00027" : {
        "mmconts" : [335, 335, 335],
        "acts" : [2, 2],
        "tstate" : { "idle" : 999329, "run" : 588, "locked" : 0, "mmap" : 0 }
      },
      "00028" : {
        "mmconts" : [334, 334, 335],
        "acts" : [12, 12],
        "tstate" : { "idle" : 997565, "run" : 2353, "locked" : 0, "mmap" : 0 }
      },
      "00029" : {
        "mmconts" : [334, 334, 335],
        "acts" : [14, 14],
        "tstate" : { "idle" : 997403, "run" : 2504, "locked" : 0, "mmap" : 10 }
      }
    }
  },
  "benchmark_io" : {
    "simple_times" : {
      "mcount" : {
        "mcount" : { "1000 -- 1584" : 8 }
      }
    },
    "stream_method" : {
      "conns" : [0, 0],
      "in" : [0, 0],
      "out" : [0, 0],
      "mmtasks" : [10, 10, 11],
      "load" : 0.793,
      "mcount" : {
        "mcount" : { "Connection timed out" : 8 }
      },
      "http_proto0" : {
        "mcount" : {
          "mcount" : { }
        }
      },
      "source_log" : {
        "delta" : [0, 0, 0]
      },
      "loggers" : {
        "brief_logger" : {
          "records" : [8, 8],
          "out" : [440, 440]
        }
      }
    }
  }
},
"2021-07-19 04:56:12.823 +0000" : {
  "main_scheduler" : {
    "bqs" : {
      "00027" : {
        "mmconts" : [335, 335, 335],
        "acts" : [2, 1],
        "tstate" : { "idle" : 999754, "run" : 650, "locked" : 0, "mmap" : 0 }
      },
      "00028" : {
        "mmconts" : [330, 332, 334],
        "acts" : [17, 16],
        "tstate" : { "idle" : 997400, "run" : 3004, "locked" : 0, "mmap" : 0 }
      },
      "00029" : {
        "mmconts" : [330, 331, 334],
        "acts" : [11, 10],
        "tstate" : { "idle" : 998521, "run" : 1883, "locked" : 0, "mmap" : 0 }
      }
    }
  },
  "benchmark_io" : {
    "simple_times" : {
      "mcount" : {
        "mcount" : { "1000 -- 1584" : 8 }
      }
    },
    "stream_method" : {
      "conns" : [0, 0],
      "in" : [0, 0],
      "out" : [0, 0],
      "mmtasks" : [10, 10, 12],
      "load" : 0.793,
      "mcount" : {
        "mcount" : { "Connection timed out" : 8 }
      },
      "http_proto0" : {
        "mcount" : {
          "mcount" : { }
        }
      },
      "source_log" : {
        "delta" : [0, 0, 0]
      },
      "loggers" : {
        "brief_logger" : {
          "records" : [8, 7],
          "out" : [440, 439]
        }
      }
    }
  }
},
"2021-07-19 04:56:13.822 +0000" : {
  "main_scheduler" : {
    "bqs" : {
      "00027" : {
        "mmconts" : [335, 335, 335],
        "acts" : [2, 2],
        "tstate" : { "idle" : 998670, "run" : 518, "locked" : 0, "mmap" : 0 }
      },
      "00028" : {
        "mmconts" : [324, 326, 330],
        "acts" : [25, 25],
        "tstate" : { "idle" : 995348, "run" : 3812, "locked" : 0, "mmap" : 24 }
      },
      "00029" : {
        "mmconts" : [327, 328, 330],
        "acts" : [5, 5],
        "tstate" : { "idle" : 998048, "run" : 1135, "locked" : 0, "mmap" : 0 }
      }
    }
  },
  "benchmark_io" : {
    "simple_times" : {
      "mcount" : {
        "mcount" : { "1000 -- 1584" : 9 }
      }
    },
    "stream_method" : {
      "conns" : [0, 0],
      "in" : [0, 0],
      "out" : [0, 0],
      "mmtasks" : [11, 11, 12],
      "load" : 0.792,
      "mcount" : {
        "mcount" : { "Connection timed out" : 9 }
      },
      "http_proto0" : {
        "mcount" : {
          "mcount" : { }
        }
      },
      "source_log" : {
        "delta" : [0, 0, 0]
      },
      "loggers" : {
        "brief_logger" : {
          "records" : [9, 9],
          "out" : [495, 495]
        }
      }
    }
  }
},
"2021-07-19 04:56:14.823 +0000" : {
  "main_scheduler" : {
    "bqs" : {
      "00027" : {
        "mmconts" : [335, 335, 335],
        "acts" : [2, 1],
        "tstate" : { "idle" : 999842, "run" : 534, "locked" : 0, "mmap" : 0 }
      },
      "00028" : {
        "mmconts" : [315, 319, 324],
        "acts" : [29, 28],
        "tstate" : { "idle" : 996040, "run" : 4340, "locked" : 0, "mmap" : 0 }
      },
      "00029" : {
        "mmconts" : [327, 327, 327],
        "acts" : [2, 1],
        "tstate" : { "idle" : 999785, "run" : 596, "locked" : 0, "mmap" : 0 }
      }
    }
  },
  "benchmark_io" : {
    "simple_times" : {
      "mcount" : {
        "mcount" : { "1000 -- 1584" : 9 }
      }
    },
    "stream_method" : {
      "conns" : [0, 0],
      "in" : [0, 0],
      "out" : [0, 0],
      "mmtasks" : [11, 11, 13],
      "load" : 0.794,
      "mcount" : {
        "mcount" : { "Connection timed out" : 9 }
      },
      "http_proto0" : {
        "mcount" : {
          "mcount" : { }
        }
      },
      "source_log" : {
        "delta" : [0, 0, 0]
      },
      "loggers" : {
        "brief_logger" : {
          "records" : [9, 8],
          "out" : [495, 494]
        }
      }
    }
  }
},
"2021-07-19 04:56:15.822 +0000" : {
  "main_scheduler" : {
    "bqs" : {
      "00027" : {
        "mmconts" : [335, 335, 335],
        "acts" : [2, 2],
        "tstate" : { "idle" : 999116, "run" : 508, "locked" : 0, "mmap" : 0 }
      },
      "00028" : {
        "mmconts" : [305, 309, 315],
        "acts" : [30, 30],
        "tstate" : { "idle" : 992814, "run" : 6807, "locked" : 0, "mmap" : 0 }
      },
      "00029" : {
        "mmconts" : [327, 327, 327],
        "acts" : [2, 2],
        "tstate" : { "idle" : 998984, "run" : 636, "locked" : 0, "mmap" : 0 }
      }
    }
  },
  "benchmark_io" : {
    "simple_times" : {
      "mcount" : {
        "mcount" : { "1000 -- 1584" : 10 }
      }
    },
    "stream_method" : {
      "conns" : [0, 0],
      "in" : [0, 0],
      "out" : [0, 0],
      "mmtasks" : [12, 12, 13],
      "load" : 0.794,
      "mcount" : {
        "mcount" : { "Connection timed out" : 10 }
      },
      "http_proto0" : {
        "mcount" : {
          "mcount" : { }
        }
      },
      "source_log" : {
        "delta" : [0, 0, 0]
      },
      "loggers" : {
        "brief_logger" : {
          "records" : [10, 10],
          "out" : [550, 550]
        }
      }
    }
  }
},
"2021-07-19 04:56:16.822 +0000" : {
  "main_scheduler" : {
    "bqs" : {
      "00027" : {
        "mmconts" : [335, 335, 335],
        "acts" : [2, 1],
        "tstate" : { "idle" : 999509, "run" : 571, "locked" : 0, "mmap" : 0 }
      },
      "00028" : {
        "mmconts" : [295, 300, 305],
        "acts" : [26, 25],
        "tstate" : { "idle" : 995358, "run" : 4724, "locked" : 0, "mmap" : 0 }
      },
      "00029" : {
        "mmconts" : [327, 327, 327],
        "acts" : [7, 6],
        "tstate" : { "idle" : 999008, "run" : 1075, "locked" : 0, "mmap" : 0 }
      }
    }
  },
  "benchmark_io" : {
    "simple_times" : {
      "mcount" : {
        "mcount" : { "1000 -- 1584" : 10 }
      }
    },
    "stream_method" : {
      "conns" : [0, 0],
      "in" : [0, 0],
      "out" : [0, 0],
      "mmtasks" : [12, 13, 14],
      "load" : 0.786,
      "mcount" : {
        "mcount" : { "Connection timed out" : 10 }
      },
      "http_proto0" : {
        "mcount" : {
          "mcount" : { }
        }
      },
      "source_log" : {
        "delta" : [0, 0, 0]
      },
      "loggers" : {
        "brief_logger" : {
          "records" : [10, 9],
          "out" : [550, 549]
        }
      }
    }
  }
},
"2021-07-19 04:56:17.823 +0000" : {
  "main_scheduler" : {
    "bqs" : {
      "00027" : {
        "mmconts" : [335, 335, 335],
        "acts" : [2, 1],
        "tstate" : { "idle" : 1000300, "run" : 538, "locked" : 0, "mmap" : 0 }
      },
      "00028" : {
        "mmconts" : [286, 289, 295],
        "acts" : [14, 13],
        "tstate" : { "idle" : 997765, "run" : 3073, "locked" : 0, "mmap" : 0 }
      },
      "00029" : {
        "mmconts" : [325, 326, 327],
        "acts" : [20, 19],
        "tstate" : { "idle" : 997977, "run" : 2862, "locked" : 0, "mmap" : 0 }
      }
    }
  },
  "benchmark_io" : {
    "simple_times" : {
      "mcount" : {
        "mcount" : { "1000 -- 1584" : 11 }
      }
    },
    "stream_method" : {
      "conns" : [0, 0],
      "in" : [0, 0],
      "out" : [0, 0],
      "mmtasks" : [13, 13, 14],
      "load" : 0.796,
      "mcount" : {
        "mcount" : { "Connection timed out" : 11 }
      },
      "http_proto0" : {
        "mcount" : {
          "mcount" : { }
        }
      },
      "source_log" : {
        "delta" : [0, 0, 0]
      },
      "loggers" : {
        "brief_logger" : {
          "records" : [11, 10],
          "out" : [605, 604]
        }
      }
    }
  }
},
"2021-07-19 04:56:18.823 +0000" : {
  "main_scheduler" : {
    "bqs" : {
      "00027" : {
        "mmconts" : [335, 335, 335],
        "acts" : [2, 2],
        "tstate" : { "idle" : 998963, "run" : 648, "locked" : 0, "mmap" : 0 }
      },
      "00028" : {
        "mmconts" : [283, 284, 286],
        "acts" : [3, 3],
        "tstate" : { "idle" : 998404, "run" : 1208, "locked" : 0, "mmap" : 0 }
      },
      "00029" : {
        "mmconts" : [318, 321, 325],
        "acts" : [33, 33],
        "tstate" : { "idle" : 994858, "run" : 4707, "locked" : 0, "mmap" : 46 }
      }
    }
  },
  "benchmark_io" : {
    "simple_times" : {
      "mcount" : {
        "mcount" : { "1000 -- 1584" : 10 }
      }
    },
    "stream_method" : {
      "conns" : [0, 0],
      "in" : [0, 0],
      "out" : [0, 0],
      "mmtasks" : [13, 14, 15],
      "load" : 0.793,
      "mcount" : {
        "mcount" : { "Connection timed out" : 10 }
      },
      "http_proto0" : {
        "mcount" : {
          "mcount" : { }
        }
      },
      "source_log" : {
        "delta" : [0, 0, 0]
      },
      "loggers" : {
        "brief_logger" : {
          "records" : [10, 10],
          "out" : [550, 550]
        }
      }
    }
  }
},
"2021-07-19 04:56:19.822 +0000" : {
  "main_scheduler" : {
    "bqs" : {
      "00027" : {
        "mmconts" : [335, 335, 335],
        "acts" : [2, 2],
        "tstate" : { "idle" : 999092, "run" : 586, "locked" : 0, "mmap" : 0 }
      },
      "00028" : {
        "mmconts" : [283, 283, 283],
        "acts" : [3, 3],
        "tstate" : { "idle" : 998782, "run" : 896, "locked" : 0, "mmap" : 0 }
      },
      "00029" : {
        "mmconts" : [306, 311, 318],
        "acts" : [35, 35],
        "tstate" : { "idle" : 994009, "run" : 5669, "locked" : 0, "mmap" : 0 }
      }
    }
  },
  "benchmark_io" : {
    "simple_times" : {
      "mcount" : {
        "mcount" : { "1000 -- 1584" : 12 }
      }
    },
    "stream_method" : {
      "conns" : [0, 0],
      "in" : [0, 0],
      "out" : [0, 0],
      "mmtasks" : [14, 14, 15],
      "load" : 0.792,
      "mcount" : {
        "mcount" : { "Connection timed out" : 12 }
      },
      "http_proto0" : {
        "mcount" : {
          "mcount" : { }
        }
      },
      "source_log" : {
        "delta" : [0, 0, 0]
      },
      "loggers" : {
        "brief_logger" : {
          "records" : [12, 12],
          "out" : [660, 660]
        }
      }
    }
  }
},
"2021-07-19 04:56:20.822 +0000" : {
  "main_scheduler" : {
    "bqs" : {
      "00027" : {
        "mmconts" : [335, 335, 335],
        "acts" : [2, 2],
        "tstate" : { "idle" : 999451, "run" : 537, "locked" : 0, "mmap" : 0 }
      },
      "00028" : {
        "mmconts" : [282, 282, 283],
        "acts" : [2, 2],
        "tstate" : { "idle" : 999071, "run" : 916, "locked" : 0, "mmap" : 0 }
      },
      "00029" : {
        "mmconts" : [295, 300, 306],
        "acts" : [36, 36],
        "tstate" : { "idle" : 994395, "run" : 5592, "locked" : 0, "mmap" : 0 }
      }
    }
  },
  "benchmark_io" : {
    "simple_times" : {
      "mcount" : {
        "mcount" : { "1000 -- 1584" : 12 }
      }
    },
    "stream_method" : {
      "conns" : [0, 0],
      "in" : [0, 0],
      "out" : [0, 0],
      "mmtasks" : [15, 15, 16],
      "load" : 0.794,
      "mcount" : {
        "mcount" : { "Connection timed out" : 12 }
      },
      "http_proto0" : {
        "mcount" : {
          "mcount" : { }
        }
      },
      "source_log" : {
        "delta" : [0, 0, 0]
      },
      "loggers" : {
        "brief_logger" : {
          "records" : [12, 12],
          "out" : [660, 660]
        }
      }
    }
  }
},
"2021-07-19 04:56:21.823 +0000" : {
  "main_scheduler" : {
    "bqs" : {
      "00027" : {
        "mmconts" : [335, 335, 335],
        "acts" : [2, 1],
        "tstate" : { "idle" : 1000088, "run" : 570, "locked" : 0, "mmap" : 0 }
      },
      "00028" : {
        "mmconts" : [281, 281, 282],
        "acts" : [15, 14],
        "tstate" : { "idle" : 998421, "run" : 2244, "locked" : 0, "mmap" : 0 }
      },
      "00029" : {
        "mmconts" : [284, 290, 295],
        "acts" : [24, 23],
        "tstate" : { "idle" : 996296, "run" : 4369, "locked" : 0, "mmap" : 0 }
      }
    }
  },
  "benchmark_io" : {
    "simple_times" : {
      "mcount" : {
        "mcount" : { "1000 -- 1584" : 12 }
      }
    },
    "stream_method" : {
      "conns" : [0, 0],
      "in" : [0, 0],
      "out" : [0, 0],
      "mmtasks" : [15, 15, 17],
      "load" : 0.795,
      "mcount" : {
        "mcount" : { "Connection timed out" : 12 }
      },
      "http_proto0" : {
        "mcount" : {
          "mcount" : { }
        }
      },
      "source_log" : {
        "delta" : [0, 0, 0]
      },
      "loggers" : {
        "brief_logger" : {
          "records" : [12, 11],
          "out" : [660, 659]
        }
      }
    }
  }
},
"2021-07-19 04:56:22.823 +0000" : {
  "main_scheduler" : {
    "bqs" : {
      "00027" : {
        "mmconts" : [335, 335, 335],
        "acts" : [2, 2],
        "tstate" : { "idle" : 999114, "run" : 572, "locked" : 0, "mmap" : 0 }
      },
      "00028" : {
        "mmconts" : [276, 279, 281],
        "acts" : [31, 31],
        "tstate" : { "idle" : 995020, "run" : 4657, "locked" : 0, "mmap" : 0 }
      },
      "00029" : {
        "mmconts" : [277, 279, 284],
        "acts" : [9, 9],
        "tstate" : { "idle" : 997558, "run" : 2118, "locked" : 0, "mmap" : 0 }
      }
    }
  },
  "benchmark_io" : {
    "simple_times" : {
      "mcount" : {
        "mcount" : { "1000 -- 1584" : 12 }
      }
    },
    "stream_method" : {
      "conns" : [0, 0],
      "in" : [0, 0],
      "out" : [0, 0],
      "mmtasks" : [16, 16, 17],
      "load" : 0.791,
      "mcount" : {
        "mcount" : { "Connection timed out" : 12 }
      },
      "http_proto0" : {
        "mcount" : {
          "mcount" : { }
        }
      },
      "source_log" : {
        "delta" : [0, 0, 0]
      },
      "loggers" : {
        "brief_logger" : {
          "records" : [12, 12],
          "out" : [660, 660]
        }
      }
    }
  }
},
"2021-07-19 04:56:23.822 +0000" : {
  "main_scheduler" : {
    "bqs" : {
      "00027" : {
        "mmconts" : [335, 335, 335],
        "acts" : [2, 2],
        "tstate" : { "idle" : 999031, "run" : 588, "locked" : 0, "mmap" : 0 }
      },
      "00028" : {
        "mmconts" : [263, 269, 276],
        "acts" : [38, 38],
        "tstate" : { "idle" : 993558, "run" : 6063, "locked" : 0, "mmap" : 0 }
      },
      "00029" : {
        "mmconts" : [277, 277, 277],
        "acts" : [4, 4],
        "tstate" : { "idle" : 998767, "run" : 856, "locked" : 0, "mmap" : 0 }
      }
    }
  },
  "benchmark_io" : {
    "simple_times" : {
      "mcount" : {
        "mcount" : { "1000 -- 1584" : 13 }
      }
    },
    "stream_method" : {
      "conns" : [0, 0],
      "in" : [0, 0],
      "out" : [0, 0],
      "mmtasks" : [16, 16, 17],
      "load" : 0.795,
      "mcount" : {
        "mcount" : { "Connection timed out" : 13 }
      },
      "http_proto0" : {
        "mcount" : {
          "mcount" : { }
        }
      },
      "source_log" : {
        "delta" : [0, 0, 0]
      },
      "loggers" : {
        "brief_logger" : {
          "records" : [13, 13],
          "out" : [715, 715]
        }
      }
    }
  }
},
"2021-07-19 04:56:24.823 +0000" : {
  "main_scheduler" : {
    "bqs" : {
      "00027" : {
        "mmconts" : [335, 335, 335],
        "acts" : [2, 1],
        "tstate" : { "idle" : 1000039, "run" : 462, "locked" : 0, "mmap" : 0 }
      },
      "00028" : {
        "mmconts" : [249, 255, 263],
        "acts" : [15, 14],
        "tstate" : { "idle" : 997487, "run" : 3014, "locked" : 0, "mmap" : 0 }
      },
      "00029" : {
        "mmconts" : [277, 277, 277],
        "acts" : [29, 28],
        "tstate" : { "idle" : 997284, "run" : 3216, "locked" : 0, "mmap" : 0 }
      }
    }
  },
  "benchmark_io" : {
    "simple_times" : {
      "mcount" : {
        "mcount" : { "1000 -- 1584" : 14 }
      }
    },
    "stream_method" : {
      "conns" : [0, 0],
      "in" : [0, 0],
      "out" : [0, 0],
      "mmtasks" : [16, 17, 18],
      "load" : 0.792,
      "mcount" : {
        "mcount" : { "Connection timed out" : 14 }
      },
      "http_proto0" : {
        "mcount" : {
          "mcount" : { }
        }
      },
      "source_log" : {
        "delta" : [0, 0, 0]
      },
      "loggers" : {
        "brief_logger" : {
          "records" : [14, 13],
          "out" : [770, 769]
        }
      }
    }
  }
},
"2021-07-19 04:56:25.822 +0000" : {
  "main_scheduler" : {
    "bqs" : {
      "00027" : {
        "mmconts" : [335, 335, 335],
        "acts" : [2, 2],
        "tstate" : { "idle" : 998955, "run" : 582, "locked" : 0, "mmap" : 0 }
      },
      "00028" : {
        "mmconts" : [248, 248, 249],
        "acts" : [3, 3],
        "tstate" : { "idle" : 998660, "run" : 877, "locked" : 0, "mmap" : 0 }
      },
      "00029" : {
        "mmconts" : [264, 271, 277],
        "acts" : [42, 42],
        "tstate" : { "idle" : 993201, "run" : 6337, "locked" : 0, "mmap" : 0 }
      }
    }
  },
  "benchmark_io" : {
    "simple_times" : {
      "mcount" : {
        "mcount" : { "1000 -- 1584" : 14 }
      }
    },
    "stream_method" : {
      "conns" : [0, 0],
      "in" : [0, 0],
      "out" : [0, 0],
      "mmtasks" : [17, 17, 18],
      "load" : 0.794,
      "mcount" : {
        "mcount" : { "Connection timed out" : 14 }
      },
      "http_proto0" : {
        "mcount" : {
          "mcount" : { }
        }
      },
      "source_log" : {
        "delta" : [0, 0, 0]
      },
      "loggers" : {
        "brief_logger" : {
          "records" : [14, 14],
          "out" : [770, 770]
        }
      }
    }
  }
},
"2021-07-19 04:56:26.823 +0000" : {
  "main_scheduler" : {
    "bqs" : {
      "00027" : {
        "mmconts" : [335, 335, 335],
        "acts" : [2, 1],
        "tstate" : { "idle" : 1000001, "run" : 544, "locked" : 0, "mmap" : 0 }
      },
      "00028" : {
        "mmconts" : [247, 247, 248],
        "acts" : [14, 13],
        "tstate" : { "idle" : 998496, "run" : 2049, "locked" : 0, "mmap" : 0 }
      },
      "00029" : {
        "mmconts" : [251, 257, 264],
        "acts" : [31, 30],
        "tstate" : { "idle" : 995569, "run" : 4976, "locked" : 0, "mmap" : 0 }
      }
    }
  },
  "benchmark_io" : {
    "simple_times" : {
      "mcount" : {
        "mcount" : { "1000 -- 1584" : 14 }
      }
    },
    "stream_method" : {
      "conns" : [0, 0],
      "in" : [0, 0],
      "out" : [0, 0],
      "mmtasks" : [17, 18, 19],
      "load" : 0.795,
      "mcount" : {
        "mcount" : { "Connection timed out" : 14 }
      },
      "http_proto0" : {
        "mcount" : {
          "mcount" : { }
        }
      },
      "source_log" : {
        "delta" : [0, 0, 0]
      },
      "loggers" : {
        "brief_logger" : {
          "records" : [14, 13],
          "out" : [770, 769]
        }
      }
    }
  }
},
"2021-07-19 04:56:27.823 +0000" : {
  "main_scheduler" : {
    "bqs" : {
      "00027" : {
        "mmconts" : [335, 335, 335],
        "acts" : [2, 2],
        "tstate" : { "idle" : 999207, "run" : 546, "locked" : 0, "mmap" : 0 }
      },
      "00028" : {
        "mmconts" : [242, 245, 247],
        "acts" : [21, 21],
        "tstate" : { "idle" : 996494, "run" : 3267, "locked" : 0, "mmap" : 0 }
      },
      "00029" : {
        "mmconts" : [242, 245, 251],
        "acts" : [26, 26],
        "tstate" : { "idle" : 995621, "run" : 4139, "locked" : 0, "mmap" : 0 }
      }
    }
  },
  "benchmark_io" : {
    "simple_times" : {
      "mcount" : {
        "mcount" : { "1000 -- 1584" : 14 }
      }
    },
    "stream_method" : {
      "conns" : [0, 0],
      "in" : [0, 0],
      "out" : [0, 0],
      "mmtasks" : [18, 18, 20],
      "load" : 0.791,
      "mcount" : {
        "mcount" : { "Connection timed out" : 14 }
      },
      "http_proto0" : {
        "mcount" : {
          "mcount" : { }
        }
      },
      "source_log" : {
        "delta" : [0, 0, 0]
      },
      "loggers" : {
        "brief_logger" : {
          "records" : [14, 14],
          "out" : [770, 770]
        }
      }
    }
  }
},
"2021-07-19 04:56:28.823 +0000" : {
  "main_scheduler" : {
    "bqs" : {
      "00027" : {
        "mmconts" : [335, 335, 335],
        "acts" : [2, 1],
        "tstate" : { "idle" : 999603, "run" : 791, "locked" : 0, "mmap" : 0 }
      },
      "00028" : {
        "mmconts" : [233, 237, 242],
        "acts" : [23, 22],
        "tstate" : { "idle" : 996339, "run" : 4047, "locked" : 0, "mmap" : 0 }
      },
      "00029" : {
        "mmconts" : [235, 238, 242],
        "acts" : [25, 24],
        "tstate" : { "idle" : 996552, "run" : 3834, "locked" : 0, "mmap" : 0 }
      }
    }
  },
  "benchmark_io" : {
    "simple_times" : {
      "mcount" : {
        "mcount" : { "1000 -- 1584" : 16 }
      }
    },
    "stream_method" : {
      "conns" : [0, 0],
      "in" : [0, 0],
      "out" : [0, 0],
      "mmtasks" : [19, 19, 20],
      "load" : 0.795,
      "mcount" : {
        "mcount" : { "Connection timed out" : 16 }
      },
      "http_proto0" : {
        "mcount" : {
          "mcount" : { }
        }
      },
      "source_log" : {
        "delta" : [0, 0, 0]
      },
      "loggers" : {
        "brief_logger" : {
          "records" : [16, 15],
          "out" : [880, 879]
        }
      }
    }
  }
},
"2021-07-19 04:56:29.823 +0000" : {
  "main_scheduler" : {
    "bqs" : {
      "00027" : {
        "mmconts" : [335, 335, 335],
        "acts" : [2, 2],
        "tstate" : { "idle" : 999559, "run" : 431, "locked" : 0, "mmap" : 0 }
      },
      "00028" : {
        "mmconts" : [226, 230, 233],
        "acts" : [22, 22],
        "tstate" : { "idle" : 996412, "run" : 3578, "locked" : 0, "mmap" : 0 }
      },
      "00029" : {
        "mmconts" : [227, 230, 235],
        "acts" : [27, 27],
        "tstate" : { "idle" : 995888, "run" : 4103, "locked" : 0, "mmap" : 0 }
      }
    }
  },
  "benchmark_io" : {
    "simple_times" : {
      "mcount" : {
        "mcount" : { "1000 -- 1584" : 15 }
      }
    },
    "stream_method" : {
      "conns" : [0, 0],
      "in" : [0, 0],
      "out" : [0, 0],
      "mmtasks" : [19, 19, 21],
      "load" : 0.793,
      "mcount" : {
        "mcount" : { "Connection timed out" : 15 }
      },
      "http_proto0" : {
        "mcount" : {
          "mcount" : { }
        }
      },
      "source_log" : {
        "delta" : [0, 0, 0]
      },
      "loggers" : {
        "brief_logger" : {
          "records" : [15, 15],
          "out" : [825, 825]
        }
      }
    }
  }
},
"2021-07-19 04:56:30.822 +0000" : {
  "main_scheduler" : {
    "bqs" : {
      "00027" : {
        "mmconts" : [335, 335, 335],
        "acts" : [2, 2],
        "tstate" : { "idle" : 998698, "run" : 478, "locked" : 0, "mmap" : 0 }
      },
      "00028" : {
        "mmconts" : [219, 222, 226],
        "acts" : [25, 25],
        "tstate" : { "idle" : 995231, "run" : 3946, "locked" : 0, "mmap" : 0 }
      },
      "00029" : {
        "mmconts" : [218, 222, 227],
        "acts" : [27, 27],
        "tstate" : { "idle" : 992755, "run" : 6421, "locked" : 0, "mmap" : 0 }
      }
    }
  },
  "benchmark_io" : {
    "simple_times" : {
      "mcount" : {
        "mcount" : { "1000 -- 1584" : 16 }
      }
    },
    "stream_method" : {
      "conns" : [0, 0],
      "in" : [0, 0],
      "out" : [0, 0],
      "mmtasks" : [20, 20, 21],
      "load" : 0.793,
      "mcount" : {
        "mcount" : { "Connection timed out" : 16 }
      },
      "http_proto0" : {
        "mcount" : {
          "mcount" : { }
        }
      },
      "source_log" : {
        "delta" : [0, 0, 0]
      },
      "loggers" : {
        "brief_logger" : {
          "records" : [16, 16],
          "out" : [880, 880]
        }
      }
    }
  }
},
"2021-07-19 04:56:31.822 +0000" : {
  "main_scheduler" : {
    "bqs" : {
      "00027" : {
        "mmconts" : [335, 335, 335],
        "acts" : [2, 2],
        "tstate" : { "idle" : 999568, "run" : 417, "locked" : 0, "mmap" : 0 }
      },
      "00028" : {
        "mmconts" : [210, 214, 219],
        "acts" : [25, 25],
        "tstate" : { "idle" : 996040, "run" : 3944, "locked" : 0, "mmap" : 0 }
      },
      "00029" : {
        "mmconts" : [210, 214, 218],
        "acts" : [27, 27],
        "tstate" : { "idle" : 995934, "run" : 4051, "locked" : 0, "mmap" : 0 }
      }
    }
  },
  "benchmark_io" : {
    "simple_times" : {
      "mcount" : {
        "mcount" : { "1000 -- 1584" : 17 }
      }
    },
    "stream_method" : {
      "conns" : [0, 0],
      "in" : [0, 0],
      "out" : [0, 0],
      "mmtasks" : [20, 20, 22],
      "load" : 0.794,
      "mcount" : {
        "mcount" : { "Connection timed out" : 17 }
      },
      "http_proto0" : {
        "mcount" : {
          "mcount" : { }
        }
      },
      "source_log" : {
        "delta" : [0, 0, 0]
      },
      "loggers" : {
        "brief_logger" : {
          "records" : [17, 17],
          "out" : [935, 935]
        }
      }
    }
  }
},
"2021-07-19 04:56:32.823 +0000" : {
  "main_scheduler" : {
    "bqs" : {
      "00027" : {
        "mmconts" : [335, 335, 335],
        "acts" : [2, 1],
        "tstate" : { "idle" : 1000087, "run" : 482, "locked" : 0, "mmap" : 0 }
      },
      "00028" : {
        "mmconts" : [202, 206, 210],
        "acts" : [26, 25],
        "tstate" : { "idle" : 996527, "run" : 4042, "locked" : 0, "mmap" : 0 }
      },
      "00029" : {
        "mmconts" : [202, 205, 210],
        "acts" : [27, 26],
        "tstate" : { "idle" : 996008, "run" : 4561, "locked" : 0, "mmap" : 0 }
      }
    }
  },
  "benchmark_io" : {
    "simple_times" : {
      "mcount" : {
        "mcount" : { "1000 -- 1584" : 16 }
      }
    },
    "stream_method" : {
      "conns" : [0, 0],
      "in" : [0, 0],
      "out" : [0, 0],
      "mmtasks" : [21, 21, 22],
      "load" : 0.792,
      "mcount" : {
        "mcount" : { "Connection timed out" : 16 }
      },
      "http_proto0" : {
        "mcount" : {
          "mcount" : { }
        }
      },
      "source_log" : {
        "delta" : [0, 0, 0]
      },
      "loggers" : {
        "brief_logger" : {
          "records" : [16, 15],
          "out" : [880, 879]
        }
      }
    }
  }
},
"2021-07-19 04:56:33.822 +0000" : {
  "main_scheduler" : {
    "bqs" : {
      "00027" : {
        "mmconts" : [335, 335, 335],
        "acts" : [2, 2],
        "tstate" : { "idle" : 999179, "run" : 471, "locked" : 0, "mmap" : 0 }
      },
      "00028" : {
        "mmconts" : [193, 197, 202],
        "acts" : [26, 26],
        "tstate" : { "idle" : 995361, "run" : 4289, "locked" : 0, "mmap" : 0 }
      },
      "00029" : {
        "mmconts" : [193, 197, 202],
        "acts" : [29, 29],
        "tstate" : { "idle" : 995011, "run" : 4639, "locked" : 0, "mmap" : 0 }
      }
    }
  },
  "benchmark_io" : {
    "simple_times" : {
      "mcount" : {
        "mcount" : { "1000 -- 1584" : 18 }
      }
    },
    "stream_method" : {
      "conns" : [0, 0],
      "in" : [0, 0],
      "out" : [0, 0],
      "mmtasks" : [21, 22, 23],
      "load" : 0.792,
      "mcount" : {
        "mcount" : { "Connection timed out" : 18 }
      },
      "http_proto0" : {
        "mcount" : {
          "mcount" : { }
        }
      },
      "source_log" : {
        "delta" : [0, 0, 0]
      },
      "loggers" : {
        "brief_logger" : {
          "records" : [18, 18],
          "out" : [990, 990]
        }
      }
    }
  }
},
"2021-07-19 04:56:34.822 +0000" : {
  "main_scheduler" : {
    "bqs" : {
      "00027" : {
        "mmconts" : [335, 335, 335],
        "acts" : [2, 2],
        "tstate" : { "idle" : 999453, "run" : 517, "locked" : 0, "mmap" : 0 }
      },
      "00028" : {
        "mmconts" : [185, 189, 193],
        "acts" : [26, 26],
        "tstate" : { "idle" : 996298, "run" : 3669, "locked" : 0, "mmap" : 0 }
      },
      "00029" : {
        "mmconts" : [184, 188, 193],
        "acts" : [29, 29],
        "tstate" : { "idle" : 995674, "run" : 4291, "locked" : 0, "mmap" : 0 }
      }
    }
  },
  "benchmark_io" : {
    "simple_times" : {
      "mcount" : {
        "mcount" : { "1000 -- 1584" : 17 }
      }
    },
    "stream_method" : {
      "conns" : [0, 0],
      "in" : [0, 0],
      "out" : [0, 0],
      "mmtasks" : [22, 22, 23],
      "load" : 0.794,
      "mcount" : {
        "mcount" : { "Connection timed out" : 17 }
      },
      "http_proto0" : {
        "mcount" : {
          "mcount" : { }
        }
      },
      "source_log" : {
        "delta" : [0, 0, 0]
      },
      "loggers" : {
        "brief_logger" : {
          "records" : [17, 17],
          "out" : [935, 935]
        }
      }
    }
  }
},
"2021-07-19 04:56:35.823 +0000" : {
  "main_scheduler" : {
    "bqs" : {
      "00027" : {
        "mmconts" : [335, 335, 335],
        "acts" : [2, 1],
        "tstate" : { "idle" : 999844, "run" : 480, "locked" : 0, "mmap" : 0 }
      },
      "00028" : {
        "mmconts" : [176, 180, 185],
        "acts" : [27, 26],
        "tstate" : { "idle" : 996754, "run" : 3574, "locked" : 0, "mmap" : 0 }
      },
      "00029" : {
        "mmconts" : [175, 179, 184],
        "acts" : [29, 28],
        "tstate" : { "idle" : 996414, "run" : 3915, "locked" : 0, "mmap" : 0 }
      }
    }
  },
  "benchmark_io" : {
    "simple_times" : {
      "mcount" : {
        "mcount" : { "1000 -- 1584" : 18 }
      }
    },
    "stream_method" : {
      "conns" : [0, 0],
      "in" : [0, 0],
      "out" : [0, 0],
      "mmtasks" : [22, 23, 24],
      "load" : 0.792,
      "mcount" : {
        "mcount" : { "Connection timed out" : 18 }
      },
      "http_proto0" : {
        "mcount" : {
          "mcount" : { }
        }
      },
      "source_log" : {
        "delta" : [0, 0, 0]
      },
      "loggers" : {
        "brief_logger" : {
          "records" : [18, 17],
          "out" : [990, 989]
        }
      }
    }
  }
},
"2021-07-19 04:56:36.822 +0000" : {
  "main_scheduler" : {
    "bqs" : {
      "00027" : {
        "mmconts" : [335, 335, 335],
        "acts" : [2, 2],
        "tstate" : { "idle" : 998991, "run" : 567, "locked" : 0, "mmap" : 0 }
      },
      "00028" : {
        "mmconts" : [167, 171, 176],
        "acts" : [28, 28],
        "tstate" : { "idle" : 994905, "run" : 4652, "locked" : 0, "mmap" : 0 }
      },
      "00029" : {
        "mmconts" : [166, 170, 175],
        "acts" : [30, 30],
        "tstate" : { "idle" : 995095, "run" : 4463, "locked" : 0, "mmap" : 0 }
      }
    }
  },
  "benchmark_io" : {
    "simple_times" : {
      "mcount" : {
        "mcount" : { "1000 -- 1584" : 18 }
      }
    },
    "stream_method" : {
      "conns" : [0, 0],
      "in" : [0, 0],
      "out" : [0, 0],
      "mmtasks" : [23, 23, 24],
      "load" : 0.797,
      "mcount" : {
        "mcount" : { "Connection timed out" : 18 }
      },
      "http_proto0" : {
        "mcount" : {
          "mcount" : { }
        }
      },
      "source_log" : {
        "delta" : [0, 0, 0]
      },
      "loggers" : {
        "brief_logger" : {
          "records" : [18, 18],
          "out" : [990, 990]
        }
      }
    }
  }
},
"2021-07-19 04:56:37.823 +0000" : {
  "main_scheduler" : {
    "bqs" : {
      "00027" : {
        "mmconts" : [335, 335, 335],
        "acts" : [2, 1],
        "tstate" : { "idle" : 1000172, "run" : 589, "locked" : 0, "mmap" : 0 }
      },
      "00028" : {
        "mmconts" : [157, 161, 167],
        "acts" : [29, 28],
        "tstate" : { "idle" : 996184, "run" : 4578, "locked" : 0, "mmap" : 0 }
      },
      "00029" : {
        "mmconts" : [157, 161, 166],
        "acts" : [31, 30],
        "tstate" : { "idle" : 995874, "run" : 4887, "locked" : 0, "mmap" : 0 }
      }
    }
  },
  "benchmark_io" : {
    "simple_times" : {
      "mcount" : {
        "mcount" : { "1000 -- 1584" : 19 }
      }
    },
    "stream_method" : {
      "conns" : [0, 0],
      "in" : [0, 0],
      "out" : [0, 0],
      "mmtasks" : [23, 24, 25],
      "load" : 0.792,
      "mcount" : {
        "mcount" : { "Connection timed out" : 19 }
      },
      "http_proto0" : {
        "mcount" : {
          "mcount" : { }
        }
      },
      "source_log" : {
        "delta" : [0, 0, 0]
      },
      "loggers" : {
        "brief_logger" : {
          "records" : [19, 18],
          "out" : [1045, 1044]
        }
      }
    }
  }
},
"2021-07-19 04:56:38.823 +0000" : {
  "main_scheduler" : {
    "bqs" : {
      "00027" : {
        "mmconts" : [335, 335, 335],
        "acts" : [2, 2],
        "tstate" : { "idle" : 999152, "run" : 620, "locked" : 0, "mmap" : 0 }
      },
      "00028" : {
        "mmconts" : [148, 152, 157],
        "acts" : [29, 29],
        "tstate" : { "idle" : 995161, "run" : 4610, "locked" : 0, "mmap" : 0 }
      },
      "00029" : {
        "mmconts" : [147, 151, 157],
        "acts" : [32, 32],
        "tstate" : { "idle" : 994968, "run" : 4803, "locked" : 0, "mmap" : 0 }
      }
    }
  },
  "benchmark_io" : {
    "simple_times" : {
      "mcount" : {
        "mcount" : { "1000 -- 1584" : 19 }
      }
    },
    "stream_method" : {
      "conns" : [0, 0],
      "in" : [0, 0],
      "out" : [0, 0],
      "mmtasks" : [24, 24, 26],
      "load" : 0.796,
      "mcount" : {
        "mcount" : { "Connection timed out" : 19 }
      },
      "http_proto0" : {
        "mcount" : {
          "mcount" : { }
        }
      },
      "source_log" : {
        "delta" : [0, 0, 0]
      },
      "loggers" : {
        "brief_logger" : {
          "records" : [19, 19],
          "out" : [1045, 1045]
        }
      }
    }
  }
},
"2021-07-19 04:56:39.823 +0000" : {
  "main_scheduler" : {
    "bqs" : {
      "00027" : {
        "mmconts" : [335, 335, 335],
        "acts" : [2, 2],
        "tstate" : { "idle" : 999146, "run" : 560, "locked" : 0, "mmap" : 0 }
      },
      "00028" : {
        "mmconts" : [138, 142, 148],
        "acts" : [30, 30],
        "tstate" : { "idle" : 995028, "run" : 4679, "locked" : 0, "mmap" : 0 }
      },
      "00029" : {
        "mmconts" : [137, 142, 147],
        "acts" : [32, 32],
        "tstate" : { "idle" : 994924, "run" : 4783, "locked" : 0, "mmap" : 0 }
      }
    }
  },
  "benchmark_io" : {
    "simple_times" : {
      "mcount" : {
        "mcount" : { "1000 -- 1584" : 20 }
      }
    },
    "stream_method" : {
      "conns" : [0, 0],
      "in" : [0, 0],
      "out" : [0, 0],
      "mmtasks" : [25, 25, 26],
      "load" : 0.791,
      "mcount" : {
        "mcount" : { "Connection timed out" : 20 }
      },
      "http_proto0" : {
        "mcount" : {
          "mcount" : { }
        }
      },
      "source_log" : {
        "delta" : [0, 0, 0]
      },
      "loggers" : {
        "brief_logger" : {
          "records" : [20, 20],
          "out" : [1100, 1100]
        }
      }
    }
  }
},
"2021-07-19 04:56:40.823 +0000" : {
  "main_scheduler" : {
    "bqs" : {
      "00027" : {
        "mmconts" : [335, 335, 335],
        "acts" : [2, 1],
        "tstate" : { "idle" : 999656, "run" : 517, "locked" : 0, "mmap" : 0 }
      },
      "00028" : {
        "mmconts" : [128, 132, 138],
        "acts" : [31, 30],
        "tstate" : { "idle" : 995229, "run" : 4943, "locked" : 0, "mmap" : 0 }
      },
      "00029" : {
        "mmconts" : [127, 132, 137],
        "acts" : [32, 31],
        "tstate" : { "idle" : 995267, "run" : 4906, "locked" : 0, "mmap" : 0 }
      }
    }
  },
  "benchmark_io" : {
    "simple_times" : {
      "mcount" : {
        "mcount" : { "1000 -- 1584" : 20 }
      }
    },
    "stream_method" : {
      "conns" : [0, 0],
      "in" : [0, 0],
      "out" : [0, 0],
      "mmtasks" : [25, 25, 27],
      "load" : 0.794,
      "mcount" : {
        "mcount" : { "Connection timed out" : 20 }
      },
      "http_proto0" : {
        "mcount" : {
          "mcount" : { }
        }
      },
      "source_log" : {
        "delta" : [0, 0, 0]
      },
      "loggers" : {
        "brief_logger" : {
          "records" : [20, 19],
          "out" : [1100, 1099]
        }
      }
    }
  }
},
"2021-07-19 04:56:41.822 +0000" : {
  "main_scheduler" : {
    "bqs" : {
      "00027" : {
        "mmconts" : [335, 335, 335],
        "acts" : [2, 2],
        "tstate" : { "idle" : 999162, "run" : 562, "locked" : 0, "mmap" : 0 }
      },
      "00028" : {
        "mmconts" : [117, 122, 128],
        "acts" : [32, 32],
        "tstate" : { "idle" : 994704, "run" : 5020, "locked" : 0, "mmap" : 0 }
      },
      "00029" : {
        "mmconts" : [117, 121, 127],
        "acts" : [33, 33],
        "tstate" : { "idle" : 994767, "run" : 4957, "locked" : 0, "mmap" : 0 }
      }
    }
  },
  "benchmark_io" : {
    "simple_times" : {
      "mcount" : {
        "mcount" : { "1000 -- 1584" : 21 }
      }
    },
    "stream_method" : {
      "conns" : [0, 0],
      "in" : [0, 0],
      "out" : [0, 0],
      "mmtasks" : [25, 26, 27],
      "load" : 0.795,
      "mcount" : {
        "mcount" : { "Connection timed out" : 21 }
      },
      "http_proto0" : {
        "mcount" : {
          "mcount" : { }
        }
      },
      "source_log" : {
        "delta" : [0, 0, 0]
      },
      "loggers" : {
        "brief_logger" : {
          "records" : [21, 21],
          "out" : [1155, 1155]
        }
      }
    }
  }
},
"2021-07-19 04:56:42.823 +0000" : {
  "main_scheduler" : {
    "bqs" : {
      "00027" : {
        "mmconts" : [335, 335, 335],
        "acts" : [2, 1],
        "tstate" : { "idle" : 1000035, "run" : 579, "locked" : 0, "mmap" : 0 }
      },
      "00028" : {
        "mmconts" : [107, 112, 117],
        "acts" : [31, 30],
        "tstate" : { "idle" : 995768, "run" : 4846, "locked" : 0, "mmap" : 0 }
      },
      "00029" : {
        "mmconts" : [106, 111, 117],
        "acts" : [34, 33],
        "tstate" : { "idle" : 995561, "run" : 5053, "locked" : 0, "mmap" : 0 }
      }
    }
  },
  "benchmark_io" : {
    "simple_times" : {
      "mcount" : {
        "mcount" : { "1000 -- 1584" : 21 }
      }
    },
    "stream_method" : {
      "conns" : [0, 0],
      "in" : [0, 0],
      "out" : [0, 0],
      "mmtasks" : [26, 26, 28],
      "load" : 0.792,
      "mcount" : {
        "mcount" : { "Connection timed out" : 21 }
      },
      "http_proto0" : {
        "mcount" : {
          "mcount" : { }
        }
      },
      "source_log" : {
        "delta" : [0, 0, 0]
      },
      "loggers" : {
        "brief_logger" : {
          "records" : [21, 20],
          "out" : [1155, 1154]
        }
      }
    }
  }
},
"2021-07-19 04:56:43.823 +0000" : {
  "main_scheduler" : {
    "bqs" : {
      "00027" : {
        "mmconts" : [335, 335, 335],
        "acts" : [2, 2],
        "tstate" : { "idle" : 999080, "run" : 593, "locked" : 0, "mmap" : 0 }
      },
      "00028" : {
        "mmconts" : [97, 102, 107],
        "acts" : [33, 33],
        "tstate" : { "idle" : 994494, "run" : 5179, "locked" : 0, "mmap" : 0 }
      },
      "00029" : {
        "mmconts" : [96, 100, 106],
        "acts" : [34, 34],
        "tstate" : { "idle" : 994627, "run" : 5045, "locked" : 0, "mmap" : 0 }
      }
    }
  },
  "benchmark_io" : {
    "simple_times" : {
      "mcount" : {
        "mcount" : { "1000 -- 1584" : 20 }
      }
    },
    "stream_method" : {
      "conns" : [0, 0],
      "in" : [0, 0],
      "out" : [0, 0],
      "mmtasks" : [26, 27, 29],
      "load" : 0.794,
      "mcount" : {
        "mcount" : { "Connection timed out" : 20 }
      },
      "http_proto0" : {
        "mcount" : {
          "mcount" : { }
        }
      },
      "source_log" : {
        "delta" : [0, 0, 0]
      },
      "loggers" : {
        "brief_logger" : {
          "records" : [20, 20],
          "out" : [1100, 1100]
        }
      }
    }
  }
},
"2021-07-19 04:56:44.822 +0000" : {
  "main_scheduler" : {
    "bqs" : {
      "00027" : {
        "mmconts" : [335, 335, 335],
        "acts" : [2, 2],
        "tstate" : { "idle" : 999099, "run" : 568, "locked" : 0, "mmap" : 0 }
      },
      "00028" : {
        "mmconts" : [85, 91, 97],
        "acts" : [34, 34],
        "tstate" : { "idle" : 994349, "run" : 5318, "locked" : 0, "mmap" : 0 }
      },
      "00029" : {
        "mmconts" : [85, 90, 96],
        "acts" : [35, 35],
        "tstate" : { "idle" : 994522, "run" : 5146, "locked" : 0, "mmap" : 0 }
      }
    }
  },
  "benchmark_io" : {
    "simple_times" : {
      "mcount" : {
        "mcount" : { "1584 -- 2511" : 1, "1000 -- 1584" : 22 }
      }
    },
    "stream_method" : {
      "conns" : [0, 0],
      "in" : [0, 0],
      "out" : [0, 0],
      "mmtasks" : [27, 28, 29],
      "load" : 0.767,
      "mcount" : {
        "mcount" : { "Connection timed out" : 23 }
      },
      "http_proto0" : {
        "mcount" : {
          "mcount" : { }
        }
      },
      "source_log" : {
        "delta" : [0, 0, 0]
      },
      "loggers" : {
        "brief_logger" : {
          "records" : [23, 23],
          "out" : [1266, 1266]
        }
      }
    }
  }
},
"2021-07-19 04:56:45.823 +0000" : {
  "main_scheduler" : {
    "bqs" : {
      "00027" : {
        "mmconts" : [335, 335, 335],
        "acts" : [2, 1],
        "tstate" : { "idle" : 999879, "run" : 416, "locked" : 0, "mmap" : 0 }
      },
      "00028" : {
        "mmconts" : [74, 79, 85],
        "acts" : [33, 32],
        "tstate" : { "idle" : 996079, "run" : 4057, "locked" : 0, "mmap" : 160 }
      },
      "00029" : {
        "mmconts" : [74, 79, 85],
        "acts" : [37, 36],
        "tstate" : { "idle" : 993898, "run" : 6265, "locked" : 0, "mmap" : 132 }
      }
    }
  },
  "benchmark_io" : {
    "simple_times" : {
      "mcount" : {
        "mcount" : { "1000 -- 1584" : 22 }
      }
    },
    "stream_method" : {
      "conns" : [0, 0],
      "in" : [0, 0],
      "out" : [0, 0],
      "mmtasks" : [28, 28, 29],
      "load" : 0.794,
      "mcount" : {
        "mcount" : { "Connection timed out" : 22 }
      },
      "http_proto0" : {
        "mcount" : {
          "mcount" : { }
        }
      },
      "source_log" : {
        "delta" : [0, 0, 0]
      },
      "loggers" : {
        "brief_logger" : {
          "records" : [22, 21],
          "out" : [1210, 1209]
        }
      }
    }
  }
},
"2021-07-19 04:56:46.823 +0000" : {
  "main_scheduler" : {
    "bqs" : {
      "00027" : {
        "mmconts" : [335, 335, 335],
        "acts" : [2, 1],
        "tstate" : { "idle" : 1000058, "run" : 427, "locked" : 0, "mmap" : 0 }
      },
      "00028" : {
        "mmconts" : [63, 68, 74],
        "acts" : [35, 34],
        "tstate" : { "idle" : 994935, "run" : 5319, "locked" : 0, "mmap" : 230 }
      },
      "00029" : {
        "mmconts" : [62, 68, 74],
        "acts" : [36, 35],
        "tstate" : { "idle" : 995001, "run" : 5226, "locked" : 0, "mmap" : 257 }
      }
    }
  },
  "benchmark_io" : {
    "simple_times" : {
      "mcount" : {
        "mcount" : { "1000 -- 1584" : 23 }
      }
    },
    "stream_method" : {
      "conns" : [0, 0],
      "in" : [0, 0],
      "out" : [0, 0],
      "mmtasks" : [28, 28, 30],
      "load" : 0.792,
      "mcount" : {
        "mcount" : { "Connection timed out" : 23 }
      },
      "http_proto0" : {
        "mcount" : {
          "mcount" : { }
        }
      },
      "source_log" : {
        "delta" : [0, 0, 0]
      },
      "loggers" : {
        "brief_logger" : {
          "records" : [23, 22],
          "out" : [1265, 1264]
        }
      }
    }
  }
},
"2021-07-19 04:56:47.822 +0000" : {
  "main_scheduler" : {
    "bqs" : {
      "00027" : {
        "mmconts" : [335, 335, 335],
        "acts" : [2, 2],
        "tstate" : { "idle" : 998647, "run" : 489, "locked" : 0, "mmap" : 0 }
      },
      "00028" : {
        "mmconts" : [51, 57, 63],
        "acts" : [34, 34],
        "tstate" : { "idle" : 993684, "run" : 5210, "locked" : 0, "mmap" : 242 }
      },
      "00029" : {
        "mmconts" : [51, 56, 62],
        "acts" : [37, 37],
        "tstate" : { "idle" : 993613, "run" : 5266, "locked" : 0, "mmap" : 257 }
      }
    }
  },
  "benchmark_io" : {
    "simple_times" : {
      "mcount" : {
        "mcount" : { "1000 -- 1584" : 23 }
      }
    },
    "stream_method" : {
      "conns" : [0, 0],
      "in" : [0, 0],
      "out" : [0, 0],
      "mmtasks" : [28, 29, 30],
      "load" : 0.794,
      "mcount" : {
        "mcount" : { "Connection timed out" : 23 }
      },
      "http_proto0" : {
        "mcount" : {
          "mcount" : { }
        }
      },
      "source_log" : {
        "delta" : [0, 0, 0]
      },
      "loggers" : {
        "brief_logger" : {
          "records" : [23, 23],
          "out" : [1265, 1266]
        }
      }
    }
  }
},
"2021-07-19 04:56:48.823 +0000" : {
  "main_scheduler" : {
    "bqs" : {
      "00027" : {
        "mmconts" : [335, 335, 335],
        "acts" : [6, 5],
        "tstate" : { "idle" : 999685, "run" : 829, "locked" : 0, "mmap" : 0 }
      },
      "00028" : {
        "mmconts" : [40, 45, 51],
        "acts" : [33, 32],
        "tstate" : { "idle" : 994787, "run" : 5487, "locked" : 0, "mmap" : 240 }
      },
      "00029" : {
        "mmconts" : [39, 45, 51],
        "acts" : [36, 35],
        "tstate" : { "idle" : 994989, "run" : 5279, "locked" : 0, "mmap" : 247 }
      }
    }
  },
  "benchmark_io" : {
    "simple_times" : {
      "mcount" : {
        "mcount" : { "1000 -- 1584" : 23 }
      }
    },
    "stream_method" : {
      "conns" : [0, 0],
      "in" : [0, 0],
      "out" : [0, 0],
      "mmtasks" : [29, 29, 31],
      "load" : 0.795,
      "mcount" : {
        "mcount" : { "Connection timed out" : 23 }
      },
      "http_proto0" : {
        "mcount" : {
          "mcount" : { }
        }
      },
      "source_log" : {
        "delta" : [0, 0, 0]
      },
      "loggers" : {
        "brief_logger" : {
          "records" : [23, 22],
          "out" : [1265, 1264]
        }
      }
    }
  }
},
"2021-07-19 04:56:49.822 +0000" : {
  "main_scheduler" : {
    "bqs" : {
      "00027" : {
        "mmconts" : [335, 335, 335],
        "acts" : [49, 49],
        "tstate" : { "idle" : 993309, "run" : 6163, "locked" : 0, "mmap" : 63 }
      },
      "00028" : {
        "mmconts" : [28, 33, 40],
        "acts" : [13, 13],
        "tstate" : { "idle" : 996272, "run" : 3015, "locked" : 0, "mmap" : 248 }
      },
      "00029" : {
        "mmconts" : [27, 33, 39],
        "acts" : [15, 15],
        "tstate" : { "idle" : 996398, "run" : 2897, "locked" : 0, "mmap" : 239 }
      }
    }
  },
  "benchmark_io" : {
    "simple_times" : {
      "mcount" : {
        "mcount" : { "1000 -- 1584" : 24 }
      }
    },
    "stream_method" : {
      "conns" : [0, 0],
      "in" : [0, 0],
      "out" : [0, 0],
      "mmtasks" : [30, 30, 31],
      "load" : 0.792,
      "mcount" : {
        "mcount" : { "Connection timed out" : 24 }
      },
      "http_proto0" : {
        "mcount" : {
          "mcount" : { }
        }
      },
      "source_log" : {
        "delta" : [0, 0, 0]
      },
      "loggers" : {
        "brief_logger" : {
          "records" : [24, 24],
          "out" : [1320, 1320]
        }
      }
    }
  }
},
"2021-07-19 04:56:50.823 +0000" : {
  "main_scheduler" : {
    "bqs" : {
      "00027" : {
        "mmconts" : [313, 324, 335],
        "acts" : [74, 73],
        "tstate" : { "idle" : 987043, "run" : 12869, "locked" : 0, "mmap" : 491 }
      },
      "00028" : {
        "mmconts" : [27, 27, 28],
        "acts" : [1, 0],
        "tstate" : { "idle" : 999663, "run" : 722, "locked" : 0, "mmap" : 17 }
      },
      "00029" : {
        "mmconts" : [26, 26, 27],
        "acts" : [3, 2],
        "tstate" : { "idle" : 999513, "run" : 880, "locked" : 0, "mmap" : 18 }
      }
    }
  },
  "benchmark_io" : {
    "simple_times" : {
      "mcount" : {
        "mcount" : { "1000 -- 1584" : 24 }
      }
    },
    "stream_method" : {
      "conns" : [0, 0],
      "in" : [0, 0],
      "out" : [0, 0],
      "mmtasks" : [30, 30, 32],
      "load" : 0.794,
      "mcount" : {
        "mcount" : { "Connection timed out" : 24 }
      },
      "http_proto0" : {
        "mcount" : {
          "mcount" : { }
        }
      },
      "source_log" : {
        "delta" : [0, 0, 0]
      },
      "loggers" : {
        "brief_logger" : {
          "records" : [24, 23],
          "out" : [1320, 1319]
        }
      }
    }
  }
},
"2021-07-19 04:56:51.823 +0000" : {
  "main_scheduler" : {
    "bqs" : {
      "00027" : {
        "mmconts" : [288, 300, 313],
        "acts" : [77, 76],
        "tstate" : { "idle" : 988544, "run" : 11240, "locked" : 0, "mmap" : 506 }
      },
      "00028" : {
        "mmconts" : [27, 27, 27],
        "acts" : [0, 0],
        "tstate" : { "idle" : 999915, "run" : 375, "locked" : 0, "mmap" : 0 }
      },
      "00029" : {
        "mmconts" : [26, 26, 26],
        "acts" : [2, 1],
        "tstate" : { "idle" : 999758, "run" : 524, "locked" : 0, "mmap" : 0 }
      }
    }
  },
  "benchmark_io" : {
    "simple_times" : {
      "mcount" : {
        "mcount" : { "1000 -- 1584" : 25 }
      }
    },
    "stream_method" : {
      "conns" : [0, 0],
      "in" : [0, 0],
      "out" : [0, 0],
      "mmtasks" : [31, 31, 32],
      "load" : 0.794,
      "mcount" : {
        "mcount" : { "Connection timed out" : 25 }
      },
      "http_proto0" : {
        "mcount" : {
          "mcount" : { }
        }
      },
      "source_log" : {
        "delta" : [0, 0, 0]
      },
      "loggers" : {
        "brief_logger" : {
          "records" : [25, 24],
          "out" : [1375, 1374]
        }
      }
    }
  }
},
"2021-07-19 04:56:52.823 +0000" : {
  "main_scheduler" : {
    "bqs" : {
      "00027" : {
        "mmconts" : [263, 275, 288],
        "acts" : [78, 78],
        "tstate" : { "idle" : 989100, "run" : 10010, "locked" : 0, "mmap" : 440 }
      },
      "00028" : {
        "mmconts" : [27, 27, 27],
        "acts" : [0, 0],
        "tstate" : { "idle" : 999202, "run" : 350, "locked" : 0, "mmap" : 0 }
      },
      "00029" : {
        "mmconts" : [26, 26, 26],
        "acts" : [2, 2],
        "tstate" : { "idle" : 999106, "run" : 445, "locked" : 0, "mmap" : 0 }
      }
    }
  },
  "benchmark_io" : {
    "simple_times" : {
      "mcount" : {
        "mcount" : { "1000 -- 1584" : 25 }
      }
    },
    "stream_method" : {
      "conns" : [0, 0],
      "in" : [0, 0],
      "out" : [0, 0],
      "mmtasks" : [31, 31, 33],
      "load" : 0.794,
      "mcount" : {
        "mcount" : { "Connection timed out" : 25 }
      },
      "http_proto0" : {
        "mcount" : {
          "mcount" : { }
        }
      },
      "source_log" : {
        "delta" : [0, 0, 0]
      },
      "loggers" : {
        "brief_logger" : {
          "records" : [25, 25],
          "out" : [1375, 1375]
        }
      }
    }
  }
},
"2021-07-19 04:56:53.823 +0000" : {
  "main_scheduler" : {
    "bqs" : {
      "00027" : {
        "mmconts" : [237, 250, 263],
        "acts" : [80, 79],
        "tstate" : { "idle" : 988545, "run" : 11580, "locked" : 0, "mmap" : 486 }
      },
      "00028" : {
        "mmconts" : [27, 27, 27],
        "acts" : [0, 0],
        "tstate" : { "idle" : 1000176, "run" : 433, "locked" : 0, "mmap" : 0 }
      },
      "00029" : {
        "mmconts" : [26, 26, 26],
        "acts" : [2, 1],
        "tstate" : { "idle" : 1000065, "run" : 545, "locked" : 0, "mmap" : 0 }
      }
    }
  },
  "benchmark_io" : {
    "simple_times" : {
      "mcount" : {
        "mcount" : { "1000 -- 1584" : 26 }
      }
    },
    "stream_method" : {
      "conns" : [0, 0],
      "in" : [0, 0],
      "out" : [0, 0],
      "mmtasks" : [32, 32, 34],
      "load" : 0.791,
      "mcount" : {
        "mcount" : { "Connection timed out" : 26 }
      },
      "http_proto0" : {
        "mcount" : {
          "mcount" : { }
        }
      },
      "source_log" : {
        "delta" : [0, 0, 0]
      },
      "loggers" : {
        "brief_logger" : {
          "records" : [26, 25],
          "out" : [1430, 1429]
        }
      }
    }
  }
},
"2021-07-19 04:56:54.822 +0000" : {
  "main_scheduler" : {
    "bqs" : {
      "00027" : {
        "mmconts" : [211, 224, 237],
        "acts" : [81, 81],
        "tstate" : { "idle" : 988043, "run" : 10517, "locked" : 0, "mmap" : 430 }
      },
      "00028" : {
        "mmconts" : [27, 27, 27],
        "acts" : [0, 0],
        "tstate" : { "idle" : 998649, "run" : 339, "locked" : 0, "mmap" : 0 }
      },
      "00029" : {
        "mmconts" : [26, 26, 26],
        "acts" : [2, 2],
        "tstate" : { "idle" : 998569, "run" : 417, "locked" : 0, "mmap" : 0 }
      }
    }
  },
  "benchmark_io" : {
    "simple_times" : {
      "mcount" : {
        "mcount" : { "1000 -- 1584" : 26 }
      }
    },
    "stream_method" : {
      "conns" : [0, 0],
      "in" : [0, 0],
      "out" : [0, 0],
      "mmtasks" : [32, 33, 34],
      "load" : 0.794,
      "mcount" : {
        "mcount" : { "Connection timed out" : 26 }
      },
      "http_proto0" : {
        "mcount" : {
          "mcount" : { }
        }
      },
      "source_log" : {
        "delta" : [0, 0, 0]
      },
      "loggers" : {
        "brief_logger" : {
          "records" : [26, 26],
          "out" : [1430, 1431]
        }
      }
    }
  }
},
"2021-07-19 04:56:55.822 +0000" : {
  "main_scheduler" : {
    "bqs" : {
      "00027" : {
        "mmconts" : [185, 198, 211],
        "acts" : [82, 81],
        "tstate" : { "idle" : 988492, "run" : 11137, "locked" : 0, "mmap" : 469 }
      },
      "00028" : {
        "mmconts" : [27, 27, 27],
        "acts" : [0, 0],
        "tstate" : { "idle" : 999720, "run" : 378, "locked" : 0, "mmap" : 0 }
      },
      "00029" : {
        "mmconts" : [26, 26, 26],
        "acts" : [2, 1],
        "tstate" : { "idle" : 999629, "run" : 469, "locked" : 0, "mmap" : 0 }
      }
    }
  },
  "benchmark_io" : {
    "simple_times" : {
      "mcount" : {
        "mcount" : { "1000 -- 1584" : 26 }
      }
    },
    "stream_method" : {
      "conns" : [0, 0],
      "in" : [0, 0],
      "out" : [0, 0],
      "mmtasks" : [33, 33, 35],
      "load" : 0.792,
      "mcount" : {
        "mcount" : { "Connection timed out" : 26 }
      },
      "http_proto0" : {
        "mcount" : {
          "mcount" : { }
        }
      },
      "source_log" : {
        "delta" : [0, 0, 0]
      },
      "loggers" : {
        "brief_logger" : {
          "records" : [26, 25],
          "out" : [1430, 1429]
        }
      }
    }
  }
},
"2021-07-19 04:56:56.823 +0000" : {
  "main_scheduler" : {
    "bqs" : {
      "00027" : {
        "mmconts" : [158, 171, 185],
        "acts" : [83, 82],
        "tstate" : { "idle" : 990161, "run" : 9763, "locked" : 0, "mmap" : 485 }
      },
      "00028" : {
        "mmconts" : [27, 27, 27],
        "acts" : [0, 0],
        "tstate" : { "idle" : 999983, "run" : 428, "locked" : 0, "mmap" : 0 }
      },
      "00029" : {
        "mmconts" : [26, 26, 26],
        "acts" : [2, 1],
        "tstate" : { "idle" : 999959, "run" : 454, "locked" : 0, "mmap" : 0 }
      }
    }
  },
  "benchmark_io" : {
    "simple_times" : {
      "mcount" : {
        "mcount" : { "1000 -- 1584" : 27 }
      }
    },
    "stream_method" : {
      "conns" : [0, 0],
      "in" : [0, 0],
      "out" : [0, 0],
      "mmtasks" : [33, 34, 35],
      "load" : 0.795,
      "mcount" : {
        "mcount" : { "Connection timed out" : 27 }
      },
      "http_proto0" : {
        "mcount" : {
          "mcount" : { }
        }
      },
      "source_log" : {
        "delta" : [0, 0, 0]
      },
      "loggers" : {
        "brief_logger" : {
          "records" : [27, 26],
          "out" : [1485, 1484]
        }
      }
    }
  }
},
"2021-07-19 04:56:57.823 +0000" : {
  "main_scheduler" : {
    "bqs" : {
      "00027" : {
        "mmconts" : [131, 144, 158],
        "acts" : [85, 84],
        "tstate" : { "idle" : 988496, "run" : 11418, "locked" : 0, "mmap" : 405 }
      },
      "00028" : {
        "mmconts" : [27, 27, 27],
        "acts" : [0, 0],
        "tstate" : { "idle" : 999764, "run" : 555, "locked" : 0, "mmap" : 0 }
      },
      "00029" : {
        "mmconts" : [26, 26, 26],
        "acts" : [2, 1],
        "tstate" : { "idle" : 999774, "run" : 544, "locked" : 0, "mmap" : 0 }
      }
    }
  },
  "benchmark_io" : {
    "simple_times" : {
      "mcount" : {
        "mcount" : { "1000 -- 1584" : 27 }
      }
    },
    "stream_method" : {
      "conns" : [0, 0],
      "in" : [0, 0],
      "out" : [0, 0],
      "mmtasks" : [34, 34, 36],
      "load" : 0.794,
      "mcount" : {
        "mcount" : { "Connection timed out" : 27 }
      },
      "http_proto0" : {
        "mcount" : {
          "mcount" : { }
        }
      },
      "source_log" : {
        "delta" : [0, 0, 0]
      },
      "loggers" : {
        "brief_logger" : {
          "records" : [27, 26],
          "out" : [1485, 1484]
        }
      }
    }
  }
},
"2021-07-19 04:56:58.823 +0000" : {
  "main_scheduler" : {
    "bqs" : {
      "00027" : {
        "mmconts" : [103, 117, 131],
        "acts" : [86, 85],
        "tstate" : { "idle" : 987923, "run" : 11639, "locked" : 0, "mmap" : 474 }
      },
      "00028" : {
        "mmconts" : [27, 27, 27],
        "acts" : [0, 0],
        "tstate" : { "idle" : 999669, "run" : 368, "locked" : 0, "mmap" : 0 }
      },
      "00029" : {
        "mmconts" : [26, 26, 26],
        "acts" : [2, 1],
        "tstate" : { "idle" : 999549, "run" : 488, "locked" : 0, "mmap" : 0 }
      }
    }
  },
  "benchmark_io" : {
    "simple_times" : {
      "mcount" : {
        "mcount" : { "1000 -- 1584" : 28 }
      }
    },
    "stream_method" : {
      "conns" : [0, 0],
      "in" : [0, 0],
      "out" : [0, 0],
      "mmtasks" : [34, 35, 36],
      "load" : 0.793,
      "mcount" : {
        "mcount" : { "Connection timed out" : 28 }
      },
      "http_proto0" : {
        "mcount" : {
          "mcount" : { }
        }
      },
      "source_log" : {
        "delta" : [0, 0, 0]
      },
      "loggers" : {
        "brief_logger" : {
          "records" : [28, 27],
          "out" : [1540, 1539]
        }
      }
    }
  }
},
"2021-07-19 04:56:59.823 +0000" : {
  "main_scheduler" : {
    "bqs" : {
      "00027" : {
        "mmconts" : [75, 89, 103],
        "acts" : [85, 84],
        "tstate" : { "idle" : 987284, "run" : 12226, "locked" : 0, "mmap" : 568 }
      },
      "00028" : {
        "mmconts" : [27, 27, 27],
        "acts" : [0, 0],
        "tstate" : { "idle" : 999622, "run" : 456, "locked" : 0, "mmap" : 0 }
      },
      "00029" : {
        "mmconts" : [26, 26, 26],
        "acts" : [2, 1],
        "tstate" : { "idle" : 999467, "run" : 611, "locked" : 0, "mmap" : 0 }
      }
    }
  },
  "benchmark_io" : {
    "simple_times" : {
      "mcount" : {
        "mcount" : { "1000 -- 1584" : 28 }
      }
    },
    "stream_method" : {
      "conns" : [0, 0],
      "in" : [0, 0],
      "out" : [0, 0],
      "mmtasks" : [35, 35, 37],
      "load" : 0.793,
      "mcount" : {
        "mcount" : { "Connection timed out" : 28 }
      },
      "http_proto0" : {
        "mcount" : {
          "mcount" : { }
        }
      },
      "source_log" : {
        "delta" : [0, 0, 0]
      },
      "loggers" : {
        "brief_logger" : {
          "records" : [28, 27],
          "out" : [1540, 1539]
        }
      }
    }
  }
},
"2021-07-19 04:57:00.823 +0000" : {
  "main_scheduler" : {
    "bqs" : {
      "00027" : {
        "mmconts" : [48, 62, 75],
        "acts" : [87, 87],
        "tstate" : { "idle" : 986822, "run" : 12453, "locked" : 0, "mmap" : 576 }
      },
      "00028" : {
        "mmconts" : [27, 27, 27],
        "acts" : [0, 0],
        "tstate" : { "idle" : 999391, "run" : 460, "locked" : 0, "mmap" : 0 }
      },
      "00029" : {
        "mmconts" : [26, 26, 26],
        "acts" : [2, 2],
        "tstate" : { "idle" : 999219, "run" : 633, "locked" : 0, "mmap" : 0 }
      }
    }
  },
  "benchmark_io" : {
    "simple_times" : {
      "mcount" : {
        "mcount" : { "1000 -- 1584" : 27 }
      }
    },
    "stream_method" : {
      "conns" : [0, 0],
      "in" : [0, 0],
      "out" : [0, 0],
      "mmtasks" : [35, 36, 38],
      "load" : 0.793,
      "mcount" : {
        "mcount" : { "Connection timed out" : 27 }
      },
      "http_proto0" : {
        "mcount" : {
          "mcount" : { }
        }
      },
      "source_log" : {
        "delta" : [0, 0, 0]
      },
      "loggers" : {
        "brief_logger" : {
          "records" : [27, 27],
          "out" : [1485, 1485]
        }
      }
    }
  }
},
"2021-07-19 04:57:01.822 +0000" : {
  "main_scheduler" : {
    "bqs" : {
      "00027" : {
        "mmconts" : [19, 33, 48],
        "acts" : [56, 56],
        "tstate" : { "idle" : 989578, "run" : 9066, "locked" : 0, "mmap" : 570 }
      },
      "00028" : {
        "mmconts" : [27, 27, 27],
        "acts" : [22, 22],
        "tstate" : { "idle" : 996764, "run" : 2451, "locked" : 0, "mmap" : 0 }
      },
      "00029" : {
        "mmconts" : [26, 26, 26],
        "acts" : [14, 14],
        "tstate" : { "idle" : 997347, "run" : 1867, "locked" : 0, "mmap" : 0 }
      }
    }
  },
  "benchmark_io" : {
    "simple_times" : {
      "mcount" : {
        "mcount" : { "1000 -- 1584" : 29 }
      }
    },
    "stream_method" : {
      "conns" : [0, 0],
      "in" : [0, 0],
      "out" : [0, 0],
      "mmtasks" : [37, 37, 39],
      "load" : 0.793,
      "mcount" : {
        "mcount" : { "Connection timed out" : 29 }
      },
      "http_proto0" : {
        "mcount" : {
          "mcount" : { }
        }
      },
      "source_log" : {
        "delta" : [0, 0, 0]
      },
      "loggers" : {
        "brief_logger" : {
          "records" : [29, 29],
          "out" : [1595, 1596]
        }
      }
    }
  }
},
"2021-07-19 04:57:02.823 +0000" : {
  "main_scheduler" : {
    "bqs" : {
      "00027" : {
        "mmconts" : [3, 7, 19],
        "acts" : [18, 17],
        "tstate" : { "idle" : 996734, "run" : 3638, "locked" : 0, "mmap" : 286 }
      },
      "00028" : {
        "mmconts" : [20, 25, 27],
        "acts" : [33, 32],
        "tstate" : { "idle" : 996280, "run" : 4265, "locked" : 0, "mmap" : 112 }
      },
      "00029" : {
        "mmconts" : [20, 24, 26],
        "acts" : [41, 40],
        "tstate" : { "idle" : 995590, "run" : 4957, "locked" : 0, "mmap" : 111 }
      }
    }
  },
  "benchmark_io" : {
    "simple_times" : {
      "mcount" : {
        "mcount" : { "1000 -- 1584" : 29 }
      }
    },
    "stream_method" : {
      "conns" : [0, 0],
      "in" : [0, 0],
      "out" : [0, 0],
      "mmtasks" : [37, 38, 39],
      "load" : 0.794,
      "mcount" : {
        "mcount" : { "Connection timed out" : 29 }
      },
      "http_proto0" : {
        "mcount" : {
          "mcount" : { }
        }
      },
      "source_log" : {
        "delta" : [0, 0, 0]
      },
      "loggers" : {
        "brief_logger" : {
          "records" : [29, 28],
          "out" : [1595, 1593]
        }
      }
    }
  }
},
"2021-07-19 04:57:03.822 +0000" : {
  "main_scheduler" : {
    "bqs" : {
      "00027" : {
        "mmconts" : [3, 3, 3],
        "acts" : [2, 2],
        "tstate" : { "idle" : 998873, "run" : 509, "locked" : 0, "mmap" : 0 }
      },
      "00028" : {
        "mmconts" : [5, 11, 20],
        "acts" : [19, 19],
        "tstate" : { "idle" : 995425, "run" : 3657, "locked" : 0, "mmap" : 300 }
      },
      "00029" : {
        "mmconts" : [5, 13, 20],
        "acts" : [20, 20],
        "tstate" : { "idle" : 995332, "run" : 3716, "locked" : 0, "mmap" : 334 }
      }
    }
  },
  "benchmark_io" : {
    "simple_times" : {
      "mcount" : {
        "mcount" : { "1000 -- 1584" : 30 }
      }
    },
    "stream_method" : {
      "conns" : [0, 0],
      "in" : [0, 0],
      "out" : [0, 0],
      "mmtasks" : [8, 23, 38],
      "load" : 0.795,
      "mcount" : {
        "mcount" : { "Connection timed out" : 30 }
      },
      "http_proto0" : {
        "mcount" : {
          "mcount" : { }
        }
      },
      "source_log" : {
        "delta" : [0, 0, 0]
      },
      "loggers" : {
        "brief_logger" : {
          "records" : [30, 30],
          "out" : [1650, 1650]
        }
      }
    }
  }
},
"2021-07-19 04:57:04.822 +0000" : {
  "main_scheduler" : {
    "bqs" : {
      "00027" : {
        "mmconts" : [3, 3, 3],
        "acts" : [2, 1],
        "tstate" : { "idle" : 999571, "run" : 513, "locked" : 0, "mmap" : 0 }
      },
      "00028" : {
        "mmconts" : [1, 1, 5],
        "acts" : [4, 3],
        "tstate" : { "idle" : 998607, "run" : 1374, "locked" : 0, "mmap" : 103 }
      },
      "00029" : {
        "mmconts" : [2, 2, 5],
        "acts" : [5, 4],
        "tstate" : { "idle" : 998729, "run" : 1287, "locked" : 0, "mmap" : 67 }
      }
    }
  },
  "benchmark_io" : {
    "simple_times" : {
      "mcount" : {
        "mcount" : { "1000 -- 1584" : 7 }
      }
    },
    "stream_method" : {
      "conns" : [0, 0],
      "in" : [0, 0],
      "out" : [0, 0],
      "mmtasks" : [1, 1, 8],
      "load" : 0.790,
      "mcount" : {
        "mcount" : { "Connection timed out" : 7 }
      },
      "http_proto0" : {
        "mcount" : {
          "mcount" : { }
        }
      },
      "source_log" : {
        "delta" : [0, 0, 0]
      },
      "loggers" : {
        "brief_logger" : {
          "records" : [7, 6],
          "out" : [385, 384]
        }
      }
    }
  }
},
"2021-07-19 04:57:05.823 +0000" : {
  "main_scheduler" : {
    "bqs" : {
      "00027" : {
        "mmconts" : [3, 3, 3],
        "acts" : [2, 1],
        "tstate" : { "idle" : 1000311, "run" : 621, "locked" : 0, "mmap" : 0 }
      },
      "00028" : {
        "mmconts" : [1, 1, 1],
        "acts" : [0, 0],
        "tstate" : { "idle" : 1000416, "run" : 533, "locked" : 0, "mmap" : 0 }
      },
      "00029" : {
        "mmconts" : [2, 2, 2],
        "acts" : [2, 1],
        "tstate" : { "idle" : 1000239, "run" : 710, "locked" : 0, "mmap" : 0 }
      }
    }
  },
  "benchmark_io" : {
    "simple_times" : {
      "mcount" : {
        "mcount" : { }
      }
    },
    "stream_method" : {
      "conns" : [0, 0],
      "in" : [0, 0],
      "out" : [0, 0],
      "mmtasks" : [1, 1, 1],
      "load" : 0.000,
      "mcount" : {
        "mcount" : { }
      },
      "http_proto0" : {
        "mcount" : {
          "mcount" : { }
        }
      },
      "source_log" : {
        "delta" : [0, 0, 0]
      },
      "loggers" : {
        "brief_logger" : {
          "records" : [0, 0],
          "out" : [0, 0]
        }
      }
    }
  }
},
"2021-07-19 04:57:06.822 +0000" : {
  "main_scheduler" : {
    "bqs" : {
      "00027" : {
        "mmconts" : [3, 3, 3],
        "acts" : [2, 2],
        "tstate" : { "idle" : 998580, "run" : 422, "locked" : 0, "mmap" : 0 }
      },
      "00028" : {
        "mmconts" : [1, 1, 1],
        "acts" : [0, 0],
        "tstate" : { "idle" : 998546, "run" : 440, "locked" : 0, "mmap" : 0 }
      },
      "00029" : {
        "mmconts" : [2, 2, 2],
        "acts" : [2, 2],
        "tstate" : { "idle" : 998458, "run" : 528, "locked" : 0, "mmap" : 0 }
      }
    }
  },
  "benchmark_io" : {
    "simple_times" : {
      "mcount" : {
        "mcount" : { }
      }
    },
    "stream_method" : {
      "conns" : [0, 0],
      "in" : [0, 0],
      "out" : [0, 0],
      "mmtasks" : [1, 1, 1],
      "load" : 0.000,
      "mcount" : {
        "mcount" : { }
      },
      "http_proto0" : {
        "mcount" : {
          "mcount" : { }
        }
      },
      "source_log" : {
        "delta" : [0, 0, 0]
      },
      "loggers" : {
        "brief_logger" : {
          "records" : [0, 0],
          "out" : [0, 0]
        }
      }
    }
  }
},
"2021-07-19 04:57:07.823 +0000" : {
  "main_scheduler" : {
    "bqs" : {
      "00027" : {
        "mmconts" : [3, 3, 3],
        "acts" : [2, 1],
        "tstate" : { "idle" : 1000001, "run" : 619, "locked" : 0, "mmap" : 0 }
      },
      "00028" : {
        "mmconts" : [1, 1, 1],
        "acts" : [0, 0],
        "tstate" : { "idle" : 1000009, "run" : 611, "locked" : 0, "mmap" : 0 }
      },
      "00029" : {
        "mmconts" : [2, 2, 2],
        "acts" : [2, 1],
        "tstate" : { "idle" : 999905, "run" : 715, "locked" : 0, "mmap" : 0 }
      }
    }
  },
  "benchmark_io" : {
    "simple_times" : {
      "mcount" : {
        "mcount" : { }
      }
    },
    "stream_method" : {
      "conns" : [0, 0],
      "in" : [0, 0],
      "out" : [0, 0],
      "mmtasks" : [1, 1, 1],
      "load" : 0.000,
      "mcount" : {
        "mcount" : { }
      },
      "http_proto0" : {
        "mcount" : {
          "mcount" : { }
        }
      },
      "source_log" : {
        "delta" : [0, 0, 0]
      },
      "loggers" : {
        "brief_logger" : {
          "records" : [0, 0],
          "out" : [0, 0]
        }
      }
    }
  }
},
"2021-07-19 04:57:08.775 +0000" : {
  "main_scheduler" : {
    "bqs" : {
      "00027" : {
        "mmconts" : [2, 2, 3],
        "acts" : [3, 3],
        "tstate" : { "idle" : 950991, "run" : 763, "locked" : 0, "mmap" : 39 }
      },
      "00028" : {
        "mmconts" : [0, 0, 1],
        "acts" : [1, 1],
        "tstate" : { "idle" : 951234, "run" : 538, "locked" : 0, "mmap" : 19 }
      },
      "00029" : {
        "mmconts" : [2, 2, 2],
        "acts" : [1, 1],
        "tstate" : { "idle" : 951160, "run" : 631, "locked" : 0, "mmap" : 0 }
      }
    }
  },
  "benchmark_io" : {
    "simple_times" : {
      "mcount" : {
        "mcount" : { "10000 --" : 1 }
      }
    },
    "stream_method" : {
      "conns" : [0, 0],
      "in" : [0, 0],
      "out" : [0, 0],
      "mmtasks" : [0, 0, 1],
      "load" : 0.000,
      "mcount" : {
        "mcount" : { "Connection timed out" : 1 }
      },
      "http_proto0" : {
        "mcount" : {
          "mcount" : { }
        }
      },
      "source_log" : {
        "delta" : [0, 0, 0]
      },
      "loggers" : {
        "brief_logger" : {
          "records" : [1, 1],
          "out" : [59, 61]
        }
      }
    }
  }
}