1626670562.822		1253588	1253588	0	0	0	252268	0	0	110	0
1626670563.021		1269116	1269116	0	0	0	268734	0	0	110	0
1626670563.216		1268313	1268313	0	0	0	267897	0	0	110	0
1626670563.408		1267321	1267321	0	0	0	266651	0	0	110	0
1626670563.597		1268789	1268789	0	0	0	267859	0	0	110	0
1626670563.784		1270643	1270643	0	0	0	269887	0	0	110	0
1626670563.968		1267051	1267051	0	0	0	265970	0	0	110	0
1626670564.149		1264734	1264734	0	0	0	264116	0	0	110	0
1626670564.327		1266213	1266213	0	0	0	264896	0	0	110	0
1626670564.504		1267612	1267612	0	0	0	266806	0	0	110	0
1626670564.678		1253524	1253524	0	0	0	252598	0	0	110	0
1626670564.851		1255566	1255566	0	0	0	254446	0	0	110	0
1626670565.021		1257570	1257570	0	0	0	256906	0	0	110	0
1626670565.189		1257975	1257975	0	0	0	257292	0	0	110	0
1626670565.354		1258849	1258849	0	0	0	257728	0	0	110	0
1626670565.518		1251537	1251537	0	0	0	250131	0	0	110	0
1626670565.682		1255172	1255172	0	0	0	254071	0	0	110	0
1626670565.842		1252141	1252141	0	0	0	251345	0	0	110	0
1626670566.001		1255475	1255475	0	0	0	254382	0	0	110	0
1626670566.158		1257479	1257479	0	0	0	256738	0	0	110	0
1626670566.314		1254956	1254956	0	0	0	253934	0	0	110	0
1626670566.468		1264803	1264803	0	0	0	263891	0	0	110	0
1626670566.620		1266363	1266363	0	0	0	265966	0	0	110	0
1626670566.772		1264192	1264192	0	0	0	262931	0	0	110	0
1626670566.922		1269314	1269314	0	0	0	267912	0	0	110	0
1626670567.070		1270060	1270060	0	0	0	268697	0	0	110	0
1626670567.218		1267401	1267401	0	0	0	266127	0	0	110	0
1626670567.363		1265560	1265560	0	0	0	264941	0	0	110	0
1626670567.508		1266103	1266103	0	0	0	265685	0	0	110	0
1626670567.650		1263979	1263979	0	0	0	263329	0	0	110	0
1626670567.793		1266021	1266021	0	0	0	264791	0	0	110	0
1626670567.934		1260977	1260977	0	0	0	260109	0	0	110	0
1626670568.074		1267246	1267246	0	0	0	266462	0	0	110	0
1626670568.212		1269635	1269635	0	0	0	269088	0	0	110	0
1626670568.350		1265897	1265897	0	0	0	264975	0	0	110	0
1626670568.486		1265573	1265573	0	0	0	264746	0	0	110	0
1626670568.620		1254271	1254271	0	0	0	253859	0	0	110	0
1626670568.755		1253218	1253218	0	0	0	252483	0	0	110	0
1626670568.889		1256327	1256327	0	0	0	254891	0	0	110	0
1626670569.021		1257166	1257166	0	0	0	255807	0	0	110	0
1626670569.153		1254678	1254678	0	0	0	253267	0	0	110	0
1626670569.282		1254451	1254451	0	0	0	254040	0	0	110	0
1626670569.413		1258710	1258710	0	0	0	257699	0	0	110	0
1626670569.541		1253648	1253648	0	0	0	252472	0	0	110	0
1626670569.668		1256183	1256183	0	0	0	254981	0	0	110	0
1626670569.796		1259550	1259550	0	0	0	258390	0	0	110	0
1626670569.922		1251185	1251185	0	0	0	250369	0	0	110	0
1626670570.046		1256167	1256167	0	0	0	254793	0	0	110	0
1626670570.171		1262946	1262946	0	0	0	262463	0	0	110	0
1626670570.295		1265372	1265372	0	0	0	263909	0	0	110	0
1626670570.418		1270401	1270401	0	0	0	269979	0	0	110	0
1626670570.540		1265441	1265441	0	0	0	264180	0	0	110	0
1626670570.662		1258141	1258141	0	0	0	257058	0	0	110	0
1626670570.781		1259861	1259861	0	0	0	258415	0	0	110	0
1626670570.901		1254046	1254046	0	0	0	253396	0	0	110	0
1626670571.022		1254113	1254113	0	0	0	252649	0	0	110	0
1626670571.139		1270386	1270386	0	0	0	269615	0	0	110	0
1626670571.258		1267483	1267483	0	0	0	266758	0	0	110	0
1626670571.374		1263736	1263736	0	0	0	262513	0	0	110	0
1626670571.490		1262288	1262288	0	0	0	261206	0	0	110	0
1626670571.607		1263835	1263835	0	0	0	263070	0	0	110	0
1626670571.722		1267142	1267142	0	0	0	265928	0	0	110	0
1626670571.837		1269383	1269383	0	0	0	268641	0	0	110	0
1626670571.951		1269398	1269398	0	0	0	268381	0	0	110	0
1626670572.064		1257734	1257734	0	0	0	256702	0	0	110	0
1626670572.177		1256100	1256100	0	0	0	255092	0	0	110	0
1626670572.288		1254837	1254837	0	0	0	254024	0	0	110	0
1626670572.400		1257411	1257411	0	0	0	256626	0	0	110	0
1626670572.511		1264211	1264211	0	0	0	263182	0	0	110	0
1626670572.622		1269097	1269097	0	0	0	267912	0	0	110	0
1626670572.731		1267514	1267514	0	0	0	267008	0	0	110	0
1626670572.841		1266862	1266862	0	0	0	266315	0	0	110	0
1626670572.948		1256273	1256273	0	0	0	255420	0	0	110	0
1626670573.057		1257372	1257372	0	0	0	256330	0	0	110	0
1626670573.164		1256438	1256438	0	0	0	255028	0	0	110	0
1626670573.272		1253164	1253164	0	0	0	252629	0	0	110	0
1626670573.379		1255570	1255570	0	0	0	254186	0	0	110	0
1626670573.485		1254850	1254850	0	0	0	254218	0	0	110	0
1626670573.591		1251653	1251653	0	0	0	250512	0	0	110	0
1626670573.696		1256444	1256444	0	0	0	255527	0	0	110	0
1626670573.801		1257206	1257206	0	0	0	256094	0	0	110	0
1626670573.905		1254216	1254216	0	0	0	252811	0	0	110	0
1626670574.009		1251461	1251461	0	0	0	250703	0	0	110	0
1626670574.112		1253239	1253239	0	0	0	252102	0	0	110	0
1626670574.214		1266806	1266806	0	0	0	266169	0	0	110	0
1626670574.317		1265818	1265818	0	0	0	265227	0	0	110	0
1626670574.418		1264945	1264945	0	0	0	263823	0	0	110	0
1626670574.521		1269015	1269015	0	0	0	268360	0	0	110	0
1626670574.621		1262895	1262895	0	0	0	261496	0	0	110	0
1626670574.722		1265243	1265243	0	0	0	263946	0	0	110	0
1626670574.823		1271035	1271035	0	0	0	270556	0	0	110	0
1626670574.922		1269707	1269707	0	0	0	268512	0	0	110	0
1626670575.022		1269775	1269775	0	0	0	268434	0	0	110	0
1626670575.120		1265201	1265201	0	0	0	264110	0	0	110	0
1626670575.218		1327846	1327846	0	0	0	327099	0	0	110	0
1626670575.317		1264192	1264192	0	0	0	263671	0	0	110	0
1626670575.415		1264515	1264515	0	0	0	263911	0	0	110	0
1626670575.512		1264688	1264688	0	0	0	264278	0	0	110	0
1626670575.609		1255201	1255201	0	0	0	254328	0	0	110	0
1626670575.706		1254990	1254990	0	0	0	254226	0	0	110	0
1626670575.801		1253912	1253912	0	0	0	253547	0	0	110	0
1626670575.898		1255524	1255524	0	0	0	255136	0	0	110	0
1626670575.994		1259164	1259164	0	0	0	257818	0	0	110	0
1626670576.089		1255885	1255885	0	0	0	255172	0	0	110	0
1626670576.184		1254147	1254147	0	0	0	252667	0	0	110	0
1626670576.277		1253217	1253217	0	0	0	252432	0	0	110	0
1626670576.371		1255515	1255515	0	0	0	254912	0	0	110	0
1626670576.466		1257522	1257522	0	0	0	256271	0	0	110	0
1626670576.560		1259122	1259122	0	0	0	258161	0	0	110	0
1626670576.652		1270780	1270780	0	0	0	270336	0	0	110	0
1626670576.744		1264915	1264915	0	0	0	264060	0	0	110	0
1626670576.837		1263947	1263947	0	0	0	262956	0	0	110	0
1626670576.929		1267704	1267704	0	0	0	267325	0	0	110	0
1626670577.022		1254347	1254347	0	0	0	253683	0	0	110	0
1626670577.113		1253803	1253803	0	0	0	253003	0	0	110	0
1626670577.203		1258064	1258064	0	0	0	256708	0	0	110	0
1626670577.294		1257569	1257569	0	0	0	256142	0	0	110	0
1626670577.386		1267778	1267778	0	0	0	266785	0	0	110	0
1626670577.475		1260770	1260770	0	0	0	260120	0	0	110	0
1626670577.566		1269075	1269075	0	0	0	267893	0	0	110	0
1626670577.655		1268114	1268114	0	0	0	267022	0	0	110	0
1626670577.745		1270215	1270215	0	0	0	269381	0	0	110	0
1626670577.834		1269166	1269166	0	0	0	268654	0	0	110	0
1626670577.922		1263217	1263217	0	0	0	262106	0	0	110	0
1626670578.010		1262953	1262953	0	0	0	261518	0	0	110	0
1626670578.099		1251973	1251973	0	0	0	251268	0	0	110	0
1626670578.187		1255177	1255177	0	0	0	254517	0	0	110	0
1626670578.274		1254330	1254330	0	0	0	253603	0	0	110	0
1626670578.362		1252698	1252698	0	0	0	252184	0	0	110	0
1626670578.448		1266197	1266197	0	0	0	264900	0	0	110	0
1626670578.534		1266716	1266716	0	0	0	265300	0	0	110	0
1626670578.622		1267767	1267767	0	0	0	267100	0	0	110	0
1626670578.708		1265023	1265023	0	0	0	263730	0	0	110	0
1626670578.794		1264891	1264891	0	0	0	264212	0	0	110	0
1626670578.880		1268717	1268717	0	0	0	268179	0	0	110	0
1626670578.965		1265581	1265581	0	0	0	264583	0	0	110	0
1626670579.050		1263404	1263404	0	0	0	262858	0	0	110	0
1626670579.134		1253151	1253151	0	0	0	251920	0	0	110	0
1626670579.219		1253446	1253446	0	0	0	252280	0	0	110	0
1626670579.303		1255184	1255184	0	0	0	253841	0	0	110	0
1626670579.388		1253484	1253484	0	0	0	252524	0	0	110	0
1626670579.472		1252571	1252571	0	0	0	251629	0	0	110	0
1626670579.556		1256497	1256497	0	0	0	255172	0	0	110	0
1626670579.638		1250765	1250765	0	0	0	250114	0	0	110	0
1626670579.722		1254158	1254158	0	0	0	253264	0	0	110	0
1626670579.804		1253816	1253816	0	0	0	253116	0	0	110	0
1626670579.887		1261887	1261887	0	0	0	261357	0	0	110	0
1626670579.970		1258192	1258192	0	0	0	257288	0	0	110	0
1626670580.053		1254119	1254119	0	0	0	253630	0	0	110	0
1626670580.135		1254762	1254762	0	0	0	253995	0	0	110	0
1626670580.216		1254656	1254656	0	0	0	253991	0	0	110	0
1626670580.298		1258851	1258851	0	0	0	258300	0	0	110	0
1626670580.378		1258656	1258656	0	0	0	258029	0	0	110	0
1626670580.460		1267997	1267997	0	0	0	267477	0	0	110	0
1626670580.541		1270517	1270517	0	0	0	269289	0	0	110	0
1626670580.622		1264797	1264797	0	0	0	263578	0	0	110	0
1626670580.702		1265043	1265043	0	0	0	264463	0	0	110	0
1626670580.782		1267781	1267781	0	0	0	267358	0	0	110	0
1626670580.862		1267751	1267751	0	0	0	267024	0	0	110	0
1626670580.941		1265457	1265457	0	0	0	264694	0	0	110	0
1626670581.021		1262372	1262372	0	0	0	261541	0	0	110	0
1626670581.100		1270548	1270548	0	0	0	269361	0	0	110	0
1626670581.180		1266209	1266209	0	0	0	265048	0	0	110	0
1626670581.259		1264514	1264514	0	0	0	263824	0	0	110	0
1626670581.338		1267393	1267393	0	0	0	266679	0	0	110	0
1626670581.417		1256296	1256296	0	0	0	255752	0	0	110	0
1626670581.494		1257080	1257080	0	0	0	256507	0	0	110	0
1626670581.572		1253783	1253783	0	0	0	252683	0	0	110	0
1626670581.651		1251554	1251554	0	0	0	250316	0	0	110	0
1626670581.729		1265411	1265411	0	0	0	264366	0	0	110	0
1626670581.806		1266254	1266254	0	0	0	265521	0	0	110	0
1626670581.883		1266779	1266779	0	0	0	265405	0	0	110	0
1626670581.961		1265954	1265954	0	0	0	265506	0	0	110	0
1626670582.038		1255037	1255037	0	0	0	253882	0	0	110	0
1626670582.115		1259620	1259620	0	0	0	258335	0	0	110	0
1626670582.191		1252091	1252091	0	0	0	251666	0	0	110	0
1626670582.267		1254181	1254181	0	0	0	253730	0	0	110	0
1626670582.344		1253242	1253242	0	0	0	252792	0	0	110	0
1626670582.419		1252614	1252614	0	0	0	251313	0	0	110	0
1626670582.496		1255436	1255436	0	0	0	254052	0	0	110	0
1626670582.572		1258021	1258021	0	0	0	257125	0	0	110	0
1626670582.646		1262561	1262561	0	0	0	262012	0	0	110	0
1626670582.721		1264110	1264110	0	0	0	262938	0	0	110	0
1626670582.797		1270483	1270483	0	0	0	269349	0	0	110	0
1626670582.872		1268954	1268954	0	0	0	267998	0	0	110	0
1626670582.946		1257115	1257115	0	0	0	255921	0	0	110	0
1626670583.022		1259549	1259549	0	0	0	258573	0	0	110	0
1626670583.096		1255047	1255047	0	0	0	253926	0	0	110	0
1626670583.170		1255597	1255597	0	0	0	254641	0	0	110	0
1626670583.245		1262826	1262826	0	0	0	262057	0	0	110	0
1626670583.318		1265161	1265161	0	0	0	264070	0	0	110	0
1626670583.392		1269501	1269501	0	0	0	269167	0	0	110	0
1626670583.465		1262861	1262861	0	0	0	262148	0	0	110	0
1626670583.539		1269054	1269054	0	0	0	268032	0	0	110	0
1626670583.613		1266824	1266824	0	0	0	265480	0	0	110	0
1626670583.686		1265032	1265032	0	0	0	264314	0	0	110	0
1626670583.758		1267858	1267858	0	0	0	267042	0	0	110	0
1626670583.832		1264100	1264100	0	0	0	263289	0	0	110	0
1626670583.904		1265568	1265568	0	0	0	265252	0	0	110	0
1626670583.977		1266125	1266125	0	0	0	264777	0	0	110	0
1626670584.049		1263630	1263630	0	0	0	262624	0	0	110	0
1626670584.120		1256139	1256139	0	0	0	255590	0	0	110	0
1626670584.192		1257451	1257451	0	0	0	257074	0	0	110	0
1626670584.265		1254585	1254585	0	0	0	253623	0	0	110	0
1626670584.337		1253748	1253748	0	0	0	252911	0	0	110	0
1626670584.408		1252102	1252102	0	0	0	251399	0	0	110	0
1626670584.479		1255596	1255596	0	0	0	254709	0	0	110	0
1626670584.550		1255565	1255565	0	0	0	255048	0	0	110	0
1626670584.622		1253308	1253308	0	0	0	252354	0	0	110	0
1626670584.692		1257633	1257633	0	0	0	256198	0	0	110	0
1626670584.763		1254690	1254690	0	0	0	253794	0	0	110	0
1626670584.834		1254660	1254660	0	0	0	253627	0	0	110	0
1626670584.904		1251311	1251311	0	0	0	250547	0	0	110	0
1626670584.975		1259305	1259305	0	0	0	257867	0	0	110	0
1626670585.044		1259149	1259149	0	0	0	258344	0	0	110	0
1626670585.114		1251144	1251144	0	0	0	249838	0	0	110	0
1626670585.184		1254529	1254529	0	0	0	253358	0	0	110	0
1626670585.254		1265328	1265328	0	0	0	264877	0	0	110	0
1626670585.324		1263777	1263777	0	0	0	262810	0	0	110	0
1626670585.394		1266781	1266781	0	0	0	265545	0	0	110	0
1626670585.464		1265204	1265204	0	0	0	264158	0	0	110	0
1626670585.532		1267955	1267955	0	0	0	266772	0	0	110	0
1626670585.602		1264998	1264998	0	0	0	264205	0	0	110	0
1626670585.671		1265293	1265293	0	0	0	264119	0	0	110	0
1626670585.740		1264583	1264583	0	0	0	263398	0	0	110	0
1626670585.808		1269755	1269755	0	0	0	268885	0	0	110	0
1626670585.877		1267493	1267493	0	0	0	266370	0	0	110	0
1626670585.945		1269444	1269444	0	0	0	268757	0	0	110	0
1626670586.012		1265471	1265471	0	0	0	264736	0	0	110	0
1626670586.082		1254632	1254632	0	0	0	253257	0	0	110	0
1626670586.150		1251183	1251183	0	0	0	249951	0	0	110	0
1626670586.216		1256471	1256471	0	0	0	255736	0	0	110	0
1626670586.285		1257154	1257154	0	0	0	256112	0	0	110	0
1626670586.353		1265735	1265735	0	0	0	264395	0	0	110	0
1626670586.419		1264729	1264729	0	0	0	264339	0	0	110	0
1626670586.488		1287247	1287247	0	0	0	286536	0	0	110	0
1626670586.555		1275621	1275621	0	0	0	274903	0	0	110	0
1626670586.622		1251914	1251914	0	0	0	250595	0	0	110	0
1626670586.689		1252735	1252735	0	0	0	251878	0	0	110	0
1626670586.756		1256494	1256494	0	0	0	256116	0	0	110	0
1626670586.823		1253368	1253368	0	0	0	252640	0	0	110	0
1626670586.888		1254217	1254217	0	0	0	253558	0	0	110	0
1626670586.955		1253640	1253640	0	0	0	252494	0	0	110	0
1626670587.022		1252880	1252880	0	0	0	252456	0	0	110	0
1626670587.088		1253767	1253767	0	0	0	253231	0	0	110	0
1626670587.153		1265932	1265932	0	0	0	264895	0	0	110	0
1626670587.220		1267702	1267702	0	0	0	267031	0	0	110	0
1626670587.286		1261231	1261231	0	0	0	260280	0	0	110	0
1626670587.351		1265518	1265518	0	0	0	264179	0	0	110	0
1626670587.418		1253472	1253472	0	0	0	252725	0	0	110	0
1626670587.483		1251126	1251126	0	0	0	250428	0	0	110	0
1626670587.549		1256282	1256282	0	0	0	254869	0	0	110	0
1626670587.614		1254975	1254975	0	0	0	254233	0	0	110	0
1626670587.679		1271763	1271763	0	0	0	270944	0	0	110	0
1626670587.744		1268362	1268362	0	0	0	267391	0	0	110	0
1626670587.809		1260451	1260451	0	0	0	259093	0	0	110	0
1626670587.874		1268383	1268383	0	0	0	267668	0	0	110	0
1626670587.938		1266313	1266313	0	0	0	265407	0	0	110	0
1626670588.003		1263065	1263065	0	0	0	262113	0	0	110	0
1626670588.067		1268961	1268961	0	0	0	268080	0	0	110	0
1626670588.131		1270529	1270529	0	0	0	269276	0	0	110	0
1626670588.196		1265203	1265203	0	0	0	264113	0	0	110	0
1626670588.259		1254495	1254495	0	0	0	253504	0	0	110	0
1626670588.324		1255907	1255907	0	0	0	254819	0	0	110	0
1626670588.388		1257520	1257520	0	0	0	256293	0	0	110	0
1626670588.452		1255028	1255028	0	0	0	253862	0	0	110	0
1626670588.515		1253305	1253305	0	0	0	252136	0	0	110	0
1626670588.580		1253075	1253075	0	0	0	251934	0	0	110	0
1626670588.643		1252535	1252535	0	0	0	251727	0	0	110	0
1626670588.707		1250242	1250242	0	0	0	249618	0	0	110	0
1626670588.770		1256305	1256305	0	0	0	255511	0	0	110	0
1626670588.832		1255853	1255853	0	0	0	254883	0	0	110	0
1626670588.896		1255134	1255134	0	0	0	253899	0	0	110	0
1626670588.959		1271164	1271164	0	0	0	270066	0	0	110	0
1626670589.022		1264893	1264893	0	0	0	264120	0	0	110	0
1626670589.085		1264448	1264448	0	0	0	263504	0	0	110	0
1626670589.146		1275037	1275037	0	0	0	273601	0	0	110	0
1626670589.210		1271859	1271859	0	0	0	271373	0	0	110	0
1626670589.271		1270917	1270917	0	0	0	269775	0	0	110	0
1626670589.335		1261165	1261165	0	0	0	260504	0	0	110	0
1626670589.396		1262206	1262206	0	0	0	260916	0	0	110	0
1626670589.459		1262820	1262820	0	0	0	261556	0	0	110	0
1626670589.520		1266804	1266804	0	0	0	265996	0	0	110	0
1626670589.582		1269861	1269861	0	0	0	268542	0	0	110	0
1626670589.645		1268507	1268507	0	0	0	267181	0	0	110	0
1626670589.707		1267369	1267369	0	0	0	266523	0	0	110	0
1626670589.769		1267251	1267251	0	0	0	266265	0	0	110	0
1626670589.830		1269123	1269123	0	0	0	268406	0	0	110	0
1626670589.892		1267496	1267496	0	0	0	266281	0	0	110	0
1626670589.952		1251171	1251171	0	0	0	250318	0	0	110	0
1626670590.014		1249864	1249864	0	0	0	249358	0	0	110	0
1626670590.076		1256388	1256388	0	0	0	255020	0	0	110	0
1626670590.137		1254410	1254410	0	0	0	254000	0	0	110	0
1626670590.197		1256941	1256941	0	0	0	256209	0	0	110	0
1626670590.258		1252809	1252809	0	0	0	252337	0	0	110	0
1626670590.318		1257525	1257525	0	0	0	257129	0	0	110	0
1626670590.380		1254479	1254479	0	0	0	254046	0	0	110	0
1626670590.441		1258506	1258506	0	0	0	257255	0	0	110	0
1626670590.501		1256792	1256792	0	0	0	255534	0	0	110	0
1626670590.562		1255827	1255827	0	0	0	255066	0	0	110	0
1626670590.621		1254825	1254825	0	0	0	254304	0	0	110	0
1626670590.682		1267292	1267292	0	0	0	265907	0	0	110	0
1626670590.742		1263435	1263435	0	0	0	262413	0	0	110	0
1626670590.802		1265911	1265911	0	0	0	264644	0	0	110	0
1626670590.862		1267530	1267530	0	0	0	266784	0	0	110	0
1626670590.922		1256370	1256370	0	0	0	255083	0	0	110	0
1626670590.982		1253062	1253062	0	0	0	252474	0	0	110	0
1626670591.042		1253566	1253566	0	0	0	252400	0	0	110	0
1626670591.102		1256403	1256403	0	0	0	255159	0	0	110	0
1626670591.161		1267906	1267906	0	0	0	267239	0	0	110	0
1626670591.221		1268657	1268657	0	0	0	267739	0	0	110	0
1626670591.279		1265374	1265374	0	0	0	264097	0	0	110	0
1626670591.338		1266970	1266970	0	0	0	266554	0	0	110	0
1626670591.398		1262934	1262934	0	0	0	262197	0	0	110	0
1626670591.457		1265969	1265969	0	0	0	265134	0	0	110	0
1626670591.516		1266016	1266016	0	0	0	264727	0	0	110	0
1626670591.574		1268351	1268351	0	0	0	267193	0	0	110	0
1626670591.634		1253710	1253710	0	0	0	253012	0	0	110	0
1626670591.692		1258345	1258345	0	0	0	257281	0	0	110	0
1626670591.752		1251855	1251855	0	0	0	251029	0	0	110	0
1626670591.809		1262687	1262687	0	0	0	261740	0	0	110	0
1626670591.869		1264270	1264270	0	0	0	263124	0	0	110	0
1626670591.927		1266016	1266016	0	0	0	265492	0	0	110	0
1626670591.985		1266134	1266134	0	0	0	265494	0	0	110	0
1626670592.044		1268834	1268834	0	0	0	267603	0	0	110	0
1626670592.101		1267962	1267962	0	0	0	266811	0	0	110	0
1626670592.159		1265143	1265143	0	0	0	264045	0	0	110	0
1626670592.217		1266574	1266574	0	0	0	265374	0	0	110	0
1626670592.276		1261396	1261396	0	0	0	260142	0	0	110	0
1626670592.334		1264858	1264858	0	0	0	263501	0	0	110	0
1626670592.392		1267998	1267998	0	0	0	266631	0	0	110	0
1626670592.448		1270236	1270236	0	0	0	269121	0	0	110	0
1626670592.507		1255589	1255589	0	0	0	254752	0	0	110	0
1626670592.564		1255721	1255721	0	0	0	255290	0	0	110	0
1626670592.622		1251996	1251996	0	0	0	250647	0	0	110	0
1626670592.679		1256426	1256426	0	0	0	255399	0	0	110	0
1626670592.737		1264667	1264667	0	0	0	263387	0	0	110	0
1626670592.794		1267929	1267929	0	0	0	267042	0	0	110	0
1626670592.851		1266043	1266043	0	0	0	265406	0	0	110	0
1626670592.908		1270649	1270649	0	0	0	269460	0	0	110	0
1626670592.965		1252496	1252496	0	0	0	251495	0	0	110	0
1626670593.022		1254598	1254598	0	0	0	253954	0	0	110	0
1626670593.079		1253401	1253401	0	0	0	252933	0	0	110	0
1626670593.135		1253501	1253501	0	0	0	252631	0	0	110	0
1626670593.191		1255823	1255823	0	0	0	255055	0	0	110	0
1626670593.249		1255539	1255539	0	0	0	254460	0	0	110	0
1626670593.305		1251311	1251311	0	0	0	250637	0	0	110	0
1626670593.361		1254769	1254769	0	0	0	253876	0	0	110	0
1626670593.418		1264643	1264643	0	0	0	264225	0	0	110	0
1626670593.475		1264381	1264381	0	0	0	264109	0	0	110	0
1626670593.531		1266499	1266499	0	0	0	265932	0	0	110	0
1626670593.586		1262912	1262912	0	0	0	262028	0	0	110	0
1626670593.642		1257126	1257126	0	0	0	256314	0	0	110	0
1626670593.699		1254827	1254827	0	0	0	254443	0	0	110	0
1626670593.755		1253951	1253951	0	0	0	253636	0	0	110	0
1626670593.811		1251387	1251387	0	0	0	250724	0	0	110	0
1626670593.867		1269704	1269704	0	0	0	268679	0	0	110	0
1626670593.922		1264832	1264832	0	0	0	264043	0	0	110	0
1626670593.977		1264779	1264779	0	0	0	263688	0	0	110	0
1626670594.033		1266346	1266346	0	0	0	265627	0	0	110	0
1626670594.089		1270431	1270431	0	0	0	269952	0	0	110	0
1626670594.145		1267030	1267030	0	0	0	266382	0	0	110	0
1626670594.200		1268490	1268490	0	0	0	267670	0	0	110	0
1626670594.255		1266355	1266355	0	0	0	265044	0	0	110	0
1626670594.309		1266973	1266973	0	0	0	265609	0	0	110	0
1626670594.366		1264822	1264822	0	0	0	264136	0	0	110	0
1626670594.420		1266012	1266012	0	0	0	264977	0	0	110	0
1626670594.475		1266756	1266756	0	0	0	266122	0	0	110	0
1626670594.530		1254171	1254171	0	0	0	252815	0	0	110	0
1626670594.585		1253777	1253777	0	0	0	253109	0	0	110	0
1626670594.639		1253197	1253197	0	0	0	252454	0	0	110	0
1626670594.695		1252684	1252684	0	0	0	251785	0	0	110	0
1626670594.750		1252411	1252411	0	0	0	251472	0	0	110	0
1626670594.804		1251383	1251383	0	0	0	250839	0	0	110	0
1626670594.858		1254342	1254342	0	0	0	253031	0	0	110	0
1626670594.913		1256690	1256690	0	0	0	255669	0	0	110	0
1626670594.967		1252694	1252694	0	0	0	252011	0	0	110	0
1626670595.022		1256634	1256634	0	0	0	255300	0	0	110	0
1626670595.075		1250943	1250943	0	0	0	250350	0	0	110	0
1626670595.131		1251245	1251245	0	0	0	250821	0	0	110	0
1626670595.185		1251937	1251937	0	0	0	250821	0	0	110	0
1626670595.238		1251915	1251915	0	0	0	251258	0	0	110	0
1626670595.293		1254489	1254489	0	0	0	253810	0	0	110	0
1626670595.347		1254585	1254585	0	0	0	254053	0	0	110	0
1626670595.401		1265787	1265787	0	0	0	264558	0	0	110	0
1626670595.454		1267210	1267210	0	0	0	266253	0	0	110	0
1626670595.508		1267004	1267004	0	0	0	266302	0	0	110	0
1626670595.562		1264659	1264659	0	0	0	263579	0	0	110	0
1626670595.615		1267785	1267785	0	0	0	266399	0	0	110	0
1626670595.668		1267889	1267889	0	0	0	266763	0	0	110	0
1626670595.721		1266589	1266589	0	0	0	265184	0	0	110	0
1626670595.776		1267290	1267290	0	0	0	265915	0	0	110	0
1626670595.828		1250535	1250535	0	0	0	249140	0	0	110	0
1626670595.881		1253506	1253506	0	0	0	252310	0	0	110	0
1626670595.935		1256306	1256306	0	0	0	255404	0	0	110	0
1626670595.988		1256363	1256363	0	0	0	255314	0	0	110	0
1626670596.042		1266605	1266605	0	0	0	265779	0	0	110	0
1626670596.095		1267795	1267795	0	0	0	266554	0	0	110	0
1626670596.147		1266212	1266212	0	0	0	265395	0	0	110	0
1626670596.200		1267296	1267296	0	0	0	265930	0	0	110	0
1626670596.254		1263776	1263776	0	0	0	262914	0	0	110	0
1626670596.306		1267771	1267771	0	0	0	267359	0	0	110	0
1626670596.359		1267251	1267251	0	0	0	265827	0	0	110	0
1626670596.412		1268123	1268123	0	0	0	267642	0	0	110	0
1626670596.464		1257518	1257518	0	0	0	256680	0	0	110	0
1626670596.517		1251177	1251177	0	0	0	250537	0	0	110	0
1626670596.570		1254288	1254288	0	0	0	253543	0	0	110	0
1626670596.622		1251092	1251092	0	0	0	250449	0	0	110	0
1626670596.673		1267872	1267872	0	0	0	267047	0	0	110	0
1626670596.727		1266493	1266493	0	0	0	265317	0	0	110	0
1626670596.778		1264677	1264677	0	0	0	263180	0	0	110	0
1626670596.831		1266799	1266799	0	0	0	265810	0	0	110	0
1626670596.883		1252130	1252130	0	0	0	250875	0	0	110	0
1626670596.935		1252038	1252038	0	0	0	251095	0	0	110	0
1626670596.986		1255818	1255818	0	0	0	254533	0	0	110	0
1626670597.039		1260775	1260775	0	0	0	259464	0	0	110	0
1626670597.091		1253583	1253583	0	0	0	252473	0	0	110	0
1626670597.142		1256958	1256958	0	0	0	256319	0	0	110	0
1626670597.195		1250877	1250877	0	0	0	250351	0	0	110	0
1626670597.247		1250789	1250789	0	0	0	250338	0	0	110	0
1626670597.297		1254194	1254194	0	0	0	253779	0	0	110	0
1626670597.349		1257666	1257666	0	0	0	256520	0	0	110	0
1626670597.400		1252206	1252206	0	0	0	250805	0	0	110	0
1626670597.452		1253625	1253625	0	0	0	252963	0	0	110	0
1626670597.503		1268423	1268423	0	0	0	267936	0	0	110	0
1626670597.555		1270042	1270042	0	0	0	268965	0	0	110	0
1626670597.606		1272154	1272154	0	0	0	271324	0	0	110	0
1626670597.658		1265349	1265349	0	0	0	264561	0	0	110	0
1626670597.710		1267454	1267454	0	0	0	267000	0	0	110	0
1626670597.760		1268819	1268819	0	0	0	268120	0	0	110	0
1626670597.811		1266548	1266548	0	0	0	265212	0	0	110	0
1626670597.863		1265718	1265718	0	0	0	264875	0	0	110	0
1626670597.914		1263514	1263514	0	0	0	262861	0	0	110	0
1626670597.965		1266293	1266293	0	0	0	264899	0	0	110	0
1626670598.016		1269179	1269179	0	0	0	268575	0	0	110	0
1626670598.066		1266880	1266880	0	0	0	265414	0	0	110	0
1626670598.117		1267565	1267565	0	0	0	267105	0	0	110	0
1626670598.168		1262520	1262520	0	0	0	262063	0	0	110	0
1626670598.219		1269058	1269058	0	0	0	268339	0	0	110	0
1626670598.268		1265858	1265858	0	0	0	264787	0	0	110	0
1626670598.320		1255131	1255131	0	0	0	254040	0	0	110	0
1626670598.370		1253062	1253062	0	0	0	252514	0	0	110	0
1626670598.421		1256173	1256173	0	0	0	255484	0	0	110	0
1626670598.471		1253155	1253155	0	0	0	251799	0	0	110	0
1626670598.521		1252749	1252749	0	0	0	252274	0	0	110	0
1626670598.572		1252743	1252743	0	0	0	251745	0	0	110	0
1626670598.622		1252478	1252478	0	0	0	251769	0	0	110	0
1626670598.672		1252388	1252388	0	0	0	251540	0	0	110	0
1626670598.722		1258403	1258403	0	0	0	257513	0	0	110	0
1626670598.772		1258575	1258575	0	0	0	257402	0	0	110	0
1626670598.823		1253112	1253112	0	0	0	252478	0	0	110	0
1626670598.872		1251226	1251226	0	0	0	250480	0	0	110	0
1626670598.922		1264947	1264947	0	0	0	263935	0	0	110	0
1626670598.972		1264288	1264288	0	0	0	263645	0	0	110	0
1626670599.022		1268472	1268472	0	0	0	267063	0	0	110	0
1626670599.072		1266885	1266885	0	0	0	265988	0	0	110	0
1626670599.122		1255402	1255402	0	0	0	254177	0	0	110	0
1626670599.170		1252544	1252544	0	0	0	251992	0	0	110	0
1626670599.220		1250276	1250276	0	0	0	249758	0	0	110	0
1626670599.270		1255157	1255157	0	0	0	254410	0	0	110	0
1626670599.320		1262957	1262957	0	0	0	262347	0	0	110	0
1626670599.369		1267579	1267579	0	0	0	266339	0	0	110	0
1626670599.419		1267818	1267818	0	0	0	267323	0	0	110	0
1626670599.468		1269249	1269249	0	0	0	267975	0	0	110	0
1626670599.517		1267436	1267436	0	0	0	266922	0	0	110	0
1626670599.566		1271580	1271580	0	0	0	270351	0	0	110	0
1626670599.616		1261892	1261892	0	0	0	261400	0	0	110	0
1626670599.665		1266922	1266922	0	0	0	265952	0	0	110	0
1626670599.714		1253589	1253589	0	0	0	252192	0	0	110	0
1626670599.762		1254977	1254977	0	0	0	253730	0	0	110	0
1626670599.812		1249049	1249049	0	0	0	248629	0	0	110	0
1626670599.861		1252571	1252571	0	0	0	251223	0	0	110	0
1626670599.910		1262691	1262691	0	0	0	261852	0	0	110	0
1626670599.959		1263349	1263349	0	0	0	262264	0	0	110	0
1626670600.008		1267729	1267729	0	0	0	266468	0	0	110	0
1626670600.056		1269301	1269301	0	0	0	268881	0	0	110	0
1626670600.105		1255061	1255061	0	0	0	253740	0	0	110	0
1626670600.154		1256258	1256258	0	0	0	254961	0	0	110	0
1626670600.203		1255507	1255507	0	0	0	254320	0	0	110	0
1626670600.251		1256525	1256525	0	0	0	255229	0	0	110	0
1626670600.300		1255587	1255587	0	0	0	254921	0	0	110	0
1626670600.348		1250645	1250645	0	0	0	250153	0	0	110	0
1626670600.397		1254860	1254860	0	0	0	253955	0	0	110	0
1626670600.444		1253548	1253548	0	0	0	252273	0	0	110	0
1626670600.493		1254292	1254292	0	0	0	253033	0	0	110	0
1626670600.541		1252879	1252879	0	0	0	252112	0	0	110	0
1626670600.590		1255652	1255652	0	0	0	254633	0	0	110	0
1626670600.637		1253268	1253268	0	0	0	252482	0	0	110	0
1626670600.685		1270283	1270283	0	0	0	269713	0	0	110	0
1626670600.734		1269185	1269185	0	0	0	267846	0	0	110	0
1626670600.782		1265916	1265916	0	0	0	264804	0	0	110	0
1626670600.829		1262617	1262617	0	0	0	261956	0	0	110	0
1626670600.878		1266781	1266781	0	0	0	266247	0	0	110	0
1626670600.926		1266059	1266059	0	0	0	264789	0	0	110	0
1626670600.974		1266849	1266849	0	0	0	265405	0	0	110	0
1626670601.021		1264079	1264079	0	0	0	263606	0	0	110	0
1626670601.069		1266771	1266771	0	0	0	265464	0	0	110	0
1626670601.117		1266425	1266425	0	0	0	265151	0	0	110	0
1626670601.165		1263212	1263212	0	0	0	261913	0	0	110	0
1626670601.213		1267629	1267629	0	0	0	266910	0	0	110	0
1626670601.261		1264476	1264476	0	0	0	263066	0	0	110	0
1626670601.308		1264480	1264480	0	0	0	263303	0	0	110	0
1626670601.355		1265327	1265327	0	0	0	264706	0	0	110	0
1626670601.402		1265803	1265803	0	0	0	264573	0	0	110	0
1626670601.451		1256503	1256503	0	0	0	255801	0	0	110	0
1626670601.498		1252440	1252440	0	0	0	251966	0	0	110	0
1626670601.544		1255132	1255132	0	0	0	254448	0	0	110	0
1626670601.593		1258110	1258110	0	0	0	257277	0	0	110	0
1626670601.640		1256858	1256858	0	0	0	255552	0	0	110	0
1626670601.687		1254922	1254922	0	0	0	254330	0	0	110	0
1626670601.734		1252174	1252174	0	0	0	251470	0	0	110	0
1626670601.781		1250733	1250733	0	0	0	250005	0	0	110	0
1626670601.828		1254449	1254449	0	0	0	253299	0	0	110	0
1626670601.921		1253997	1253997	0	0	0	252864	0	0	110	0
1626670601.968		1258237	1258237	0	0	0	256819	0	0	110	0
1626670602.016		1267952	1267952	0	0	0	266810	0	0	110	0
1626670602.063		1268511	1268511	0	0	0	267514	0	0	110	0
1626670602.109		1265475	1265475	0	0	0	264120	0	0	110	0
1626670602.156		1269850	1269850	0	0	0	269247	0	0	110	0
1626670602.203		1267230	1267230	0	0	0	266617	0	0	110	0
1626670602.250		1263303	1263303	0	0	0	261973	0	0	110	0
1626670602.296		1268308	1268308	0	0	0	267063	0	0	110	0
1626670602.343		1265408	1265408	0	0	0	264296	0	0	110	0
1626670602.390		1252986	1252986	0	0	0	252157	0	0	110	0
1626670602.435		1249607	1249607	0	0	0	249033	0	0	110	0
1626670602.483		1255777	1255777	0	0	0	254345	0	0	110	0
1626670602.529		1253715	1253715	0	0	0	252564	0	0	110	0
1626670602.575		1270337	1270337	0	0	0	269596	0	0	110	0
1626670602.622		1267343	1267343	0	0	0	266156	0	0	110	0
1626670602.668		1267878	1267878	0	0	0	266452	0	0	110	0
1626670602.714		1263342	1263342	0	0	0	262059	0	0	110	0
1626670602.761		1260041	1260041	0	0	0	258575	0	0	110	0
1626670602.807		1256282	1256282	0	0	0	255674	0	0	110	0
1626670602.853		1252377	1252377	0	0	0	251361	0	0	110	0
1626670602.899		1251760	1251760	0	0	0	251315	0	0	110	0
1626670601.874		2283929	2283929	0	0	0	1283265	0	0	110	0
1626670602.945		1251592	1251592	0	0	0	250734	0	0	110	0
1626670602.991		1251248	1251248	0	0	0	250611	0	0	110	0
1626670603.037		1256157	1256157	0	0	0	254925	0	0	110	0
1626670603.083		1254270	1254270	0	0	0	252982	0	0	110	0
1626670603.129		1265035	1265035	0	0	0	264171	0	0	110	0
1626670603.175		1266250	1266250	0	0	0	265234	0	0	110	0
1626670603.220		1268342	1268342	0	0	0	267836	0	0	110	0
1626670603.267		1262233	1262233	0	0	0	261366	0	0	110	0
1626670603.311		1249394	1249394	0	0	0	248510	0	0	110	0
1626670603.358		1253400	1253400	0	0	0	252978	0	0	110	0
1626670603.403		1256295	1256295	0	0	0	255188	0	0	110	0
1626670603.448		1255359	1255359	0	0	0	254853	0	0	110	0
1626670603.495		1264994	1264994	0	0	0	263799	0	0	110	0
1626670603.540		1269065	1269065	0	0	0	268390	0	0	110	0
1626670603.586		1264386	1264386	0	0	0	263848	0	0	110	0
1626670603.631		1267989	1267989	0	0	0	266976	0	0	110	0
1626670603.677		1268198	1268198	0	0	0	267396	0	0	110	0
1626670603.721		1265161	1265161	0	0	0	264572	0	0	110	0
1626670603.768		1266624	1266624	0	0	0	265850	0	0	110	0
1626670603.813		1265919	1265919	0	0	0	264582	0	0	110	0
1626670603.858		1263924	1263924	0	0	0	263381	0	0	110	0
1626670603.904		1269219	1269219	0	0	0	268269	0	0	110	0
1626670603.949		1267035	1267035	0	0	0	266297	0	0	110	0
1626670603.994		1267692	1267692	0	0	0	264514	0	0	110	0
1626670604.039		1257107	1257107	0	0	0	256452	0	0	110	0
1626670604.083		1253045	1253045	0	0	0	252580	0	0	110	0
1626670604.129		1256973	1256973	0	0	0	256324	0	0	110	0
1626670604.173		1253499	1253499	0	0	0	252619	0	0	110	0
1626670604.218		1259504	1259504	0	0	0	258174	0	0	110	0
1626670604.264		1255209	1255209	0	0	0	254282	0	0	110	0
1626670604.309		1255394	1255394	0	0	0	254234	0	0	110	0
1626670604.354		1250482	1250482	0	0	0	249398	0	0	110	0
1626670604.398		1255175	1255175	0	0	0	254106	0	0	110	0
1626670604.443		1252886	1252886	0	0	0	252281	0	0	110	0
1626670604.487		1255494	1255494	0	0	0	254807	0	0	110	0
1626670604.532		1256786	1256786	0	0	0	255950	0	0	110	0
1626670604.577		1259095	1259095	0	0	0	258076	0	0	110	0
1626670604.622		1254525	1254525	0	0	0	253284	0	0	110	0
1626670604.667		1254240	1254240	0	0	0	252793	0	0	110	0
1626670604.711		1251051	1251051	0	0	0	250564	0	0	110	0
1626670604.755		1263331	1263331	0	0	0	262122	0	0	110	0
1626670604.799		1264122	1264122	0	0	0	263272	0	0	110	0
1626670604.845		1267985	1267985	0	0	0	266710	0	0	110	0
1626670604.888		1265987	1265987	0	0	0	265252	0	0	110	0
1626670604.933		1266385	1266385	0	0	0	265614	0	0	110	0
1626670604.978		1271297	1271297	0	0	0	270711	0	0	110	0
1626670605.022		1261925	1261925	0	0	0	261117	0	0	110	0
1626670605.066		1266796	1266796	0	0	0	265895	0	0	110	0
1626670605.110		1266196	1266196	0	0	0	265715	0	0	110	0
1626670605.155		1268496	1268496	0	0	0	267765	0	0	110	0
1626670605.199		1264756	1264756	0	0	0	264315	0	0	110	0
1626670605.243		1267166	1267166	0	0	0	266279	0	0	110	0
1626670605.287		1259225	1259225	0	0	0	258167	0	0	110	0
1626670605.331		1253673	1253673	0	0	0	252349	0	0	110	0
1626670605.374		1254694	1254694	0	0	0	253831	0	0	110	0
1626670605.419		1250190	1250190	0	0	0	249815	0	0	110	0
1626670605.463		1267278	1267278	0	0	0	266800	0	0	110	0
1626670605.507		1264468	1264468	0	0	0	263032	0	0	110	0
1626670605.551		1267710	1267710	0	0	0	267113	0	0	110	0
1626670605.594		1265172	1265172	0	0	0	264701	0	0	110	0
1626670605.638		1252364	1252364	0	0	0	251369	0	0	110	0
1626670605.682		1250830	1250830	0	0	0	250223	0	0	110	0
1626670605.726		1255477	1255477	0	0	0	255033	0	0	110	0
1626670605.769		1258314	1258314	0	0	0	257544	0	0	110	0
1626670605.813		1256588	1256588	0	0	0	255761	0	0	110	0
1626670605.856		1258269	1258269	0	0	0	256914	0	0	110	0
1626670605.901		1253102	1253102	0	0	0	251763	0	0	110	0
1626670605.944		1255715	1255715	0	0	0	254781	0	0	110	0
1626670605.988		1264158	1264158	0	0	0	262781	0	0	110	0
1626670606.031		1268010	1268010	0	0	0	267095	0	0	110	0
1626670606.075		1265103	1265103	0	0	0	263816	0	0	110	0
1626670606.118		1264840	1264840	0	0	0	263496	0	0	110	0
1626670606.161		1257030	1257030	0	0	0	256568	0	0	110	0
1626670606.205		1256370	1256370	0	0	0	255131	0	0	110	0
1626670606.247		1251692	1251692	0	0	0	250990	0	0	110	0
1626670606.290		1254323	1254323	0	0	0	252887	0	0	110	0
1626670606.334		1264382	1264382	0	0	0	263176	0	0	110	0
1626670606.377		1265567	1265567	0	0	0	265137	0	0	110	0
1626670606.421		1266423	1266423	0	0	0	265425	0	0	110	0
1626670606.464		1264157	1264157	0	0	0	263431	0	0	110	0
1626670606.507		1265759	1265759	0	0	0	265313	0	0	110	0
1626670606.550		1265914	1265914	0	0	0	265122	0	0	110	0
1626670606.593		1269463	1269463	0	0	0	268920	0	0	110	0
1626670606.635		1264961	1264961	0	0	0	264146	0	0	110	0
1626670606.679		1266053	1266053	0	0	0	264705	0	0	110	0
1626670606.721		1270075	1270075	0	0	0	269147	0	0	110	0
1626670606.764		1262957	1262957	0	0	0	262231	0	0	110	0
1626670606.807		1265368	1265368	0	0	0	264550	0	0	110	0
1626670606.850		1254391	1254391	0	0	0	253216	0	0	110	0
1626670606.894		1254083	1254083	0	0	0	253003	0	0	110	0
1626670606.937		1253997	1253997	0	0	0	253389	0	0	110	0
1626670606.979		1254141	1254141	0	0	0	253019	0	0	110	0
1626670607.022		1256719	1256719	0	0	0	255993	0	0	110	0
1626670607.065		1250633	1250633	0	0	0	249619	0	0	110	0
1626670607.107		1252598	1252598	0	0	0	251945	0	0	110	0
1626670607.150		1255709	1255709	0	0	0	254656	0	0	110	0
1626670607.193		1256916	1256916	0	0	0	255999	0	0	110	0
1626670607.235		1252254	1252254	0	0	0	251181	0	0	110	0
1626670607.277		1256331	1256331	0	0	0	254962	0	0	110	0
1626670607.319		1251217	1251217	0	0	0	250788	0	0	110	0
1626670607.362		1251334	1251334	0	0	0	250968	0	0	110	0
1626670607.405		1250871	1250871	0	0	0	250289	0	0	110	0
1626670607.448		1258019	1258019	0	0	0	257546	0	0	110	0
1626670607.490		1252686	1252686	0	0	0	251304	0	0	110	0
1626670607.532		1267462	1267462	0	0	0	266340	0	0	110	0
1626670607.575		1271196	1271196	0	0	0	270641	0	0	110	0
1626670607.617		1268527	1268527	0	0	0	267604	0	0	110	0
1626670607.658		1263969	1263969	0	0	0	262777	0	0	110	0
1626670607.701		1268558	1268558	0	0	0	267917	0	0	110	0
1626670607.742		1266689	1266689	0	0	0	265733	0	0	110	0
1626670607.786		1265085	1265085	0	0	0	263921	0	0	110	0
1626670607.828		1262046	1262046	0	0	0	261010	0	0	110	0
1626670607.869		1254972	1254972	0	0	0	253778	0	0	110	0
1626670607.912		1254139	1254139	0	0	0	253070	0	0	110	0
1626670607.953		1253339	1253339	0	0	0	252758	0	0	110	0
1626670607.996		1251814	1251814	0	0	0	251141	0	0	110	0
1626670608.038		1267802	1267802	0	0	0	267064	0	0	110	0
1626670608.079		1270870	1270870	0	0	0	269504	0	0	110	0
1626670608.122		1265098	1265098	0	0	0	264065	0	0	110	0
1626670608.164		1262017	1262017	0	0	0	261447	0	0	110	0
1626670608.205		1266552	1266552	0	0	0	265659	0	0	110	0
1626670608.247		1264866	1264866	0	0	0	263769	0	0	110	0
1626670608.288		1263412	1263412	0	0	0	262295	0	0	110	0
1626670608.331		1265464	1265464	0	0	0	264642	0	0	110	0
1626670608.372		1249969	1249969	0	0	0	249480	0	0	110	0
1626670608.413		1256794	1256794	0	0	0	255754	0	0	110	0
1626670608.456		1254995	1254995	0	0	0	254617	0	0	110	0
1626670608.497		1257342	1257342	0	0	0	256078	0	0	110	0
1626670608.539		1268228	1268228	0	0	0	267383	0	0	110	0
1626670608.581		1269543	1269543	0	0	0	268259	0	0	110	0
1626670608.621		1262392	1262392	0	0	0	261554	0	0	110	0
1626670608.664		1266992	1266992	0	0	0	266499	0	0	110	0
1626670608.705		1253424	1253424	0	0	0	252367	0	0	110	0
1626670608.747		1257486	1257486	0	0	0	256872	0	0	110	0
1626670608.788		1254137	1254137	0	0	0	253564	0	0	110	0
1626670608.828		1255751	1255751	0	0	0	254397	0	0	110	0
1626670608.870		1254340	1254340	0	0	0	253469	0	0	110	0
1626670608.912		1253366	1253366	0	0	0	252750	0	0	110	0
1626670608.953		1257125	1257125	0	0	0	256296	0	0	110	0
1626670608.995		1251060	1251060	0	0	0	250572	0	0	110	0
1626670609.036		1258630	1258630	0	0	0	258093	0	0	110	0
1626670609.077		1253128	1253128	0	0	0	252611	0	0	110	0
1626670609.118		1253436	1253436	0	0	0	252434	0	0	110	0
1626670609.159		1255883	1255883	0	0	0	254686	0	0	110	0
1626670609.200		1264882	1264882	0	0	0	263737	0	0	110	0
1626670609.242		1263163	1263163	0	0	0	262643	0	0	110	0
1626670609.283		1266140	1266140	0	0	0	265076	0	0	110	0
1626670609.324		1270248	1270248	0	0	0	269070	0	0	110	0
1626670609.365		1262979	1262979	0	0	0	261995	0	0	110	0
1626670609.406		1266650	1266650	0	0	0	265690	0	0	110	0
1626670609.447		1269734	1269734	0	0	0	268404	0	0	110	0
1626670609.488		1268322	1268322	0	0	0	267428	0	0	110	0
1626670609.528		1261392	1261392	0	0	0	260065	0	0	110	0
1626670609.569		1264538	1264538	0	0	0	263648	0	0	110	0
1626670609.610		1265784	1265784	0	0	0	264791	0	0	110	0
1626670609.651		1264426	1264426	0	0	0	263487	0	0	110	0
1626670609.692		1264189	1264189	0	0	0	263734	0	0	110	0
1626670609.732		1271640	1271640	0	0	0	270421	0	0	110	0
1626670609.773		1270620	1270620	0	0	0	269449	0	0	110	0
1626670609.814		1268913	1268913	0	0	0	268423	0	0	110	0
1626670609.855		1255555	1255555	0	0	0	254999	0	0	110	0
1626670609.895		1254630	1254630	0	0	0	253557	0	0	110	0
1626670609.935		1256032	1256032	0	0	0	254491	0	0	110	0
1626670609.976		1250311	1250311	0	0	0	249759	0	0	110	0
1626670610.017		1254439	1254439	0	0	0	253507	0	0	110	0
1626670610.057		1254834	1254834	0	0	0	254125	0	0	110	0
1626670610.097		1256627	1256627	0	0	0	255345	0	0	110	0
1626670610.138		1258912	1258912	0	0	0	257387	0	0	110	0
1626670610.178		1256595	1256595	0	0	0	256130	0	0	110	0
1626670610.219		1251609	1251609	0	0	0	251105	0	0	110	0
1626670610.259		1250749	1250749	0	0	0	249634	0	0	110	0
1626670610.300		1251366	1251366	0	0	0	250807	0	0	110	0
1626670610.340		1263829	1263829	0	0	0	262533	0	0	110	0
1626670610.381		1265512	1265512	0	0	0	264209	0	0	110	0
1626670610.421		1265618	1265618	0	0	0	264354	0	0	110	0
1626670610.460		1267826	1267826	0	0	0	267317	0	0	110	0
1626670610.501		1259635	1259635	0	0	0	259061	0	0	110	0
1626670610.542		1254236	1254236	0	0	0	252846	0	0	110	0
1626670610.582		1254469	1254469	0	0	0	253497	0	0	110	0
1626670610.621		1254834	1254834	0	0	0	253948	0	0	110	0
1626670610.661		1262694	1262694	0	0	0	262274	0	0	110	0
1626670610.701		1265290	1265290	0	0	0	264335	0	0	110	0
1626670610.742		1265468	1265468	0	0	0	264136	0	0	110	0
1626670610.782		1266041	1266041	0	0	0	265128	0	0	110	0
1626670610.822		1269035	1269035	0	0	0	268394	0	0	110	0
1626670610.861		1267816	1267816	0	0	0	267340	0	0	110	0
1626670610.902		1262631	1262631	0	0	0	261683	0	0	110	0
1626670610.942		1264065	1264065	0	0	0	263142	0	0	110	0
1626670610.982		1257873	1257873	0	0	0	256730	0	0	110	0
1626670611.021		1255511	1255511	0	0	0	255035	0	0	110	0
1626670611.061		1258784	1258784	0	0	0	257767	0	0	110	0
1626670611.102		1254082	1254082	0	0	0	253281	0	0	110	0
1626670611.142		1265859	1265859	0	0	0	264495	0	0	110	0
1626670611.180		1269493	1269493	0	0	0	268409	0	0	110	0
1626670611.221		1268268	1268268	0	0	0	267030	0	0	110	0
1626670611.260		1264964	1264964	0	0	0	263503	0	0	110	0
1626670611.301		1254713	1254713	0	0	0	253896	0	0	110	0
1626670611.340		1256654	1256654	0	0	0	255440	0	0	110	0
1626670611.380		1255054	1255054	0	0	0	254053	0	0	110	0
1626670611.419		1253168	1253168	0	0	0	251746	0	0	110	0
1626670611.458		1253229	1253229	0	0	0	252649	0	0	110	0
1626670611.499		1252208	1252208	0	0	0	250928	0	0	110	0
1626670611.538		1256534	1256534	0	0	0	255218	0	0	110	0
1626670611.578		1258101	1258101	0	0	0	257574	0	0	110	0
1626670611.617		1254177	1254177	0	0	0	253587	0	0	110	0
1626670611.657		1256382	1256382	0	0	0	255064	0	0	110	0
1626670611.696		1254234	1254234	0	0	0	253300	0	0	110	0
1626670611.736		1252635	1252635	0	0	0	252260	0	0	110	0
1626670611.775		1262636	1262636	0	0	0	262177	0	0	110	0
1626670611.814		1263101	1263101	0	0	0	262442	0	0	110	0
1626670611.854		1268496	1268496	0	0	0	267989	0	0	110	0
1626670611.892		1268483	1268483	0	0	0	268005	0	0	110	0
1626670611.931		1264502	1264502	0	0	0	263783	0	0	110	0
1626670611.971		1264754	1264754	0	0	0	263318	0	0	110	0
1626670612.011		1265260	1265260	0	0	0	264801	0	0	110	0
1626670612.050		1265047	1265047	0	0	0	264210	0	0	110	0
1626670612.089		1269155	1269155	0	0	0	268332	0	0	110	0
1626670612.128		1283003	1283003	0	0	0	282432	0	0	110	0
1626670612.167		1287041	1287041	0	0	0	286520	0	0	110	0
1626670612.207		1292068	1292068	0	0	0	291126	0	0	110	0
1626670612.245		1294500	1294500	0	0	0	293004	0	0	110	0
1626670612.285		1272708	1272708	0	0	0	271445	0	0	110	0
1626670612.323		1264239	1264239	0	0	0	262865	0	0	110	0
1626670612.363		1262476	1262476	0	0	0	261717	0	0	110	0
1626670612.402		1252411	1252411	0	0	0	252014	0	0	110	0
1626670612.441		1248511	1248511	0	0	0	247274	0	0	110	0
1626670612.479		1256432	1256432	0	0	0	255318	0	0	110	0
1626670612.519		1259428	1259428	0	0	0	258364	0	0	110	0
1626670612.556		1252456	1252456	0	0	0	251303	0	0	110	0
1626670612.596		1254940	1254940	0	0	0	254240	0	0	110	0
1626670612.635		1255916	1255916	0	0	0	254852	0	0	110	0
1626670612.674		1256070	1256070	0	0	0	254658	0	0	110	0
1626670612.713		1252389	1252389	0	0	0	251476	0	0	110	0
1626670612.751		1254272	1254272	0	0	0	253827	0	0	110	0
1626670612.790		1252723	1252723	0	0	0	251667	0	0	110	0
1626670612.829		1256909	1256909	0	0	0	256204	0	0	110	0
1626670612.868		1266179	1266179	0	0	0	265560	0	0	110	0
1626670612.906		1268372	1268372	0	0	0	267135	0	0	110	0
1626670612.945		1264828	1264828	0	0	0	264052	0	0	110	0
1626670612.984		1270932	1270932	0	0	0	270175	0	0	110	0
1626670613.021		1270908	1270908	0	0	0	269691	0	0	110	0
1626670613.061		1269478	1269478	0	0	0	268472	0	0	110	0
1626670613.098		1267088	1267088	0	0	0	266426	0	0	110	0
1626670613.138		1264271	1264271	0	0	0	263034	0	0	110	0
1626670613.175		1252415	1252415	0	0	0	251420	0	0	110	0
1626670613.214		1253363	1253363	0	0	0	252491	0	0	110	0
1626670613.253		1253162	1253162	0	0	0	252198	0	0	110	0
1626670613.291		1254652	1254652	0	0	0	253929	0	0	110	0
1626670613.329		1267384	1267384	0	0	0	267010	0	0	110	0
1626670613.368		1267184	1267184	0	0	0	266589	0	0	110	0
1626670613.407		1266112	1266112	0	0	0	265530	0	0	110	0
1626670613.444		1267644	1267644	0	0	0	266774	0	0	110	0
1626670613.483		1253573	1253573	0	0	0	253156	0	0	110	0
1626670613.521		1255612	1255612	0	0	0	254347	0	0	110	0
1626670613.559		1253482	1253482	0	0	0	252207	0	0	110	0
1626670613.598		1252633	1252633	0	0	0	252058	0	0	110	0
1626670613.637		1254042	1254042	0	0	0	253398	0	0	110	0
1626670613.674		1255222	1255222	0	0	0	253947	0	0	110	0
1626670613.712		1255124	1255124	0	0	0	254169	0	0	110	0
1626670613.750		1254739	1254739	0	0	0	253885	0	0	110	0
1626670613.789		1267266	1267266	0	0	0	266776	0	0	110	0
1626670613.827		1270866	1270866	0	0	0	269432	0	0	110	0
1626670613.865		1263752	1263752	0	0	0	263098	0	0	110	0
1626670613.902		1267612	1267612	0	0	0	266905	0	0	110	0
1626670613.940		1255682	1255682	0	0	0	254886	0	0	110	0
1626670613.978		1249247	1249247	0	0	0	247841	0	0	110	0
1626670614.017		1255951	1255951	0	0	0	255425	0	0	110	0
1626670614.055		1256112	1256112	0	0	0	254746	0	0	110	0
1626670614.092		1264645	1264645	0	0	0	264143	0	0	110	0
1626670614.131		1264215	1264215	0	0	0	262769	0	0	110	0
1626670614.168		1270303	1270303	0	0	0	269161	0	0	110	0
1626670614.207		1263951	1263951	0	0	0	263202	0	0	110	0
1626670614.245		1270376	1270376	0	0	0	269516	0	0	110	0
1626670614.282		1270447	1270447	0	0	0	269454	0	0	110	0
1626670614.321		1268420	1268420	0	0	0	267701	0	0	110	0
1626670614.358		1266117	1266117	0	0	0	265464	0	0	110	0
1626670614.396		1264172	1264172	0	0	0	263717	0	0	110	0
1626670614.434		1264487	1264487	0	0	0	263476	0	0	110	0
1626670614.472		1271417	1271417	0	0	0	270295	0	0	110	0
1626670614.508		1269646	1269646	0	0	0	269393	0	0	110	0
1626670614.547		1253280	1253280	0	0	0	252785	0	0	110	0
1626670614.585		1259345	1259345	0	0	0	258688	0	0	110	0
1626670614.621		1252220	1252220	0	0	0	251005	0	0	110	0
1626670614.659		1257107	1257107	0	0	0	255811	0	0	110	0
1626670614.696		1256668	1256668	0	0	0	255596	0	0	110	0
1626670614.735		1257743	1257743	0	0	0	257410	0	0	110	0
1626670614.771		1251371	1251371	0	0	0	250370	0	0	110	0
1626670614.810		1257663	1257663	0	0	0	256500	0	0	110	0
1626670614.847		1253716	1253716	0	0	0	252781	0	0	110	0
1626670614.884		1253264	1253264	0	0	0	252005	0	0	110	0
1626670614.922		1256078	1256078	0	0	0	255436	0	0	110	0
1626670614.960		1255014	1255014	0	0	0	254487	0	0	110	0
1626670614.997		1258292	1258292	0	0	0	257455	0	0	110	0
1626670615.035		1253823	1253823	0	0	0	252637	0	0	110	0
1626670615.072		1252791	1252791	0	0	0	251822	0	0	110	0
1626670615.108		1253784	1253784	0	0	0	252949	0	0	110	0
1626670615.146		1265490	1265490	0	0	0	264219	0	0	110	0
1626670615.187		1264705	1264705	0	0	0	264308	0	0	110	0
1626670615.221		1265209	1265209	0	0	0	264121	0	0	110	0
1626670615.259		1267600	1267600	0	0	0	266671	0	0	110	0
1626670615.295		1265615	1265615	0	0	0	264682	0	0	110	0
1626670615.332		1264119	1264119	0	0	0	263419	0	0	110	0
1626670615.370		1268602	1268602	0	0	0	267905	0	0	110	0
1626670615.406		1269649	1269649	0	0	0	268240	0	0	110	0
1626670615.444		1254830	1254830	0	0	0	254407	0	0	110	0
1626670615.482		1256793	1256793	0	0	0	255576	0	0	110	0
1626670615.519		1253994	1253994	0	0	0	252725	0	0	110	0
1626670615.556		1256043	1256043	0	0	0	255506	0	0	110	0
1626670615.593		1249173	1249173	0	0	0	248777	0	0	110	0
1626670615.629		1253031	1253031	0	0	0	251977	0	0	110	0
1626670615.666		1255125	1255125	0	0	0	253880	0	0	110	0
1626670615.704		1256369	1256369	0	0	0	255418	0	0	110	0
1626670615.741		1252878	1252878	0	0	0	251920	0	0	110	0
1626670615.778		1259793	1259793	0	0	0	258628	0	0	110	0
1626670615.815		1257524	1257524	0	0	0	256434	0	0	110	0
1626670615.851		1256805	1256805	0	0	0	256076	0	0	110	0
1626670615.889		1259302	1259302	0	0	0	257917	0	0	110	0
1626670615.924		1257728	1257728	0	0	0	256986	0	0	110	0
1626670615.962		1254468	1254468	0	0	0	253800	0	0	110	0
1626670615.998		1248795	1248795	0	0	0	248210	0	0	110	0
1626670616.035		1266347	1266347	0	0	0	265872	0	0	110	0
1626670616.072		1265007	1265007	0	0	0	264331	0	0	110	0
1626670616.110		1264534	1264534	0	0	0	263965	0	0	110	0
1626670616.145		1267987	1267987	0	0	0	266929	0	0	110	0
1626670616.183		1267178	1267178	0	0	0	265792	0	0	110	0
1626670616.220		1265190	1265190	0	0	0	264728	0	0	110	0
1626670616.255		1267365	1267365	0	0	0	266509	0	0	110	0
1626670616.292		1264391	1264391	0	0	0	263268	0	0	110	0
1626670616.330		1265663	1265663	0	0	0	265003	0	0	110	0
1626670616.365		1264041	1264041	0	0	0	263214	0	0	110	0
1626670616.403		1265189	1265189	0	0	0	264082	0	0	110	0
1626670616.440		1268600	1268600	0	0	0	267569	0	0	110	0
1626670616.476		1250726	1250726	0	0	0	249787	0	0	110	0
1626670616.513		1254366	1254366	0	0	0	253866	0	0	110	0
1626670616.549		1255072	1255072	0	0	0	253913	0	0	110	0
1626670616.586		1255790	1255790	0	0	0	254870	0	0	110	0
1626670616.621		1267821	1267821	0	0	0	267529	0	0	110	0
1626670616.659		1265152	1265152	0	0	0	264478	0	0	110	0
1626670616.694		1269968	1269968	0	0	0	268825	0	0	110	0
1626670616.732		1265720	1265720	0	0	0	264482	0	0	110	0
1626670616.768		1252371	1252371	0	0	0	251014	0	0	110	0
1626670616.803		1255918	1255918	0	0	0	254799	0	0	110	0
1626670616.841		1256834	1256834	0	0	0	256379	0	0	110	0
1626670616.877		1253030	1253030	0	0	0	252446	0	0	110	0
1626670616.913		1254372	1254372	0	0	0	253106	0	0	110	0
1626670616.949		1253741	1253741	0	0	0	252457	0	0	110	0
1626670616.986		1255396	1255396	0	0	0	254418	0	0	110	0
1626670617.021		1258832	1258832	0	0	0	257462	0	0	110	0
1626670617.058		1268248	1268248	0	0	0	267411	0	0	110	0
1626670617.095		1266332	1266332	0	0	0	265885	0	0	110	0
1626670617.130		1263008	1263008	0	0	0	262076	0	0	110	0
1626670617.167		1265769	1265769	0	0	0	265099	0	0	110	0
1626670617.203		1251818	1251818	0	0	0	250553	0	0	110	0
1626670617.238		1252308	1252308	0	0	0	250992	0	0	110	0
1626670617.275		1265202	1265202	0	0	0	264526	0	0	110	0
1626670617.311		1267715	1267715	0	0	0	266819	0	0	110	0
1626670617.347		1264516	1264516	0	0	0	263829	0	0	110	0
1626670617.384		1263667	1263667	0	0	0	262731	0	0	110	0
1626670617.420		1264418	1264418	0	0	0	263754	0	0	110	0
1626670617.456		1265379	1265379	0	0	0	265099	0	0	110	0
1626670617.492		1270687	1270687	0	0	0	269861	0	0	110	0
1626670617.528		1249547	1249547	0	0	0	248882	0	0	110	0
1626670617.564		1254598	1254598	0	0	0	253731	0	0	110	0
1626670617.600		1252721	1252721	0	0	0	252326	0	0	110	0
1626670617.636		1252812	1252812	0	0	0	251999	0	0	110	0
1626670617.671		1253957	1253957	0	0	0	253552	0	0	110	0
1626670617.707		1250538	1250538	0	0	0	249547	0	0	110	0
1626670617.743		1252414	1252414	0	0	0	251645	0	0	110	0
1626670617.778		1256552	1256552	0	0	0	255227	0	0	110	0
1626670617.815		1250454	1250454	0	0	0	249303	0	0	110	0
1626670617.851		1258951	1258951	0	0	0	258253	0	0	110	0
1626670617.886		1258093	1258093	0	0	0	257630	0	0	110	0
1626670617.922		1270957	1270957	0	0	0	270384	0	0	110	0
1626670617.958		1266678	1266678	0	0	0	266425	0	0	110	0
1626670617.994		1265666	1265666	0	0	0	264324	0	0	110	0
1626670618.030		1262166	1262166	0	0	0	261703	0	0	110	0
1626670618.064		1266402	1266402	0	0	0	265515	0	0	110	0
1626670618.101		1263262	1263262	0	0	0	262582	0	0	110	0
1626670618.137		1264400	1264400	0	0	0	263084	0	0	110	0
1626670618.171		1264486	1264486	0	0	0	264004	0	0	110	0
1626670618.207		1264576	1264576	0	0	0	263738	0	0	110	0
1626670618.243		1267849	1267849	0	0	0	267076	0	0	110	0
1626670618.279		1263684	1263684	0	0	0	262333	0	0	110	0
1626670618.314		1266600	1266600	0	0	0	265997	0	0	110	0
1626670618.349		1270816	1270816	0	0	0	270228	0	0	110	0
1626670618.386		1266615	1266615	0	0	0	265872	0	0	110	0
1626670618.421		1268570	1268570	0	0	0	267143	0	0	110	0
1626670618.457		1252986	1252986	0	0	0	252341	0	0	110	0
1626670618.492		1251016	1251016	0	0	0	249935	0	0	110	0
1626670618.528		1255173	1255173	0	0	0	253853	0	0	110	0
1626670618.563		1257598	1257598	0	0	0	256455	0	0	110	0
1626670618.599		1252538	1252538	0	0	0	251395	0	0	110	0
1626670618.633		1256016	1256016	0	0	0	255082	0	0	110	0
1626670618.669		1258873	1258873	0	0	0	257717	0	0	110	0
1626670618.705		1256921	1256921	0	0	0	255785	0	0	110	0
1626670618.739		1254620	1254620	0	0	0	254229	0	0	110	0
1626670618.811		1253126	1253126	0	0	0	252097	0	0	110	0
1626670618.845		1254880	1254880	0	0	0	253649	0	0	110	0
1626670618.881		1264943	1264943	0	0	0	264522	0	0	110	0
1626670618.916		1266652	1266652	0	0	0	265321	0	0	110	0
1626670618.952		1270017	1270017	0	0	0	269338	0	0	110	0
1626670618.987		1262875	1262875	0	0	0	261936	0	0	110	0
1626670619.022		1257277	1257277	0	0	0	256158	0	0	110	0
1626670619.056		1252116	1252116	0	0	0	251474	0	0	110	0
1626670619.092		1257140	1257140	0	0	0	256131	0	0	110	0
1626670619.127		1265023	1265023	0	0	0	264125	0	0	110	0
1626670619.162		1266514	1266514	0	0	0	265356	0	0	110	0
1626670619.198		1268940	1268940	0	0	0	268119	0	0	110	0
1626670619.233		1270530	1270530	0	0	0	269569	0	0	110	0
1626670619.267		1262451	1262451	0	0	0	262021	0	0	110	0
1626670619.303		1266832	1266832	0	0	0	266360	0	0	110	0
1626670619.337		1267722	1267722	0	0	0	266635	0	0	110	0
1626670619.373		1266080	1266080	0	0	0	265460	0	0	110	0
1626670619.408		1253353	1253353	0	0	0	252850	0	0	110	0
1626670619.442		1257841	1257841	0	0	0	256991	0	0	110	0
1626670619.478		1256804	1256804	0	0	0	255465	0	0	110	0
1626670619.512		1253118	1253118	0	0	0	252221	0	0	110	0
1626670619.548		1263161	1263161	0	0	0	262417	0	0	110	0
1626670619.583		1260964	1260964	0	0	0	260217	0	0	110	0
1626670619.618		1264498	1264498	0	0	0	263654	0	0	110	0
1626670619.652		1266731	1266731	0	0	0	265380	0	0	110	0
1626670619.688		1256188	1256188	0	0	0	255628	0	0	110	0
1626670619.722		1257533	1257533	0	0	0	256693	0	0	110	0
1626670619.757		1254337	1254337	0	0	0	253058	0	0	110	0
1626670619.792		1253794	1253794	0	0	0	252629	0	0	110	0
1626670619.827		1253344	1253344	0	0	0	252365	0	0	110	0
1626670619.862		1254472	1254472	0	0	0	253309	0	0	110	0
1626670619.896		1257689	1257689	0	0	0	256773	0	0	110	0
1626670619.931		1255840	1255840	0	0	0	255223	0	0	110	0
1626670619.965		1252512	1252512	0	0	0	252031	0	0	110	0
1626670620.000		1256671	1256671	0	0	0	255416	0	0	110	0
1626670620.035		1253667	1253667	0	0	0	252625	0	0	110	0
1626670620.069		1252875	1252875	0	0	0	251813	0	0	110	0
1626670620.104		1267518	1267518	0	0	0	266897	0	0	110	0
1626670620.139		1268614	1268614	0	0	0	268165	0	0	110	0
1626670620.174		1266983	1266983	0	0	0	265520	0	0	110	0
1626670620.208		1266028	1266028	0	0	0	265405	0	0	110	0
1626670620.243		1267165	1267165	0	0	0	265859	0	0	110	0
1626670620.278		1264775	1264775	0	0	0	263505	0	0	110	0
1626670620.312		1264394	1264394	0	0	0	263688	0	0	110	0
1626670620.347		1263878	1263878	0	0	0	263322	0	0	110	0
1626670620.380		1268513	1268513	0	0	0	268048	0	0	110	0
1626670620.416		1270411	1270411	0	0	0	269882	0	0	110	0
1626670620.450		1265702	1265702	0	0	0	265408	0	0	110	0
1626670620.485		1266543	1266543	0	0	0	265197	0	0	110	0
1626670620.519		1263808	1263808	0	0	0	263056	0	0	110	0
1626670620.552		1262737	1262737	0	0	0	262157	0	0	110	0
1626670620.587		1267476	1267476	0	0	0	266545	0	0	110	0
1626670620.621		1266526	1266526	0	0	0	265861	0	0	110	0
1626670620.657		1255844	1255844	0	0	0	255314	0	0	110	0
1626670620.690		1255132	1255132	0	0	0	254371	0	0	110	0
1626670620.725		1253556	1253556	0	0	0	252266	0	0	110	0
1626670620.760		1253001	1253001	0	0	0	252463	0	0	110	0
1626670620.794		1253049	1253049	0	0	0	252317	0	0	110	0
1626670620.827		1254168	1254168	0	0	0	253423	0	0	110	0
1626670620.862		1251436	1251436	0	0	0	250817	0	0	110	0
1626670620.897		1252792	1252792	0	0	0	251788	0	0	110	0
1626670620.931		1255762	1255762	0	0	0	254425	0	0	110	0
1626670620.964		1249982	1249982	0	0	0	248894	0	0	110	0
1626670620.999		1256112	1256112	0	0	0	254589	0	0	110	0
1626670621.033		1252135	1252135	0	0	0	251691	0	0	110	0
1626670621.068		1264341	1264341	0	0	0	263526	0	0	110	0
1626670621.102		1268254	1268254	0	0	0	267684	0	0	110	0
1626670621.136		1264136	1264136	0	0	0	263613	0	0	110	0
1626670621.170		1265435	1265435	0	0	0	264283	0	0	110	0
1626670621.204		1252108	1252108	0	0	0	251100	0	0	110	0
1626670621.238		1256508	1256508	0	0	0	255363	0	0	110	0
1626670621.271		1258875	1258875	0	0	0	258405	0	0	110	0
1626670621.307		1259491	1259491	0	0	0	258365	0	0	110	0
1626670621.340		1262833	1262833	0	0	0	262399	0	0	110	0
1626670621.375		1266763	1266763	0	0	0	265780	0	0	110	0
1626670621.408		1271081	1271081	0	0	0	270498	0	0	110	0
1626670621.443		1265735	1265735	0	0	0	264606	0	0	110	0
1626670621.477		1265605	1265605	0	0	0	264325	0	0	110	0
1626670621.510		1270195	1270195	0	0	0	268758	0	0	110	0
1626670621.544		1264238	1264238	0	0	0	263539	0	0	110	0
1626670621.577		1264018	1264018	0	0	0	262700	0	0	110	0
1626670621.612		1249648	1249648	0	0	0	249244	0	0	110	0
1626670621.645		1253070	1253070	0	0	0	251774	0	0	110	0
1626670621.680		1255016	1255016	0	0	0	254381	0	0	110	0
1626670621.714		1254607	1254607	0	0	0	253482	0	0	110	0
1626670621.748		1269407	1269407	0	0	0	268846	0	0	110	0
1626670621.782		1267749	1267749	0	0	0	266728	0	0	110	0
1626670621.815		1266712	1266712	0	0	0	266220	0	0	110	0
1626670621.849		1262681	1262681	0	0	0	261390	0	0	110	0
1626670621.883		1268796	1268796	0	0	0	268267	0	0	110	0
1626670621.916		1267750	1267750	0	0	0	266560	0	0	110	0
1626670621.951		1266237	1266237	0	0	0	265004	0	0	110	0
1626670621.983		1261593	1261593	0	0	0	260726	0	0	110	0
1626670622.017		1250381	1250381	0	0	0	250013	0	0	110	0
1626670622.052		1255551	1255551	0	0	0	255043	0	0	110	0
1626670622.084		1256493	1256493	0	0	0	255200	0	0	110	0
1626670622.119		1256337	1256337	0	0	0	254859	0	0	110	0
1626670622.152		1253729	1253729	0	0	0	253252	0	0	110	0
1626670622.185		1257997	1257997	0	0	0	257442	0	0	110	0
1626670622.219		1255586	1255586	0	0	0	255081	0	0	110	0
1626670622.254		1250184	1250184	0	0	0	249361	0	0	110	0
1626670622.287		1253651	1253651	0	0	0	253161	0	0	110	0
1626670622.321		1252471	1252471	0	0	0	251735	0	0	110	0
1626670622.354		1253467	1253467	0	0	0	252809	0	0	110	0
1626670622.387		1256861	1256861	0	0	0	256406	0	0	110	0
1626670622.421		1250153	1250153	0	0	0	249576	0	0	110	0
1626670622.454		1251983	1251983	0	0	0	251495	0	0	110	0
1626670622.488		1255448	1255448	0	0	0	253889	0	0	110	0
1626670622.521		1253313	1253313	0	0	0	252043	0	0	110	0
1626670622.554		1264587	1264587	0	0	0	264029	0	0	110	0
1626670622.588		1265139	1265139	0	0	0	264203	0	0	110	0
1626670622.622		1266269	1266269	0	0	0	265237	0	0	110	0
1626670622.656		1265516	1265516	0	0	0	264706	0	0	110	0
1626670622.689		1268779	1268779	0	0	0	267547	0	0	110	0
1626670622.722		1265649	1265649	0	0	0	264996	0	0	110	0
1626670622.756		1265567	1265567	0	0	0	264317	0	0	110	0
1626670622.789		1268553	1268553	0	0	0	267506	0	0	110	0
1626670618.774		10000382	10000382	0	0	0	10000000	0	0	110	0
