"2021-07-19 04:45:11.523 +0000" : {
  "main_scheduler" : {
    "bqs" : {
      "00029" : {
        "mmconts" : [0, 334, 335],
        "acts" : [337, 334],
        "tstate" : { "idle" : 1000042, "run" : 6126, "locked" : 29, "mmap" : 0 }
      },
      "00030" : {
        "mmconts" : [0, 334, 335],
        "acts" : [11, 10],
        "tstate" : { "idle" : 999475, "run" : 4629, "locked" : 26, "mmap" : 2033 }
      },
      "00031" : {
        "mmconts" : [0, 334, 335],
        "acts" : [336, 333],
        "tstate" : { "idle" : 999974, "run" : 6127, "locked" : 26, "mmap" : 17 }
      }
    }
  },
  "benchmark_io" : {
    "simple_times" : {
      "mcount" : {
        "mcount" : { }
      }
    },
    "stream_method" : {
      "conns" : [0, 0],
      "in" : [0, 0],
      "out" : [0, 0],
      "mmtasks" : [0, 3, 6],
      "load" : 0.000,
      "mcount" : {
        "mcount" : { }
      },
      "http_proto0" : {
        "mcount" : {
          "mcount" : { }
        }
      },
      "source_log" : {
        "delta" : [0, 0, 154]
      },
      "loggers" : {
        "brief_logger" : {
          "records" : [0, 0],
          "out" : [0, 0]
        }
      }
    }
  }
},
"2021-07-19 04:45:12.522 +0000" : {
  "main_scheduler" : {
    "bqs" : {
      "00029" : {
        "mmconts" : [335, 335, 335],
        "acts" : [2, 2],
        "tstate" : { "idle" : 998731, "run" : 722, "locked" : 0, "mmap" : 0 }
      },
      "00030" : {
        "mmconts" : [335, 335, 335],
        "acts" : [16, 16],
        "tstate" : { "idle" : 996758, "run" : 2694, "locked" : 0, "mmap" : 0 }
      },
      "00031" : {
        "mmconts" : [335, 335, 335],
        "acts" : [0, 0],
        "tstate" : { "idle" : 998878, "run" : 575, "locked" : 0, "mmap" : 0 }
      }
    }
  },
  "benchmark_io" : {
    "simple_times" : {
      "mcount" : {
        "mcount" : { "1000 -- 1584" : 4 }
      }
    },
    "stream_method" : {
      "conns" : [0, 0],
      "in" : [0, 0],
      "out" : [0, 0],
      "mmtasks" : [6, 6, 7],
      "load" : 0.810,
      "mcount" : {
        "mcount" : { "Connection timed out" : 4 }
      },
      "http_proto0" : {
        "mcount" : {
          "mcount" : { }
        }
      },
      "source_log" : {
        "delta" : [0, 0, 0]
      },
      "loggers" : {
        "brief_logger" : {
          "records" : [4, 4],
          "out" : [220, 220]
        }
      }
    }
  }
},
"2021-07-19 04:45:13.523 +0000" : {
  "main_scheduler" : {
    "bqs" : {
      "00029" : {
        "mmconts" : [335, 335, 335],
        "acts" : [2, 1],
        "tstate" : { "idle" : 1000035, "run" : 596, "locked" : 0, "mmap" : 0 }
      },
      "00030" : {
        "mmconts" : [335, 335, 335],
        "acts" : [19, 18],
        "tstate" : { "idle" : 997616, "run" : 3015, "locked" : 0, "mmap" : 0 }
      },
      "00031" : {
        "mmconts" : [335, 335, 335],
        "acts" : [1, 0],
        "tstate" : { "idle" : 999748, "run" : 882, "locked" : 0, "mmap" : 0 }
      }
    }
  },
  "benchmark_io" : {
    "simple_times" : {
      "mcount" : {
        "mcount" : { "1000 -- 1584" : 6 }
      }
    },
    "stream_method" : {
      "conns" : [0, 0],
      "in" : [0, 0],
      "out" : [0, 0],
      "mmtasks" : [6, 7, 8],
      "load" : 0.806,
      "mcount" : {
        "mcount" : { "Connection timed out" : 6 }
      },
      "http_proto0" : {
        "mcount" : {
          "mcount" : { }
        }
      },
      "source_log" : {
        "delta" : [0, 0, 0]
      },
      "loggers" : {
        "brief_logger" : {
          "records" : [6, 5],
          "out" : [330, 329]
        }
      }
    }
  }
},
"2021-07-19 04:45:14.523 +0000" : {
  "main_scheduler" : {
    "bqs" : {
      "00029" : {
        "mmconts" : [335, 335, 335],
        "acts" : [2, 1],
        "tstate" : { "idle" : 999442, "run" : 684, "locked" : 0, "mmap" : 0 }
      },
      "00030" : {
        "mmconts" : [335, 335, 335],
        "acts" : [20, 19],
        "tstate" : { "idle" : 997100, "run" : 3026, "locked" : 0, "mmap" : 0 }
      },
      "00031" : {
        "mmconts" : [335, 335, 335],
        "acts" : [1, 0],
        "tstate" : { "idle" : 999494, "run" : 632, "locked" : 0, "mmap" : 0 }
      }
    }
  },
  "benchmark_io" : {
    "simple_times" : {
      "mcount" : {
        "mcount" : { "1000 -- 1584" : 6 }
      }
    },
    "stream_method" : {
      "conns" : [0, 0],
      "in" : [0, 0],
      "out" : [0, 0],
      "mmtasks" : [7, 7, 8],
      "load" : 0.807,
      "mcount" : {
        "mcount" : { "Connection timed out" : 6 }
      },
      "http_proto0" : {
        "mcount" : {
          "mcount" : { }
        }
      },
      "source_log" : {
        "delta" : [0, 0, 0]
      },
      "loggers" : {
        "brief_logger" : {
          "records" : [6, 5],
          "out" : [330, 329]
        }
      }
    }
  }
},
"2021-07-19 04:45:15.522 +0000" : {
  "main_scheduler" : {
    "bqs" : {
      "00029" : {
        "mmconts" : [335, 335, 335],
        "acts" : [2, 2],
        "tstate" : { "idle" : 998347, "run" : 703, "locked" : 0, "mmap" : 0 }
      },
      "00030" : {
        "mmconts" : [335, 335, 335],
        "acts" : [21, 21],
        "tstate" : { "idle" : 995895, "run" : 3155, "locked" : 0, "mmap" : 0 }
      },
      "00031" : {
        "mmconts" : [335, 335, 335],
        "acts" : [1, 1],
        "tstate" : { "idle" : 998403, "run" : 648, "locked" : 0, "mmap" : 0 }
      }
    }
  },
  "benchmark_io" : {
    "simple_times" : {
      "mcount" : {
        "mcount" : { "1000 -- 1584" : 6 }
      }
    },
    "stream_method" : {
      "conns" : [0, 0],
      "in" : [0, 0],
      "out" : [0, 0],
      "mmtasks" : [7, 8, 9],
      "load" : 0.812,
      "mcount" : {
        "mcount" : { "Connection timed out" : 6 }
      },
      "http_proto0" : {
        "mcount" : {
          "mcount" : { }
        }
      },
      "source_log" : {
        "delta" : [0, 0, 0]
      },
      "loggers" : {
        "brief_logger" : {
          "records" : [6, 6],
          "out" : [330, 330]
        }
      }
    }
  }
},
"2021-07-19 04:45:16.522 +0000" : {
  "main_scheduler" : {
    "bqs" : {
      "00029" : {
        "mmconts" : [335, 335, 335],
        "acts" : [2, 2],
        "tstate" : { "idle" : 999245, "run" : 729, "locked" : 0, "mmap" : 0 }
      },
      "00030" : {
        "mmconts" : [335, 335, 335],
        "acts" : [22, 22],
        "tstate" : { "idle" : 996401, "run" : 3574, "locked" : 0, "mmap" : 0 }
      },
      "00031" : {
        "mmconts" : [335, 335, 335],
        "acts" : [1, 1],
        "tstate" : { "idle" : 999268, "run" : 706, "locked" : 0, "mmap" : 0 }
      }
    }
  },
  "benchmark_io" : {
    "simple_times" : {
      "mcount" : {
        "mcount" : { "1000 -- 1584" : 7 }
      }
    },
    "stream_method" : {
      "conns" : [0, 0],
      "in" : [0, 0],
      "out" : [0, 0],
      "mmtasks" : [8, 8, 9],
      "load" : 0.810,
      "mcount" : {
        "mcount" : { "Connection timed out" : 7 }
      },
      "http_proto0" : {
        "mcount" : {
          "mcount" : { }
        }
      },
      "source_log" : {
        "delta" : [0, 0, 0]
      },
      "loggers" : {
        "brief_logger" : {
          "records" : [7, 7],
          "out" : [385, 385]
        }
      }
    }
  }
},
"2021-07-19 04:45:17.523 +0000" : {
  "main_scheduler" : {
    "bqs" : {
      "00029" : {
        "mmconts" : [335, 335, 335],
        "acts" : [2, 1],
        "tstate" : { "idle" : 1000057, "run" : 626, "locked" : 0, "mmap" : 0 }
      },
      "00030" : {
        "mmconts" : [335, 335, 335],
        "acts" : [24, 23],
        "tstate" : { "idle" : 997119, "run" : 3563, "locked" : 0, "mmap" : 0 }
      },
      "00031" : {
        "mmconts" : [335, 335, 335],
        "acts" : [1, 0],
        "tstate" : { "idle" : 1000158, "run" : 524, "locked" : 0, "mmap" : 0 }
      }
    }
  },
  "benchmark_io" : {
    "simple_times" : {
      "mcount" : {
        "mcount" : { "1000 -- 1584" : 7 }
      }
    },
    "stream_method" : {
      "conns" : [0, 0],
      "in" : [0, 0],
      "out" : [0, 0],
      "mmtasks" : [8, 9, 10],
      "load" : 0.810,
      "mcount" : {
        "mcount" : { "Connection timed out" : 7 }
      },
      "http_proto0" : {
        "mcount" : {
          "mcount" : { }
        }
      },
      "source_log" : {
        "delta" : [0, 0, 0]
      },
      "loggers" : {
        "brief_logger" : {
          "records" : [7, 6],
          "out" : [385, 384]
        }
      }
    }
  }
},
"2021-07-19 04:45:18.523 +0000" : {
  "main_scheduler" : {
    "bqs" : {
      "00029" : {
        "mmconts" : [335, 335, 335],
        "acts" : [2, 1],
        "tstate" : { "idle" : 999670, "run" : 510, "locked" : 0, "mmap" : 0 }
      },
      "00030" : {
        "mmconts" : [335, 335, 335],
        "acts" : [25, 24],
        "tstate" : { "idle" : 996605, "run" : 3575, "locked" : 0, "mmap" : 0 }
      },
      "00031" : {
        "mmconts" : [335, 335, 335],
        "acts" : [1, 0],
        "tstate" : { "idle" : 999721, "run" : 460, "locked" : 0, "mmap" : 0 }
      }
    }
  },
  "benchmark_io" : {
    "simple_times" : {
      "mcount" : {
        "mcount" : { "1000 -- 1584" : 8 }
      }
    },
    "stream_method" : {
      "conns" : [0, 0],
      "in" : [0, 0],
      "out" : [0, 0],
      "mmtasks" : [9, 9, 11],
      "load" : 0.804,
      "mcount" : {
        "mcount" : { "Connection timed out" : 8 }
      },
      "http_proto0" : {
        "mcount" : {
          "mcount" : { }
        }
      },
      "source_log" : {
        "delta" : [0, 0, 0]
      },
      "loggers" : {
        "brief_logger" : {
          "records" : [8, 7],
          "out" : [440, 439]
        }
      }
    }
  }
},
"2021-07-19 04:45:19.522 +0000" : {
  "main_scheduler" : {
    "bqs" : {
      "00029" : {
        "mmconts" : [335, 335, 335],
        "acts" : [2, 2],
        "tstate" : { "idle" : 999248, "run" : 527, "locked" : 0, "mmap" : 0 }
      },
      "00030" : {
        "mmconts" : [333, 334, 335],
        "acts" : [25, 25],
        "tstate" : { "idle" : 995693, "run" : 4057, "locked" : 0, "mmap" : 25 }
      },
      "00031" : {
        "mmconts" : [335, 335, 335],
        "acts" : [1, 1],
        "tstate" : { "idle" : 999276, "run" : 499, "locked" : 0, "mmap" : 0 }
      }
    }
  },
  "benchmark_io" : {
    "simple_times" : {
      "mcount" : {
        "mcount" : { "1000 -- 1584" : 8 }
      }
    },
    "stream_method" : {
      "conns" : [0, 0],
      "in" : [0, 0],
      "out" : [0, 0],
      "mmtasks" : [10, 10, 11],
      "load" : 0.811,
      "mcount" : {
        "mcount" : { "Connection timed out" : 8 }
      },
      "http_proto0" : {
        "mcount" : {
          "mcount" : { }
        }
      },
      "source_log" : {
        "delta" : [0, 0, 0]
      },
      "loggers" : {
        "brief_logger" : {
          "records" : [8, 8],
          "out" : [440, 440]
        }
      }
    }
  }
},
"2021-07-19 04:45:20.522 +0000" : {
  "main_scheduler" : {
    "bqs" : {
      "00029" : {
        "mmconts" : [335, 335, 335],
        "acts" : [2, 2],
        "tstate" : { "idle" : 998860, "run" : 663, "locked" : 0, "mmap" : 0 }
      },
      "00030" : {
        "mmconts" : [325, 328, 333],
        "acts" : [27, 27],
        "tstate" : { "idle" : 995650, "run" : 3873, "locked" : 0, "mmap" : 0 }
      },
      "00031" : {
        "mmconts" : [335, 335, 335],
        "acts" : [1, 1],
        "tstate" : { "idle" : 998932, "run" : 591, "locked" : 0, "mmap" : 0 }
      }
    }
  },
  "benchmark_io" : {
    "simple_times" : {
      "mcount" : {
        "mcount" : { "1000 -- 1584" : 8 }
      }
    },
    "stream_method" : {
      "conns" : [0, 0],
      "in" : [0, 0],
      "out" : [0, 0],
      "mmtasks" : [10, 10, 12],
      "load" : 0.809,
      "mcount" : {
        "mcount" : { "Connection timed out" : 8 }
      },
      "http_proto0" : {
        "mcount" : {
          "mcount" : { }
        }
      },
      "source_log" : {
        "delta" : [0, 0, 0]
      },
      "loggers" : {
        "brief_logger" : {
          "records" : [8, 8],
          "out" : [440, 440]
        }
      }
    }
  }
},
"2021-07-19 04:45:21.522 +0000" : {
  "main_scheduler" : {
    "bqs" : {
      "00029" : {
        "mmconts" : [335, 335, 335],
        "acts" : [1, 1],
        "tstate" : { "idle" : 999199, "run" : 617, "locked" : 0, "mmap" : 0 }
      },
      "00030" : {
        "mmconts" : [316, 320, 325],
        "acts" : [29, 29],
        "tstate" : { "idle" : 995929, "run" : 3832, "locked" : 0, "mmap" : 51 }
      },
      "00031" : {
        "mmconts" : [335, 335, 335],
        "acts" : [1, 1],
        "tstate" : { "idle" : 999261, "run" : 549, "locked" : 0, "mmap" : 0 }
      }
    }
  },
  "benchmark_io" : {
    "simple_times" : {
      "mcount" : {
        "mcount" : { "1000 -- 1584" : 9 }
      }
    },
    "stream_method" : {
      "conns" : [0, 0],
      "in" : [0, 0],
      "out" : [0, 0],
      "mmtasks" : [11, 11, 12],
      "load" : 0.808,
      "mcount" : {
        "mcount" : { "Connection timed out" : 9 }
      },
      "http_proto0" : {
        "mcount" : {
          "mcount" : { }
        }
      },
      "source_log" : {
        "delta" : [0, 0, 0]
      },
      "loggers" : {
        "brief_logger" : {
          "records" : [9, 9],
          "out" : [495, 495]
        }
      }
    }
  }
},
"2021-07-19 04:45:22.523 +0000" : {
  "main_scheduler" : {
    "bqs" : {
      "00029" : {
        "mmconts" : [335, 335, 335],
        "acts" : [2, 1],
        "tstate" : { "idle" : 1000346, "run" : 556, "locked" : 0, "mmap" : 0 }
      },
      "00030" : {
        "mmconts" : [306, 311, 316],
        "acts" : [30, 29],
        "tstate" : { "idle" : 997168, "run" : 3738, "locked" : 0, "mmap" : 0 }
      },
      "00031" : {
        "mmconts" : [335, 335, 335],
        "acts" : [1, 0],
        "tstate" : { "idle" : 1000374, "run" : 533, "locked" : 0, "mmap" : 0 }
      }
    }
  },
  "benchmark_io" : {
    "simple_times" : {
      "mcount" : {
        "mcount" : { "1000 -- 1584" : 10 }
      }
    },
    "stream_method" : {
      "conns" : [0, 0],
      "in" : [0, 0],
      "out" : [0, 0],
      "mmtasks" : [11, 11, 13],
      "load" : 0.806,
      "mcount" : {
        "mcount" : { "Connection timed out" : 10 }
      },
      "http_proto0" : {
        "mcount" : {
          "mcount" : { }
        }
      },
      "source_log" : {
        "delta" : [0, 0, 0]
      },
      "loggers" : {
        "brief_logger" : {
          "records" : [10, 9],
          "out" : [550, 549]
        }
      }
    }
  }
},
"2021-07-19 04:45:23.523 +0000" : {
  "main_scheduler" : {
    "bqs" : {
      "00029" : {
        "mmconts" : [335, 335, 335],
        "acts" : [2, 2],
        "tstate" : { "idle" : 999354, "run" : 630, "locked" : 0, "mmap" : 0 }
      },
      "00030" : {
        "mmconts" : [297, 301, 306],
        "acts" : [30, 30],
        "tstate" : { "idle" : 995828, "run" : 4156, "locked" : 0, "mmap" : 0 }
      },
      "00031" : {
        "mmconts" : [335, 335, 335],
        "acts" : [1, 1],
        "tstate" : { "idle" : 999384, "run" : 600, "locked" : 0, "mmap" : 0 }
      }
    }
  },
  "benchmark_io" : {
    "simple_times" : {
      "mcount" : {
        "mcount" : { "1000 -- 1584" : 9 }
      }
    },
    "stream_method" : {
      "conns" : [0, 0],
      "in" : [0, 0],
      "out" : [0, 0],
      "mmtasks" : [12, 12, 13],
      "load" : 0.810,
      "mcount" : {
        "mcount" : { "Connection timed out" : 9 }
      },
      "http_proto0" : {
        "mcount" : {
          "mcount" : { }
        }
      },
      "source_log" : {
        "delta" : [0, 0, 0]
      },
      "loggers" : {
        "brief_logger" : {
          "records" : [9, 9],
          "out" : [495, 495]
        }
      }
    }
  }
},
"2021-07-19 04:45:24.523 +0000" : {
  "main_scheduler" : {
    "bqs" : {
      "00029" : {
        "mmconts" : [335, 335, 335],
        "acts" : [2, 2],
        "tstate" : { "idle" : 999242, "run" : 675, "locked" : 0, "mmap" : 0 }
      },
      "00030" : {
        "mmconts" : [287, 291, 297],
        "acts" : [32, 32],
        "tstate" : { "idle" : 995419, "run" : 4498, "locked" : 0, "mmap" : 0 }
      },
      "00031" : {
        "mmconts" : [335, 335, 335],
        "acts" : [1, 1],
        "tstate" : { "idle" : 999295, "run" : 622, "locked" : 0, "mmap" : 0 }
      }
    }
  },
  "benchmark_io" : {
    "simple_times" : {
      "mcount" : {
        "mcount" : { "1000 -- 1584" : 10 }
      }
    },
    "stream_method" : {
      "conns" : [0, 0],
      "in" : [0, 0],
      "out" : [0, 0],
      "mmtasks" : [12, 12, 14],
      "load" : 0.811,
      "mcount" : {
        "mcount" : { "Connection timed out" : 10 }
      },
      "http_proto0" : {
        "mcount" : {
          "mcount" : { }
        }
      },
      "source_log" : {
        "delta" : [0, 0, 0]
      },
      "loggers" : {
        "brief_logger" : {
          "records" : [10, 10],
          "out" : [550, 550]
        }
      }
    }
  }
},
"2021-07-19 04:45:25.523 +0000" : {
  "main_scheduler" : {
    "bqs" : {
      "00029" : {
        "mmconts" : [335, 335, 335],
        "acts" : [2, 1],
        "tstate" : { "idle" : 999420, "run" : 690, "locked" : 0, "mmap" : 0 }
      },
      "00030" : {
        "mmconts" : [276, 281, 287],
        "acts" : [34, 33],
        "tstate" : { "idle" : 995277, "run" : 4833, "locked" : 0, "mmap" : 0 }
      },
      "00031" : {
        "mmconts" : [335, 335, 335],
        "acts" : [1, 0],
        "tstate" : { "idle" : 999558, "run" : 552, "locked" : 0, "mmap" : 0 }
      }
    }
  },
  "benchmark_io" : {
    "simple_times" : {
      "mcount" : {
        "mcount" : { "1000 -- 1584" : 11 }
      }
    },
    "stream_method" : {
      "conns" : [0, 0],
      "in" : [0, 0],
      "out" : [0, 0],
      "mmtasks" : [13, 13, 14],
      "load" : 0.811,
      "mcount" : {
        "mcount" : { "Connection timed out" : 11 }
      },
      "http_proto0" : {
        "mcount" : {
          "mcount" : { }
        }
      },
      "source_log" : {
        "delta" : [0, 0, 0]
      },
      "loggers" : {
        "brief_logger" : {
          "records" : [11, 10],
          "out" : [605, 604]
        }
      }
    }
  }
},
"2021-07-19 04:45:26.522 +0000" : {
  "main_scheduler" : {
    "bqs" : {
      "00029" : {
        "mmconts" : [335, 335, 335],
        "acts" : [2, 2],
        "tstate" : { "idle" : 998679, "run" : 695, "locked" : 0, "mmap" : 0 }
      },
      "00030" : {
        "mmconts" : [265, 270, 276],
        "acts" : [35, 35],
        "tstate" : { "idle" : 994849, "run" : 4525, "locked" : 0, "mmap" : 0 }
      },
      "00031" : {
        "mmconts" : [335, 335, 335],
        "acts" : [1, 1],
        "tstate" : { "idle" : 998794, "run" : 581, "locked" : 0, "mmap" : 0 }
      }
    }
  },
  "benchmark_io" : {
    "simple_times" : {
      "mcount" : {
        "mcount" : { "1000 -- 1584" : 11 }
      }
    },
    "stream_method" : {
      "conns" : [0, 0],
      "in" : [0, 0],
      "out" : [0, 0],
      "mmtasks" : [13, 13, 15],
      "load" : 0.807,
      "mcount" : {
        "mcount" : { "Connection timed out" : 11 }
      },
      "http_proto0" : {
        "mcount" : {
          "mcount" : { }
        }
      },
      "source_log" : {
        "delta" : [0, 0, 0]
      },
      "loggers" : {
        "brief_logger" : {
          "records" : [11, 11],
          "out" : [605, 605]
        }
      }
    }
  }
},
"2021-07-19 04:45:27.522 +0000" : {
  "main_scheduler" : {
    "bqs" : {
      "00029" : {
        "mmconts" : [335, 335, 335],
        "acts" : [2, 1],
        "tstate" : { "idle" : 999366, "run" : 652, "locked" : 0, "mmap" : 0 }
      },
      "00030" : {
        "mmconts" : [254, 259, 265],
        "acts" : [36, 35],
        "tstate" : { "idle" : 995148, "run" : 4871, "locked" : 0, "mmap" : 0 }
      },
      "00031" : {
        "mmconts" : [335, 335, 335],
        "acts" : [1, 0],
        "tstate" : { "idle" : 999494, "run" : 524, "locked" : 0, "mmap" : 0 }
      }
    }
  },
  "benchmark_io" : {
    "simple_times" : {
      "mcount" : {
        "mcount" : { "1000 -- 1584" : 11 }
      }
    },
    "stream_method" : {
      "conns" : [0, 0],
      "in" : [0, 0],
      "out" : [0, 0],
      "mmtasks" : [14, 14, 15],
      "load" : 0.810,
      "mcount" : {
        "mcount" : { "Connection timed out" : 11 }
      },
      "http_proto0" : {
        "mcount" : {
          "mcount" : { }
        }
      },
      "source_log" : {
        "delta" : [0, 0, 0]
      },
      "loggers" : {
        "brief_logger" : {
          "records" : [11, 10],
          "out" : [605, 604]
        }
      }
    }
  }
},
"2021-07-19 04:45:28.523 +0000" : {
  "main_scheduler" : {
    "bqs" : {
      "00029" : {
        "mmconts" : [335, 335, 335],
        "acts" : [2, 1],
        "tstate" : { "idle" : 999925, "run" : 685, "locked" : 0, "mmap" : 0 }
      },
      "00030" : {
        "mmconts" : [242, 248, 254],
        "acts" : [37, 36],
        "tstate" : { "idle" : 995530, "run" : 5076, "locked" : 0, "mmap" : 0 }
      },
      "00031" : {
        "mmconts" : [335, 335, 335],
        "acts" : [1, 0],
        "tstate" : { "idle" : 1000000, "run" : 605, "locked" : 0, "mmap" : 0 }
      }
    }
  },
  "benchmark_io" : {
    "simple_times" : {
      "mcount" : {
        "mcount" : { "1000 -- 1584" : 12 }
      }
    },
    "stream_method" : {
      "conns" : [0, 0],
      "in" : [0, 0],
      "out" : [0, 0],
      "mmtasks" : [14, 14, 16],
      "load" : 0.807,
      "mcount" : {
        "mcount" : { "Connection timed out" : 12 }
      },
      "http_proto0" : {
        "mcount" : {
          "mcount" : { }
        }
      },
      "source_log" : {
        "delta" : [0, 0, 0]
      },
      "loggers" : {
        "brief_logger" : {
          "records" : [12, 11],
          "out" : [660, 659]
        }
      }
    }
  }
},
"2021-07-19 04:45:29.523 +0000" : {
  "main_scheduler" : {
    "bqs" : {
      "00029" : {
        "mmconts" : [335, 335, 335],
        "acts" : [2, 1],
        "tstate" : { "idle" : 999518, "run" : 622, "locked" : 0, "mmap" : 0 }
      },
      "00030" : {
        "mmconts" : [230, 235, 242],
        "acts" : [39, 38],
        "tstate" : { "idle" : 993009, "run" : 7134, "locked" : 0, "mmap" : 0 }
      },
      "00031" : {
        "mmconts" : [335, 335, 335],
        "acts" : [1, 0],
        "tstate" : { "idle" : 999568, "run" : 576, "locked" : 0, "mmap" : 0 }
      }
    }
  },
  "benchmark_io" : {
    "simple_times" : {
      "mcount" : {
        "mcount" : { "1000 -- 1584" : 12 }
      }
    },
    "stream_method" : {
      "conns" : [0, 0],
      "in" : [0, 0],
      "out" : [0, 0],
      "mmtasks" : [15, 15, 16],
      "load" : 0.809,
      "mcount" : {
        "mcount" : { "Connection timed out" : 12 }
      },
      "http_proto0" : {
        "mcount" : {
          "mcount" : { }
        }
      },
      "source_log" : {
        "delta" : [0, 0, 0]
      },
      "loggers" : {
        "brief_logger" : {
          "records" : [12, 11],
          "out" : [660, 659]
        }
      }
    }
  }
},
"2021-07-19 04:45:30.522 +0000" : {
  "main_scheduler" : {
    "bqs" : {
      "00029" : {
        "mmconts" : [335, 335, 335],
        "acts" : [2, 2],
        "tstate" : { "idle" : 998583, "run" : 710, "locked" : 0, "mmap" : 0 }
      },
      "00030" : {
        "mmconts" : [217, 223, 230],
        "acts" : [40, 40],
        "tstate" : { "idle" : 993894, "run" : 5399, "locked" : 0, "mmap" : 0 }
      },
      "00031" : {
        "mmconts" : [335, 335, 335],
        "acts" : [1, 1],
        "tstate" : { "idle" : 998610, "run" : 684, "locked" : 0, "mmap" : 0 }
      }
    }
  },
  "benchmark_io" : {
    "simple_times" : {
      "mcount" : {
        "mcount" : { "1000 -- 1584" : 13 }
      }
    },
    "stream_method" : {
      "conns" : [0, 0],
      "in" : [0, 0],
      "out" : [0, 0],
      "mmtasks" : [15, 15, 17],
      "load" : 0.811,
      "mcount" : {
        "mcount" : { "Connection timed out" : 13 }
      },
      "http_proto0" : {
        "mcount" : {
          "mcount" : { }
        }
      },
      "source_log" : {
        "delta" : [0, 0, 0]
      },
      "loggers" : {
        "brief_logger" : {
          "records" : [13, 13],
          "out" : [715, 715]
        }
      }
    }
  }
},
"2021-07-19 04:45:31.522 +0000" : {
  "main_scheduler" : {
    "bqs" : {
      "00029" : {
        "mmconts" : [335, 335, 335],
        "acts" : [2, 2],
        "tstate" : { "idle" : 998949, "run" : 710, "locked" : 0, "mmap" : 0 }
      },
      "00030" : {
        "mmconts" : [204, 210, 217],
        "acts" : [40, 40],
        "tstate" : { "idle" : 994248, "run" : 5411, "locked" : 0, "mmap" : 0 }
      },
      "00031" : {
        "mmconts" : [335, 335, 335],
        "acts" : [1, 1],
        "tstate" : { "idle" : 999059, "run" : 599, "locked" : 0, "mmap" : 0 }
      }
    }
  },
  "benchmark_io" : {
    "simple_times" : {
      "mcount" : {
        "mcount" : { "1000 -- 1584" : 13 }
      }
    },
    "stream_method" : {
      "conns" : [0, 0],
      "in" : [0, 0],
      "out" : [0, 0],
      "mmtasks" : [16, 16, 17],
      "load" : 0.810,
      "mcount" : {
        "mcount" : { "Connection timed out" : 13 }
      },
      "http_proto0" : {
        "mcount" : {
          "mcount" : { }
        }
      },
      "source_log" : {
        "delta" : [0, 0, 0]
      },
      "loggers" : {
        "brief_logger" : {
          "records" : [13, 13],
          "out" : [715, 715]
        }
      }
    }
  }
},
"2021-07-19 04:45:32.522 +0000" : {
  "main_scheduler" : {
    "bqs" : {
      "00029" : {
        "mmconts" : [335, 335, 335],
        "acts" : [2, 1],
        "tstate" : { "idle" : 999567, "run" : 560, "locked" : 0, "mmap" : 0 }
      },
      "00030" : {
        "mmconts" : [191, 197, 204],
        "acts" : [42, 41],
        "tstate" : { "idle" : 995521, "run" : 4606, "locked" : 0, "mmap" : 0 }
      },
      "00031" : {
        "mmconts" : [335, 335, 335],
        "acts" : [1, 0],
        "tstate" : { "idle" : 999656, "run" : 471, "locked" : 0, "mmap" : 0 }
      }
    }
  },
  "benchmark_io" : {
    "simple_times" : {
      "mcount" : {
        "mcount" : { "1000 -- 1584" : 13 }
      }
    },
    "stream_method" : {
      "conns" : [0, 0],
      "in" : [0, 0],
      "out" : [0, 0],
      "mmtasks" : [16, 17, 18],
      "load" : 0.806,
      "mcount" : {
        "mcount" : { "Connection timed out" : 13 }
      },
      "http_proto0" : {
        "mcount" : {
          "mcount" : { }
        }
      },
      "source_log" : {
        "delta" : [0, 0, 0]
      },
      "loggers" : {
        "brief_logger" : {
          "records" : [13, 12],
          "out" : [715, 714]
        }
      }
    }
  }
},
"2021-07-19 04:45:33.523 +0000" : {
  "main_scheduler" : {
    "bqs" : {
      "00029" : {
        "mmconts" : [335, 335, 335],
        "acts" : [2, 1],
        "tstate" : { "idle" : 1000070, "run" : 678, "locked" : 0, "mmap" : 0 }
      },
      "00030" : {
        "mmconts" : [177, 183, 191],
        "acts" : [44, 43],
        "tstate" : { "idle" : 994629, "run" : 6119, "locked" : 0, "mmap" : 0 }
      },
      "00031" : {
        "mmconts" : [335, 335, 335],
        "acts" : [1, 0],
        "tstate" : { "idle" : 1000140, "run" : 608, "locked" : 0, "mmap" : 0 }
      }
    }
  },
  "benchmark_io" : {
    "simple_times" : {
      "mcount" : {
        "mcount" : { "1000 -- 1584" : 14 }
      }
    },
    "stream_method" : {
      "conns" : [0, 0],
      "in" : [0, 0],
      "out" : [0, 0],
      "mmtasks" : [17, 17, 19],
      "load" : 0.806,
      "mcount" : {
        "mcount" : { "Connection timed out" : 14 }
      },
      "http_proto0" : {
        "mcount" : {
          "mcount" : { }
        }
      },
      "source_log" : {
        "delta" : [0, 0, 0]
      },
      "loggers" : {
        "brief_logger" : {
          "records" : [14, 13],
          "out" : [770, 769]
        }
      }
    }
  }
},
"2021-07-19 04:45:34.523 +0000" : {
  "main_scheduler" : {
    "bqs" : {
      "00029" : {
        "mmconts" : [335, 335, 335],
        "acts" : [2, 2],
        "tstate" : { "idle" : 998901, "run" : 961, "locked" : 0, "mmap" : 0 }
      },
      "00030" : {
        "mmconts" : [163, 169, 177],
        "acts" : [45, 45],
        "tstate" : { "idle" : 991927, "run" : 7935, "locked" : 0, "mmap" : 0 }
      },
      "00031" : {
        "mmconts" : [335, 335, 335],
        "acts" : [1, 1],
        "tstate" : { "idle" : 999186, "run" : 677, "locked" : 0, "mmap" : 0 }
      }
    }
  },
  "benchmark_io" : {
    "simple_times" : {
      "mcount" : {
        "mcount" : { "1000 -- 1584" : 14 }
      }
    },
    "stream_method" : {
      "conns" : [0, 0],
      "in" : [0, 0],
      "out" : [0, 0],
      "mmtasks" : [17, 17, 19],
      "load" : 0.810,
      "mcount" : {
        "mcount" : { "Connection timed out" : 14 }
      },
      "http_proto0" : {
        "mcount" : {
          "mcount" : { }
        }
      },
      "source_log" : {
        "delta" : [0, 0, 0]
      },
      "loggers" : {
        "brief_logger" : {
          "records" : [14, 14],
          "out" : [770, 770]
        }
      }
    }
  }
},
"2021-07-19 04:45:35.522 +0000" : {
  "main_scheduler" : {
    "bqs" : {
      "00029" : {
        "mmconts" : [335, 335, 335],
        "acts" : [2, 2],
        "tstate" : { "idle" : 998606, "run" : 729, "locked" : 0, "mmap" : 0 }
      },
      "00030" : {
        "mmconts" : [148, 155, 163],
        "acts" : [46, 46],
        "tstate" : { "idle" : 993271, "run" : 6064, "locked" : 0, "mmap" : 0 }
      },
      "00031" : {
        "mmconts" : [335, 335, 335],
        "acts" : [1, 1],
        "tstate" : { "idle" : 998698, "run" : 636, "locked" : 0, "mmap" : 0 }
      }
    }
  },
  "benchmark_io" : {
    "simple_times" : {
      "mcount" : {
        "mcount" : { "1000 -- 1584" : 15 }
      }
    },
    "stream_method" : {
      "conns" : [0, 0],
      "in" : [0, 0],
      "out" : [0, 0],
      "mmtasks" : [18, 18, 19],
      "load" : 0.810,
      "mcount" : {
        "mcount" : { "Connection timed out" : 15 }
      },
      "http_proto0" : {
        "mcount" : {
          "mcount" : { }
        }
      },
      "source_log" : {
        "delta" : [0, 0, 0]
      },
      "loggers" : {
        "brief_logger" : {
          "records" : [15, 15],
          "out" : [825, 825]
        }
      }
    }
  }
},
"2021-07-19 04:45:36.522 +0000" : {
  "main_scheduler" : {
    "bqs" : {
      "00029" : {
        "mmconts" : [335, 335, 335],
        "acts" : [2, 1],
        "tstate" : { "idle" : 999675, "run" : 581, "locked" : 0, "mmap" : 0 }
      },
      "00030" : {
        "mmconts" : [133, 140, 148],
        "acts" : [47, 46],
        "tstate" : { "idle" : 993947, "run" : 6309, "locked" : 0, "mmap" : 0 }
      },
      "00031" : {
        "mmconts" : [335, 335, 335],
        "acts" : [1, 0],
        "tstate" : { "idle" : 999739, "run" : 517, "locked" : 0, "mmap" : 0 }
      }
    }
  },
  "benchmark_io" : {
    "simple_times" : {
      "mcount" : {
        "mcount" : { "1000 -- 1584" : 15 }
      }
    },
    "stream_method" : {
      "conns" : [0, 0],
      "in" : [0, 0],
      "out" : [0, 0],
      "mmtasks" : [18, 18, 20],
      "load" : 0.811,
      "mcount" : {
        "mcount" : { "Connection timed out" : 15 }
      },
      "http_proto0" : {
        "mcount" : {
          "mcount" : { }
        }
      },
      "source_log" : {
        "delta" : [0, 0, 0]
      },
      "loggers" : {
        "brief_logger" : {
          "records" : [15, 14],
          "out" : [825, 824]
        }
      }
    }
  }
},
"2021-07-19 04:45:37.522 +0000" : {
  "main_scheduler" : {
    "bqs" : {
      "00029" : {
        "mmconts" : [335, 335, 335],
        "acts" : [2, 1],
        "tstate" : { "idle" : 999787, "run" : 559, "locked" : 0, "mmap" : 0 }
      },
      "00030" : {
        "mmconts" : [117, 125, 133],
        "acts" : [48, 47],
        "tstate" : { "idle" : 993976, "run" : 6370, "locked" : 0, "mmap" : 0 }
      },
      "00031" : {
        "mmconts" : [335, 335, 335],
        "acts" : [1, 0],
        "tstate" : { "idle" : 999873, "run" : 474, "locked" : 0, "mmap" : 0 }
      }
    }
  },
  "benchmark_io" : {
    "simple_times" : {
      "mcount" : {
        "mcount" : { "1000 -- 1584" : 16 }
      }
    },
    "stream_method" : {
      "conns" : [0, 0],
      "in" : [0, 0],
      "out" : [0, 0],
      "mmtasks" : [19, 19, 21],
      "load" : 0.808,
      "mcount" : {
        "mcount" : { "Connection timed out" : 16 }
      },
      "http_proto0" : {
        "mcount" : {
          "mcount" : { }
        }
      },
      "source_log" : {
        "delta" : [0, 0, 0]
      },
      "loggers" : {
        "brief_logger" : {
          "records" : [16, 15],
          "out" : [880, 879]
        }
      }
    }
  }
},
"2021-07-19 04:45:38.523 +0000" : {
  "main_scheduler" : {
    "bqs" : {
      "00029" : {
        "mmconts" : [335, 335, 335],
        "acts" : [2, 1],
        "tstate" : { "idle" : 999485, "run" : 736, "locked" : 0, "mmap" : 0 }
      },
      "00030" : {
        "mmconts" : [102, 109, 117],
        "acts" : [50, 49],
        "tstate" : { "idle" : 993636, "run" : 6584, "locked" : 0, "mmap" : 0 }
      },
      "00031" : {
        "mmconts" : [335, 335, 335],
        "acts" : [1, 0],
        "tstate" : { "idle" : 999609, "run" : 611, "locked" : 0, "mmap" : 0 }
      }
    }
  },
  "benchmark_io" : {
    "simple_times" : {
      "mcount" : {
        "mcount" : { "1000 -- 1584" : 15 }
      }
    },
    "stream_method" : {
      "conns" : [0, 0],
      "in" : [0, 0],
      "out" : [0, 0],
      "mmtasks" : [19, 20, 21],
      "load" : 0.809,
      "mcount" : {
        "mcount" : { "Connection timed out" : 15 }
      },
      "http_proto0" : {
        "mcount" : {
          "mcount" : { }
        }
      },
      "source_log" : {
        "delta" : [0, 0, 0]
      },
      "loggers" : {
        "brief_logger" : {
          "records" : [15, 14],
          "out" : [825, 824]
        }
      }
    }
  }
},
"2021-07-19 04:45:39.522 +0000" : {
  "main_scheduler" : {
    "bqs" : {
      "00029" : {
        "mmconts" : [335, 335, 335],
        "acts" : [2, 2],
        "tstate" : { "idle" : 999088, "run" : 694, "locked" : 0, "mmap" : 0 }
      },
      "00030" : {
        "mmconts" : [85, 93, 102],
        "acts" : [52, 52],
        "tstate" : { "idle" : 993049, "run" : 6734, "locked" : 0, "mmap" : 0 }
      },
      "00031" : {
        "mmconts" : [335, 335, 335],
        "acts" : [1, 1],
        "tstate" : { "idle" : 999163, "run" : 619, "locked" : 0, "mmap" : 0 }
      }
    }
  },
  "benchmark_io" : {
    "simple_times" : {
      "mcount" : {
        "mcount" : { "1000 -- 1584" : 17 }
      }
    },
    "stream_method" : {
      "conns" : [0, 0],
      "in" : [0, 0],
      "out" : [0, 0],
      "mmtasks" : [20, 20, 21],
      "load" : 0.809,
      "mcount" : {
        "mcount" : { "Connection timed out" : 17 }
      },
      "http_proto0" : {
        "mcount" : {
          "mcount" : { }
        }
      },
      "source_log" : {
        "delta" : [0, 0, 0]
      },
      "loggers" : {
        "brief_logger" : {
          "records" : [17, 17],
          "out" : [935, 935]
        }
      }
    }
  }
},
"2021-07-19 04:45:40.523 +0000" : {
  "main_scheduler" : {
    "bqs" : {
      "00029" : {
        "mmconts" : [335, 335, 335],
        "acts" : [4, 3],
        "tstate" : { "idle" : 999284, "run" : 902, "locked" : 0, "mmap" : 0 }
      },
      "00030" : {
        "mmconts" : [68, 76, 85],
        "acts" : [46, 45],
        "tstate" : { "idle" : 993822, "run" : 6364, "locked" : 0, "mmap" : 0 }
      },
      "00031" : {
        "mmconts" : [335, 335, 335],
        "acts" : [5, 4],
        "tstate" : { "idle" : 999169, "run" : 1017, "locked" : 0, "mmap" : 0 }
      }
    }
  },
  "benchmark_io" : {
    "simple_times" : {
      "mcount" : {
        "mcount" : { "1000 -- 1584" : 17 }
      }
    },
    "stream_method" : {
      "conns" : [0, 0],
      "in" : [0, 0],
      "out" : [0, 0],
      "mmtasks" : [20, 21, 22],
      "load" : 0.809,
      "mcount" : {
        "mcount" : { "Connection timed out" : 17 }
      },
      "http_proto0" : {
        "mcount" : {
          "mcount" : { }
        }
      },
      "source_log" : {
        "delta" : [0, 0, 0]
      },
      "loggers" : {
        "brief_logger" : {
          "records" : [17, 16],
          "out" : [935, 934]
        }
      }
    }
  }
},
"2021-07-19 04:45:41.522 +0000" : {
  "main_scheduler" : {
    "bqs" : {
      "00029" : {
        "mmconts" : [335, 335, 335],
        "acts" : [21, 21],
        "tstate" : { "idle" : 996722, "run" : 2727, "locked" : 0, "mmap" : 46 }
      },
      "00030" : {
        "mmconts" : [52, 59, 68],
        "acts" : [17, 17],
        "tstate" : { "idle" : 995981, "run" : 3514, "locked" : 0, "mmap" : 0 }
      },
      "00031" : {
        "mmconts" : [334, 334, 335],
        "acts" : [19, 19],
        "tstate" : { "idle" : 996896, "run" : 2599, "locked" : 0, "mmap" : 0 }
      }
    }
  },
  "benchmark_io" : {
    "simple_times" : {
      "mcount" : {
        "mcount" : { "1000 -- 1584" : 17 }
      }
    },
    "stream_method" : {
      "conns" : [0, 0],
      "in" : [0, 0],
      "out" : [0, 0],
      "mmtasks" : [21, 21, 23],
      "load" : 0.810,
      "mcount" : {
        "mcount" : { "Connection timed out" : 17 }
      },
      "http_proto0" : {
        "mcount" : {
          "mcount" : { }
        }
      },
      "source_log" : {
        "delta" : [0, 0, 0]
      },
      "loggers" : {
        "brief_logger" : {
          "records" : [17, 17],
          "out" : [935, 935]
        }
      }
    }
  }
},
"2021-07-19 04:45:42.522 +0000" : {
  "main_scheduler" : {
    "bqs" : {
      "00029" : {
        "mmconts" : [326, 330, 335],
        "acts" : [28, 27],
        "tstate" : { "idle" : 996436, "run" : 3642, "locked" : 0, "mmap" : 0 }
      },
      "00030" : {
        "mmconts" : [52, 52, 52],
        "acts" : [1, 0],
        "tstate" : { "idle" : 999546, "run" : 529, "locked" : 0, "mmap" : 0 }
      },
      "00031" : {
        "mmconts" : [325, 329, 334],
        "acts" : [28, 27],
        "tstate" : { "idle" : 996480, "run" : 3594, "locked" : 0, "mmap" : 0 }
      }
    }
  },
  "benchmark_io" : {
    "simple_times" : {
      "mcount" : {
        "mcount" : { "1000 -- 1584" : 18 }
      }
    },
    "stream_method" : {
      "conns" : [0, 0],
      "in" : [0, 0],
      "out" : [0, 0],
      "mmtasks" : [21, 22, 23],
      "load" : 0.810,
      "mcount" : {
        "mcount" : { "Connection timed out" : 18 }
      },
      "http_proto0" : {
        "mcount" : {
          "mcount" : { }
        }
      },
      "source_log" : {
        "delta" : [0, 0, 0]
      },
      "loggers" : {
        "brief_logger" : {
          "records" : [18, 17],
          "out" : [990, 989]
        }
      }
    }
  }
},
"2021-07-19 04:45:43.522 +0000" : {
  "main_scheduler" : {
    "bqs" : {
      "00029" : {
        "mmconts" : [317, 321, 326],
        "acts" : [28, 27],
        "tstate" : { "idle" : 996780, "run" : 3425, "locked" : 0, "mmap" : 0 }
      },
      "00030" : {
        "mmconts" : [52, 52, 52],
        "acts" : [1, 0],
        "tstate" : { "idle" : 999789, "run" : 428, "locked" : 0, "mmap" : 0 }
      },
      "00031" : {
        "mmconts" : [317, 321, 325],
        "acts" : [28, 27],
        "tstate" : { "idle" : 996992, "run" : 3227, "locked" : 0, "mmap" : 0 }
      }
    }
  },
  "benchmark_io" : {
    "simple_times" : {
      "mcount" : {
        "mcount" : { "1000 -- 1584" : 17 }
      }
    },
    "stream_method" : {
      "conns" : [0, 0],
      "in" : [0, 0],
      "out" : [0, 0],
      "mmtasks" : [22, 22, 23],
      "load" : 0.811,
      "mcount" : {
        "mcount" : { "Connection timed out" : 17 }
      },
      "http_proto0" : {
        "mcount" : {
          "mcount" : { }
        }
      },
      "source_log" : {
        "delta" : [0, 0, 0]
      },
      "loggers" : {
        "brief_logger" : {
          "records" : [17, 16],
          "out" : [935, 934]
        }
      }
    }
  }
},
"2021-07-19 04:45:44.523 +0000" : {
  "main_scheduler" : {
    "bqs" : {
      "00029" : {
        "mmconts" : [309, 312, 317],
        "acts" : [29, 28],
        "tstate" : { "idle" : 996174, "run" : 3876, "locked" : 0, "mmap" : 0 }
      },
      "00030" : {
        "mmconts" : [52, 52, 52],
        "acts" : [1, 0],
        "tstate" : { "idle" : 999506, "run" : 535, "locked" : 0, "mmap" : 0 }
      },
      "00031" : {
        "mmconts" : [307, 311, 317],
        "acts" : [29, 28],
        "tstate" : { "idle" : 995771, "run" : 4269, "locked" : 0, "mmap" : 0 }
      }
    }
  },
  "benchmark_io" : {
    "simple_times" : {
      "mcount" : {
        "mcount" : { "1000 -- 1584" : 18 }
      }
    },
    "stream_method" : {
      "conns" : [0, 0],
      "in" : [0, 0],
      "out" : [0, 0],
      "mmtasks" : [22, 23, 25],
      "load" : 0.800,
      "mcount" : {
        "mcount" : { "Connection timed out" : 18 }
      },
      "http_proto0" : {
        "mcount" : {
          "mcount" : { }
        }
      },
      "source_log" : {
        "delta" : [0, 0, 0]
      },
      "loggers" : {
        "brief_logger" : {
          "records" : [18, 17],
          "out" : [990, 989]
        }
      }
    }
  }
},
"2021-07-19 04:45:45.523 +0000" : {
  "main_scheduler" : {
    "bqs" : {
      "00029" : {
        "mmconts" : [300, 304, 309],
        "acts" : [32, 31],
        "tstate" : { "idle" : 996356, "run" : 3945, "locked" : 0, "mmap" : 0 }
      },
      "00030" : {
        "mmconts" : [52, 52, 52],
        "acts" : [1, 0],
        "tstate" : { "idle" : 999819, "run" : 482, "locked" : 0, "mmap" : 0 }
      },
      "00031" : {
        "mmconts" : [298, 302, 307],
        "acts" : [29, 28],
        "tstate" : { "idle" : 996453, "run" : 3848, "locked" : 0, "mmap" : 0 }
      }
    }
  },
  "benchmark_io" : {
    "simple_times" : {
      "mcount" : {
        "mcount" : { "1000 -- 1584" : 18 }
      }
    },
    "stream_method" : {
      "conns" : [0, 0],
      "in" : [0, 0],
      "out" : [0, 0],
      "mmtasks" : [24, 24, 26],
      "load" : 0.811,
      "mcount" : {
        "mcount" : { "Connection timed out" : 18 }
      },
      "http_proto0" : {
        "mcount" : {
          "mcount" : { }
        }
      },
      "source_log" : {
        "delta" : [0, 0, 0]
      },
      "loggers" : {
        "brief_logger" : {
          "records" : [18, 17],
          "out" : [990, 989]
        }
      }
    }
  }
},
"2021-07-19 04:45:46.523 +0000" : {
  "main_scheduler" : {
    "bqs" : {
      "00029" : {
        "mmconts" : [289, 294, 300],
        "acts" : [33, 32],
        "tstate" : { "idle" : 995287, "run" : 4749, "locked" : 0, "mmap" : 0 }
      },
      "00030" : {
        "mmconts" : [52, 52, 52],
        "acts" : [1, 0],
        "tstate" : { "idle" : 999451, "run" : 584, "locked" : 0, "mmap" : 0 }
      },
      "00031" : {
        "mmconts" : [289, 292, 298],
        "acts" : [30, 29],
        "tstate" : { "idle" : 995950, "run" : 4086, "locked" : 0, "mmap" : 0 }
      }
    }
  },
  "benchmark_io" : {
    "simple_times" : {
      "mcount" : {
        "mcount" : { "1000 -- 1584" : 20 }
      }
    },
    "stream_method" : {
      "conns" : [0, 0],
      "in" : [0, 0],
      "out" : [0, 0],
      "mmtasks" : [24, 25, 26],
      "load" : 0.809,
      "mcount" : {
        "mcount" : { "Connection timed out" : 20 }
      },
      "http_proto0" : {
        "mcount" : {
          "mcount" : { }
        }
      },
      "source_log" : {
        "delta" : [0, 0, 0]
      },
      "loggers" : {
        "brief_logger" : {
          "records" : [20, 19],
          "out" : [1100, 1099]
        }
      }
    }
  }
},
"2021-07-19 04:45:47.523 +0000" : {
  "main_scheduler" : {
    "bqs" : {
      "00029" : {
        "mmconts" : [279, 284, 289],
        "acts" : [32, 32],
        "tstate" : { "idle" : 995877, "run" : 4120, "locked" : 0, "mmap" : 0 }
      },
      "00030" : {
        "mmconts" : [52, 52, 52],
        "acts" : [1, 1],
        "tstate" : { "idle" : 999512, "run" : 486, "locked" : 0, "mmap" : 0 }
      },
      "00031" : {
        "mmconts" : [279, 283, 289],
        "acts" : [31, 31],
        "tstate" : { "idle" : 995875, "run" : 4122, "locked" : 0, "mmap" : 0 }
      }
    }
  },
  "benchmark_io" : {
    "simple_times" : {
      "mcount" : {
        "mcount" : { "1000 -- 1584" : 20 }
      }
    },
    "stream_method" : {
      "conns" : [0, 0],
      "in" : [0, 0],
      "out" : [0, 0],
      "mmtasks" : [25, 25, 26],
      "load" : 0.811,
      "mcount" : {
        "mcount" : { "Connection timed out" : 20 }
      },
      "http_proto0" : {
        "mcount" : {
          "mcount" : { }
        }
      },
      "source_log" : {
        "delta" : [0, 0, 0]
      },
      "loggers" : {
        "brief_logger" : {
          "records" : [20, 20],
          "out" : [1100, 1100]
        }
      }
    }
  }
},
"2021-07-19 04:45:48.522 +0000" : {
  "main_scheduler" : {
    "bqs" : {
      "00029" : {
        "mmconts" : [269, 274, 279],
        "acts" : [32, 32],
        "tstate" : { "idle" : 994974, "run" : 4216, "locked" : 0, "mmap" : 0 }
      },
      "00030" : {
        "mmconts" : [52, 52, 52],
        "acts" : [1, 1],
        "tstate" : { "idle" : 998803, "run" : 387, "locked" : 0, "mmap" : 0 }
      },
      "00031" : {
        "mmconts" : [269, 273, 279],
        "acts" : [32, 32],
        "tstate" : { "idle" : 994475, "run" : 4715, "locked" : 0, "mmap" : 0 }
      }
    }
  },
  "benchmark_io" : {
    "simple_times" : {
      "mcount" : {
        "mcount" : { "1000 -- 1584" : 20 }
      }
    },
    "stream_method" : {
      "conns" : [0, 0],
      "in" : [0, 0],
      "out" : [0, 0],
      "mmtasks" : [25, 26, 27],
      "load" : 0.810,
      "mcount" : {
        "mcount" : { "Connection timed out" : 20 }
      },
      "http_proto0" : {
        "mcount" : {
          "mcount" : { }
        }
      },
      "source_log" : {
        "delta" : [0, 0, 0]
      },
      "loggers" : {
        "brief_logger" : {
          "records" : [20, 20],
          "out" : [1100, 1100]
        }
      }
    }
  }
},
"2021-07-19 04:45:49.523 +0000" : {
  "main_scheduler" : {
    "bqs" : {
      "00029" : {
        "mmconts" : [259, 264, 269],
        "acts" : [33, 32],
        "tstate" : { "idle" : 996159, "run" : 4576, "locked" : 0, "mmap" : 0 }
      },
      "00030" : {
        "mmconts" : [52, 52, 52],
        "acts" : [1, 0],
        "tstate" : { "idle" : 1000241, "run" : 494, "locked" : 0, "mmap" : 0 }
      },
      "00031" : {
        "mmconts" : [258, 263, 269],
        "acts" : [33, 32],
        "tstate" : { "idle" : 995884, "run" : 4851, "locked" : 0, "mmap" : 0 }
      }
    }
  },
  "benchmark_io" : {
    "simple_times" : {
      "mcount" : {
        "mcount" : { "1000 -- 1584" : 21 }
      }
    },
    "stream_method" : {
      "conns" : [0, 0],
      "in" : [0, 0],
      "out" : [0, 0],
      "mmtasks" : [26, 26, 27],
      "load" : 0.810,
      "mcount" : {
        "mcount" : { "Connection timed out" : 21 }
      },
      "http_proto0" : {
        "mcount" : {
          "mcount" : { }
        }
      },
      "source_log" : {
        "delta" : [0, 0, 0]
      },
      "loggers" : {
        "brief_logger" : {
          "records" : [21, 20],
          "out" : [1155, 1154]
        }
      }
    }
  }
},
"2021-07-19 04:45:50.522 +0000" : {
  "main_scheduler" : {
    "bqs" : {
      "00029" : {
        "mmconts" : [249, 253, 259],
        "acts" : [36, 36],
        "tstate" : { "idle" : 994160, "run" : 4957, "locked" : 0, "mmap" : 0 }
      },
      "00030" : {
        "mmconts" : [52, 52, 52],
        "acts" : [1, 1],
        "tstate" : { "idle" : 998724, "run" : 394, "locked" : 0, "mmap" : 0 }
      },
      "00031" : {
        "mmconts" : [248, 253, 258],
        "acts" : [30, 30],
        "tstate" : { "idle" : 994504, "run" : 4614, "locked" : 0, "mmap" : 0 }
      }
    }
  },
  "benchmark_io" : {
    "simple_times" : {
      "mcount" : {
        "mcount" : { "1000 -- 1584" : 20 }
      }
    },
    "stream_method" : {
      "conns" : [0, 0],
      "in" : [0, 0],
      "out" : [0, 0],
      "mmtasks" : [26, 27, 29],
      "load" : 0.804,
      "mcount" : {
        "mcount" : { "Connection timed out" : 20 }
      },
      "http_proto0" : {
        "mcount" : {
          "mcount" : { }
        }
      },
      "source_log" : {
        "delta" : [0, 0, 0]
      },
      "loggers" : {
        "brief_logger" : {
          "records" : [20, 20],
          "out" : [1100, 1100]
        }
      }
    }
  }
},
"2021-07-19 04:45:51.522 +0000" : {
  "main_scheduler" : {
    "bqs" : {
      "00029" : {
        "mmconts" : [237, 242, 249],
        "acts" : [34, 33],
        "tstate" : { "idle" : 995371, "run" : 4905, "locked" : 0, "mmap" : 0 }
      },
      "00030" : {
        "mmconts" : [52, 52, 52],
        "acts" : [1, 0],
        "tstate" : { "idle" : 999739, "run" : 536, "locked" : 0, "mmap" : 0 }
      },
      "00031" : {
        "mmconts" : [238, 242, 248],
        "acts" : [34, 33],
        "tstate" : { "idle" : 995429, "run" : 4801, "locked" : 0, "mmap" : 46 }
      }
    }
  },
  "benchmark_io" : {
    "simple_times" : {
      "mcount" : {
        "mcount" : { "1000 -- 1584" : 22 }
      }
    },
    "stream_method" : {
      "conns" : [0, 0],
      "in" : [0, 0],
      "out" : [0, 0],
      "mmtasks" : [27, 27, 28],
      "load" : 0.811,
      "mcount" : {
        "mcount" : { "Connection timed out" : 22 }
      },
      "http_proto0" : {
        "mcount" : {
          "mcount" : { }
        }
      },
      "source_log" : {
        "delta" : [0, 0, 0]
      },
      "loggers" : {
        "brief_logger" : {
          "records" : [22, 21],
          "out" : [1210, 1209]
        }
      }
    }
  }
},
"2021-07-19 04:45:52.522 +0000" : {
  "main_scheduler" : {
    "bqs" : {
      "00029" : {
        "mmconts" : [227, 231, 237],
        "acts" : [35, 35],
        "tstate" : { "idle" : 995014, "run" : 4854, "locked" : 0, "mmap" : 0 }
      },
      "00030" : {
        "mmconts" : [52, 52, 52],
        "acts" : [1, 1],
        "tstate" : { "idle" : 999245, "run" : 623, "locked" : 0, "mmap" : 0 }
      },
      "00031" : {
        "mmconts" : [227, 232, 238],
        "acts" : [34, 34],
        "tstate" : { "idle" : 994950, "run" : 4917, "locked" : 0, "mmap" : 0 }
      }
    }
  },
  "benchmark_io" : {
    "simple_times" : {
      "mcount" : {
        "mcount" : { "1000 -- 1584" : 21 }
      }
    },
    "stream_method" : {
      "conns" : [0, 0],
      "in" : [0, 0],
      "out" : [0, 0],
      "mmtasks" : [27, 28, 29],
      "load" : 0.809,
      "mcount" : {
        "mcount" : { "Connection timed out" : 21 }
      },
      "http_proto0" : {
        "mcount" : {
          "mcount" : { }
        }
      },
      "source_log" : {
        "delta" : [0, 0, 0]
      },
      "loggers" : {
        "brief_logger" : {
          "records" : [21, 21],
          "out" : [1155, 1155]
        }
      }
    }
  }
},
"2021-07-19 04:45:53.523 +0000" : {
  "main_scheduler" : {
    "bqs" : {
      "00029" : {
        "mmconts" : [214, 220, 227],
        "acts" : [38, 37],
        "tstate" : { "idle" : 996023, "run" : 4296, "locked" : 0, "mmap" : 196 }
      },
      "00030" : {
        "mmconts" : [52, 52, 52],
        "acts" : [1, 0],
        "tstate" : { "idle" : 1000105, "run" : 410, "locked" : 0, "mmap" : 0 }
      },
      "00031" : {
        "mmconts" : [216, 221, 227],
        "acts" : [35, 34],
        "tstate" : { "idle" : 996454, "run" : 3922, "locked" : 0, "mmap" : 139 }
      }
    }
  },
  "benchmark_io" : {
    "simple_times" : {
      "mcount" : {
        "mcount" : { "10000 --" : 1, "1000 -- 1584" : 23 }
      }
    },
    "stream_method" : {
      "conns" : [0, 0],
      "in" : [0, 0],
      "out" : [0, 0],
      "mmtasks" : [27, 28, 30],
      "load" : 0.595,
      "mcount" : {
        "mcount" : { "Connection timed out" : 24 }
      },
      "http_proto0" : {
        "mcount" : {
          "mcount" : { }
        }
      },
      "source_log" : {
        "delta" : [0, 0, 0]
      },
      "loggers" : {
        "brief_logger" : {
          "records" : [24, 23],
          "out" : [1324, 1323]
        }
      }
    }
  }
},
"2021-07-19 04:45:54.522 +0000" : {
  "main_scheduler" : {
    "bqs" : {
      "00029" : {
        "mmconts" : [203, 208, 214],
        "acts" : [35, 35],
        "tstate" : { "idle" : 994864, "run" : 4777, "locked" : 0, "mmap" : 219 }
      },
      "00030" : {
        "mmconts" : [52, 52, 52],
        "acts" : [1, 1],
        "tstate" : { "idle" : 999385, "run" : 475, "locked" : 0, "mmap" : 0 }
      },
      "00031" : {
        "mmconts" : [205, 210, 216],
        "acts" : [36, 36],
        "tstate" : { "idle" : 994723, "run" : 4940, "locked" : 0, "mmap" : 197 }
      }
    }
  },
  "benchmark_io" : {
    "simple_times" : {
      "mcount" : {
        "mcount" : { "1000 -- 1584" : 22 }
      }
    },
    "stream_method" : {
      "conns" : [0, 0],
      "in" : [0, 0],
      "out" : [0, 0],
      "mmtasks" : [28, 28, 30],
      "load" : 0.808,
      "mcount" : {
        "mcount" : { "Connection timed out" : 22 }
      },
      "http_proto0" : {
        "mcount" : {
          "mcount" : { }
        }
      },
      "source_log" : {
        "delta" : [0, 0, 0]
      },
      "loggers" : {
        "brief_logger" : {
          "records" : [22, 22],
          "out" : [1210, 1210]
        }
      }
    }
  }
},
"2021-07-19 04:45:55.522 +0000" : {
  "main_scheduler" : {
    "bqs" : {
      "00029" : {
        "mmconts" : [192, 197, 203],
        "acts" : [37, 37],
        "tstate" : { "idle" : 994615, "run" : 4742, "locked" : 0, "mmap" : 183 }
      },
      "00030" : {
        "mmconts" : [52, 52, 52],
        "acts" : [1, 1],
        "tstate" : { "idle" : 998910, "run" : 630, "locked" : 0, "mmap" : 0 }
      },
      "00031" : {
        "mmconts" : [192, 198, 205],
        "acts" : [37, 37],
        "tstate" : { "idle" : 994438, "run" : 4876, "locked" : 0, "mmap" : 226 }
      }
    }
  },
  "benchmark_io" : {
    "simple_times" : {
      "mcount" : {
        "mcount" : { "1000 -- 1584" : 24 }
      }
    },
    "stream_method" : {
      "conns" : [0, 0],
      "in" : [0, 0],
      "out" : [0, 0],
      "mmtasks" : [28, 28, 30],
      "load" : 0.810,
      "mcount" : {
        "mcount" : { "Connection timed out" : 24 }
      },
      "http_proto0" : {
        "mcount" : {
          "mcount" : { }
        }
      },
      "source_log" : {
        "delta" : [0, 0, 0]
      },
      "loggers" : {
        "brief_logger" : {
          "records" : [24, 24],
          "out" : [1320, 1320]
        }
      }
    }
  }
},
"2021-07-19 04:45:56.522 +0000" : {
  "main_scheduler" : {
    "bqs" : {
      "00029" : {
        "mmconts" : [180, 186, 192],
        "acts" : [37, 36],
        "tstate" : { "idle" : 994964, "run" : 5171, "locked" : 0, "mmap" : 222 }
      },
      "00030" : {
        "mmconts" : [52, 52, 52],
        "acts" : [1, 0],
        "tstate" : { "idle" : 999885, "run" : 472, "locked" : 0, "mmap" : 0 }
      },
      "00031" : {
        "mmconts" : [181, 186, 192],
        "acts" : [36, 35],
        "tstate" : { "idle" : 995574, "run" : 4591, "locked" : 0, "mmap" : 192 }
      }
    }
  },
  "benchmark_io" : {
    "simple_times" : {
      "mcount" : {
        "mcount" : { "1000 -- 1584" : 23 }
      }
    },
    "stream_method" : {
      "conns" : [0, 0],
      "in" : [0, 0],
      "out" : [0, 0],
      "mmtasks" : [28, 29, 31],
      "load" : 0.808,
      "mcount" : {
        "mcount" : { "Connection timed out" : 23 }
      },
      "http_proto0" : {
        "mcount" : {
          "mcount" : { }
        }
      },
      "source_log" : {
        "delta" : [0, 0, 0]
      },
      "loggers" : {
        "brief_logger" : {
          "records" : [23, 22],
          "out" : [1265, 1264]
        }
      }
    }
  }
},
"2021-07-19 04:45:57.522 +0000" : {
  "main_scheduler" : {
    "bqs" : {
      "00029" : {
        "mmconts" : [168, 174, 180],
        "acts" : [38, 37],
        "tstate" : { "idle" : 995269, "run" : 4634, "locked" : 0, "mmap" : 205 }
      },
      "00030" : {
        "mmconts" : [52, 52, 52],
        "acts" : [1, 0],
        "tstate" : { "idle" : 999761, "run" : 347, "locked" : 0, "mmap" : 0 }
      },
      "00031" : {
        "mmconts" : [169, 174, 181],
        "acts" : [38, 37],
        "tstate" : { "idle" : 994923, "run" : 4945, "locked" : 0, "mmap" : 241 }
      }
    }
  },
  "benchmark_io" : {
    "simple_times" : {
      "mcount" : {
        "mcount" : { "1000 -- 1584" : 24 }
      }
    },
    "stream_method" : {
      "conns" : [0, 0],
      "in" : [0, 0],
      "out" : [0, 0],
      "mmtasks" : [29, 29, 31],
      "load" : 0.810,
      "mcount" : {
        "mcount" : { "Connection timed out" : 24 }
      },
      "http_proto0" : {
        "mcount" : {
          "mcount" : { }
        }
      },
      "source_log" : {
        "delta" : [0, 0, 0]
      },
      "loggers" : {
        "brief_logger" : {
          "records" : [24, 23],
          "out" : [1320, 1319]
        }
      }
    }
  }
},
"2021-07-19 04:45:58.522 +0000" : {
  "main_scheduler" : {
    "bqs" : {
      "00029" : {
        "mmconts" : [157, 162, 168],
        "acts" : [38, 38],
        "tstate" : { "idle" : 994143, "run" : 5088, "locked" : 0, "mmap" : 210 }
      },
      "00030" : {
        "mmconts" : [52, 52, 52],
        "acts" : [1, 1],
        "tstate" : { "idle" : 998985, "run" : 456, "locked" : 0, "mmap" : 0 }
      },
      "00031" : {
        "mmconts" : [156, 162, 169],
        "acts" : [39, 39],
        "tstate" : { "idle" : 993849, "run" : 5367, "locked" : 0, "mmap" : 225 }
      }
    }
  },
  "benchmark_io" : {
    "simple_times" : {
      "mcount" : {
        "mcount" : { "1000 -- 1584" : 24 }
      }
    },
    "stream_method" : {
      "conns" : [0, 0],
      "in" : [0, 0],
      "out" : [0, 0],
      "mmtasks" : [29, 30, 31],
      "load" : 0.809,
      "mcount" : {
        "mcount" : { "Connection timed out" : 24 }
      },
      "http_proto0" : {
        "mcount" : {
          "mcount" : { }
        }
      },
      "source_log" : {
        "delta" : [0, 0, 0]
      },
      "loggers" : {
        "brief_logger" : {
          "records" : [24, 24],
          "out" : [1320, 1320]
        }
      }
    }
  }
},
"2021-07-19 04:45:59.522 +0000" : {
  "main_scheduler" : {
    "bqs" : {
      "00029" : {
        "mmconts" : [144, 150, 157],
        "acts" : [41, 40],
        "tstate" : { "idle" : 994374, "run" : 5581, "locked" : 0, "mmap" : 240 }
      },
      "00030" : {
        "mmconts" : [52, 52, 52],
        "acts" : [1, 0],
        "tstate" : { "idle" : 999610, "run" : 594, "locked" : 0, "mmap" : 0 }
      },
      "00031" : {
        "mmconts" : [144, 150, 156],
        "acts" : [37, 36],
        "tstate" : { "idle" : 995136, "run" : 4871, "locked" : 0, "mmap" : 196 }
      }
    }
  },
  "benchmark_io" : {
    "simple_times" : {
      "mcount" : {
        "mcount" : { "1000 -- 1584" : 25 }
      }
    },
    "stream_method" : {
      "conns" : [0, 0],
      "in" : [0, 0],
      "out" : [0, 0],
      "mmtasks" : [30, 30, 32],
      "load" : 0.810,
      "mcount" : {
        "mcount" : { "Connection timed out" : 25 }
      },
      "http_proto0" : {
        "mcount" : {
          "mcount" : { }
        }
      },
      "source_log" : {
        "delta" : [0, 0, 0]
      },
      "loggers" : {
        "brief_logger" : {
          "records" : [25, 24],
          "out" : [1375, 1374]
        }
      }
    }
  }
},
"2021-07-19 04:46:00.522 +0000" : {
  "main_scheduler" : {
    "bqs" : {
      "00029" : {
        "mmconts" : [131, 137, 144],
        "acts" : [41, 40],
        "tstate" : { "idle" : 992658, "run" : 7479, "locked" : 0, "mmap" : 252 }
      },
      "00030" : {
        "mmconts" : [52, 52, 52],
        "acts" : [1, 0],
        "tstate" : { "idle" : 999738, "run" : 642, "locked" : 0, "mmap" : 0 }
      },
      "00031" : {
        "mmconts" : [132, 138, 144],
        "acts" : [38, 37],
        "tstate" : { "idle" : 995357, "run" : 4830, "locked" : 0, "mmap" : 193 }
      }
    }
  },
  "benchmark_io" : {
    "simple_times" : {
      "mcount" : {
        "mcount" : { "1000 -- 1584" : 25 }
      }
    },
    "stream_method" : {
      "conns" : [0, 0],
      "in" : [0, 0],
      "out" : [0, 0],
      "mmtasks" : [31, 31, 32],
      "load" : 0.809,
      "mcount" : {
        "mcount" : { "Connection timed out" : 25 }
      },
      "http_proto0" : {
        "mcount" : {
          "mcount" : { }
        }
      },
      "source_log" : {
        "delta" : [0, 0, 0]
      },
      "loggers" : {
        "brief_logger" : {
          "records" : [25, 24],
          "out" : [1375, 1374]
        }
      }
    }
  }
},
"2021-07-19 04:46:01.522 +0000" : {
  "main_scheduler" : {
    "bqs" : {
      "00029" : {
        "mmconts" : [118, 124, 131],
        "acts" : [42, 42],
        "tstate" : { "idle" : 993697, "run" : 5734, "locked" : 0, "mmap" : 218 }
      },
      "00030" : {
        "mmconts" : [52, 52, 52],
        "acts" : [1, 1],
        "tstate" : { "idle" : 999139, "run" : 510, "locked" : 0, "mmap" : 0 }
      },
      "00031" : {
        "mmconts" : [119, 125, 132],
        "acts" : [39, 39],
        "tstate" : { "idle" : 994396, "run" : 5029, "locked" : 0, "mmap" : 225 }
      }
    }
  },
  "benchmark_io" : {
    "simple_times" : {
      "mcount" : {
        "mcount" : { "1000 -- 1584" : 26 }
      }
    },
    "stream_method" : {
      "conns" : [0, 0],
      "in" : [0, 0],
      "out" : [0, 0],
      "mmtasks" : [31, 31, 33],
      "load" : 0.810,
      "mcount" : {
        "mcount" : { "Connection timed out" : 26 }
      },
      "http_proto0" : {
        "mcount" : {
          "mcount" : { }
        }
      },
      "source_log" : {
        "delta" : [0, 0, 0]
      },
      "loggers" : {
        "brief_logger" : {
          "records" : [26, 26],
          "out" : [1430, 1430]
        }
      }
    }
  }
},
"2021-07-19 04:46:02.523 +0000" : {
  "main_scheduler" : {
    "bqs" : {
      "00029" : {
        "mmconts" : [105, 111, 118],
        "acts" : [40, 39],
        "tstate" : { "idle" : 994870, "run" : 5424, "locked" : 0, "mmap" : 244 }
      },
      "00030" : {
        "mmconts" : [52, 52, 52],
        "acts" : [1, 0],
        "tstate" : { "idle" : 1000085, "run" : 453, "locked" : 0, "mmap" : 0 }
      },
      "00031" : {
        "mmconts" : [107, 113, 119],
        "acts" : [41, 40],
        "tstate" : { "idle" : 994985, "run" : 5366, "locked" : 0, "mmap" : 187 }
      }
    }
  },
  "benchmark_io" : {
    "simple_times" : {
      "mcount" : {
        "mcount" : { "1000 -- 1584" : 25 }
      }
    },
    "stream_method" : {
      "conns" : [0, 0],
      "in" : [0, 0],
      "out" : [0, 0],
      "mmtasks" : [32, 32, 33],
      "load" : 0.810,
      "mcount" : {
        "mcount" : { "Connection timed out" : 25 }
      },
      "http_proto0" : {
        "mcount" : {
          "mcount" : { }
        }
      },
      "source_log" : {
        "delta" : [0, 0, 0]
      },
      "loggers" : {
        "brief_logger" : {
          "records" : [25, 24],
          "out" : [1375, 1374]
        }
      }
    }
  }
},
"2021-07-19 04:46:03.523 +0000" : {
  "main_scheduler" : {
    "bqs" : {
      "00029" : {
        "mmconts" : [92, 98, 105],
        "acts" : [37, 36],
        "tstate" : { "idle" : 994864, "run" : 4936, "locked" : 0, "mmap" : 242 }
      },
      "00030" : {
        "mmconts" : [52, 52, 52],
        "acts" : [1, 0],
        "tstate" : { "idle" : 999512, "run" : 527, "locked" : 0, "mmap" : 0 }
      },
      "00031" : {
        "mmconts" : [93, 99, 107],
        "acts" : [46, 45],
        "tstate" : { "idle" : 993729, "run" : 6087, "locked" : 0, "mmap" : 221 }
      }
    }
  },
  "benchmark_io" : {
    "simple_times" : {
      "mcount" : {
        "mcount" : { "1000 -- 1584" : 27 }
      }
    },
    "stream_method" : {
      "conns" : [0, 0],
      "in" : [0, 0],
      "out" : [0, 0],
      "mmtasks" : [32, 32, 34],
      "load" : 0.810,
      "mcount" : {
        "mcount" : { "Connection timed out" : 27 }
      },
      "http_proto0" : {
        "mcount" : {
          "mcount" : { }
        }
      },
      "source_log" : {
        "delta" : [0, 0, 0]
      },
      "loggers" : {
        "brief_logger" : {
          "records" : [27, 26],
          "out" : [1485, 1484]
        }
      }
    }
  }
},
"2021-07-19 04:46:04.522 +0000" : {
  "main_scheduler" : {
    "bqs" : {
      "00029" : {
        "mmconts" : [81, 86, 92],
        "acts" : [40, 40],
        "tstate" : { "idle" : 994916, "run" : 4304, "locked" : 0, "mmap" : 186 }
      },
      "00030" : {
        "mmconts" : [52, 52, 52],
        "acts" : [1, 1],
        "tstate" : { "idle" : 998990, "run" : 419, "locked" : 0, "mmap" : 0 }
      },
      "00031" : {
        "mmconts" : [78, 85, 93],
        "acts" : [44, 44],
        "tstate" : { "idle" : 993885, "run" : 5293, "locked" : 0, "mmap" : 233 }
      }
    }
  },
  "benchmark_io" : {
    "simple_times" : {
      "mcount" : {
        "mcount" : { "1000 -- 1584" : 26 }
      }
    },
    "stream_method" : {
      "conns" : [0, 0],
      "in" : [0, 0],
      "out" : [0, 0],
      "mmtasks" : [33, 33, 34],
      "load" : 0.808,
      "mcount" : {
        "mcount" : { "Connection timed out" : 26 }
      },
      "http_proto0" : {
        "mcount" : {
          "mcount" : { }
        }
      },
      "source_log" : {
        "delta" : [0, 0, 0]
      },
      "loggers" : {
        "brief_logger" : {
          "records" : [26, 26],
          "out" : [1430, 1430]
        }
      }
    }
  }
},
"2021-07-19 04:46:05.523 +0000" : {
  "main_scheduler" : {
    "bqs" : {
      "00029" : {
        "mmconts" : [67, 74, 81],
        "acts" : [44, 43],
        "tstate" : { "idle" : 994336, "run" : 6059, "locked" : 0, "mmap" : 261 }
      },
      "00030" : {
        "mmconts" : [52, 52, 52],
        "acts" : [1, 0],
        "tstate" : { "idle" : 1000051, "run" : 606, "locked" : 0, "mmap" : 0 }
      },
      "00031" : {
        "mmconts" : [64, 70, 78],
        "acts" : [42, 41],
        "tstate" : { "idle" : 994766, "run" : 5676, "locked" : 0, "mmap" : 214 }
      }
    }
  },
  "benchmark_io" : {
    "simple_times" : {
      "mcount" : {
        "mcount" : { "1000 -- 1584" : 28 }
      }
    },
    "stream_method" : {
      "conns" : [0, 0],
      "in" : [0, 0],
      "out" : [0, 0],
      "mmtasks" : [33, 33, 35],
      "load" : 0.809,
      "mcount" : {
        "mcount" : { "Connection timed out" : 28 }
      },
      "http_proto0" : {
        "mcount" : {
          "mcount" : { }
        }
      },
      "source_log" : {
        "delta" : [0, 0, 0]
      },
      "loggers" : {
        "brief_logger" : {
          "records" : [28, 27],
          "out" : [1540, 1539]
        }
      }
    }
  }
},
"2021-07-19 04:46:06.523 +0000" : {
  "main_scheduler" : {
    "bqs" : {
      "00029" : {
        "mmconts" : [54, 60, 67],
        "acts" : [39, 38],
        "tstate" : { "idle" : 992670, "run" : 7235, "locked" : 0, "mmap" : 240 }
      },
      "00030" : {
        "mmconts" : [52, 52, 52],
        "acts" : [1, 0],
        "tstate" : { "idle" : 999576, "run" : 568, "locked" : 0, "mmap" : 0 }
      },
      "00031" : {
        "mmconts" : [50, 56, 64],
        "acts" : [46, 45],
        "tstate" : { "idle" : 993510, "run" : 6387, "locked" : 0, "mmap" : 248 }
      }
    }
  },
  "benchmark_io" : {
    "simple_times" : {
      "mcount" : {
        "mcount" : { "1000 -- 1584" : 27 }
      }
    },
    "stream_method" : {
      "conns" : [0, 0],
      "in" : [0, 0],
      "out" : [0, 0],
      "mmtasks" : [34, 34, 36],
      "load" : 0.808,
      "mcount" : {
        "mcount" : { "Connection timed out" : 27 }
      },
      "http_proto0" : {
        "mcount" : {
          "mcount" : { }
        }
      },
      "source_log" : {
        "delta" : [0, 0, 0]
      },
      "loggers" : {
        "brief_logger" : {
          "records" : [27, 26],
          "out" : [1485, 1484]
        }
      }
    }
  }
},
"2021-07-19 04:46:07.523 +0000" : {
  "main_scheduler" : {
    "bqs" : {
      "00029" : {
        "mmconts" : [42, 47, 54],
        "acts" : [42, 42],
        "tstate" : { "idle" : 994076, "run" : 5701, "locked" : 0, "mmap" : 203 }
      },
      "00030" : {
        "mmconts" : [52, 52, 52],
        "acts" : [1, 1],
        "tstate" : { "idle" : 999385, "run" : 595, "locked" : 0, "mmap" : 0 }
      },
      "00031" : {
        "mmconts" : [35, 42, 50],
        "acts" : [47, 47],
        "tstate" : { "idle" : 993294, "run" : 6427, "locked" : 0, "mmap" : 259 }
      }
    }
  },
  "benchmark_io" : {
    "simple_times" : {
      "mcount" : {
        "mcount" : { "1000 -- 1584" : 27 }
      }
    },
    "stream_method" : {
      "conns" : [0, 0],
      "in" : [0, 0],
      "out" : [0, 0],
      "mmtasks" : [34, 35, 37],
      "load" : 0.809,
      "mcount" : {
        "mcount" : { "Connection timed out" : 27 }
      },
      "http_proto0" : {
        "mcount" : {
          "mcount" : { }
        }
      },
      "source_log" : {
        "delta" : [0, 0, 0]
      },
      "loggers" : {
        "brief_logger" : {
          "records" : [27, 27],
          "out" : [1485, 1485]
        }
      }
    }
  }
},
"2021-07-19 04:46:08.522 +0000" : {
  "main_scheduler" : {
    "bqs" : {
      "00029" : {
        "mmconts" : [28, 34, 42],
        "acts" : [44, 44],
        "tstate" : { "idle" : 993637, "run" : 5752, "locked" : 0, "mmap" : 233 }
      },
      "00030" : {
        "mmconts" : [52, 52, 52],
        "acts" : [1, 1],
        "tstate" : { "idle" : 999103, "run" : 519, "locked" : 0, "mmap" : 0 }
      },
      "00031" : {
        "mmconts" : [19, 26, 35],
        "acts" : [47, 47],
        "tstate" : { "idle" : 992911, "run" : 6438, "locked" : 0, "mmap" : 272 }
      }
    }
  },
  "benchmark_io" : {
    "simple_times" : {
      "mcount" : {
        "mcount" : { "1000 -- 1584" : 30 }
      }
    },
    "stream_method" : {
      "conns" : [0, 0],
      "in" : [0, 0],
      "out" : [0, 0],
      "mmtasks" : [35, 35, 37],
      "load" : 0.803,
      "mcount" : {
        "mcount" : { "Connection timed out" : 30 }
      },
      "http_proto0" : {
        "mcount" : {
          "mcount" : { }
        }
      },
      "source_log" : {
        "delta" : [0, 0, 0]
      },
      "loggers" : {
        "brief_logger" : {
          "records" : [30, 30],
          "out" : [1650, 1650]
        }
      }
    }
  }
},
"2021-07-19 04:46:09.522 +0000" : {
  "main_scheduler" : {
    "bqs" : {
      "00029" : {
        "mmconts" : [14, 21, 28],
        "acts" : [36, 36],
        "tstate" : { "idle" : 994781, "run" : 4948, "locked" : 0, "mmap" : 230 }
      },
      "00030" : {
        "mmconts" : [52, 52, 52],
        "acts" : [36, 36],
        "tstate" : { "idle" : 996441, "run" : 3518, "locked" : 0, "mmap" : 0 }
      },
      "00031" : {
        "mmconts" : [4, 11, 19],
        "acts" : [19, 19],
        "tstate" : { "idle" : 996435, "run" : 3254, "locked" : 0, "mmap" : 270 }
      }
    }
  },
  "benchmark_io" : {
    "simple_times" : {
      "mcount" : {
        "mcount" : { "1000 -- 1584" : 29 }
      }
    },
    "stream_method" : {
      "conns" : [0, 0],
      "in" : [0, 0],
      "out" : [0, 0],
      "mmtasks" : [35, 36, 37],
      "load" : 0.808,
      "mcount" : {
        "mcount" : { "Connection timed out" : 29 }
      },
      "http_proto0" : {
        "mcount" : {
          "mcount" : { }
        }
      },
      "source_log" : {
        "delta" : [0, 0, 0]
      },
      "loggers" : {
        "brief_logger" : {
          "records" : [29, 29],
          "out" : [1595, 1595]
        }
      }
    }
  }
},
"2021-07-19 04:46:10.522 +0000" : {
  "main_scheduler" : {
    "bqs" : {
      "00029" : {
        "mmconts" : [2, 5, 14],
        "acts" : [14, 13],
        "tstate" : { "idle" : 997154, "run" : 2636, "locked" : 0, "mmap" : 219 }
      },
      "00030" : {
        "mmconts" : [38, 48, 52],
        "acts" : [74, 73],
        "tstate" : { "idle" : 991509, "run" : 8228, "locked" : 0, "mmap" : 272 }
      },
      "00031" : {
        "mmconts" : [1, 1, 4],
        "acts" : [4, 3],
        "tstate" : { "idle" : 998877, "run" : 1080, "locked" : 0, "mmap" : 52 }
      }
    }
  },
  "benchmark_io" : {
    "simple_times" : {
      "mcount" : {
        "mcount" : { "1000 -- 1584" : 29 }
      }
    },
    "stream_method" : {
      "conns" : [0, 0],
      "in" : [0, 0],
      "out" : [0, 0],
      "mmtasks" : [36, 36, 38],
      "load" : 0.811,
      "mcount" : {
        "mcount" : { "Connection timed out" : 29 }
      },
      "http_proto0" : {
        "mcount" : {
          "mcount" : { }
        }
      },
      "source_log" : {
        "delta" : [0, 0, 0]
      },
      "loggers" : {
        "brief_logger" : {
          "records" : [29, 28],
          "out" : [1595, 1594]
        }
      }
    }
  }
},
"2021-07-19 04:46:11.522 +0000" : {
  "main_scheduler" : {
    "bqs" : {
      "00029" : {
        "mmconts" : [2, 2, 2],
        "acts" : [2, 2],
        "tstate" : { "idle" : 998832, "run" : 683, "locked" : 0, "mmap" : 0 }
      },
      "00030" : {
        "mmconts" : [8, 23, 38],
        "acts" : [37, 37],
        "tstate" : { "idle" : 992993, "run" : 6030, "locked" : 0, "mmap" : 492 }
      },
      "00031" : {
        "mmconts" : [1, 1, 1],
        "acts" : [1, 1],
        "tstate" : { "idle" : 998891, "run" : 625, "locked" : 0, "mmap" : 0 }
      }
    }
  },
  "benchmark_io" : {
    "simple_times" : {
      "mcount" : {
        "mcount" : { "1000 -- 1584" : 30 }
      }
    },
    "stream_method" : {
      "conns" : [0, 0],
      "in" : [0, 0],
      "out" : [0, 0],
      "mmtasks" : [6, 21, 36],
      "load" : 0.811,
      "mcount" : {
        "mcount" : { "Connection timed out" : 30 }
      },
      "http_proto0" : {
        "mcount" : {
          "mcount" : { }
        }
      },
      "source_log" : {
        "delta" : [0, 0, 0]
      },
      "loggers" : {
        "brief_logger" : {
          "records" : [30, 30],
          "out" : [1650, 1650]
        }
      }
    }
  }
},
"2021-07-19 04:46:11.714 +0000" : {
  "main_scheduler" : {
    "bqs" : {
      "00029" : {
        "mmconts" : [2, 2, 2],
        "acts" : [1, 5],
        "tstate" : { "idle" : 191915, "run" : 180, "locked" : 0, "mmap" : 0 }
      },
      "00030" : {
        "mmconts" : [1, 5, 8],
        "acts" : [9, 46],
        "tstate" : { "idle" : 190674, "run" : 1284, "locked" : 0, "mmap" : 137 }
      },
      "00031" : {
        "mmconts" : [1, 1, 1],
        "acts" : [1, 5],
        "tstate" : { "idle" : 191991, "run" : 104, "locked" : 0, "mmap" : 0 }
      }
    }
  },
  "benchmark_io" : {
    "simple_times" : {
      "mcount" : {
        "mcount" : { "1000 -- 1584" : 6 }
      }
    },
    "stream_method" : {
      "conns" : [0, 0],
      "in" : [0, 0],
      "out" : [0, 0],
      "mmtasks" : [0, 3, 6],
      "load" : 0.812,
      "mcount" : {
        "mcount" : { "Connection timed out" : 6 }
      },
      "http_proto0" : {
        "mcount" : {
          "mcount" : { }
        }
      },
      "source_log" : {
        "delta" : [0, 0, 0]
      },
      "loggers" : {
        "brief_logger" : {
          "records" : [6, 31],
          "out" : [330, 1718]
        }
      }
    }
  }
}