1626669910.517		1234309	1234309	0	0	0	233571	0	0	110	0
1626669910.715		1236803	1236803	0	0	0	236381	0	0	110	0
1626669910.910		1231703	1231703	0	0	0	231172	0	0	110	0
1626669911.102		1237183	1237183	0	0	0	236079	0	0	110	0
1626669911.291		1236232	1236232	0	0	0	235598	0	0	110	0
1626669911.478		1235975	1235975	0	0	0	235511	0	0	110	0
1626669911.662		1237019	1237019	0	0	0	235904	0	0	110	0
1626669911.843		1267982	1267982	0	0	0	267144	0	0	110	0
1626669912.022		1236805	1236805	0	0	0	236077	0	0	110	0
1626669912.199		1235012	1235012	0	0	0	234122	0	0	110	0
1626669912.373		1235856	1235856	0	0	0	235592	0	0	110	0
1626669912.545		1236190	1236190	0	0	0	234868	0	0	110	0
1626669912.715		1244233	1244233	0	0	0	243785	0	0	110	0
1626669912.883		1250453	1250453	0	0	0	249292	0	0	110	0
1626669913.049		1233265	1233265	0	0	0	231953	0	0	110	0
1626669913.213		1236424	1236424	0	0	0	236048	0	0	110	0
1626669913.376		1232998	1232998	0	0	0	232007	0	0	110	0
1626669913.536		1231627	1231627	0	0	0	230977	0	0	110	0
1626669913.695		1235354	1235354	0	0	0	234542	0	0	110	0
1626669913.854		1232235	1232235	0	0	0	231045	0	0	110	0
1626669914.008		1228965	1228965	0	0	0	228340	0	0	110	0
1626669914.163		1233183	1233183	0	0	0	231884	0	0	110	0
1626669914.315		1231969	1231969	0	0	0	231087	0	0	110	0
1626669914.466		1233746	1233746	0	0	0	232944	0	0	110	0
1626669914.616		1227575	1227575	0	0	0	226640	0	0	110	0
1626669914.765		1240855	1240855	0	0	0	240410	0	0	110	0
1626669914.912		1237968	1237968	0	0	0	236564	0	0	110	0
1626669915.057		1236257	1236257	0	0	0	235444	0	0	110	0
1626669915.202		1234833	1234833	0	0	0	234459	0	0	110	0
1626669915.345		1233393	1233393	0	0	0	232388	0	0	110	0
1626669915.487		1233066	1233066	0	0	0	232460	0	0	110	0
1626669915.629		1234720	1234720	0	0	0	233802	0	0	110	0
1626669915.768		1229050	1229050	0	0	0	228424	0	0	110	0
1626669915.906		1233670	1233670	0	0	0	232926	0	0	110	0
1626669916.045		1234022	1234022	0	0	0	233634	0	0	110	0
1626669916.180		1241273	1241273	0	0	0	239816	0	0	110	0
1626669916.315		1231237	1231237	0	0	0	230452	0	0	110	0
1626669916.451		1241544	1241544	0	0	0	241113	0	0	110	0
1626669916.583		1286452	1286452	0	0	0	285825	0	0	110	0
1626669916.715		1235497	1235497	0	0	0	234751	0	0	110	0
1626669916.847		1228567	1228567	0	0	0	227891	0	0	110	0
1626669916.977		1237242	1237242	0	0	0	235846	0	0	110	0
1626669917.107		1228859	1228859	0	0	0	228019	0	0	110	0
1626669917.235		1266746	1266746	0	0	0	265989	0	0	110	0
1626669917.363		1239929	1239929	0	0	0	239491	0	0	110	0
1626669917.490		1233090	1233090	0	0	0	231940	0	0	110	0
1626669917.616		1235437	1235437	0	0	0	235005	0	0	110	0
1626669917.741		1230639	1230639	0	0	0	229975	0	0	110	0
1626669917.866		1230763	1230763	0	0	0	229725	0	0	110	0
1626669917.990		1232206	1232206	0	0	0	231814	0	0	110	0
1626669918.112		1229718	1229718	0	0	0	229141	0	0	110	0
1626669918.235		1238572	1238572	0	0	0	237482	0	0	110	0
1626669918.356		1233698	1233698	0	0	0	232453	0	0	110	0
1626669918.476		1239325	1239325	0	0	0	238583	0	0	110	0
1626669918.596		1230318	1230318	0	0	0	229822	0	0	110	0
1626669918.716		1236341	1236341	0	0	0	234883	0	0	110	0
1626669918.834		1236857	1236857	0	0	0	236527	0	0	110	0
1626669918.952		1238359	1238359	0	0	0	237415	0	0	110	0
1626669919.069		1235231	1235231	0	0	0	234627	0	0	110	0
1626669919.185		1243338	1243338	0	0	0	242231	0	0	110	0
1626669919.301		1264969	1264969	0	0	0	264229	0	0	110	0
1626669919.416		1231250	1231250	0	0	0	230473	0	0	110	0
1626669919.531		1231547	1231547	0	0	0	231092	0	0	110	0
1626669919.645		1235603	1235603	0	0	0	234709	0	0	110	0
1626669919.758		1239481	1239481	0	0	0	238966	0	0	110	0
1626669919.871		1237128	1237128	0	0	0	236064	0	0	110	0
1626669919.983		1233843	1233843	0	0	0	233485	0	0	110	0
1626669920.094		1233301	1233301	0	0	0	232101	0	0	110	0
1626669920.205		1233413	1233413	0	0	0	232627	0	0	110	0
1626669920.316		1253578	1253578	0	0	0	252910	0	0	110	0
1626669920.425		1237907	1237907	0	0	0	237164	0	0	110	0
1626669920.535		1245111	1245111	0	0	0	244090	0	0	110	0
1626669920.643		1230749	1230749	0	0	0	229543	0	0	110	0
1626669920.752		1246312	1246312	0	0	0	245087	0	0	110	0
1626669920.859		1253909	1253909	0	0	0	253063	0	0	110	0
1626669920.966		1235256	1235256	0	0	0	234000	0	0	110	0
1626669921.073		1245550	1245550	0	0	0	244476	0	0	110	0
1626669921.179		1232793	1232793	0	0	0	231721	0	0	110	0
1626669921.285		1236100	1236100	0	0	0	235567	0	0	110	0
1626669921.391		1230077	1230077	0	0	0	229308	0	0	110	0
1626669921.495		1227469	1227469	0	0	0	226292	0	0	110	0
1626669921.599		1231369	1231369	0	0	0	230770	0	0	110	0
1626669921.703		1228852	1228852	0	0	0	227774	0	0	110	0
1626669921.806		1235460	1235460	0	0	0	234108	0	0	110	0
1626669921.909		1235739	1235739	0	0	0	234692	0	0	110	0
1626669922.011		1232498	1232498	0	0	0	231925	0	0	110	0
1626669922.113		1253023	1253023	0	0	0	251895	0	0	110	0
1626669922.215		1239216	1239216	0	0	0	237998	0	0	110	0
1626669922.316		1235822	1235822	0	0	0	234876	0	0	110	0
1626669922.416		1234352	1234352	0	0	0	233120	0	0	110	0
1626669922.517		1236465	1236465	0	0	0	235345	0	0	110	0
1626669922.616		1234806	1234806	0	0	0	234050	0	0	110	0
1626669922.716		1233348	1233348	0	0	0	232999	0	0	110	0
1626669922.815		1232939	1232939	0	0	0	231623	0	0	110	0
1626669922.913		1229287	1229287	0	0	0	228173	0	0	110	0
1626669923.011		1234568	1234568	0	0	0	233766	0	0	110	0
1626669923.109		1234025	1234025	0	0	0	232927	0	0	110	0
1626669923.207		1232128	1232128	0	0	0	231472	0	0	110	0
1626669923.305		1242073	1242073	0	0	0	240689	0	0	110	0
1626669923.401		1231599	1231599	0	0	0	230825	0	0	110	0
1626669923.496		1232869	1232869	0	0	0	231825	0	0	110	0
1626669923.592		1231332	1231332	0	0	0	230397	0	0	110	0
1626669923.688		1235700	1235700	0	0	0	234947	0	0	110	0
1626669923.783		1234122	1234122	0	0	0	233246	0	0	110	0
1626669923.878		1229593	1229593	0	0	0	228780	0	0	110	0
1626669923.972		1228325	1228325	0	0	0	227448	0	0	110	0
1626669924.066		1235050	1235050	0	0	0	233985	0	0	110	0
1626669924.160		1233736	1233736	0	0	0	232666	0	0	110	0
1626669924.254		1237254	1237254	0	0	0	235833	0	0	110	0
1626669924.347		1235877	1235877	0	0	0	235037	0	0	110	0
1626669924.439		1232468	1232468	0	0	0	231485	0	0	110	0
1626669924.532		1249560	1249560	0	0	0	248349	0	0	110	0
1626669924.624		1248798	1248798	0	0	0	247936	0	0	110	0
1626669924.716		1239891	1239891	0	0	0	238473	0	0	110	0
1626669924.807		1233668	1233668	0	0	0	233179	0	0	110	0
1626669924.898		1249714	1249714	0	0	0	249125	0	0	110	0
1626669924.989		1239093	1239093	0	0	0	238725	0	0	110	0
1626669925.080		1233079	1233079	0	0	0	232166	0	0	110	0
1626669925.170		1230937	1230937	0	0	0	230455	0	0	110	0
1626669925.260		1236729	1236729	0	0	0	235791	0	0	110	0
1626669925.350		1232793	1232793	0	0	0	231816	0	0	110	0
1626669925.439		1238713	1238713	0	0	0	238234	0	0	110	0
1626669925.528		1235104	1235104	0	0	0	233989	0	0	110	0
1626669925.616		1231349	1231349	0	0	0	230130	0	0	110	0
1626669925.705		1234470	1234470	0	0	0	233814	0	0	110	0
1626669925.793		1235403	1235403	0	0	0	234614	0	0	110	0
1626669925.881		1231778	1231778	0	0	0	230851	0	0	110	0
1626669925.968		1232584	1232584	0	0	0	232025	0	0	110	0
1626669926.056		1232184	1232184	0	0	0	231710	0	0	110	0
1626669926.143		1233572	1233572	0	0	0	232691	0	0	110	0
1626669926.229		1239721	1239721	0	0	0	239325	0	0	110	0
1626669926.316		1239661	1239661	0	0	0	239247	0	0	110	0
1626669926.402		1254654	1254654	0	0	0	254040	0	0	110	0
1626669926.488		1233411	1233411	0	0	0	232949	0	0	110	0
1626669926.575		1230585	1230585	0	0	0	230241	0	0	110	0
1626669926.659		1235069	1235069	0	0	0	234014	0	0	110	0
1626669926.744		1233225	1233225	0	0	0	232301	0	0	110	0
1626669926.829		1229359	1229359	0	0	0	228969	0	0	110	0
1626669926.914		1233853	1233853	0	0	0	233121	0	0	110	0
1626669926.998		1234034	1234034	0	0	0	233090	0	0	110	0
1626669927.082		1235599	1235599	0	0	0	234957	0	0	110	0
1626669927.166		1257504	1257504	0	0	0	256945	0	0	110	0
1626669927.250		1253760	1253760	0	0	0	253122	0	0	110	0
1626669927.333		1233485	1233485	0	0	0	232344	0	0	110	0
1626669927.417		1233299	1233299	0	0	0	232130	0	0	110	0
1626669927.500		1231642	1231642	0	0	0	231248	0	0	110	0
1626669927.582		1227872	1227872	0	0	0	227348	0	0	110	0
1626669927.664		1237906	1237906	0	0	0	236605	0	0	110	0
1626669927.747		1259625	1259625	0	0	0	258951	0	0	110	0
1626669927.829		1234288	1234288	0	0	0	233724	0	0	110	0
1626669927.911		1232490	1232490	0	0	0	231733	0	0	110	0
1626669927.992		1231432	1231432	0	0	0	230943	0	0	110	0
1626669928.074		1238930	1238930	0	0	0	237908	0	0	110	0
1626669928.154		1233062	1233062	0	0	0	231987	0	0	110	0
1626669928.235		1239661	1239661	0	0	0	238294	0	0	110	0
1626669928.316		1230550	1230550	0	0	0	229435	0	0	110	0
1626669928.396		1232438	1232438	0	0	0	231792	0	0	110	0
1626669928.476		1233209	1233209	0	0	0	232432	0	0	110	0
1626669928.557		1234665	1234665	0	0	0	234312	0	0	110	0
1626669928.636		1237417	1237417	0	0	0	236410	0	0	110	0
1626669928.716		1237600	1237600	0	0	0	236851	0	0	110	0
1626669928.795		1235701	1235701	0	0	0	234872	0	0	110	0
1626669928.874		1232548	1232548	0	0	0	231478	0	0	110	0
1626669928.953		1233327	1233327	0	0	0	232251	0	0	110	0
1626669929.033		1231978	1231978	0	0	0	230795	0	0	110	0
1626669929.111		1230245	1230245	0	0	0	229481	0	0	110	0
1626669929.189		1231054	1231054	0	0	0	230519	0	0	110	0
1626669929.267		1235765	1235765	0	0	0	235291	0	0	110	0
1626669929.345		1238550	1238550	0	0	0	237471	0	0	110	0
1626669929.423		1234048	1234048	0	0	0	233002	0	0	110	0
1626669929.500		1236408	1236408	0	0	0	235083	0	0	110	0
1626669929.578		1230135	1230135	0	0	0	228753	0	0	110	0
1626669929.655		1229960	1229960	0	0	0	229675	0	0	110	0
1626669929.732		1234386	1234386	0	0	0	233072	0	0	110	0
1626669929.809		1236454	1236454	0	0	0	236044	0	0	110	0
1626669929.886		1241727	1241727	0	0	0	240474	0	0	110	0
1626669929.962		1235580	1235580	0	0	0	234936	0	0	110	0
1626669930.039		1233562	1233562	0	0	0	232179	0	0	110	0
1626669930.115		1233629	1233629	0	0	0	232336	0	0	110	0
1626669930.190		1235276	1235276	0	0	0	234870	0	0	110	0
1626669930.266		1237936	1237936	0	0	0	236908	0	0	110	0
1626669930.341		1235112	1235112	0	0	0	234572	0	0	110	0
1626669930.416		1237634	1237634	0	0	0	236856	0	0	110	0
1626669930.491		1232076	1232076	0	0	0	231188	0	0	110	0
1626669930.566		1233636	1233636	0	0	0	232642	0	0	110	0
1626669930.641		1228786	1228786	0	0	0	228157	0	0	110	0
1626669930.716		1231540	1231540	0	0	0	231154	0	0	110	0
1626669930.790		1237505	1237505	0	0	0	236294	0	0	110	0
1626669930.865		1251048	1251048	0	0	0	250707	0	0	110	0
1626669930.939		1256688	1256688	0	0	0	255449	0	0	110	0
1626669931.013		1249212	1249212	0	0	0	248721	0	0	110	0
1626669931.086		1256292	1256292	0	0	0	255828	0	0	110	0
1626669931.160		1246449	1246449	0	0	0	245147	0	0	110	0
1626669931.233		1236216	1236216	0	0	0	235379	0	0	110	0
1626669931.307		1250239	1250239	0	0	0	248845	0	0	110	0
1626669931.380		1231899	1231899	0	0	0	230582	0	0	110	0
1626669931.454		1268368	1268368	0	0	0	267477	0	0	110	0
1626669931.526		1235532	1235532	0	0	0	234441	0	0	110	0
1626669931.598		1230017	1230017	0	0	0	228770	0	0	110	0
1626669931.671		1236330	1236330	0	0	0	235115	0	0	110	0
1626669931.743		1237539	1237539	0	0	0	237112	0	0	110	0
1626669931.815		1236656	1236656	0	0	0	235344	0	0	110	0
1626669931.887		1234369	1234369	0	0	0	233491	0	0	110	0
1626669931.959		1228844	1228844	0	0	0	228453	0	0	110	0
1626669932.031		1234068	1234068	0	0	0	233784	0	0	110	0
1626669932.102		1252208	1252208	0	0	0	251823	0	0	110	0
1626669932.174		1267757	1267757	0	0	0	267173	0	0	110	0
1626669932.245		1235576	1235576	0	0	0	234225	0	0	110	0
1626669932.316		1232182	1232182	0	0	0	231329	0	0	110	0
1626669932.387		1234719	1234719	0	0	0	234111	0	0	110	0
1626669932.459		1252717	1252717	0	0	0	252348	0	0	110	0
1626669932.528		1230491	1230491	0	0	0	229854	0	0	110	0
1626669932.599		1230654	1230654	0	0	0	229353	0	0	110	0
1626669932.669		1230420	1230420	0	0	0	229796	0	0	110	0
1626669932.739		1240005	1240005	0	0	0	238762	0	0	110	0
1626669932.809		1229532	1229532	0	0	0	229071	0	0	110	0
1626669932.879		1236701	1236701	0	0	0	235603	0	0	110	0
1626669932.949		1233025	1233025	0	0	0	232398	0	0	110	0
1626669933.019		1226380	1226380	0	0	0	225657	0	0	110	0
1626669933.088		1235947	1235947	0	0	0	235578	0	0	110	0
1626669933.158		1234154	1234154	0	0	0	233244	0	0	110	0
1626669933.227		1235024	1235024	0	0	0	233711	0	0	110	0
1626669933.296		1232797	1232797	0	0	0	231745	0	0	110	0
1626669933.366		1232828	1232828	0	0	0	231891	0	0	110	0
1626669933.434		1232686	1232686	0	0	0	231514	0	0	110	0
1626669933.502		1233412	1233412	0	0	0	232377	0	0	110	0
1626669933.572		1231967	1231967	0	0	0	230895	0	0	110	0
1626669933.639		1234340	1234340	0	0	0	233705	0	0	110	0
1626669933.707		1245708	1245708	0	0	0	245082	0	0	110	0
1626669933.776		1230724	1230724	0	0	0	230222	0	0	110	0
1626669933.844		1234225	1234225	0	0	0	233442	0	0	110	0
1626669933.911		1242860	1242860	0	0	0	242152	0	0	110	0
1626669933.979		1234895	1234895	0	0	0	233909	0	0	110	0
1626669934.047		1236540	1236540	0	0	0	235441	0	0	110	0
1626669934.114		1236627	1236627	0	0	0	236031	0	0	110	0
1626669934.182		1234263	1234263	0	0	0	232912	0	0	110	0
1626669934.249		1232529	1232529	0	0	0	232044	0	0	110	0
1626669934.316		1235645	1235645	0	0	0	234435	0	0	110	0
1626669934.383		1229737	1229737	0	0	0	229404	0	0	110	0
1626669934.450		1235953	1235953	0	0	0	235198	0	0	110	0
1626669934.517		1237418	1237418	0	0	0	236061	0	0	110	0
1626669934.583		1235094	1235094	0	0	0	234529	0	0	110	0
1626669934.650		1233155	1233155	0	0	0	232544	0	0	110	0
1626669934.716		1229236	1229236	0	0	0	228628	0	0	110	0
1626669934.782		1230386	1230386	0	0	0	229573	0	0	110	0
1626669934.848		1229352	1229352	0	0	0	228875	0	0	110	0
1626669934.914		1233159	1233159	0	0	0	231966	0	0	110	0
1626669934.980		1230770	1230770	0	0	0	229883	0	0	110	0
1626669935.046		1235172	1235172	0	0	0	234457	0	0	110	0
1626669935.112		1233862	1233862	0	0	0	232516	0	0	110	0
1626669935.177		1235899	1235899	0	0	0	234641	0	0	110	0
1626669935.243		1239055	1239055	0	0	0	238477	0	0	110	0
1626669935.308		1232763	1232763	0	0	0	232254	0	0	110	0
1626669935.373		1238871	1238871	0	0	0	238527	0	0	110	0
1626669935.438		1233961	1233961	0	0	0	232848	0	0	110	0
1626669935.503		1234481	1234481	0	0	0	233579	0	0	110	0
1626669935.568		1232775	1232775	0	0	0	231678	0	0	110	0
1626669935.633		1234607	1234607	0	0	0	233818	0	0	110	0
1626669935.697		1231196	1231196	0	0	0	230790	0	0	110	0
1626669935.762		1238731	1238731	0	0	0	237680	0	0	110	0
1626669935.826		1238489	1238489	0	0	0	237431	0	0	110	0
1626669935.890		1236658	1236658	0	0	0	235317	0	0	110	0
1626669935.954		1247109	1247109	0	0	0	246478	0	0	110	0
1626669936.019		1239730	1239730	0	0	0	238661	0	0	110	0
1626669936.082		1239253	1239253	0	0	0	237908	0	0	110	0
1626669936.146		1257080	1257080	0	0	0	255769	0	0	110	0
1626669936.210		1246632	1246632	0	0	0	245715	0	0	110	0
1626669936.274		1231816	1231816	0	0	0	231470	0	0	110	0
1626669936.337		1230147	1230147	0	0	0	229154	0	0	110	0
1626669936.401		1228339	1228339	0	0	0	227838	0	0	110	0
1626669936.464		1231330	1231330	0	0	0	230069	0	0	110	0
1626669936.527		1235416	1235416	0	0	0	234668	0	0	110	0
1626669936.590		1232010	1232010	0	0	0	231442	0	0	110	0
1626669936.653		1234372	1234372	0	0	0	233801	0	0	110	0
1626669936.716		1238421	1238421	0	0	0	237074	0	0	110	0
1626669936.779		1232875	1232875	0	0	0	231850	0	0	110	0
1626669936.841		1231483	1231483	0	0	0	231114	0	0	110	0
1626669936.904		1236177	1236177	0	0	0	234842	0	0	110	0
1626669936.967		1241664	1241664	0	0	0	240385	0	0	110	0
1626669937.029		1229943	1229943	0	0	0	229437	0	0	110	0
1626669937.091		1242018	1242018	0	0	0	241645	0	0	110	0
1626669937.153		1248704	1248704	0	0	0	248130	0	0	110	0
1626669937.215		1248780	1248780	0	0	0	247947	0	0	110	0
1626669937.277		1255295	1255295	0	0	0	254757	0	0	110	0
1626669937.339		1231617	1231617	0	0	0	230758	0	0	110	0
1626669937.401		1235296	1235296	0	0	0	234832	0	0	110	0
1626669937.463		1237950	1237950	0	0	0	237394	0	0	110	0
1626669937.524		1234068	1234068	0	0	0	232610	0	0	110	0
1626669937.586		1230523	1230523	0	0	0	229999	0	0	110	0
1626669937.647		1232154	1232154	0	0	0	231760	0	0	110	0
1626669937.708		1229324	1229324	0	0	0	228083	0	0	110	0
1626669937.770		1233812	1233812	0	0	0	232832	0	0	110	0
1626669937.831		1234061	1234061	0	0	0	232686	0	0	110	0
1626669937.892		1236185	1236185	0	0	0	235162	0	0	110	0
1626669937.953		1233189	1233189	0	0	0	232798	0	0	110	0
1626669938.013		1233089	1233089	0	0	0	231918	0	0	110	0
1626669938.075		1237583	1237583	0	0	0	237092	0	0	110	0
1626669938.135		1233738	1233738	0	0	0	232952	0	0	110	0
1626669938.195		1234559	1234559	0	0	0	233446	0	0	110	0
1626669938.256		1244029	1244029	0	0	0	243115	0	0	110	0
1626669938.316		1241137	1241137	0	0	0	240133	0	0	110	0
1626669938.376		1236944	1236944	0	0	0	236049	0	0	110	0
1626669938.436		1237520	1237520	0	0	0	237027	0	0	110	0
1626669938.496		1232366	1232366	0	0	0	231361	0	0	110	0
1626669938.556		1234481	1234481	0	0	0	234018	0	0	110	0
1626669938.616		1231220	1231220	0	0	0	230844	0	0	110	0
1626669938.676		1231052	1231052	0	0	0	229840	0	0	110	0
1626669938.736		1235897	1235897	0	0	0	235249	0	0	110	0
1626669938.796		1232579	1232579	0	0	0	231402	0	0	110	0
1626669938.855		1229300	1229300	0	0	0	228762	0	0	110	0
1626669938.915		1229865	1229865	0	0	0	228970	0	0	110	0
1626669938.975		1258375	1258375	0	0	0	257743	0	0	110	0
1626669939.033		1249196	1249196	0	0	0	248465	0	0	110	0
1626669939.092		1237445	1237445	0	0	0	236131	0	0	110	0
1626669939.151		1240044	1240044	0	0	0	239639	0	0	110	0
1626669939.210		1234921	1234921	0	0	0	233661	0	0	110	0
1626669939.270		1236493	1236493	0	0	0	236082	0	0	110	0
1626669939.328		1231114	1231114	0	0	0	230515	0	0	110	0
1626669939.387		1230209	1230209	0	0	0	229354	0	0	110	0
1626669939.446		1233425	1233425	0	0	0	232959	0	0	110	0
1626669939.504		1235398	1235398	0	0	0	234976	0	0	110	0
1626669939.563		1237601	1237601	0	0	0	236897	0	0	110	0
1626669939.621		1233474	1233474	0	0	0	232464	0	0	110	0
1626669939.680		1233280	1233280	0	0	0	231875	0	0	110	0
1626669939.738		1230122	1230122	0	0	0	229151	0	0	110	0
1626669939.796		1235777	1235777	0	0	0	235066	0	0	110	0
1626669939.854		1236646	1236646	0	0	0	235526	0	0	110	0
1626669939.912		1240646	1240646	0	0	0	239253	0	0	110	0
1626669939.970		1239890	1239890	0	0	0	239394	0	0	110	0
1626669940.028		1232944	1232944	0	0	0	231625	0	0	110	0
1626669940.086		1231845	1231845	0	0	0	231399	0	0	110	0
1626669940.143		1234608	1234608	0	0	0	234122	0	0	110	0
1626669940.201		1248066	1248066	0	0	0	246832	0	0	110	0
1626669940.259		1236141	1236141	0	0	0	235020	0	0	110	0
1626669940.316		1233115	1233115	0	0	0	231753	0	0	110	0
1626669940.373		1230000	1230000	0	0	0	228828	0	0	110	0
1626669940.431		1232666	1232666	0	0	0	231670	0	0	110	0
1626669940.488		1231561	1231561	0	0	0	230743	0	0	110	0
1626669940.546		1230242	1230242	0	0	0	229030	0	0	110	0
1626669940.602		1234647	1234647	0	0	0	234125	0	0	110	0
1626669940.659		1234128	1234128	0	0	0	233058	0	0	110	0
1626669940.716		1237933	1237933	0	0	0	237096	0	0	110	0
1626669940.773		1231724	1231724	0	0	0	230333	0	0	110	0
1626669940.830		1233412	1233412	0	0	0	232980	0	0	110	0
1626669940.886		1240597	1240597	0	0	0	239965	0	0	110	0
1626669940.943		1234167	1234167	0	0	0	233600	0	0	110	0
1626669940.999		1250526	1250526	0	0	0	249810	0	0	110	0
1626669941.056		1237978	1237978	0	0	0	237186	0	0	110	0
1626669941.112		1231861	1231861	0	0	0	230694	0	0	110	0
1626669941.169		1235066	1235066	0	0	0	234392	0	0	110	0
1626669941.225		1235680	1235680	0	0	0	234868	0	0	110	0
1626669941.281		1233920	1233920	0	0	0	233621	0	0	110	0
1626669941.337		1234737	1234737	0	0	0	233990	0	0	110	0
1626669941.393		1232529	1232529	0	0	0	232259	0	0	110	0
1626669941.449		1228098	1228098	0	0	0	227778	0	0	110	0
1626669941.505		1231859	1231859	0	0	0	231465	0	0	110	0
1626669941.561		1232640	1232640	0	0	0	231850	0	0	110	0
1626669941.616		1233708	1233708	0	0	0	233061	0	0	110	0
1626669941.672		1234775	1234775	0	0	0	233679	0	0	110	0
1626669941.728		1231557	1231557	0	0	0	230496	0	0	110	0
1626669941.783		1235684	1235684	0	0	0	234235	0	0	110	0
1626669941.839		1231108	1231108	0	0	0	230427	0	0	110	0
1626669941.894		1236115	1236115	0	0	0	235194	0	0	110	0
1626669941.949		1234564	1234564	0	0	0	234115	0	0	110	0
1626669942.004		1234222	1234222	0	0	0	233222	0	0	110	0
1626669942.060		1234987	1234987	0	0	0	233973	0	0	110	0
1626669942.115		1231468	1231468	0	0	0	230726	0	0	110	0
1626669942.170		1229970	1229970	0	0	0	229381	0	0	110	0
1626669942.225		1235227	1235227	0	0	0	234206	0	0	110	0
1626669942.279		1249549	1249549	0	0	0	248619	0	0	110	0
1626669942.334		1234113	1234113	0	0	0	233342	0	0	110	0
1626669942.389		1235237	1235237	0	0	0	234369	0	0	110	0
1626669942.444		1231800	1231800	0	0	0	230671	0	0	110	0
1626669942.498		1232780	1232780	0	0	0	232426	0	0	110	0
1626669942.553		1234725	1234725	0	0	0	234042	0	0	110	0
1626669942.607		1234607	1234607	0	0	0	234030	0	0	110	0
1626669942.662		1234165	1234165	0	0	0	232814	0	0	110	0
1626669942.717		1232145	1232145	0	0	0	231236	0	0	110	0
1626669942.770		1236120	1236120	0	0	0	235689	0	0	110	0
1626669942.825		1235025	1235025	0	0	0	234729	0	0	110	0
1626669942.879		1297679	1297679	0	0	0	297278	0	0	110	0
1626669942.933		1314787	1314787	0	0	0	313972	0	0	110	0
1626669942.987		1306394	1306394	0	0	0	305925	0	0	110	0
1626669943.041		1282647	1282647	0	0	0	281703	0	0	110	0
1626669943.148		1242996	1242996	0	0	0	242264	0	0	110	0
1626669943.202		1232064	1232064	0	0	0	230871	0	0	110	0
1626669943.256		1237276	1237276	0	0	0	236358	0	0	110	0
1626669943.309		1233494	1233494	0	0	0	233163	0	0	110	0
1626669943.363		1236618	1236618	0	0	0	236264	0	0	110	0
1626669943.416		1230312	1230312	0	0	0	229452	0	0	110	0
1626669943.470		1234095	1234095	0	0	0	233678	0	0	110	0
1626669943.523		1231490	1231490	0	0	0	230269	0	0	110	0
1626669943.576		1232689	1232689	0	0	0	231828	0	0	110	0
1626669943.630		1233933	1233933	0	0	0	232725	0	0	110	0
1626669943.683		1236705	1236705	0	0	0	235314	0	0	110	0
1626669943.736		1234871	1234871	0	0	0	233562	0	0	110	0
1626669943.789		1232687	1232687	0	0	0	232108	0	0	110	0
1626669943.842		1231357	1231357	0	0	0	230274	0	0	110	0
1626669943.895		1232889	1232889	0	0	0	231645	0	0	110	0
1626669943.949		1236096	1236096	0	0	0	235681	0	0	110	0
1626669944.001		1231088	1231088	0	0	0	230158	0	0	110	0
1626669944.053		1238314	1238314	0	0	0	237542	0	0	110	0
1626669944.106		1229368	1229368	0	0	0	228606	0	0	110	0
1626669944.159		1233724	1233724	0	0	0	233277	0	0	110	0
1626669944.211		1237040	1237040	0	0	0	235652	0	0	110	0
1626669944.264		1259204	1259204	0	0	0	258682	0	0	110	0
1626669944.316		1237582	1237582	0	0	0	236880	0	0	110	0
1626669944.369		1237219	1237219	0	0	0	236378	0	0	110	0
1626669944.421		1234868	1234868	0	0	0	233666	0	0	110	0
1626669944.473		1229146	1229146	0	0	0	228572	0	0	110	0
1626669944.525		1242535	1242535	0	0	0	242169	0	0	110	0
1626669944.577		1239311	1239311	0	0	0	238170	0	0	110	0
1626669944.629		1232370	1232370	0	0	0	231515	0	0	110	0
1626669944.681		1234686	1234686	0	0	0	233857	0	0	110	0
1626669944.733		1233380	1233380	0	0	0	232121	0	0	110	0
1626669944.785		1236987	1236987	0	0	0	236465	0	0	110	0
1626669944.837		1231268	1231268	0	0	0	230311	0	0	110	0
1626669944.889		1234238	1234238	0	0	0	233685	0	0	110	0
1626669944.941		1231296	1231296	0	0	0	230817	0	0	110	0
1626669944.992		1234462	1234462	0	0	0	233646	0	0	110	0
1626669945.044		1232031	1232031	0	0	0	231482	0	0	110	0
1626669945.095		1234764	1234764	0	0	0	233885	0	0	110	0
1626669945.147		1232766	1232766	0	0	0	231614	0	0	110	0
1626669945.198		1233989	1233989	0	0	0	232785	0	0	110	0
1626669945.250		1235291	1235291	0	0	0	234462	0	0	110	0
1626669945.301		1235361	1235361	0	0	0	234255	0	0	110	0
1626669945.352		1232017	1232017	0	0	0	231005	0	0	110	0
1626669945.404		1231643	1231643	0	0	0	231203	0	0	110	0
1626669945.455		1234680	1234680	0	0	0	233466	0	0	110	0
1626669945.506		1232864	1232864	0	0	0	231569	0	0	110	0
1626669945.557		1236650	1236650	0	0	0	235785	0	0	110	0
1626669945.608		1238950	1238950	0	0	0	237856	0	0	110	0
1626669945.660		1228912	1228912	0	0	0	228454	0	0	110	0
1626669945.711		1231355	1231355	0	0	0	230679	0	0	110	0
1626669945.761		1233556	1233556	0	0	0	232251	0	0	110	0
1626669945.811		1236654	1236654	0	0	0	235637	0	0	110	0
1626669945.862		1231309	1231309	0	0	0	230175	0	0	110	0
1626669945.913		1233551	1233551	0	0	0	232456	0	0	110	0
1626669945.963		1233659	1233659	0	0	0	232335	0	0	110	0
1626669946.014		1230215	1230215	0	0	0	229424	0	0	110	0
1626669946.064		1232521	1232521	0	0	0	231580	0	0	110	0
1626669946.115		1235922	1235922	0	0	0	234823	0	0	110	0
1626669946.165		1242288	1242288	0	0	0	241570	0	0	110	0
1626669946.216		1235165	1235165	0	0	0	234633	0	0	110	0
1626669946.266		1231222	1231222	0	0	0	230208	0	0	110	0
1626669946.316		1231276	1231276	0	0	0	230155	0	0	110	0
1626669946.367		1234700	1234700	0	0	0	234356	0	0	110	0
1626669946.416		1233435	1233435	0	0	0	232593	0	0	110	0
1626669946.466		1242330	1242330	0	0	0	241395	0	0	110	0
1626669946.517		1235381	1235381	0	0	0	234713	0	0	110	0
1626669946.567		1233010	1233010	0	0	0	232605	0	0	110	0
1626669946.616		1233716	1233716	0	0	0	232368	0	0	110	0
1626669946.666		1232050	1232050	0	0	0	231030	0	0	110	0
1626669946.716		1236181	1236181	0	0	0	235459	0	0	110	0
1626669946.766		1231909	1231909	0	0	0	231074	0	0	110	0
1626669946.816		1230877	1230877	0	0	0	230008	0	0	110	0
1626669946.865		1232139	1232139	0	0	0	231449	0	0	110	0
1626669946.915		1234089	1234089	0	0	0	232665	0	0	110	0
1626669946.965		1235511	1235511	0	0	0	234995	0	0	110	0
1626669947.014		1237581	1237581	0	0	0	236290	0	0	110	0
1626669947.063		1232973	1232973	0	0	0	232280	0	0	110	0
1626669947.113		1235618	1235618	0	0	0	235008	0	0	110	0
1626669947.162		1231692	1231692	0	0	0	230763	0	0	110	0
1626669947.211		1239419	1239419	0	0	0	238853	0	0	110	0
1626669947.261		1231203	1231203	0	0	0	230484	0	0	110	0
1626669947.310		1253594	1253594	0	0	0	252967	0	0	110	0
1626669947.359		1234918	1234918	0	0	0	234161	0	0	110	0
1626669947.408		1232144	1232144	0	0	0	231319	0	0	110	0
1626669947.457		1231429	1231429	0	0	0	230821	0	0	110	0
1626669947.506		1233161	1233161	0	0	0	232558	0	0	110	0
1626669947.555		1232640	1232640	0	0	0	231345	0	0	110	0
1626669947.604		1234784	1234784	0	0	0	234059	0	0	110	0
1626669947.653		1236580	1236580	0	0	0	235628	0	0	110	0
1626669947.702		1235314	1235314	0	0	0	234861	0	0	110	0
1626669947.751		1238559	1238559	0	0	0	237959	0	0	110	0
1626669947.799		1234678	1234678	0	0	0	233837	0	0	110	0
1626669947.848		1234373	1234373	0	0	0	233189	0	0	110	0
1626669947.897		1231973	1231973	0	0	0	230565	0	0	110	0
1626669947.945		1232719	1232719	0	0	0	231523	0	0	110	0
1626669947.994		1231886	1231886	0	0	0	231282	0	0	110	0
1626669948.042		1237492	1237492	0	0	0	236125	0	0	110	0
1626669948.092		1235467	1235467	0	0	0	234263	0	0	110	0
1626669948.139		1231855	1231855	0	0	0	230927	0	0	110	0
1626669948.187		1232082	1232082	0	0	0	231167	0	0	110	0
1626669948.236		1237621	1237621	0	0	0	237230	0	0	110	0
1626669948.284		1237786	1237786	0	0	0	236547	0	0	110	0
1626669948.332		1234843	1234843	0	0	0	233841	0	0	110	0
1626669948.380		1255489	1255489	0	0	0	254848	0	0	110	0
1626669948.428		1234745	1234745	0	0	0	233583	0	0	110	0
1626669948.476		1234928	1234928	0	0	0	233696	0	0	110	0
1626669948.524		1233752	1233752	0	0	0	233122	0	0	110	0
1626669948.572		1233466	1233466	0	0	0	232730	0	0	110	0
1626669948.620		1234151	1234151	0	0	0	233695	0	0	110	0
1626669948.668		1235351	1235351	0	0	0	234426	0	0	110	0
1626669948.716		1238848	1238848	0	0	0	237729	0	0	110	0
1626669948.764		1237669	1237669	0	0	0	237237	0	0	110	0
1626669948.812		1236615	1236615	0	0	0	235397	0	0	110	0
1626669948.859		1234519	1234519	0	0	0	234011	0	0	110	0
1626669948.907		1235308	1235308	0	0	0	234581	0	0	110	0
1626669948.955		1238688	1238688	0	0	0	237372	0	0	110	0
1626669949.002		1238663	1238663	0	0	0	237766	0	0	110	0
1626669949.050		1234840	1234840	0	0	0	234364	0	0	110	0
1626669949.097		1247435	1247435	0	0	0	246431	0	0	110	0
1626669949.145		1280912	1280912	0	0	0	279556	0	0	110	0
1626669949.192		1289115	1289115	0	0	0	288269	0	0	110	0
1626669949.239		1269410	1269410	0	0	0	268101	0	0	110	0
1626669949.287		1238188	1238188	0	0	0	236814	0	0	110	0
1626669949.334		1234892	1234892	0	0	0	234002	0	0	110	0
1626669949.381		1233240	1233240	0	0	0	232485	0	0	110	0
1626669949.428		1230962	1230962	0	0	0	229786	0	0	110	0
1626669949.475		1230883	1230883	0	0	0	229815	0	0	110	0
1626669949.523		1232231	1232231	0	0	0	231490	0	0	110	0
1626669949.569		1235237	1235237	0	0	0	233903	0	0	110	0
1626669949.616		1233149	1233149	0	0	0	232399	0	0	110	0
1626669949.663		1233085	1233085	0	0	0	232026	0	0	110	0
1626669949.711		1232998	1232998	0	0	0	232049	0	0	110	0
1626669949.757		1232084	1232084	0	0	0	231486	0	0	110	0
1626669949.804		1231656	1231656	0	0	0	231089	0	0	110	0
1626669949.851		1236792	1236792	0	0	0	236055	0	0	110	0
1626669949.897		1237174	1237174	0	0	0	236064	0	0	110	0
1626669949.944		1232787	1232787	0	0	0	231459	0	0	110	0
1626669949.991		1230336	1230336	0	0	0	229889	0	0	110	0
1626669950.037		1231669	1231669	0	0	0	230710	0	0	110	0
1626669950.084		1235819	1235819	0	0	0	235218	0	0	110	0
1626669950.130		1232656	1232656	0	0	0	231735	0	0	110	0
1626669950.178		1228137	1228137	0	0	0	227012	0	0	110	0
1626669950.223		1231998	1231998	0	0	0	231527	0	0	110	0
1626669950.270		1233924	1233924	0	0	0	232739	0	0	110	0
1626669950.316		1228807	1228807	0	0	0	227805	0	0	110	0
1626669950.362		1229316	1229316	0	0	0	228623	0	0	110	0
1626669950.409		1234942	1234942	0	0	0	234215	0	0	110	0
1626669950.455		1239848	1239848	0	0	0	239277	0	0	110	0
1626669950.501		1230954	1230954	0	0	0	229874	0	0	110	0
1626669950.547		1235586	1235586	0	0	0	234670	0	0	110	0
1626669950.593		1248198	1248198	0	0	0	247211	0	0	110	0
1626669950.639		1230635	1230635	0	0	0	230005	0	0	110	0
1626669950.686		1233205	1233205	0	0	0	232769	0	0	110	0
1626669950.731		1231287	1231287	0	0	0	230843	0	0	110	0
1626669950.777		1233176	1233176	0	0	0	232457	0	0	110	0
1626669950.823		1237099	1237099	0	0	0	236256	0	0	110	0
1626669950.869		1232855	1232855	0	0	0	231548	0	0	110	0
1626669950.915		1231340	1231340	0	0	0	230193	0	0	110	0
1626669950.962		1233004	1233004	0	0	0	231582	0	0	110	0
1626669951.007		1231410	1231410	0	0	0	230366	0	0	110	0
1626669951.052		1235620	1235620	0	0	0	234719	0	0	110	0
1626669951.098		1234610	1234610	0	0	0	233939	0	0	110	0
1626669951.143		1259812	1259812	0	0	0	259407	0	0	110	0
1626669951.189		1249865	1249865	0	0	0	249252	0	0	110	0
1626669951.235		1247368	1247368	0	0	0	246333	0	0	110	0
1626669951.280		1263638	1263638	0	0	0	262640	0	0	110	0
1626669951.326		1271947	1271947	0	0	0	270992	0	0	110	0
1626669951.372		1274351	1274351	0	0	0	273087	0	0	110	0
1626669951.416		1261609	1261609	0	0	0	260231	0	0	110	0
1626669951.462		1237611	1237611	0	0	0	236514	0	0	110	0
1626669951.507		1239728	1239728	0	0	0	238399	0	0	110	0
1626669951.552		1234501	1234501	0	0	0	233827	0	0	110	0
1626669951.599		1228903	1228903	0	0	0	227866	0	0	110	0
1626669951.643		1233927	1233927	0	0	0	232857	0	0	110	0
1626669951.688		1228016	1228016	0	0	0	227494	0	0	110	0
1626669951.733		1232951	1232951	0	0	0	231648	0	0	110	0
1626669951.778		1233231	1233231	0	0	0	232754	0	0	110	0
1626669951.823		1234086	1234086	0	0	0	233035	0	0	110	0
1626669943.095		10000238	10000238	0	0	0	10000000	0	0	110	0
1626669951.868		1234622	1234622	0	0	0	234319	0	0	110	0
1626669951.913		1250810	1250810	0	0	0	250145	0	0	110	0
1626669951.958		1260751	1260751	0	0	0	259946	0	0	110	0
1626669952.003		1276811	1276811	0	0	0	276376	0	0	110	0
1626669952.048		1281872	1281872	0	0	0	281460	0	0	110	0
1626669952.093		1249750	1249750	0	0	0	248802	0	0	110	0
1626669952.137		1231194	1231194	0	0	0	230595	0	0	110	0
1626669952.182		1235769	1235769	0	0	0	234590	0	0	110	0
1626669952.228		1231947	1231947	0	0	0	231138	0	0	110	0
1626669952.271		1231784	1231784	0	0	0	230894	0	0	110	0
1626669952.316		1238553	1238553	0	0	0	237898	0	0	110	0
1626669952.361		1237267	1237267	0	0	0	236493	0	0	110	0
1626669952.405		1233730	1233730	0	0	0	232672	0	0	110	0
1626669952.450		1234462	1234462	0	0	0	234102	0	0	110	0
1626669952.494		1231698	1231698	0	0	0	230938	0	0	110	0
1626669952.539		1230762	1230762	0	0	0	230362	0	0	110	0
1626669952.583		1245749	1245749	0	0	0	244710	0	0	110	0
1626669952.627		1251328	1251328	0	0	0	250582	0	0	110	0
1626669952.672		1269131	1269131	0	0	0	268578	0	0	110	0
1626669952.716		1242191	1242191	0	0	0	241661	0	0	110	0
1626669952.760		1230955	1230955	0	0	0	230086	0	0	110	0
1626669952.805		1233921	1233921	0	0	0	233285	0	0	110	0
1626669952.849		1233956	1233956	0	0	0	232771	0	0	110	0
1626669952.893		1235868	1235868	0	0	0	234853	0	0	110	0
1626669952.937		1233504	1233504	0	0	0	232709	0	0	110	0
1626669952.981		1234090	1234090	0	0	0	233049	0	0	110	0
1626669953.025		1232971	1232971	0	0	0	231799	0	0	110	0
1626669953.069		1234552	1234552	0	0	0	233501	0	0	110	0
1626669953.113		1233176	1233176	0	0	0	232060	0	0	110	0
1626669953.157		1230222	1230222	0	0	0	229156	0	0	110	0
1626669953.201		1231515	1231515	0	0	0	231133	0	0	110	0
1626669953.245		1238282	1238282	0	0	0	236941	0	0	110	0
1626669953.289		1233652	1233652	0	0	0	232845	0	0	110	0
1626669953.333		1234105	1234105	0	0	0	233381	0	0	110	0
1626669953.376		1238841	1238841	0	0	0	237989	0	0	110	0
1626669953.420		1245617	1245617	0	0	0	244841	0	0	110	0
1626669953.464		1241003	1241003	0	0	0	239794	0	0	110	0
1626669953.508		1235365	1235365	0	0	0	234302	0	0	110	0
1626669953.551		1229169	1229169	0	0	0	227978	0	0	110	0
1626669953.595		1233616	1233616	0	0	0	232515	0	0	110	0
1626669953.638		1229476	1229476	0	0	0	228089	0	0	110	0
1626669953.682		1230724	1230724	0	0	0	229702	0	0	110	0
1626669953.725		1232919	1232919	0	0	0	232537	0	0	110	0
1626669953.769		1238159	1238159	0	0	0	237406	0	0	110	0
1626669953.812		1236679	1236679	0	0	0	235562	0	0	110	0
1626669953.855		1236016	1236016	0	0	0	234913	0	0	110	0
1626669953.899		1231420	1231420	0	0	0	230359	0	0	110	0
1626669953.942		1230308	1230308	0	0	0	228929	0	0	110	0
1626669953.985		1235336	1235336	0	0	0	234392	0	0	110	0
1626669954.029		1235531	1235531	0	0	0	234569	0	0	110	0
1626669954.072		1232676	1232676	0	0	0	232020	0	0	110	0
1626669954.115		1233533	1233533	0	0	0	232177	0	0	110	0
1626669954.158		1233973	1233973	0	0	0	232816	0	0	110	0
1626669954.201		1233323	1233323	0	0	0	232684	0	0	110	0
1626669954.244		1238036	1238036	0	0	0	237477	0	0	110	0
1626669954.287		1234239	1234239	0	0	0	233651	0	0	110	0
1626669954.330		1244365	1244365	0	0	0	243341	0	0	110	0
1626669954.373		1243307	1243307	0	0	0	242763	0	0	110	0
1626669954.416		1229858	1229858	0	0	0	228753	0	0	110	0
1626669954.459		1231755	1231755	0	0	0	231318	0	0	110	0
1626669954.502		1230735	1230735	0	0	0	229782	0	0	110	0
1626669954.545		1230930	1230930	0	0	0	230315	0	0	110	0
1626669954.588		1240162	1240162	0	0	0	238836	0	0	110	0
1626669954.631		1231348	1231348	0	0	0	230530	0	0	110	0
1626669954.673		1230316	1230316	0	0	0	229234	0	0	110	0
1626669954.716		1235869	1235869	0	0	0	234893	0	0	110	0
1626669954.759		1236605	1236605	0	0	0	235980	0	0	110	0
1626669954.801		1233299	1233299	0	0	0	231940	0	0	110	0
1626669954.844		1233597	1233597	0	0	0	232768	0	0	110	0
1626669954.887		1233429	1233429	0	0	0	232929	0	0	110	0
1626669954.929		1231800	1231800	0	0	0	231156	0	0	110	0
1626669954.972		1231484	1231484	0	0	0	230300	0	0	110	0
1626669955.015		1234719	1234719	0	0	0	233322	0	0	110	0
1626669955.058		1235293	1235293	0	0	0	234235	0	0	110	0
1626669955.099		1243334	1243334	0	0	0	242603	0	0	110	0
1626669955.142		1267602	1267602	0	0	0	267014	0	0	110	0
1626669955.184		1257945	1257945	0	0	0	257039	0	0	110	0
1626669955.226		1243726	1243726	0	0	0	243067	0	0	110	0
1626669955.269		1232756	1232756	0	0	0	232266	0	0	110	0
1626669955.311		1235420	1235420	0	0	0	234051	0	0	110	0
1626669955.353		1238956	1238956	0	0	0	237609	0	0	110	0
1626669955.395		1236450	1236450	0	0	0	235635	0	0	110	0
1626669955.437		1235410	1235410	0	0	0	234417	0	0	110	0
1626669955.480		1226587	1226587	0	0	0	225825	0	0	110	0
1626669955.522		1235838	1235838	0	0	0	234720	0	0	110	0
1626669955.564		1236377	1236377	0	0	0	235664	0	0	110	0
1626669955.606		1235804	1235804	0	0	0	235091	0	0	110	0
1626669955.648		1232264	1232264	0	0	0	231064	0	0	110	0
1626669955.690		1237956	1237956	0	0	0	236637	0	0	110	0
1626669955.732		1236082	1236082	0	0	0	235762	0	0	110	0
1626669955.774		1234401	1234401	0	0	0	233098	0	0	110	0
1626669955.816		1234034	1234034	0	0	0	233231	0	0	110	0
1626669955.858		1234105	1234105	0	0	0	233280	0	0	110	0
1626669955.899		1231028	1231028	0	0	0	229787	0	0	110	0
1626669955.941		1239787	1239787	0	0	0	238570	0	0	110	0
1626669955.983		1251531	1251531	0	0	0	250228	0	0	110	0
1626669956.026		1231031	1231031	0	0	0	229682	0	0	110	0
1626669956.066		1233461	1233461	0	0	0	232748	0	0	110	0
1626669956.109		1235483	1235483	0	0	0	234580	0	0	110	0
1626669956.150		1238692	1238692	0	0	0	238125	0	0	110	0
1626669956.191		1232803	1232803	0	0	0	232135	0	0	110	0
1626669956.233		1234461	1234461	0	0	0	233868	0	0	110	0
1626669956.275		1233401	1233401	0	0	0	232193	0	0	110	0
1626669956.316		1230146	1230146	0	0	0	228800	0	0	110	0
1626669956.358		1242707	1242707	0	0	0	241681	0	0	110	0
1626669956.399		1246978	1246978	0	0	0	246032	0	0	110	0
1626669956.441		1240669	1240669	0	0	0	239355	0	0	110	0
1626669956.482		1234923	1234923	0	0	0	233769	0	0	110	0
1626669956.523		1235674	1235674	0	0	0	234870	0	0	110	0
1626669956.565		1235740	1235740	0	0	0	235308	0	0	110	0
1626669956.607		1236304	1236304	0	0	0	235708	0	0	110	0
1626669956.647		1235950	1235950	0	0	0	235109	0	0	110	0
1626669956.689		1233259	1233259	0	0	0	232479	0	0	110	0
1626669956.730		1232981	1232981	0	0	0	231850	0	0	110	0
1626669956.771		1238818	1238818	0	0	0	237843	0	0	110	0
1626669956.812		1234631	1234631	0	0	0	234001	0	0	110	0
1626669956.853		1234328	1234328	0	0	0	233129	0	0	110	0
1626669956.895		1233547	1233547	0	0	0	233143	0	0	110	0
1626669956.936		1230790	1230790	0	0	0	229643	0	0	110	0
1626669956.977		1230760	1230760	0	0	0	229571	0	0	110	0
1626669957.018		1231764	1231764	0	0	0	231034	0	0	110	0
1626669957.059		1231074	1231074	0	0	0	230521	0	0	110	0
1626669957.100		1246810	1246810	0	0	0	245418	0	0	110	0
1626669957.141		1240373	1240373	0	0	0	239327	0	0	110	0
1626669957.182		1242582	1242582	0	0	0	241376	0	0	110	0
1626669957.223		1242593	1242593	0	0	0	241545	0	0	110	0
1626669957.263		1240311	1240311	0	0	0	239523	0	0	110	0
1626669957.304		1237121	1237121	0	0	0	236249	0	0	110	0
1626669957.345		1235102	1235102	0	0	0	234117	0	0	110	0
1626669957.386		1236191	1236191	0	0	0	234822	0	0	110	0
1626669957.427		1231220	1231220	0	0	0	230033	0	0	110	0
1626669957.467		1235068	1235068	0	0	0	234699	0	0	110	0
1626669957.508		1230061	1230061	0	0	0	229595	0	0	110	0
1626669957.549		1229862	1229862	0	0	0	229177	0	0	110	0
1626669957.589		1238641	1238641	0	0	0	237417	0	0	110	0
1626669957.630		1234720	1234720	0	0	0	233952	0	0	110	0
1626669957.671		1256819	1256819	0	0	0	255882	0	0	110	0
1626669957.711		1250539	1250539	0	0	0	250038	0	0	110	0
1626669957.752		1234698	1234698	0	0	0	233387	0	0	110	0
1626669957.792		1232696	1232696	0	0	0	232051	0	0	110	0
1626669957.833		1230068	1230068	0	0	0	229171	0	0	110	0
1626669957.873		1232735	1232735	0	0	0	231539	0	0	110	0
1626669957.913		1233533	1233533	0	0	0	232876	0	0	110	0
1626669957.954		1234463	1234463	0	0	0	233794	0	0	110	0
1626669957.994		1230697	1230697	0	0	0	230026	0	0	110	0
1626669958.035		1230917	1230917	0	0	0	230226	0	0	110	0
1626669958.075		1235207	1235207	0	0	0	234808	0	0	110	0
1626669958.115		1233115	1233115	0	0	0	232495	0	0	110	0
1626669958.155		1233896	1233896	0	0	0	232782	0	0	110	0
1626669958.196		1234429	1234429	0	0	0	233682	0	0	110	0
1626669958.237		1231393	1231393	0	0	0	230000	0	0	110	0
1626669958.277		1230115	1230115	0	0	0	228815	0	0	110	0
1626669958.316		1235761	1235761	0	0	0	235335	0	0	110	0
1626669958.356		1265708	1265708	0	0	0	264904	0	0	110	0
1626669958.396		1253761	1253761	0	0	0	253276	0	0	110	0
1626669958.437		1234022	1234022	0	0	0	233094	0	0	110	0
1626669958.476		1235423	1235423	0	0	0	234097	0	0	110	0
1626669958.518		1252896	1252896	0	0	0	251655	0	0	110	0
1626669958.556		1245238	1245238	0	0	0	244695	0	0	110	0
1626669958.596		1231927	1231927	0	0	0	230887	0	0	110	0
1626669958.636		1233430	1233430	0	0	0	232841	0	0	110	0
1626669958.676		1234348	1234348	0	0	0	234097	0	0	110	0
1626669958.716		1232612	1232612	0	0	0	231997	0	0	110	0
1626669958.756		1232592	1232592	0	0	0	231160	0	0	110	0
1626669958.796		1232168	1232168	0	0	0	230858	0	0	110	0
1626669958.836		1231047	1231047	0	0	0	230615	0	0	110	0
1626669958.876		1231953	1231953	0	0	0	231206	0	0	110	0
1626669958.915		1236916	1236916	0	0	0	236439	0	0	110	0
1626669958.955		1232959	1232959	0	0	0	232607	0	0	110	0
1626669958.995		1235510	1235510	0	0	0	234476	0	0	110	0
1626669959.034		1228083	1228083	0	0	0	226869	0	0	110	0
1626669959.074		1236421	1236421	0	0	0	235377	0	0	110	0
1626669959.115		1232727	1232727	0	0	0	232218	0	0	110	0
1626669959.153		1230997	1230997	0	0	0	230293	0	0	110	0
1626669959.193		1233649	1233649	0	0	0	232607	0	0	110	0
1626669959.232		1238471	1238471	0	0	0	237139	0	0	110	0
1626669959.272		1232209	1232209	0	0	0	231496	0	0	110	0
1626669959.311		1229225	1229225	0	0	0	228731	0	0	110	0
1626669959.351		1235246	1235246	0	0	0	234882	0	0	110	0
1626669959.390		1239733	1239733	0	0	0	238487	0	0	110	0
1626669959.430		1234983	1234983	0	0	0	234212	0	0	110	0
1626669959.469		1233678	1233678	0	0	0	233088	0	0	110	0
1626669959.508		1235336	1235336	0	0	0	234090	0	0	110	0
1626669959.548		1234322	1234322	0	0	0	233038	0	0	110	0
1626669959.587		1231695	1231695	0	0	0	230908	0	0	110	0
1626669959.626		1233620	1233620	0	0	0	232344	0	0	110	0
1626669959.665		1233273	1233273	0	0	0	232773	0	0	110	0
1626669959.705		1234098	1234098	0	0	0	233402	0	0	110	0
1626669959.744		1238333	1238333	0	0	0	237261	0	0	110	0
1626669959.783		1234351	1234351	0	0	0	233893	0	0	110	0
1626669959.822		1232719	1232719	0	0	0	232010	0	0	110	0
1626669959.861		1234120	1234120	0	0	0	232788	0	0	110	0
1626669959.901		1234562	1234562	0	0	0	234158	0	0	110	0
1626669959.940		1239503	1239503	0	0	0	238653	0	0	110	0
1626669959.979		1232654	1232654	0	0	0	231451	0	0	110	0
1626669960.019		1233795	1233795	0	0	0	232666	0	0	110	0
1626669960.057		1232569	1232569	0	0	0	232109	0	0	110	0
1626669960.097		1233063	1233063	0	0	0	232448	0	0	110	0
1626669960.135		1236270	1236270	0	0	0	235224	0	0	110	0
1626669960.174		1235641	1235641	0	0	0	234453	0	0	110	0
1626669960.213		1235060	1235060	0	0	0	233772	0	0	110	0
1626669960.251		1236743	1236743	0	0	0	235896	0	0	110	0
1626669960.290		1231710	1231710	0	0	0	230878	0	0	110	0
1626669960.329		1234565	1234565	0	0	0	233942	0	0	110	0
1626669960.368		1232349	1232349	0	0	0	231595	0	0	110	0
1626669960.407		1231596	1231596	0	0	0	230602	0	0	110	0
1626669960.445		1236357	1236357	0	0	0	235786	0	0	110	0
1626669960.484		1235814	1235814	0	0	0	234978	0	0	110	0
1626669960.523		1234601	1234601	0	0	0	233517	0	0	110	0
1626669960.562		1230733	1230733	0	0	0	229400	0	0	110	0
1626669960.601		1244927	1244927	0	0	0	244284	0	0	110	0
1626669960.639		1234655	1234655	0	0	0	233702	0	0	110	0
1626669960.678		1235326	1235326	0	0	0	234117	0	0	110	0
1626669960.716		1231910	1231910	0	0	0	230832	0	0	110	0
1626669960.755		1236465	1236465	0	0	0	235509	0	0	110	0
1626669960.793		1236573	1236573	0	0	0	235877	0	0	110	0
1626669960.832		1234035	1234035	0	0	0	232784	0	0	110	0
1626669960.870		1228489	1228489	0	0	0	227923	0	0	110	0
1626669960.909		1232280	1232280	0	0	0	231796	0	0	110	0
1626669960.947		1234365	1234365	0	0	0	233750	0	0	110	0
1626669960.986		1236569	1236569	0	0	0	235405	0	0	110	0
1626669961.024		1231806	1231806	0	0	0	231427	0	0	110	0
1626669961.062		1233895	1233895	0	0	0	233397	0	0	110	0
1626669961.101		1235727	1235727	0	0	0	235330	0	0	110	0
1626669961.139		1234735	1234735	0	0	0	234204	0	0	110	0
1626669961.177		1240510	1240510	0	0	0	239452	0	0	110	0
1626669961.216		1234935	1234935	0	0	0	234300	0	0	110	0
1626669961.254		1233673	1233673	0	0	0	232777	0	0	110	0
1626669961.292		1232158	1232158	0	0	0	231126	0	0	110	0
1626669961.331		1232408	1232408	0	0	0	231445	0	0	110	0
1626669961.369		1237536	1237536	0	0	0	236505	0	0	110	0
1626669961.407		1238865	1238865	0	0	0	237769	0	0	110	0
1626669961.445		1232458	1232458	0	0	0	231861	0	0	110	0
1626669961.483		1236228	1236228	0	0	0	234950	0	0	110	0
1626669961.521		1230731	1230731	0	0	0	229645	0	0	110	0
1626669961.559		1229983	1229983	0	0	0	228586	0	0	110	0
1626669961.597		1232338	1232338	0	0	0	231609	0	0	110	0
1626669961.635		1231823	1231823	0	0	0	230673	0	0	110	0
1626669961.673		1243480	1243480	0	0	0	243227	0	0	110	0
1626669961.711		1235083	1235083	0	0	0	234361	0	0	110	0
1626669961.749		1236921	1236921	0	0	0	235520	0	0	110	0
1626669961.787		1236303	1236303	0	0	0	234921	0	0	110	0
1626669961.825		1236617	1236617	0	0	0	235610	0	0	110	0
1626669961.863		1236381	1236381	0	0	0	235274	0	0	110	0
1626669961.901		1234523	1234523	0	0	0	233375	0	0	110	0
1626669961.939		1233882	1233882	0	0	0	232445	0	0	110	0
1626669961.977		1235861	1235861	0	0	0	234890	0	0	110	0
1626669962.015		1238910	1238910	0	0	0	238323	0	0	110	0
1626669962.052		1239329	1239329	0	0	0	237925	0	0	110	0
1626669962.090		1231545	1231545	0	0	0	231016	0	0	110	0
1626669962.128		1229918	1229918	0	0	0	229040	0	0	110	0
1626669962.166		1229224	1229224	0	0	0	228256	0	0	110	0
1626669962.203		1230529	1230529	0	0	0	229627	0	0	110	0
1626669962.241		1229536	1229536	0	0	0	229156	0	0	110	0
1626669962.279		1235928	1235928	0	0	0	235469	0	0	110	0
1626669962.316		1235544	1235544	0	0	0	234334	0	0	110	0
1626669962.354		1251184	1251184	0	0	0	249887	0	0	110	0
1626669962.391		1230900	1230900	0	0	0	230438	0	0	110	0
1626669962.429		1238731	1238731	0	0	0	238341	0	0	110	0
1626669962.466		1258845	1258845	0	0	0	257787	0	0	110	0
1626669962.504		1249255	1249255	0	0	0	248315	0	0	110	0
1626669962.542		1234652	1234652	0	0	0	233993	0	0	110	0
1626669962.579		1231081	1231081	0	0	0	229830	0	0	110	0
1626669962.616		1244068	1244068	0	0	0	243075	0	0	110	0
1626669962.654		1235459	1235459	0	0	0	234810	0	0	110	0
1626669962.691		1236085	1236085	0	0	0	235857	0	0	110	0
1626669962.729		1236309	1236309	0	0	0	235402	0	0	110	0
1626669962.766		1232904	1232904	0	0	0	232349	0	0	110	0
1626669962.803		1233132	1233132	0	0	0	232172	0	0	110	0
1626669962.841		1234709	1234709	0	0	0	233614	0	0	110	0
1626669962.878		1232860	1232860	0	0	0	232481	0	0	110	0
1626669962.915		1232449	1232449	0	0	0	231800	0	0	110	0
1626669962.954		1241426	1241426	0	0	0	240841	0	0	110	0
1626669962.990		1239802	1239802	0	0	0	239062	0	0	110	0
1626669963.027		1231018	1231018	0	0	0	230648	0	0	110	0
1626669963.064		1229490	1229490	0	0	0	228939	0	0	110	0
1626669963.101		1234253	1234253	0	0	0	233456	0	0	110	0
1626669963.138		1241225	1241225	0	0	0	240547	0	0	110	0
1626669963.176		1238132	1238132	0	0	0	237798	0	0	110	0
1626669963.213		1240298	1240298	0	0	0	239926	0	0	110	0
1626669963.250		1235104	1235104	0	0	0	233686	0	0	110	0
1626669963.287		1236650	1236650	0	0	0	236227	0	0	110	0
1626669963.324		1233080	1233080	0	0	0	231790	0	0	110	0
1626669963.361		1230958	1230958	0	0	0	230339	0	0	110	0
1626669963.399		1231073	1231073	0	0	0	230191	0	0	110	0
1626669963.435		1235113	1235113	0	0	0	233924	0	0	110	0
1626669963.472		1231506	1231506	0	0	0	230502	0	0	110	0
1626669963.509		1233726	1233726	0	0	0	232404	0	0	110	0
1626669963.546		1232590	1232590	0	0	0	232096	0	0	110	0
1626669963.583		1235199	1235199	0	0	0	233968	0	0	110	0
1626669963.619		1248377	1248377	0	0	0	247732	0	0	110	0
1626669963.656		1252368	1252368	0	0	0	251821	0	0	110	0
1626669963.693		1260648	1260648	0	0	0	260310	0	0	110	0
1626669963.730		1251161	1251161	0	0	0	250147	0	0	110	0
1626669963.767		1229737	1229737	0	0	0	228961	0	0	110	0
1626669963.804		1233383	1233383	0	0	0	232913	0	0	110	0
1626669963.840		1232833	1232833	0	0	0	231743	0	0	110	0
1626669963.877		1229784	1229784	0	0	0	229299	0	0	110	0
1626669963.914		1232230	1232230	0	0	0	231744	0	0	110	0
1626669963.950		1234573	1234573	0	0	0	233406	0	0	110	0
1626669963.987		1231978	1231978	0	0	0	230640	0	0	110	0
1626669964.024		1231848	1231848	0	0	0	230517	0	0	110	0
1626669964.061		1231127	1231127	0	0	0	230249	0	0	110	0
1626669964.097		1234740	1234740	0	0	0	233667	0	0	110	0
1626669964.134		1234520	1234520	0	0	0	234089	0	0	110	0
1626669964.170		1234929	1234929	0	0	0	233972	0	0	110	0
1626669964.207		1233029	1233029	0	0	0	232140	0	0	110	0
1626669964.243		1233298	1233298	0	0	0	232820	0	0	110	0
1626669964.280		1235115	1235115	0	0	0	234255	0	0	110	0
1626669964.316		1232657	1232657	0	0	0	231911	0	0	110	0
1626669964.353		1236087	1236087	0	0	0	234678	0	0	110	0
1626669964.390		1235835	1235835	0	0	0	234691	0	0	110	0
1626669964.426		1239411	1239411	0	0	0	239088	0	0	110	0
1626669964.462		1248012	1248012	0	0	0	247282	0	0	110	0
1626669964.498		1235292	1235292	0	0	0	234856	0	0	110	0
1626669964.535		1230981	1230981	0	0	0	230268	0	0	110	0
1626669964.571		1231072	1231072	0	0	0	229841	0	0	110	0
1626669964.607		1233676	1233676	0	0	0	232345	0	0	110	0
1626669964.644		1237392	1237392	0	0	0	236296	0	0	110	0
1626669964.681		1230596	1230596	0	0	0	229984	0	0	110	0
1626669964.716		1234452	1234452	0	0	0	233119	0	0	110	0
1626669964.752		1233004	1233004	0	0	0	231588	0	0	110	0
1626669964.789		1234025	1234025	0	0	0	232718	0	0	110	0
1626669964.825		1231905	1231905	0	0	0	230569	0	0	110	0
1626669964.861		1233961	1233961	0	0	0	233055	0	0	110	0
1626669964.897		1233331	1233331	0	0	0	232089	0	0	110	0
1626669964.933		1228434	1228434	0	0	0	228115	0	0	110	0
1626669964.969		1236499	1236499	0	0	0	235802	0	0	110	0
1626669965.006		1274130	1274130	0	0	0	273578	0	0	110	0
1626669965.042		1266427	1266427	0	0	0	265995	0	0	110	0
1626669965.078		1243719	1243719	0	0	0	242779	0	0	110	0
1626669965.114		1238151	1238151	0	0	0	236979	0	0	110	0
1626669965.150		1234824	1234824	0	0	0	233673	0	0	110	0
1626669965.186		1235274	1235274	0	0	0	234014	0	0	110	0
1626669965.222		1234868	1234868	0	0	0	234082	0	0	110	0
1626669965.258		1235593	1235593	0	0	0	235094	0	0	110	0
1626669965.294		1234276	1234276	0	0	0	233336	0	0	110	0
1626669965.330		1237615	1237615	0	0	0	236746	0	0	110	0
1626669965.366		1232755	1232755	0	0	0	231332	0	0	110	0
1626669965.401		1231254	1231254	0	0	0	230154	0	0	110	0
1626669965.438		1233430	1233430	0	0	0	232117	0	0	110	0
1626669965.473		1236683	1236683	0	0	0	236245	0	0	110	0
1626669965.510		1232504	1232504	0	0	0	231605	0	0	110	0
1626669965.545		1232739	1232739	0	0	0	231559	0	0	110	0
1626669965.581		1233016	1233016	0	0	0	232101	0	0	110	0
1626669965.616		1236859	1236859	0	0	0	235957	0	0	110	0
1626669965.653		1233837	1233837	0	0	0	232623	0	0	110	0
1626669965.688		1233380	1233380	0	0	0	232789	0	0	110	0
1626669965.724		1244721	1244721	0	0	0	243397	0	0	110	0
1626669965.759		1235117	1235117	0	0	0	234654	0	0	110	0
1626669965.795		1235693	1235693	0	0	0	235199	0	0	110	0
1626669965.831		1246808	1246808	0	0	0	246055	0	0	110	0
1626669965.866		1231045	1231045	0	0	0	230406	0	0	110	0
1626669965.902		1232814	1232814	0	0	0	232145	0	0	110	0
1626669965.938		1234597	1234597	0	0	0	233958	0	0	110	0
1626669965.973		1234119	1234119	0	0	0	232730	0	0	110	0
1626669966.009		1234160	1234160	0	0	0	232806	0	0	110	0
1626669966.044		1237305	1237305	0	0	0	236018	0	0	110	0
1626669966.080		1234235	1234235	0	0	0	233390	0	0	110	0
1626669966.115		1233520	1233520	0	0	0	232906	0	0	110	0
1626669966.151		1250180	1250180	0	0	0	249698	0	0	110	0
1626669966.186		1255291	1255291	0	0	0	254349	0	0	110	0
1626669966.222		1254923	1254923	0	0	0	254279	0	0	110	0
1626669966.257		1271799	1271799	0	0	0	270983	0	0	110	0
1626669966.293		1284192	1284192	0	0	0	283459	0	0	110	0
1626669966.328		1278288	1278288	0	0	0	277307	0	0	110	0
1626669966.363		1273959	1273959	0	0	0	273278	0	0	110	0
1626669966.399		1257243	1257243	0	0	0	256151	0	0	110	0
1626669966.435		1243297	1243297	0	0	0	242901	0	0	110	0
1626669966.469		1236103	1236103	0	0	0	235121	0	0	110	0
1626669966.505		1237887	1237887	0	0	0	236600	0	0	110	0
1626669966.540		1232936	1232936	0	0	0	232171	0	0	110	0
1626669966.575		1238063	1238063	0	0	0	237452	0	0	110	0
1626669966.611		1233051	1233051	0	0	0	231766	0	0	110	0
1626669966.646		1235865	1235865	0	0	0	234680	0	0	110	0
1626669966.681		1242648	1242648	0	0	0	241607	0	0	110	0
1626669966.716		1235949	1235949	0	0	0	234754	0	0	110	0
1626669966.751		1236637	1236637	0	0	0	236063	0	0	110	0
1626669966.787		1232024	1232024	0	0	0	231205	0	0	110	0
1626669966.822		1231244	1231244	0	0	0	230512	0	0	110	0
1626669966.857		1234478	1234478	0	0	0	233271	0	0	110	0
1626669966.892		1231866	1231866	0	0	0	231060	0	0	110	0
1626669966.927		1234686	1234686	0	0	0	234290	0	0	110	0
1626669966.962		1237046	1237046	0	0	0	236581	0	0	110	0
1626669966.997		1254379	1254379	0	0	0	253841	0	0	110	0
1626669967.032		1251786	1251786	0	0	0	250953	0	0	110	0
1626669967.067		1249196	1249196	0	0	0	247842	0	0	110	0
1626669967.102		1233734	1233734	0	0	0	232758	0	0	110	0
1626669967.137		1232148	1232148	0	0	0	231459	0	0	110	0
1626669967.172		1262152	1262152	0	0	0	261747	0	0	110	0
1626669967.207		1267209	1267209	0	0	0	266288	0	0	110	0
1626669967.242		1241440	1241440	0	0	0	240650	0	0	110	0
1626669967.277		1227739	1227739	0	0	0	227259	0	0	110	0
1626669967.312		1232305	1232305	0	0	0	231622	0	0	110	0
1626669967.348		1237089	1237089	0	0	0	235996	0	0	110	0
1626669967.382		1238438	1238438	0	0	0	237432	0	0	110	0
1626669967.417		1234897	1234897	0	0	0	234374	0	0	110	0
1626669967.452		1233790	1233790	0	0	0	232625	0	0	110	0
1626669967.486		1236734	1236734	0	0	0	235719	0	0	110	0
1626669967.521		1234194	1234194	0	0	0	233099	0	0	110	0
1626669967.556		1233257	1233257	0	0	0	232397	0	0	110	0
1626669967.590		1242426	1242426	0	0	0	241154	0	0	110	0
1626669967.625		1257107	1257107	0	0	0	256075	0	0	110	0
1626669967.660		1253750	1253750	0	0	0	252512	0	0	110	0
1626669967.695		1254682	1254682	0	0	0	254342	0	0	110	0
1626669967.729		1251097	1251097	0	0	0	250381	0	0	110	0
1626669967.765		1245369	1245369	0	0	0	244052	0	0	110	0
1626669967.799		1241927	1241927	0	0	0	241460	0	0	110	0
1626669967.833		1234174	1234174	0	0	0	233026	0	0	110	0
1626669967.868		1235416	1235416	0	0	0	235000	0	0	110	0
1626669967.902		1234360	1234360	0	0	0	232983	0	0	110	0
1626669967.937		1232096	1232096	0	0	0	230805	0	0	110	0
1626669967.972		1230408	1230408	0	0	0	229478	0	0	110	0
1626669968.006		1232242	1232242	0	0	0	231528	0	0	110	0
1626669968.041		1235660	1235660	0	0	0	235171	0	0	110	0
1626669968.075		1234471	1234471	0	0	0	233734	0	0	110	0
1626669968.110		1232492	1232492	0	0	0	231436	0	0	110	0
1626669968.144		1236303	1236303	0	0	0	235465	0	0	110	0
1626669968.179		1237217	1237217	0	0	0	236434	0	0	110	0
1626669968.214		1238111	1238111	0	0	0	236831	0	0	110	0
1626669968.247		1236331	1236331	0	0	0	234941	0	0	110	0
1626669968.282		1237498	1237498	0	0	0	236233	0	0	110	0
1626669968.316		1228236	1228236	0	0	0	227031	0	0	110	0
1626669968.351		1241888	1241888	0	0	0	241086	0	0	110	0
1626669968.385		1235442	1235442	0	0	0	234722	0	0	110	0
1626669968.419		1231731	1231731	0	0	0	230536	0	0	110	0
1626669968.454		1232235	1232235	0	0	0	231753	0	0	110	0
1626669968.488		1233300	1233300	0	0	0	232528	0	0	110	0
1626669968.522		1235721	1235721	0	0	0	234492	0	0	110	0
1626669968.556		1236611	1236611	0	0	0	235501	0	0	110	0
1626669968.591		1229775	1229775	0	0	0	228597	0	0	110	0
1626669968.625		1230366	1230366	0	0	0	229202	0	0	110	0
1626669968.659		1234068	1234068	0	0	0	233411	0	0	110	0
1626669968.693		1237415	1237415	0	0	0	236289	0	0	110	0
1626669968.728		1232265	1232265	0	0	0	230988	0	0	110	0
1626669968.762		1231553	1231553	0	0	0	231145	0	0	110	0
1626669968.796		1228920	1228920	0	0	0	227875	0	0	110	0
1626669968.830		1232454	1232454	0	0	0	231314	0	0	110	0
1626669968.864		1236674	1236674	0	0	0	235568	0	0	110	0
1626669968.898		1235626	1235626	0	0	0	234797	0	0	110	0
1626669968.932		1237577	1237577	0	0	0	236518	0	0	110	0
1626669968.966		1233465	1233465	0	0	0	232470	0	0	110	0
1626669969.001		1229188	1229188	0	0	0	228778	0	0	110	0
1626669969.035		1234115	1234115	0	0	0	233301	0	0	110	0
1626669969.069		1232909	1232909	0	0	0	232133	0	0	110	0
1626669969.103		1232296	1232296	0	0	0	231656	0	0	110	0
1626669969.137		1234900	1234900	0	0	0	233766	0	0	110	0
1626669969.171		1249189	1249189	0	0	0	248228	0	0	110	0
1626669969.205		1229771	1229771	0	0	0	229039	0	0	110	0
1626669969.238		1230928	1230928	0	0	0	230325	0	0	110	0
1626669969.272		1237231	1237231	0	0	0	236264	0	0	110	0
1626669969.306		1232317	1232317	0	0	0	230931	0	0	110	0
1626669969.340		1235230	1235230	0	0	0	234469	0	0	110	0
1626669969.374		1239444	1239444	0	0	0	238165	0	0	110	0
1626669969.408		1235589	1235589	0	0	0	234568	0	0	110	0
1626669969.442		1235011	1235011	0	0	0	234313	0	0	110	0
1626669969.476		1235392	1235392	0	0	0	234345	0	0	110	0
1626669969.509		1229265	1229265	0	0	0	228586	0	0	110	0
1626669969.543		1232869	1232869	0	0	0	231952	0	0	110	0
1626669969.577		1233325	1233325	0	0	0	232367	0	0	110	0
1626669969.611		1237350	1237350	0	0	0	236667	0	0	110	0
1626669969.645		1234917	1234917	0	0	0	234218	0	0	110	0
1626669969.678		1230032	1230032	0	0	0	229400	0	0	110	0
1626669969.712		1229498	1229498	0	0	0	228951	0	0	110	0
1626669969.746		1233330	1233330	0	0	0	232849	0	0	110	0
1626669969.779		1234688	1234688	0	0	0	234128	0	0	110	0
1626669969.813		1232646	1232646	0	0	0	231800	0	0	110	0
1626669969.847		1236007	1236007	0	0	0	235014	0	0	110	0
1626669969.880		1232086	1232086	0	0	0	231706	0	0	110	0
1626669969.914		1230310	1230310	0	0	0	229123	0	0	110	0
1626669969.948		1234295	1234295	0	0	0	233967	0	0	110	0
1626669969.981		1234370	1234370	0	0	0	233470	0	0	110	0
1626669970.015		1234422	1234422	0	0	0	233083	0	0	110	0
1626669970.048		1235910	1235910	0	0	0	234876	0	0	110	0
1626669970.082		1229707	1229707	0	0	0	228961	0	0	110	0
1626669970.115		1232238	1232238	0	0	0	231739	0	0	110	0
1626669970.150		1229857	1229857	0	0	0	229367	0	0	110	0
1626669970.182		1234269	1234269	0	0	0	233510	0	0	110	0
1626669970.216		1235045	1235045	0	0	0	234305	0	0	110	0
1626669970.249		1242817	1242817	0	0	0	241794	0	0	110	0
1626669970.283		1231587	1231587	0	0	0	230545	0	0	110	0
1626669970.316		1228768	1228768	0	0	0	228097	0	0	110	0
1626669970.350		1232492	1232492	0	0	0	231805	0	0	110	0
1626669970.383		1234072	1234072	0	0	0	232946	0	0	110	0
1626669970.416		1234264	1234264	0	0	0	233591	0	0	110	0
1626669970.450		1233567	1233567	0	0	0	232327	0	0	110	0
1626669970.483		1231385	1231385	0	0	0	230280	0	0	110	0
